<?xml version="1.0" encoding="utf-8"?>
<TestRun id="97ee763a-f83c-4b48-9f91-43cfab1b53c9" name="@Natig-Erens-MacBook-Pro 2026-09-16 17:29:54" xmlns="http://microsoft.com/schemas/VisualStudio/TeamTest/2010">
  <Times creation="2026-09-16T17:29:54.9553520+05:00" queuing="2026-09-16T17:29:54.9553520+05:00" start="2026-09-16T17:29:53.3223840+05:00" finish="2026-09-16T17:30:03.9737450+05:00" />
  <TestSettings name="default" id="b42d710b-28f3-4fbd-9876-4b20f46b6a99">
    <Deployment runDeploymentRoot="_Natig-Erens-MacBook-Pro_2026-09-16_17_29_54" />
  </TestSettings>
  <Results>
    <UnitTestResult executionId="61ae71d0-e2a6-40c9-9485-9f917a0de5f3" testId="ae2ce2ab-d0e8-2020-4409-c4695e4dcba3" testName="Diten.SupplyChainService.Tests.ShipmentTests.UnicodeQuantityIsRejectedBeforeAnyPersistence" computerName="Natig-Erens-MacBook-Pro" duration="00:00:00.2339559" startTime="2026-09-16T17:30:00.1899270+05:00" endTime="2026-09-16T17:30:00.1899270+05:00" testType="13cdc9d9-ddb5-4fa4-a97d-d965ccfc6d4b" outcome="Passed" testListId="8c84fa94-04c1-424b-9868-57a2d4851a1d" relativeResultsDirectory="61ae71d0-e2a6-40c9-9485-9f917a0de5f3">
      <Output>
        <StdOut>POST  =&gt; 400 {"error":{"code":"INVALID_REQUEST","message":"INVALID_REQUEST","correlationId":"fab59374-2230-462a-809f-2d01f664854f"},"contractVersion":"v1"}
Unicode quantity rejection: sce_shipments unchanged SHA256=4F53CDA18C2BAA0C0354BB5F9A3ECBE5ED12AB4D8E11BA873C2F11161202B945
Unicode quantity rejection: sce_shipment_receipts unchanged SHA256=4F53CDA18C2BAA0C0354BB5F9A3ECBE5ED12AB4D8E11BA873C2F11161202B945
Unicode quantity rejection: sce_shipment_history unchanged SHA256=4F53CDA18C2BAA0C0354BB5F9A3ECBE5ED12AB4D8E11BA873C2F11161202B945
Unicode quantity rejection: sce_shipment_audit unchanged SHA256=4F53CDA18C2BAA0C0354BB5F9A3ECBE5ED12AB4D8E11BA873C2F11161202B945
Unicode quantity rejection: sce_shipment_outbox unchanged SHA256=4F53CDA18C2BAA0C0354BB5F9A3ECBE5ED12AB4D8E11BA873C2F11161202B945
POST  =&gt; 400 {"error":{"code":"INVALID_REQUEST","message":"INVALID_REQUEST","correlationId":"fab59374-2230-462a-809f-2d01f664854f"},"contractVersion":"v1"}
Unicode quantity rejection: sce_shipments unchanged SHA256=4F53CDA18C2BAA0C0354BB5F9A3ECBE5ED12AB4D8E11BA873C2F11161202B945
Unicode quantity rejection: sce_shipment_receipts unchanged SHA256=4F53CDA18C2BAA0C0354BB5F9A3ECBE5ED12AB4D8E11BA873C2F11161202B945
Unicode quantity rejection: sce_shipment_history unchanged SHA256=4F53CDA18C2BAA0C0354BB5F9A3ECBE5ED12AB4D8E11BA873C2F11161202B945
Unicode quantity rejection: sce_shipment_audit unchanged SHA256=4F53CDA18C2BAA0C0354BB5F9A3ECBE5ED12AB4D8E11BA873C2F11161202B945
Unicode quantity rejection: sce_shipment_outbox unchanged SHA256=4F53CDA18C2BAA0C0354BB5F9A3ECBE5ED12AB4D8E11BA873C2F11161202B945
POST  =&gt; 400 {"error":{"code":"INVALID_REQUEST","message":"INVALID_REQUEST","correlationId":"fab59374-2230-462a-809f-2d01f664854f"},"contractVersion":"v1"}
Unicode quantity rejection: sce_shipments unchanged SHA256=4F53CDA18C2BAA0C0354BB5F9A3ECBE5ED12AB4D8E11BA873C2F11161202B945
Unicode quantity rejection: sce_shipment_receipts unchanged SHA256=4F53CDA18C2BAA0C0354BB5F9A3ECBE5ED12AB4D8E11BA873C2F11161202B945
Unicode quantity rejection: sce_shipment_history unchanged SHA256=4F53CDA18C2BAA0C0354BB5F9A3ECBE5ED12AB4D8E11BA873C2F11161202B945
Unicode quantity rejection: sce_shipment_audit unchanged SHA256=4F53CDA18C2BAA0C0354BB5F9A3ECBE5ED12AB4D8E11BA873C2F11161202B945
Unicode quantity rejection: sce_shipment_outbox unchanged SHA256=4F53CDA18C2BAA0C0354BB5F9A3ECBE5ED12AB4D8E11BA873C2F11161202B945
POST  =&gt; 400 {"error":{"code":"INVALID_REQUEST","message":"INVALID_REQUEST","correlationId":"fab59374-2230-462a-809f-2d01f664854f"},"contractVersion":"v1"}
Unicode quantity rejection: sce_shipments unchanged SHA256=4F53CDA18C2BAA0C0354BB5F9A3ECBE5ED12AB4D8E11BA873C2F11161202B945
Unicode quantity rejection: sce_shipment_receipts unchanged SHA256=4F53CDA18C2BAA0C0354BB5F9A3ECBE5ED12AB4D8E11BA873C2F11161202B945
Unicode quantity rejection: sce_shipment_history unchanged SHA256=4F53CDA18C2BAA0C0354BB5F9A3ECBE5ED12AB4D8E11BA873C2F11161202B945
Unicode quantity rejection: sce_shipment_audit unchanged SHA256=4F53CDA18C2BAA0C0354BB5F9A3ECBE5ED12AB4D8E11BA873C2F11161202B945
Unicode quantity rejection: sce_shipment_outbox unchanged SHA256=4F53CDA18C2BAA0C0354BB5F9A3ECBE5ED12AB4D8E11BA873C2F11161202B945
POST  =&gt; 201 {"shipmentId":"ba4eed3e-84bd-445c-be56-64f5fb017bec","shipmentNumber":"SHP-ba4eed3e84bd445cbe5664f5fb017bec","status":"Draft","idempotentReplay":false,"contractVersion":"v1"}
GET /ba4eed3e-84bd-445c-be56-64f5fb017bec =&gt; 200 {"shipmentId":"ba4eed3e-84bd-445c-be56-64f5fb017bec","shipmentNumber":"SHP-ba4eed3e84bd445cbe5664f5fb017bec","sourceDocumentId":"SO-900","status":"Draft","carrierId":null,"loadId":null,"plannedShipAt":"2026-09-20T08:00:00+00:00","plannedDeliverAt":"2026-09-21T16:00:00+00:00","actualDeliverAt":null,"sourceModule":"MOD-0141","sourceType":"SALES_ORDER","warehouseReferenceId":"wh-01","shipToReference":"CUST-100/ADDR-2","lines":[{"lineNumber":"1","itemId":"b1f2c3d4-0000-0000-0000-000000000001","skuId":"c3d4e5f6-0000-0000-0000-000000000002","quantity":"30.000","uomId":"EA","inventoryReferenceId":"rsv-4001"}],"pod":null,"contractVersion":"v1"}</StdOut>
      </Output>
    </UnitTestResult>
    <UnitTestResult executionId="435205ee-72df-4e33-a0d3-3fea9595f89b" testId="5c5a3777-fe1a-0de5-36e1-fd77b3f59439" testName="Diten.SupplyChainService.Tests.ShipmentValidatorContractTests.QuantityMatchesFrozenAsciiDecimal(quantity: &quot;0&quot;, expected: True)" computerName="Natig-Erens-MacBook-Pro" duration="00:00:00.0024272" startTime="2026-09-16T17:29:54.8698920+05:00" endTime="2026-09-16T17:29:54.8698920+05:00" testType="13cdc9d9-ddb5-4fa4-a97d-d965ccfc6d4b" outcome="Passed" testListId="8c84fa94-04c1-424b-9868-57a2d4851a1d" relativeResultsDirectory="435205ee-72df-4e33-a0d3-3fea9595f89b" />
    <UnitTestResult executionId="f8fc77a8-5368-49c7-90a6-8d1adf7f6314" testId="b8e4c9b0-9729-0be0-8356-61c21a38caa5" testName="Diten.SupplyChainService.Tests.ShipmentTests.NormalizedReplayAndCrossScopeListRemainIsolated" computerName="Natig-Erens-MacBook-Pro" duration="00:00:03.4351653" startTime="2026-09-16T17:29:58.1095140+05:00" endTime="2026-09-16T17:29:58.1095150+05:00" testType="13cdc9d9-ddb5-4fa4-a97d-d965ccfc6d4b" outcome="Passed" testListId="8c84fa94-04c1-424b-9868-57a2d4851a1d" relativeResultsDirectory="f8fc77a8-5368-49c7-90a6-8d1adf7f6314">
      <Output>
        <StdOut>POST  =&gt; 201 {"shipmentId":"9b0a0464-b026-4ded-8837-2153d8c90cf0","shipmentNumber":"SHP-9b0a0464b0264ded88372153d8c90cf0","status":"Draft","idempotentReplay":false,"contractVersion":"v1"}
POST  =&gt; 200 {"shipmentId":"9b0a0464-b026-4ded-8837-2153d8c90cf0","shipmentNumber":"SHP-9b0a0464b0264ded88372153d8c90cf0","status":"Draft","idempotentReplay":true,"contractVersion":"v1"}
GET  =&gt; 200 {"items":[],"page":1,"pageSize":50,"total":0,"contractVersion":"v1"}
GET  =&gt; 200 {"items":[],"page":1,"pageSize":50,"total":0,"contractVersion":"v1"}</StdOut>
      </Output>
    </UnitTestResult>
    <UnitTestResult executionId="c7994892-8f79-4a1c-87b6-d627f8a371a9" testId="133fa90b-e7d2-dcea-4fc5-404fc5ba28d8" testName="Diten.SupplyChainService.Tests.ShipmentValidatorContractTests.PodNoteUsesUnicodeCodePoints(note: &quot;ééééééééééééééééééééééééé&quot;···, expected: True)" computerName="Natig-Erens-MacBook-Pro" duration="00:00:00.0002423" startTime="2026-09-16T17:29:54.8561860+05:00" endTime="2026-09-16T17:29:54.8561860+05:00" testType="13cdc9d9-ddb5-4fa4-a97d-d965ccfc6d4b" outcome="Passed" testListId="8c84fa94-04c1-424b-9868-57a2d4851a1d" relativeResultsDirectory="c7994892-8f79-4a1c-87b6-d627f8a371a9" />
    <UnitTestResult executionId="0b57b038-f4e2-46eb-83a7-55f9bf830f71" testId="3b027e84-9ca2-48a1-ada7-b98f4470aa28" testName="Diten.SupplyChainService.Tests.ShipmentTests.FailureBeforeCommitRollsBackEveryRecordAndRetrySucceeds" computerName="Natig-Erens-MacBook-Pro" duration="00:00:00.2066762" startTime="2026-09-16T17:30:00.3974320+05:00" endTime="2026-09-16T17:30:00.3974330+05:00" testType="13cdc9d9-ddb5-4fa4-a97d-d965ccfc6d4b" outcome="Passed" testListId="8c84fa94-04c1-424b-9868-57a2d4851a1d" relativeResultsDirectory="0b57b038-f4e2-46eb-83a7-55f9bf830f71">
      <Output>
        <StdOut>POST  =&gt; 500 {"error":{"code":"INVALID_REQUEST","message":"Operation could not be completed.","correlationId":"341432dc-a7a7-41dc-8370-1db417b71e7e"},"contractVersion":"v1"}
POST  =&gt; 201 {"shipmentId":"65714248-4605-420e-9ce0-721e4dad58cb","shipmentNumber":"SHP-657142484605420e9ce0721e4dad58cb","status":"Draft","idempotentReplay":false,"contractVersion":"v1"}
POST  =&gt; 200 {"shipmentId":"65714248-4605-420e-9ce0-721e4dad58cb","shipmentNumber":"SHP-657142484605420e9ce0721e4dad58cb","status":"Draft","idempotentReplay":true,"contractVersion":"v1"}</StdOut>
      </Output>
    </UnitTestResult>
    <UnitTestResult executionId="1eba4c1f-3592-4669-8cb3-6fc6f6562400" testId="dcfd0fa6-a3f6-b81d-bbab-5453851523fe" testName="Diten.SupplyChainService.Tests.ShipmentValidatorContractTests.TransitionNoteUsesUnicodeCodePoints(note: &quot;ééééééééééééééééééééééééé&quot;···, expected: False)" computerName="Natig-Erens-MacBook-Pro" duration="00:00:00.0004900" startTime="2026-09-16T17:29:54.8834900+05:00" endTime="2026-09-16T17:29:54.8834910+05:00" testType="13cdc9d9-ddb5-4fa4-a97d-d965ccfc6d4b" outcome="Passed" testListId="8c84fa94-04c1-424b-9868-57a2d4851a1d" relativeResultsDirectory="1eba4c1f-3592-4669-8cb3-6fc6f6562400" />
    <UnitTestResult executionId="3f0a9af5-6a3a-4d02-b3c3-f168b5d889cd" testId="811ca880-c69e-c269-778c-78457571c4d3" testName="Diten.SupplyChainService.Tests.SourceIntakeTests.TrustedSuppliedRootIsPreservedAsSourceAndLocalCorrelation" computerName="Natig-Erens-MacBook-Pro" duration="00:00:00.1324565" startTime="2026-09-16T17:30:01.7529100+05:00" endTime="2026-09-16T17:30:01.7529100+05:00" testType="13cdc9d9-ddb5-4fa4-a97d-d965ccfc6d4b" outcome="Passed" testListId="8c84fa94-04c1-424b-9868-57a2d4851a1d" relativeResultsDirectory="3f0a9af5-6a3a-4d02-b3c3-f168b5d889cd" />
    <UnitTestResult executionId="2ff6652c-839e-4d74-ab74-202f566bfabb" testId="ae2c4b0f-40c6-4047-85c3-9cd52757a5da" testName="Diten.SupplyChainService.Tests.ShipmentValidatorContractTests.TransitionNoteUsesUnicodeCodePoints(note: &quot;aaaaaaaaaaaaaaaaaaaaaaaaaaaaaaaaaaaaaaaaaaaaaaaaaa&quot;···, expected: True)" computerName="Natig-Erens-MacBook-Pro" duration="00:00:00.0001778" startTime="2026-09-16T17:29:54.8837330+05:00" endTime="2026-09-16T17:29:54.8837340+05:00" testType="13cdc9d9-ddb5-4fa4-a97d-d965ccfc6d4b" outcome="Passed" testListId="8c84fa94-04c1-424b-9868-57a2d4851a1d" relativeResultsDirectory="2ff6652c-839e-4d74-ab74-202f566bfabb" />
    <UnitTestResult executionId="57eb7db6-abe0-4153-aa73-7436b3e28c30" testId="176e3f73-7749-42f1-4ace-65f1b739b309" testName="Diten.SupplyChainService.Tests.ShipmentTests.PodNoteBoundaryCountsScalarsAndRejectsWithoutWrites" computerName="Natig-Erens-MacBook-Pro" duration="00:00:01.6259663" startTime="2026-09-16T17:29:59.7373070+05:00" endTime="2026-09-16T17:29:59.7373080+05:00" testType="13cdc9d9-ddb5-4fa4-a97d-d965ccfc6d4b" outcome="Passed" testListId="8c84fa94-04c1-424b-9868-57a2d4851a1d" relativeResultsDirectory="57eb7db6-abe0-4153-aa73-7436b3e28c30">
      <Output>
        <StdOut>POST  =&gt; 201 {"shipmentId":"de5f9ead-63a7-42fe-923e-6eb9fd8fddb2","shipmentNumber":"SHP-de5f9ead63a742fe923e6eb9fd8fddb2","status":"Draft","idempotentReplay":false,"contractVersion":"v1"}
POST /de5f9ead-63a7-42fe-923e-6eb9fd8fddb2/transition =&gt; 200 {"shipmentId":"de5f9ead-63a7-42fe-923e-6eb9fd8fddb2","shipmentNumber":"SHP-de5f9ead63a742fe923e6eb9fd8fddb2","status":"Planned","idempotentReplay":false,"contractVersion":"v1"}
POST /de5f9ead-63a7-42fe-923e-6eb9fd8fddb2/transition =&gt; 200 {"shipmentId":"de5f9ead-63a7-42fe-923e-6eb9fd8fddb2","shipmentNumber":"SHP-de5f9ead63a742fe923e6eb9fd8fddb2","status":"Dispatched","idempotentReplay":false,"contractVersion":"v1"}
POST /de5f9ead-63a7-42fe-923e-6eb9fd8fddb2/pod =&gt; 400 {"error":{"code":"INVALID_REQUEST","message":"INVALID_REQUEST","correlationId":"593c86c1-ecfd-47b8-bd73-f8ab6d7bb1cb"},"contractVersion":"v1"}
1001-code-point POD rejection: sce_shipments unchanged SHA256=9279115CBA05EEAAD512F8A467BCAE5A0977AC5B4B735F5EA7DC648F5DD4131B
1001-code-point POD rejection: sce_shipment_receipts unchanged SHA256=A4D27779C47B24FCC5B3D7C98426624583AB85380D033F822E22DBA21CF13534
1001-code-point POD rejection: sce_shipment_history unchanged SHA256=42CCC3F1DFB08935973987ECF3BBA5E825D294A4CA4A25A550559B9941A78404
1001-code-point POD rejection: sce_shipment_audit unchanged SHA256=2FF9B3B48BE127DA3183D83E3393938C7B7E921BCAC49E8BD52303488F9C2A16
1001-code-point POD rejection: sce_shipment_outbox unchanged SHA256=EF3B7F7DDB5DAB969D403AC80F40CF291943CB68ACBC61AF8F1479B55A65645B
POST /de5f9ead-63a7-42fe-923e-6eb9fd8fddb2/pod =&gt; 201 {"podId":"66ffa1f3-ebc5-4038-bce8-818a6775fecb","shipmentId":"de5f9ead-63a7-42fe-923e-6eb9fd8fddb2","shipmentStatus":"Delivered","receivedAt":"2026-09-21T15:42:00+00:00","idempotentReplay":false,"contractVersion":"v1"}
GET /de5f9ead-63a7-42fe-923e-6eb9fd8fddb2 =&gt; 200 {"shipmentId":"de5f9ead-63a7-42fe-923e-6eb9fd8fddb2","shipmentNumber":"SHP-de5f9ead63a742fe923e6eb9fd8fddb2","sourceDocumentId":"SO-900","status":"Delivered","carrierId":null,"loadId":null,"plannedShipAt":"2026-09-20T08:00:00+00:00","plannedDeliverAt":"2026-09-21T16:00:00+00:00","actualDeliverAt":"2026-09-21T15:42:00+00:00","sourceModule":"MOD-0141","sourceType":"SALES_ORDER","warehouseReferenceId":"wh-01","shipToReference":"CUST-100/ADDR-2","lines":[{"lineNumber":"1","itemId":"b1f2c3d4-0000-0000-0000-000000000001","skuId":"c3d4e5f6-0000-0000-0000-000000000002","quantity":"30.000","uomId":"EA","inventoryReferenceId":"rsv-4001"}],"pod":{"recipientName":"Test Recipient","receivedAt":"2026-09-21T15:42:00+00:00","evidenceReferenceIds":["test-evidence"],"note":"\uD83D\uDE00\uD83D\uDE00\uD83D\uDE00\uD83D\uDE00\uD83D\uDE00\uD83D\uDE00\uD83D\uDE00\uD83D\uDE00\uD83D\uDE00\uD83D\uDE00\uD83D\uDE00\uD83D\uDE00\uD83D\uDE00\uD83D\uDE00\uD83D\uDE00\uD83D\uDE00\uD83D\uDE00\uD83D\uDE00\uD83D\uDE00\uD83D\uDE00\uD83D\uDE00\uD83D\uDE00\uD83D\uDE00\uD83D\uDE00\uD83D\uDE00\uD83D\uDE00\uD83D\uDE00\uD83D\uDE00\uD83D\uDE00\uD83D\uDE00\uD83D\uDE00\uD83D\uDE00\uD83D\uDE00\uD83D\uDE00\uD83D\uDE00\uD83D\uDE00\uD83D\uDE00\uD83D\uDE00\uD83D\uDE00\uD83D\uDE00\uD83D\uDE00\uD83D\uDE00\uD83D\uDE00\uD83D\uDE00\uD83D\uDE00\uD83D\uDE00\uD83D\uDE00\uD83D\uDE00\uD83D\uDE00\uD83D\uDE00\uD83D\uDE00\uD83D\uDE00\uD83D\uDE00\uD83D\uDE00\uD83D\uDE00\uD83D\uDE00\uD83D\uDE00\uD83D\uDE00\uD83D\uDE00\uD83D\uDE00\uD83D\uDE00\uD83D\uDE00\uD83D\uDE00\uD83D\uDE00\uD83D\uDE00\uD83D\uDE00\uD83D\uDE00\uD83D\uDE00\uD83D\uDE00\uD83D\uDE00\uD83D\uDE00\uD83D\uDE00\uD83D\uDE00\uD83D\uDE00\uD83D\uDE00\uD83D\uDE00\uD83D\uDE00\uD83D\uDE00\uD83D\uDE00\uD83D\uDE00\uD83D\uDE00\uD83D\uDE00\uD83D\uDE00\uD83D\uDE00\uD83D\uDE00\uD83D\uDE00\uD83D\uDE00\uD83D\uDE00\uD83D\uDE00\uD83D\uDE00\uD83D\uDE00\uD83D\uDE00\uD83D\uDE00\uD83D\uDE00\uD83D\uDE00\uD83D\uDE00\uD83D\uDE00\uD83D\uDE00\uD83D\uDE00\uD83D\uDE00\uD83D\uDE00\uD83D\uDE00\uD83D\uDE00\uD83D\uDE00\uD83D\uDE00\uD83D\uDE00\uD83D\uDE00\uD83D\uDE00\uD83D\uDE00\uD83D\uDE00\uD83D\uDE00\uD83D\uDE00\uD83D\uDE00\uD83D\uDE00\uD83D\uDE00\uD83D\uDE00\uD83D\uDE00\uD83D\uDE00\uD83D\uDE00\uD83D\uDE00\uD83D\uDE00\uD83D\uDE00\uD83D\uDE00\uD83D\uDE00\uD83D\uDE00\uD83D\uDE00\uD83D\uDE00\uD83D\uDE00\uD83D\uDE00\uD83D\uDE00\uD83D\uDE00\uD83D\uDE00\uD83D\uDE00\uD83D\uDE00\uD83D\uDE00\uD83D\uDE00\uD83D\uDE00\uD83D\uDE00\uD83D\uDE00\uD83D\uDE00\uD83D\uDE00\uD83D\uDE00\uD83D\uDE00\uD83D\uDE00\uD83D\uDE00\uD83D\uDE00\uD83D\uDE00\uD83D\uDE00\uD83D\uDE00\uD83D\uDE00\uD83D\uDE00\uD83D\uDE00\uD83D\uDE00\uD83D\uDE00\uD83D\uDE00\uD83D\uDE00\uD83D\uDE00\uD83D\uDE00\uD83D\uDE00\uD83D\uDE00\uD83D\uDE00\uD83D\uDE00\uD83D\uDE00\uD83D\uDE00\uD83D\uDE00\uD83D\uDE00\uD83D\uDE00\uD83D\uDE00\uD83D\uDE00\uD83D\uDE00\uD83D\uDE00\uD83D\uDE00\uD83D\uDE00\uD83D\uDE00\uD83D\uDE00\uD83D\uDE00\uD83D\uDE00\uD83D\uDE00\uD83D\uDE00\uD83D\uDE00\uD83D\uDE00\uD83D\uDE00\uD83D\uDE00\uD83D\uDE00\uD83D\uDE00\uD83D\uDE00\uD83D\uDE00\uD83D\uDE00\uD83D\uDE00\uD83D\uDE00\uD83D\uDE00\uD83D\uDE00\uD83D\uDE00\uD83D\uDE00\uD83D\uDE00\uD83D\uDE00\uD83D\uDE00\uD83D\uDE00\uD83D\uDE00\uD83D\uDE00\uD83D\uDE00\uD83D\uDE00\uD83D\uDE00\uD83D\uDE00\uD83D\uDE00\uD83D\uDE00\uD83D\uDE00\uD83D\uDE00\uD83D\uDE00\uD83D\uDE00\uD83D\uDE00\uD83D\uDE00\uD83D\uDE00\uD83D\uDE00\uD83D\uDE00\uD83D\uDE00\uD83D\uDE00\uD83D\uDE00\uD83D\uDE00\uD83D\uDE00\uD83D\uDE00\uD83D\uDE00\uD83D\uDE00\uD83D\uDE00\uD83D\uDE00\uD83D\uDE00\uD83D\uDE00\uD83D\uDE00\uD83D\uDE00\uD83D\uDE00\uD83D\uDE00\uD83D\uDE00\uD83D\uDE00\uD83D\uDE00\uD83D\uDE00\uD83D\uDE00\uD83D\uDE00\uD83D\uDE00\uD83D\uDE00\uD83D\uDE00\uD83D\uDE00\uD83D\uDE00\uD83D\uDE00\uD83D\uDE00\uD83D\uDE00\uD83D\uDE00\uD83D\uDE00\uD83D\uDE00\uD83D\uDE00\uD83D\uDE00\uD83D\uDE00\uD83D\uDE00\uD83D\uDE00\uD83D\uDE00\uD83D\uDE00\uD83D\uDE00\uD83D\uDE00\uD83D\uDE00\uD83D\uDE00\uD83D\uDE00\uD83D\uDE00\uD83D\uDE00\uD83D\uDE00\uD83D\uDE00\uD83D\uDE00\uD83D\uDE00\uD83D\uDE00\uD83D\uDE00\uD83D\uDE00\uD83D\uDE00\uD83D\uDE00\uD83D\uDE00\uD83D\uDE00\uD83D\uDE00\uD83D\uDE00\uD83D\uDE00\uD83D\uDE00\uD83D\uDE00\uD83D\uDE00\uD83D\uDE00\uD83D\uDE00\uD83D\uDE00\uD83D\uDE00\uD83D\uDE00\uD83D\uDE00\uD83D\uDE00\uD83D\uDE00\uD83D\uDE00\uD83D\uDE00\uD83D\uDE00\uD83D\uDE00\uD83D\uDE00\uD83D\uDE00\uD83D\uDE00\uD83D\uDE00\uD83D\uDE00\uD83D\uDE00\uD83D\uDE00\uD83D\uDE00\uD83D\uDE00\uD83D\uDE00\uD83D\uDE00\uD83D\uDE00\uD83D\uDE00\uD83D\uDE00\uD83D\uDE00\uD83D\uDE00\uD83D\uDE00\uD83D\uDE00\uD83D\uDE00\uD83D\uDE00\uD83D\uDE00\uD83D\uDE00\uD83D\uDE00\uD83D\uDE00\uD83D\uDE00\uD83D\uDE00\uD83D\uDE00\uD83D\uDE00\uD83D\uDE00\uD83D\uDE00\uD83D\uDE00\uD83D\uDE00\uD83D\uDE00\uD83D\uDE00\uD83D\uDE00\uD83D\uDE00\uD83D\uDE00\uD83D\uDE00\uD83D\uDE00\uD83D\uDE00\uD83D\uDE00\uD83D\uDE00\uD83D\uDE00\uD83D\uDE00\uD83D\uDE00\uD83D\uDE00\uD83D\uDE00\uD83D\uDE00\uD83D\uDE00\uD83D\uDE00\uD83D\uDE00\uD83D\uDE00\uD83D\uDE00\uD83D\uDE00\uD83D\uDE00\uD83D\uDE00\uD83D\uDE00\uD83D\uDE00\uD83D\uDE00\uD83D\uDE00\uD83D\uDE00\uD83D\uDE00\uD83D\uDE00\uD83D\uDE00\uD83D\uDE00\uD83D\uDE00\uD83D\uDE00\uD83D\uDE00\uD83D\uDE00\uD83D\uDE00\uD83D\uDE00\uD83D\uDE00\uD83D\uDE00\uD83D\uDE00\uD83D\uDE00\uD83D\uDE00\uD83D\uDE00\uD83D\uDE00\uD83D\uDE00\uD83D\uDE00\uD83D\uDE00\uD83D\uDE00\uD83D\uDE00\uD83D\uDE00\uD83D\uDE00\uD83D\uDE00\uD83D\uDE00\uD83D\uDE00\uD83D\uDE00\uD83D\uDE00\uD83D\uDE00\uD83D\uDE00\uD83D\uDE00\uD83D\uDE00\uD83D\uDE00\uD83D\uDE00\uD83D\uDE00\uD83D\uDE00\uD83D\uDE00\uD83D\uDE00\uD83D\uDE00\uD83D\uDE00\uD83D\uDE00\uD83D\uDE00\uD83D\uDE00\uD83D\uDE00\uD83D\uDE00\uD83D\uDE00\uD83D\uDE00\uD83D\uDE00\uD83D\uDE00\uD83D\uDE00\uD83D\uDE00\uD83D\uDE00\uD83D\uDE00\uD83D\uDE00\uD83D\uDE00\uD83D\uDE00\uD83D\uDE00\uD83D\uDE00\uD83D\uDE00\uD83D\uDE00\uD83D\uDE00\uD83D\uDE00\uD83D\uDE00\uD83D\uDE00\uD83D\uDE00\uD83D\uDE00\uD83D\uDE00\uD83D\uDE00\uD83D\uDE00\uD83D\uDE00\uD83D\uDE00\uD83D\uDE00\uD83D\uDE00\uD83D\uDE00\uD83D\uDE00\uD83D\uDE00\uD83D\uDE00\uD83D\uDE00\uD83D\uDE00\uD83D\uDE00\uD83D\uDE00\uD83D\uDE00\uD83D\uDE00\uD83D\uDE00\uD83D\uDE00\uD83D\uDE00\uD83D\uDE00\uD83D\uDE00\uD83D\uDE00\uD83D\uDE00\uD83D\uDE00\uD83D\uDE00\uD83D\uDE00\uD83D\uDE00\uD83D\uDE00\uD83D\uDE00\uD83D\uDE00\uD83D\uDE00\uD83D\uDE00\uD83D\uDE00\uD83D\uDE00\uD83D\uDE00\uD83D\uDE00\uD83D\uDE00\uD83D\uDE00\uD83D\uDE00\uD83D\uDE00\uD83D\uDE00\uD83D\uDE00\uD83D\uDE00\uD83D\uDE00\uD83D\uDE00\uD83D\uDE00\uD83D\uDE00\uD83D\uDE00\uD83D\uDE00\uD83D\uDE00\uD83D\uDE00\uD83D\uDE00\uD83D\uDE00\uD83D\uDE00\uD83D\uDE00\uD83D\uDE00\uD83D\uDE00\uD83D\uDE00\uD83D\uDE00\uD83D\uDE00\uD83D\uDE00\uD83D\uDE00\uD83D\uDE00\uD83D\uDE00\uD83D\uDE00\uD83D\uDE00\uD83D\uDE00\uD83D\uDE00\uD83D\uDE00\uD83D\uDE00\uD83D\uDE00\uD83D\uDE00\uD83D\uDE00\uD83D\uDE00\uD83D\uDE00\uD83D\uDE00\uD83D\uDE00\uD83D\uDE00\uD83D\uDE00\uD83D\uDE00\uD83D\uDE00\uD83D\uDE00\uD83D\uDE00\uD83D\uDE00\uD83D\uDE00\uD83D\uDE00\uD83D\uDE00\uD83D\uDE00\uD83D\uDE00\uD83D\uDE00\uD83D\uDE00\uD83D\uDE00\uD83D\uDE00\uD83D\uDE00\uD83D\uDE00\uD83D\uDE00\uD83D\uDE00\uD83D\uDE00\uD83D\uDE00\uD83D\uDE00\uD83D\uDE00\uD83D\uDE00\uD83D\uDE00\uD83D\uDE00\uD83D\uDE00\uD83D\uDE00\uD83D\uDE00\uD83D\uDE00\uD83D\uDE00\uD83D\uDE00\uD83D\uDE00\uD83D\uDE00\uD83D\uDE00\uD83D\uDE00\uD83D\uDE00\uD83D\uDE00\uD83D\uDE00\uD83D\uDE00\uD83D\uDE00\uD83D\uDE00\uD83D\uDE00\uD83D\uDE00\uD83D\uDE00\uD83D\uDE00\uD83D\uDE00\uD83D\uDE00\uD83D\uDE00\uD83D\uDE00\uD83D\uDE00\uD83D\uDE00\uD83D\uDE00\uD83D\uDE00\uD83D\uDE00\uD83D\uDE00\uD83D\uDE00\uD83D\uDE00\uD83D\uDE00\uD83D\uDE00\uD83D\uDE00\uD83D\uDE00\uD83D\uDE00\uD83D\uDE00\uD83D\uDE00\uD83D\uDE00\uD83D\uDE00\uD83D\uDE00\uD83D\uDE00\uD83D\uDE00\uD83D\uDE00\uD83D\uDE00\uD83D\uDE00\uD83D\uDE00\uD83D\uDE00\uD83D\uDE00\uD83D\uDE00\uD83D\uDE00\uD83D\uDE00\uD83D\uDE00\uD83D\uDE00\uD83D\uDE00\uD83D\uDE00\uD83D\uDE00\uD83D\uDE00\uD83D\uDE00\uD83D\uDE00\uD83D\uDE00\uD83D\uDE00\uD83D\uDE00\uD83D\uDE00\uD83D\uDE00\uD83D\uDE00\uD83D\uDE00\uD83D\uDE00\uD83D\uDE00\uD83D\uDE00\uD83D\uDE00\uD83D\uDE00\uD83D\uDE00\uD83D\uDE00\uD83D\uDE00\uD83D\uDE00\uD83D\uDE00\uD83D\uDE00\uD83D\uDE00\uD83D\uDE00\uD83D\uDE00\uD83D\uDE00\uD83D\uDE00\uD83D\uDE00\uD83D\uDE00\uD83D\uDE00\uD83D\uDE00\uD83D\uDE00\uD83D\uDE00\uD83D\uDE00\uD83D\uDE00\uD83D\uDE00\uD83D\uDE00\uD83D\uDE00\uD83D\uDE00\uD83D\uDE00\uD83D\uDE00\uD83D\uDE00\uD83D\uDE00\uD83D\uDE00\uD83D\uDE00\uD83D\uDE00\uD83D\uDE00\uD83D\uDE00\uD83D\uDE00\uD83D\uDE00\uD83D\uDE00\uD83D\uDE00\uD83D\uDE00\uD83D\uDE00\uD83D\uDE00\uD83D\uDE00\uD83D\uDE00\uD83D\uDE00\uD83D\uDE00\uD83D\uDE00\uD83D\uDE00\uD83D\uDE00\uD83D\uDE00\uD83D\uDE00\uD83D\uDE00\uD83D\uDE00\uD83D\uDE00\uD83D\uDE00\uD83D\uDE00\uD83D\uDE00\uD83D\uDE00\uD83D\uDE00\uD83D\uDE00\uD83D\uDE00\uD83D\uDE00\uD83D\uDE00\uD83D\uDE00\uD83D\uDE00\uD83D\uDE00\uD83D\uDE00\uD83D\uDE00\uD83D\uDE00\uD83D\uDE00\uD83D\uDE00\uD83D\uDE00\uD83D\uDE00\uD83D\uDE00\uD83D\uDE00\uD83D\uDE00\uD83D\uDE00\uD83D\uDE00\uD83D\uDE00\uD83D\uDE00\uD83D\uDE00\uD83D\uDE00\uD83D\uDE00\uD83D\uDE00\uD83D\uDE00\uD83D\uDE00\uD83D\uDE00\uD83D\uDE00\uD83D\uDE00\uD83D\uDE00\uD83D\uDE00\uD83D\uDE00\uD83D\uDE00\uD83D\uDE00\uD83D\uDE00\uD83D\uDE00\uD83D\uDE00\uD83D\uDE00\uD83D\uDE00\uD83D\uDE00\uD83D\uDE00\uD83D\uDE00\uD83D\uDE00\uD83D\uDE00\uD83D\uDE00\uD83D\uDE00\uD83D\uDE00\uD83D\uDE00\uD83D\uDE00\uD83D\uDE00\uD83D\uDE00\uD83D\uDE00\uD83D\uDE00\uD83D\uDE00\uD83D\uDE00\uD83D\uDE00\uD83D\uDE00\uD83D\uDE00\uD83D\uDE00\uD83D\uDE00\uD83D\uDE00\uD83D\uDE00\uD83D\uDE00\uD83D\uDE00\uD83D\uDE00\uD83D\uDE00\uD83D\uDE00\uD83D\uDE00\uD83D\uDE00\uD83D\uDE00\uD83D\uDE00\uD83D\uDE00\uD83D\uDE00\uD83D\uDE00\uD83D\uDE00\uD83D\uDE00\uD83D\uDE00\uD83D\uDE00\uD83D\uDE00\uD83D\uDE00\uD83D\uDE00\uD83D\uDE00\uD83D\uDE00\uD83D\uDE00\uD83D\uDE00\uD83D\uDE00\uD83D\uDE00\uD83D\uDE00\uD83D\uDE00\uD83D\uDE00\uD83D\uDE00\uD83D\uDE00\uD83D\uDE00\uD83D\uDE00\uD83D\uDE00\uD83D\uDE00\uD83D\uDE00\uD83D\uDE00\uD83D\uDE00\uD83D\uDE00\uD83D\uDE00\uD83D\uDE00\uD83D\uDE00\uD83D\uDE00\uD83D\uDE00\uD83D\uDE00\uD83D\uDE00\uD83D\uDE00\uD83D\uDE00\uD83D\uDE00\uD83D\uDE00\uD83D\uDE00\uD83D\uDE00\uD83D\uDE00\uD83D\uDE00\uD83D\uDE00\uD83D\uDE00\uD83D\uDE00\uD83D\uDE00\uD83D\uDE00\uD83D\uDE00\uD83D\uDE00\uD83D\uDE00\uD83D\uDE00\uD83D\uDE00\uD83D\uDE00\uD83D\uDE00\uD83D\uDE00\uD83D\uDE00\uD83D\uDE00\uD83D\uDE00\uD83D\uDE00\uD83D\uDE00\uD83D\uDE00\uD83D\uDE00\uD83D\uDE00\uD83D\uDE00\uD83D\uDE00\uD83D\uDE00\uD83D\uDE00\uD83D\uDE00\uD83D\uDE00\uD83D\uDE00\uD83D\uDE00\uD83D\uDE00\uD83D\uDE00\uD83D\uDE00\uD83D\uDE00\uD83D\uDE00\uD83D\uDE00\uD83D\uDE00\uD83D\uDE00\uD83D\uDE00\uD83D\uDE00\uD83D\uDE00\uD83D\uDE00\uD83D\uDE00\uD83D\uDE00\uD83D\uDE00\uD83D\uDE00\uD83D\uDE00\uD83D\uDE00\uD83D\uDE00\uD83D\uDE00\uD83D\uDE00\uD83D\uDE00\uD83D\uDE00\uD83D\uDE00\uD83D\uDE00\uD83D\uDE00\uD83D\uDE00\uD83D\uDE00\uD83D\uDE00\uD83D\uDE00\uD83D\uDE00\uD83D\uDE00\uD83D\uDE00\uD83D\uDE00\uD83D\uDE00\uD83D\uDE00\uD83D\uDE00\uD83D\uDE00\uD83D\uDE00\uD83D\uDE00\uD83D\uDE00\uD83D\uDE00\uD83D\uDE00\uD83D\uDE00\uD83D\uDE00\uD83D\uDE00\uD83D\uDE00\uD83D\uDE00\uD83D\uDE00\uD83D\uDE00\uD83D\uDE00\uD83D\uDE00\uD83D\uDE00\uD83D\uDE00\uD83D\uDE00\uD83D\uDE00\uD83D\uDE00\uD83D\uDE00\uD83D\uDE00\uD83D\uDE00\uD83D\uDE00\uD83D\uDE00\uD83D\uDE00\uD83D\uDE00\uD83D\uDE00\uD83D\uDE00\uD83D\uDE00\uD83D\uDE00\uD83D\uDE00\uD83D\uDE00\uD83D\uDE00\uD83D\uDE00\uD83D\uDE00\uD83D\uDE00\uD83D\uDE00\uD83D\uDE00\uD83D\uDE00\uD83D\uDE00\uD83D\uDE00\uD83D\uDE00\uD83D\uDE00\uD83D\uDE00\uD83D\uDE00\uD83D\uDE00\uD83D\uDE00\uD83D\uDE00\uD83D\uDE00\uD83D\uDE00\uD83D\uDE00\uD83D\uDE00\uD83D\uDE00\uD83D\uDE00\uD83D\uDE00\uD83D\uDE00\uD83D\uDE00\uD83D\uDE00\uD83D\uDE00\uD83D\uDE00\uD83D\uDE00\uD83D\uDE00\uD83D\uDE00\uD83D\uDE00\uD83D\uDE00\uD83D\uDE00\uD83D\uDE00\uD83D\uDE00\uD83D\uDE00\uD83D\uDE00\uD83D\uDE00\uD83D\uDE00\uD83D\uDE00\uD83D\uDE00\uD83D\uDE00\uD83D\uDE00\uD83D\uDE00\uD83D\uDE00\uD83D\uDE00\uD83D\uDE00\uD83D\uDE00\uD83D\uDE00\uD83D\uDE00\uD83D\uDE00\uD83D\uDE00\uD83D\uDE00\uD83D\uDE00\uD83D\uDE00\uD83D\uDE00\uD83D\uDE00\uD83D\uDE00\uD83D\uDE00\uD83D\uDE00\uD83D\uDE00\uD83D\uDE00\uD83D\uDE00\uD83D\uDE00\uD83D\uDE00\uD83D\uDE00\uD83D\uDE00\uD83D\uDE00\uD83D\uDE00\uD83D\uDE00\uD83D\uDE00\uD83D\uDE00\uD83D\uDE00\uD83D\uDE00\uD83D\uDE00\uD83D\uDE00\uD83D\uDE00\uD83D\uDE00\uD83D\uDE00\uD83D\uDE00\uD83D\uDE00\uD83D\uDE00\uD83D\uDE00\uD83D\uDE00\uD83D\uDE00\uD83D\uDE00\uD83D\uDE00\uD83D\uDE00\uD83D\uDE00\uD83D\uDE00\uD83D\uDE00\uD83D\uDE00\uD83D\uDE00\uD83D\uDE00\uD83D\uDE00\uD83D\uDE00\uD83D\uDE00\uD83D\uDE00\uD83D\uDE00\uD83D\uDE00\uD83D\uDE00\uD83D\uDE00\uD83D\uDE00\uD83D\uDE00\uD83D\uDE00\uD83D\uDE00\uD83D\uDE00\uD83D\uDE00\uD83D\uDE00\uD83D\uDE00\uD83D\uDE00\uD83D\uDE00\uD83D\uDE00\uD83D\uDE00\uD83D\uDE00\uD83D\uDE00\uD83D\uDE00\uD83D\uDE00\uD83D\uDE00\uD83D\uDE00\uD83D\uDE00\uD83D\uDE00\uD83D\uDE00\uD83D\uDE00\uD83D\uDE00\uD83D\uDE00\uD83D\uDE00\uD83D\uDE00\uD83D\uDE00\uD83D\uDE00\uD83D\uDE00"},"contractVersion":"v1"}</StdOut>
      </Output>
    </UnitTestResult>
    <UnitTestResult executionId="190f28e6-5999-42dd-89e5-ddf75721a265" testId="5d3557e7-c3f3-8e9a-57ee-8959a4a6733e" testName="Diten.SupplyChainService.Tests.SourceClientTests.ExplicitWarehouseFailures(status: 200, code: &quot;SCHEMA_INCOMPATIBLE&quot;)" computerName="Natig-Erens-MacBook-Pro" duration="00:00:00.0344100" startTime="2026-09-16T17:29:54.7147140+05:00" endTime="2026-09-16T17:29:54.7147530+05:00" testType="13cdc9d9-ddb5-4fa4-a97d-d965ccfc6d4b" outcome="Passed" testListId="8c84fa94-04c1-424b-9868-57a2d4851a1d" relativeResultsDirectory="190f28e6-5999-42dd-89e5-ddf75721a265" />
    <UnitTestResult executionId="cb7e9b00-d3f2-4d3d-ad47-fd60ba1852be" testId="bf09648a-fd3e-c02f-790f-9ef75b0e3fc8" testName="Diten.SupplyChainService.Tests.ShipmentValidatorContractTests.PodNoteUsesUnicodeCodePoints(note: &quot;aaaaaaaaaaaaaaaaaaaaaaaaaaaaaaaaaaaaaaaaaaaaaaaaaa&quot;···, expected: False)" computerName="Natig-Erens-MacBook-Pro" duration="00:00:00.0002653" startTime="2026-09-16T17:29:54.8589350+05:00" endTime="2026-09-16T17:29:54.8589350+05:00" testType="13cdc9d9-ddb5-4fa4-a97d-d965ccfc6d4b" outcome="Passed" testListId="8c84fa94-04c1-424b-9868-57a2d4851a1d" relativeResultsDirectory="cb7e9b00-d3f2-4d3d-ad47-fd60ba1852be" />
    <UnitTestResult executionId="31163fd0-702b-4c9b-963d-2e02e789e825" testId="98e39800-3584-8c08-2a83-bab8fd1843d2" testName="Diten.SupplyChainService.Tests.ShipmentValidatorContractTests.QuantityMatchesFrozenAsciiDecimal(quantity: &quot;٣٠.٠٠٠&quot;, expected: False)" computerName="Natig-Erens-MacBook-Pro" duration="00:00:00.0002028" startTime="2026-09-16T17:29:54.8700540+05:00" endTime="2026-09-16T17:29:54.8700540+05:00" testType="13cdc9d9-ddb5-4fa4-a97d-d965ccfc6d4b" outcome="Passed" testListId="8c84fa94-04c1-424b-9868-57a2d4851a1d" relativeResultsDirectory="31163fd0-702b-4c9b-963d-2e02e789e825" />
    <UnitTestResult executionId="028ba424-fa21-47f4-8226-faf01a9cfd2e" testId="bd9d5ba6-b2f6-9208-0940-9f5190dd3366" testName="Diten.SupplyChainService.Tests.SourceIntakeTests.SameSourceIdentityIsIsolatedByTenantAndLegalEntity" computerName="Natig-Erens-MacBook-Pro" duration="00:00:00.1826058" startTime="2026-09-16T17:30:01.9360270+05:00" endTime="2026-09-16T17:30:01.9360270+05:00" testType="13cdc9d9-ddb5-4fa4-a97d-d965ccfc6d4b" outcome="Passed" testListId="8c84fa94-04c1-424b-9868-57a2d4851a1d" relativeResultsDirectory="028ba424-fa21-47f4-8226-faf01a9cfd2e" />
    <UnitTestResult executionId="9066ed88-c73a-4f13-8531-5c3f10003d97" testId="8f46ff3b-0805-0b94-1e23-ac499458b329" testName="Diten.SupplyChainService.Tests.ShipmentValidatorContractTests.TransitionNoteUsesUnicodeCodePoints(note: &quot;ééééééééééééééééééééééééé&quot;···, expected: True)" computerName="Natig-Erens-MacBook-Pro" duration="00:00:00.0001466" startTime="2026-09-16T17:29:54.8846190+05:00" endTime="2026-09-16T17:29:54.8846190+05:00" testType="13cdc9d9-ddb5-4fa4-a97d-d965ccfc6d4b" outcome="Passed" testListId="8c84fa94-04c1-424b-9868-57a2d4851a1d" relativeResultsDirectory="9066ed88-c73a-4f13-8531-5c3f10003d97" />
    <UnitTestResult executionId="e16c7540-07e0-4d6c-9c75-9a160e4feb85" testId="5c1c580e-af48-ac72-1fdc-11380f5eb81c" testName="Diten.SupplyChainService.Tests.SourceClientTests.ExplicitWarehouseFailures(status: 503, code: &quot;DEPENDENCY_HTTP_503&quot;)" computerName="Natig-Erens-MacBook-Pro" duration="00:00:00.0007537" startTime="2026-09-16T17:29:54.7215210+05:00" endTime="2026-09-16T17:29:54.7215210+05:00" testType="13cdc9d9-ddb5-4fa4-a97d-d965ccfc6d4b" outcome="Passed" testListId="8c84fa94-04c1-424b-9868-57a2d4851a1d" relativeResultsDirectory="e16c7540-07e0-4d6c-9c75-9a160e4feb85" />
    <UnitTestResult executionId="4789ea77-a5c3-4dfc-a755-be022fc1cb87" testId="fd879e63-7516-4d3d-ea3e-a8bc2999870e" testName="Diten.SupplyChainService.Tests.ShipmentValidatorContractTests.QuantityMatchesFrozenAsciiDecimal(quantity: &quot;۳۰.۰۰۰&quot;, expected: False)" computerName="Natig-Erens-MacBook-Pro" duration="00:00:00.0001107" startTime="2026-09-16T17:29:54.8712490+05:00" endTime="2026-09-16T17:29:54.8712490+05:00" testType="13cdc9d9-ddb5-4fa4-a97d-d965ccfc6d4b" outcome="Passed" testListId="8c84fa94-04c1-424b-9868-57a2d4851a1d" relativeResultsDirectory="4789ea77-a5c3-4dfc-a755-be022fc1cb87" />
    <UnitTestResult executionId="baea14e9-c86e-42d5-a7b2-a3a30803345c" testId="c3c6e771-a2b6-c201-4c0a-672065a176ac" testName="Diten.SupplyChainService.Tests.SourceIntakeTests.ChangedSourceIsDriftAndNeverRewritesShipment(change: &quot;address&quot;)" computerName="Natig-Erens-MacBook-Pro" duration="00:00:00.7110834" startTime="2026-09-16T17:29:59.2635050+05:00" endTime="2026-09-16T17:29:59.2635050+05:00" testType="13cdc9d9-ddb5-4fa4-a97d-d965ccfc6d4b" outcome="Passed" testListId="8c84fa94-04c1-424b-9868-57a2d4851a1d" relativeResultsDirectory="baea14e9-c86e-42d5-a7b2-a3a30803345c">
      <Output>
        <StdOut>Source address drift: six collections byte-equivalent, evidence recorded</StdOut>
      </Output>
    </UnitTestResult>
    <UnitTestResult executionId="f3b1657d-9437-4382-9ad3-f581f344c765" testId="d074e9fa-7d31-c224-dda3-5a943eabcbc7" testName="Diten.SupplyChainService.Tests.ShipmentValidatorContractTests.QuantityMatchesFrozenAsciiDecimal(quantity: &quot;-30.000&quot;, expected: True)" computerName="Natig-Erens-MacBook-Pro" duration="00:00:00.0001492" startTime="2026-09-16T17:29:54.8711910+05:00" endTime="2026-09-16T17:29:54.8711910+05:00" testType="13cdc9d9-ddb5-4fa4-a97d-d965ccfc6d4b" outcome="Passed" testListId="8c84fa94-04c1-424b-9868-57a2d4851a1d" relativeResultsDirectory="f3b1657d-9437-4382-9ad3-f581f344c765" />
    <UnitTestResult executionId="fbaa5f0b-c4b9-419c-9ad2-c7792909a0e6" testId="54616bb9-18d0-8130-d8a1-a9ee12b719ed" testName="Diten.SupplyChainService.Tests.ShipmentValidatorContractTests.QuantityMatchesFrozenAsciiDecimal(quantity: &quot;1e3&quot;, expected: False)" computerName="Natig-Erens-MacBook-Pro" duration="00:00:00.0001022" startTime="2026-09-16T17:29:54.8710550+05:00" endTime="2026-09-16T17:29:54.8710550+05:00" testType="13cdc9d9-ddb5-4fa4-a97d-d965ccfc6d4b" outcome="Passed" testListId="8c84fa94-04c1-424b-9868-57a2d4851a1d" relativeResultsDirectory="fbaa5f0b-c4b9-419c-9ad2-c7792909a0e6" />
    <UnitTestResult executionId="3fea0062-83b3-497a-a998-e9583ef64cf0" testId="9b90073b-c4e7-4097-f539-972849ee746a" testName="Diten.SupplyChainService.Tests.ShipmentValidatorContractTests.TransitionNoteUsesUnicodeCodePoints(note: &quot;\ud83d\ude00a\ud83d\ude00a\ud83d\ude00a\ud83d\ude00a\ud83d\ude00a\ud83d\ude00a\ud83d\ude00a\ud83d\ude00a\ud83d\ude00a\ud83d\ude00a\ud83d\ude00a\ud83d\ude00a\ud83d\ude00a\ud83d\ude00a\ud83d\ude00a\ud83d\ude00a\ud83d\ude00&quot;···, expected: True)" computerName="Natig-Erens-MacBook-Pro" duration="00:00:00.0001367" startTime="2026-09-16T17:29:54.8847660+05:00" endTime="2026-09-16T17:29:54.8847660+05:00" testType="13cdc9d9-ddb5-4fa4-a97d-d965ccfc6d4b" outcome="Passed" testListId="8c84fa94-04c1-424b-9868-57a2d4851a1d" relativeResultsDirectory="3fea0062-83b3-497a-a998-e9583ef64cf0" />
    <UnitTestResult executionId="89f25cd3-6ef7-41c2-92d2-7f0bf1ac4a80" testId="3ba04534-65a0-2891-2687-2a472f665ecf" testName="Diten.SupplyChainService.Tests.ShipmentTests.EveryForbiddenTransitionLeavesPersistenceUnchanged" computerName="Natig-Erens-MacBook-Pro" duration="00:00:01.4119594" startTime="2026-09-16T17:30:03.9028540+05:00" endTime="2026-09-16T17:30:03.9028540+05:00" testType="13cdc9d9-ddb5-4fa4-a97d-d965ccfc6d4b" outcome="Passed" testListId="8c84fa94-04c1-424b-9868-57a2d4851a1d" relativeResultsDirectory="89f25cd3-6ef7-41c2-92d2-7f0bf1ac4a80">
      <Output>
        <StdOut>POST  =&gt; 201 {"shipmentId":"a8fb6624-8ccc-41f5-899f-cadbd8f3d00b","shipmentNumber":"SHP-a8fb66248ccc41f5899fcadbd8f3d00b","status":"Draft","idempotentReplay":false,"contractVersion":"v1"}
POST /a8fb6624-8ccc-41f5-899f-cadbd8f3d00b/transition =&gt; 422 {"error":{"code":"INVALID_SHIPMENT_TRANSITION","message":"INVALID_SHIPMENT_TRANSITION","correlationId":"eef6a69b-5460-44a5-80db-6321336813fc"},"contractVersion":"v1"}
GET /a8fb6624-8ccc-41f5-899f-cadbd8f3d00b =&gt; 200 {"shipmentId":"a8fb6624-8ccc-41f5-899f-cadbd8f3d00b","shipmentNumber":"SHP-a8fb66248ccc41f5899fcadbd8f3d00b","sourceDocumentId":"SO-900","status":"Draft","carrierId":null,"loadId":null,"plannedShipAt":"2026-09-20T08:00:00+00:00","plannedDeliverAt":"2026-09-21T16:00:00+00:00","actualDeliverAt":null,"sourceModule":"MOD-0141","sourceType":"SALES_ORDER","warehouseReferenceId":"wh-01","shipToReference":"CUST-100/ADDR-2","lines":[{"lineNumber":"1","itemId":"b1f2c3d4-0000-0000-0000-000000000001","skuId":"c3d4e5f6-0000-0000-0000-000000000002","quantity":"30.000","uomId":"EA","inventoryReferenceId":"rsv-4001"}],"pod":null,"contractVersion":"v1"}
POST /a8fb6624-8ccc-41f5-899f-cadbd8f3d00b/transition =&gt; 422 {"error":{"code":"INVALID_SHIPMENT_TRANSITION","message":"INVALID_SHIPMENT_TRANSITION","correlationId":"eef6a69b-5460-44a5-80db-6321336813fc"},"contractVersion":"v1"}
GET /a8fb6624-8ccc-41f5-899f-cadbd8f3d00b =&gt; 200 {"shipmentId":"a8fb6624-8ccc-41f5-899f-cadbd8f3d00b","shipmentNumber":"SHP-a8fb66248ccc41f5899fcadbd8f3d00b","sourceDocumentId":"SO-900","status":"Draft","carrierId":null,"loadId":null,"plannedShipAt":"2026-09-20T08:00:00+00:00","plannedDeliverAt":"2026-09-21T16:00:00+00:00","actualDeliverAt":null,"sourceModule":"MOD-0141","sourceType":"SALES_ORDER","warehouseReferenceId":"wh-01","shipToReference":"CUST-100/ADDR-2","lines":[{"lineNumber":"1","itemId":"b1f2c3d4-0000-0000-0000-000000000001","skuId":"c3d4e5f6-0000-0000-0000-000000000002","quantity":"30.000","uomId":"EA","inventoryReferenceId":"rsv-4001"}],"pod":null,"contractVersion":"v1"}
POST /a8fb6624-8ccc-41f5-899f-cadbd8f3d00b/transition =&gt; 422 {"error":{"code":"INVALID_SHIPMENT_TRANSITION","message":"INVALID_SHIPMENT_TRANSITION","correlationId":"eef6a69b-5460-44a5-80db-6321336813fc"},"contractVersion":"v1"}
GET /a8fb6624-8ccc-41f5-899f-cadbd8f3d00b =&gt; 200 {"shipmentId":"a8fb6624-8ccc-41f5-899f-cadbd8f3d00b","shipmentNumber":"SHP-a8fb66248ccc41f5899fcadbd8f3d00b","sourceDocumentId":"SO-900","status":"Draft","carrierId":null,"loadId":null,"plannedShipAt":"2026-09-20T08:00:00+00:00","plannedDeliverAt":"2026-09-21T16:00:00+00:00","actualDeliverAt":null,"sourceModule":"MOD-0141","sourceType":"SALES_ORDER","warehouseReferenceId":"wh-01","shipToReference":"CUST-100/ADDR-2","lines":[{"lineNumber":"1","itemId":"b1f2c3d4-0000-0000-0000-000000000001","skuId":"c3d4e5f6-0000-0000-0000-000000000002","quantity":"30.000","uomId":"EA","inventoryReferenceId":"rsv-4001"}],"pod":null,"contractVersion":"v1"}
POST /a8fb6624-8ccc-41f5-899f-cadbd8f3d00b/transition =&gt; 422 {"error":{"code":"INVALID_SHIPMENT_TRANSITION","message":"INVALID_SHIPMENT_TRANSITION","correlationId":"eef6a69b-5460-44a5-80db-6321336813fc"},"contractVersion":"v1"}
GET /a8fb6624-8ccc-41f5-899f-cadbd8f3d00b =&gt; 200 {"shipmentId":"a8fb6624-8ccc-41f5-899f-cadbd8f3d00b","shipmentNumber":"SHP-a8fb66248ccc41f5899fcadbd8f3d00b","sourceDocumentId":"SO-900","status":"Draft","carrierId":null,"loadId":null,"plannedShipAt":"2026-09-20T08:00:00+00:00","plannedDeliverAt":"2026-09-21T16:00:00+00:00","actualDeliverAt":null,"sourceModule":"MOD-0141","sourceType":"SALES_ORDER","warehouseReferenceId":"wh-01","shipToReference":"CUST-100/ADDR-2","lines":[{"lineNumber":"1","itemId":"b1f2c3d4-0000-0000-0000-000000000001","skuId":"c3d4e5f6-0000-0000-0000-000000000002","quantity":"30.000","uomId":"EA","inventoryReferenceId":"rsv-4001"}],"pod":null,"contractVersion":"v1"}
POST /a8fb6624-8ccc-41f5-899f-cadbd8f3d00b/transition =&gt; 422 {"error":{"code":"INVALID_SHIPMENT_TRANSITION","message":"INVALID_SHIPMENT_TRANSITION","correlationId":"eef6a69b-5460-44a5-80db-6321336813fc"},"contractVersion":"v1"}
GET /a8fb6624-8ccc-41f5-899f-cadbd8f3d00b =&gt; 200 {"shipmentId":"a8fb6624-8ccc-41f5-899f-cadbd8f3d00b","shipmentNumber":"SHP-a8fb66248ccc41f5899fcadbd8f3d00b","sourceDocumentId":"SO-900","status":"Draft","carrierId":null,"loadId":null,"plannedShipAt":"2026-09-20T08:00:00+00:00","plannedDeliverAt":"2026-09-21T16:00:00+00:00","actualDeliverAt":null,"sourceModule":"MOD-0141","sourceType":"SALES_ORDER","warehouseReferenceId":"wh-01","shipToReference":"CUST-100/ADDR-2","lines":[{"lineNumber":"1","itemId":"b1f2c3d4-0000-0000-0000-000000000001","skuId":"c3d4e5f6-0000-0000-0000-000000000002","quantity":"30.000","uomId":"EA","inventoryReferenceId":"rsv-4001"}],"pod":null,"contractVersion":"v1"}
POST /a8fb6624-8ccc-41f5-899f-cadbd8f3d00b/transition =&gt; 422 {"error":{"code":"INVALID_SHIPMENT_TRANSITION","message":"INVALID_SHIPMENT_TRANSITION","correlationId":"eef6a69b-5460-44a5-80db-6321336813fc"},"contractVersion":"v1"}
GET /a8fb6624-8ccc-41f5-899f-cadbd8f3d00b =&gt; 200 {"shipmentId":"a8fb6624-8ccc-41f5-899f-cadbd8f3d00b","shipmentNumber":"SHP-a8fb66248ccc41f5899fcadbd8f3d00b","sourceDocumentId":"SO-900","status":"Draft","carrierId":null,"loadId":null,"plannedShipAt":"2026-09-20T08:00:00+00:00","plannedDeliverAt":"2026-09-21T16:00:00+00:00","actualDeliverAt":null,"sourceModule":"MOD-0141","sourceType":"SALES_ORDER","warehouseReferenceId":"wh-01","shipToReference":"CUST-100/ADDR-2","lines":[{"lineNumber":"1","itemId":"b1f2c3d4-0000-0000-0000-000000000001","skuId":"c3d4e5f6-0000-0000-0000-000000000002","quantity":"30.000","uomId":"EA","inventoryReferenceId":"rsv-4001"}],"pod":null,"contractVersion":"v1"}
POST /a8fb6624-8ccc-41f5-899f-cadbd8f3d00b/transition =&gt; 422 {"error":{"code":"INVALID_SHIPMENT_TRANSITION","message":"INVALID_SHIPMENT_TRANSITION","correlationId":"eef6a69b-5460-44a5-80db-6321336813fc"},"contractVersion":"v1"}
GET /a8fb6624-8ccc-41f5-899f-cadbd8f3d00b =&gt; 200 {"shipmentId":"a8fb6624-8ccc-41f5-899f-cadbd8f3d00b","shipmentNumber":"SHP-a8fb66248ccc41f5899fcadbd8f3d00b","sourceDocumentId":"SO-900","status":"Planned","carrierId":null,"loadId":null,"plannedShipAt":"2026-09-20T08:00:00+00:00","plannedDeliverAt":"2026-09-21T16:00:00+00:00","actualDeliverAt":null,"sourceModule":"MOD-0141","sourceType":"SALES_ORDER","warehouseReferenceId":"wh-01","shipToReference":"CUST-100/ADDR-2","lines":[{"lineNumber":"1","itemId":"b1f2c3d4-0000-0000-0000-000000000001","skuId":"c3d4e5f6-0000-0000-0000-000000000002","quantity":"30.000","uomId":"EA","inventoryReferenceId":"rsv-4001"}],"pod":null,"contractVersion":"v1"}
POST /a8fb6624-8ccc-41f5-899f-cadbd8f3d00b/transition =&gt; 422 {"error":{"code":"INVALID_SHIPMENT_TRANSITION","message":"INVALID_SHIPMENT_TRANSITION","correlationId":"eef6a69b-5460-44a5-80db-6321336813fc"},"contractVersion":"v1"}
GET /a8fb6624-8ccc-41f5-899f-cadbd8f3d00b =&gt; 200 {"shipmentId":"a8fb6624-8ccc-41f5-899f-cadbd8f3d00b","shipmentNumber":"SHP-a8fb66248ccc41f5899fcadbd8f3d00b","sourceDocumentId":"SO-900","status":"Planned","carrierId":null,"loadId":null,"plannedShipAt":"2026-09-20T08:00:00+00:00","plannedDeliverAt":"2026-09-21T16:00:00+00:00","actualDeliverAt":null,"sourceModule":"MOD-0141","sourceType":"SALES_ORDER","warehouseReferenceId":"wh-01","shipToReference":"CUST-100/ADDR-2","lines":[{"lineNumber":"1","itemId":"b1f2c3d4-0000-0000-0000-000000000001","skuId":"c3d4e5f6-0000-0000-0000-000000000002","quantity":"30.000","uomId":"EA","inventoryReferenceId":"rsv-4001"}],"pod":null,"contractVersion":"v1"}
POST /a8fb6624-8ccc-41f5-899f-cadbd8f3d00b/transition =&gt; 422 {"error":{"code":"INVALID_SHIPMENT_TRANSITION","message":"INVALID_SHIPMENT_TRANSITION","correlationId":"eef6a69b-5460-44a5-80db-6321336813fc"},"contractVersion":"v1"}
GET /a8fb6624-8ccc-41f5-899f-cadbd8f3d00b =&gt; 200 {"shipmentId":"a8fb6624-8ccc-41f5-899f-cadbd8f3d00b","shipmentNumber":"SHP-a8fb66248ccc41f5899fcadbd8f3d00b","sourceDocumentId":"SO-900","status":"Planned","carrierId":null,"loadId":null,"plannedShipAt":"2026-09-20T08:00:00+00:00","plannedDeliverAt":"2026-09-21T16:00:00+00:00","actualDeliverAt":null,"sourceModule":"MOD-0141","sourceType":"SALES_ORDER","warehouseReferenceId":"wh-01","shipToReference":"CUST-100/ADDR-2","lines":[{"lineNumber":"1","itemId":"b1f2c3d4-0000-0000-0000-000000000001","skuId":"c3d4e5f6-0000-0000-0000-000000000002","quantity":"30.000","uomId":"EA","inventoryReferenceId":"rsv-4001"}],"pod":null,"contractVersion":"v1"}
POST /a8fb6624-8ccc-41f5-899f-cadbd8f3d00b/transition =&gt; 422 {"error":{"code":"INVALID_SHIPMENT_TRANSITION","message":"INVALID_SHIPMENT_TRANSITION","correlationId":"eef6a69b-5460-44a5-80db-6321336813fc"},"contractVersion":"v1"}
GET /a8fb6624-8ccc-41f5-899f-cadbd8f3d00b =&gt; 200 {"shipmentId":"a8fb6624-8ccc-41f5-899f-cadbd8f3d00b","shipmentNumber":"SHP-a8fb66248ccc41f5899fcadbd8f3d00b","sourceDocumentId":"SO-900","status":"Planned","carrierId":null,"loadId":null,"plannedShipAt":"2026-09-20T08:00:00+00:00","plannedDeliverAt":"2026-09-21T16:00:00+00:00","actualDeliverAt":null,"sourceModule":"MOD-0141","sourceType":"SALES_ORDER","warehouseReferenceId":"wh-01","shipToReference":"CUST-100/ADDR-2","lines":[{"lineNumber":"1","itemId":"b1f2c3d4-0000-0000-0000-000000000001","skuId":"c3d4e5f6-0000-0000-0000-000000000002","quantity":"30.000","uomId":"EA","inventoryReferenceId":"rsv-4001"}],"pod":null,"contractVersion":"v1"}
POST /a8fb6624-8ccc-41f5-899f-cadbd8f3d00b/transition =&gt; 422 {"error":{"code":"INVALID_SHIPMENT_TRANSITION","message":"INVALID_SHIPMENT_TRANSITION","correlationId":"eef6a69b-5460-44a5-80db-6321336813fc"},"contractVersion":"v1"}
GET /a8fb6624-8ccc-41f5-899f-cadbd8f3d00b =&gt; 200 {"shipmentId":"a8fb6624-8ccc-41f5-899f-cadbd8f3d00b","shipmentNumber":"SHP-a8fb66248ccc41f5899fcadbd8f3d00b","sourceDocumentId":"SO-900","status":"Planned","carrierId":null,"loadId":null,"plannedShipAt":"2026-09-20T08:00:00+00:00","plannedDeliverAt":"2026-09-21T16:00:00+00:00","actualDeliverAt":null,"sourceModule":"MOD-0141","sourceType":"SALES_ORDER","warehouseReferenceId":"wh-01","shipToReference":"CUST-100/ADDR-2","lines":[{"lineNumber":"1","itemId":"b1f2c3d4-0000-0000-0000-000000000001","skuId":"c3d4e5f6-0000-0000-0000-000000000002","quantity":"30.000","uomId":"EA","inventoryReferenceId":"rsv-4001"}],"pod":null,"contractVersion":"v1"}
POST /a8fb6624-8ccc-41f5-899f-cadbd8f3d00b/transition =&gt; 422 {"error":{"code":"INVALID_SHIPMENT_TRANSITION","message":"INVALID_SHIPMENT_TRANSITION","correlationId":"eef6a69b-5460-44a5-80db-6321336813fc"},"contractVersion":"v1"}
GET /a8fb6624-8ccc-41f5-899f-cadbd8f3d00b =&gt; 200 {"shipmentId":"a8fb6624-8ccc-41f5-899f-cadbd8f3d00b","shipmentNumber":"SHP-a8fb66248ccc41f5899fcadbd8f3d00b","sourceDocumentId":"SO-900","status":"Planned","carrierId":null,"loadId":null,"plannedShipAt":"2026-09-20T08:00:00+00:00","plannedDeliverAt":"2026-09-21T16:00:00+00:00","actualDeliverAt":null,"sourceModule":"MOD-0141","sourceType":"SALES_ORDER","warehouseReferenceId":"wh-01","shipToReference":"CUST-100/ADDR-2","lines":[{"lineNumber":"1","itemId":"b1f2c3d4-0000-0000-0000-000000000001","skuId":"c3d4e5f6-0000-0000-0000-000000000002","quantity":"30.000","uomId":"EA","inventoryReferenceId":"rsv-4001"}],"pod":null,"contractVersion":"v1"}
POST /a8fb6624-8ccc-41f5-899f-cadbd8f3d00b/transition =&gt; 422 {"error":{"code":"INVALID_SHIPMENT_TRANSITION","message":"INVALID_SHIPMENT_TRANSITION","correlationId":"eef6a69b-5460-44a5-80db-6321336813fc"},"contractVersion":"v1"}
GET /a8fb6624-8ccc-41f5-899f-cadbd8f3d00b =&gt; 200 {"shipmentId":"a8fb6624-8ccc-41f5-899f-cadbd8f3d00b","shipmentNumber":"SHP-a8fb66248ccc41f5899fcadbd8f3d00b","sourceDocumentId":"SO-900","status":"Dispatched","carrierId":null,"loadId":null,"plannedShipAt":"2026-09-20T08:00:00+00:00","plannedDeliverAt":"2026-09-21T16:00:00+00:00","actualDeliverAt":null,"sourceModule":"MOD-0141","sourceType":"SALES_ORDER","warehouseReferenceId":"wh-01","shipToReference":"CUST-100/ADDR-2","lines":[{"lineNumber":"1","itemId":"b1f2c3d4-0000-0000-0000-000000000001","skuId":"c3d4e5f6-0000-0000-0000-000000000002","quantity":"30.000","uomId":"EA","inventoryReferenceId":"rsv-4001"}],"pod":null,"contractVersion":"v1"}
POST /a8fb6624-8ccc-41f5-899f-cadbd8f3d00b/transition =&gt; 422 {"error":{"code":"INVALID_SHIPMENT_TRANSITION","message":"INVALID_SHIPMENT_TRANSITION","correlationId":"eef6a69b-5460-44a5-80db-6321336813fc"},"contractVersion":"v1"}
GET /a8fb6624-8ccc-41f5-899f-cadbd8f3d00b =&gt; 200 {"shipmentId":"a8fb6624-8ccc-41f5-899f-cadbd8f3d00b","shipmentNumber":"SHP-a8fb66248ccc41f5899fcadbd8f3d00b","sourceDocumentId":"SO-900","status":"Dispatched","carrierId":null,"loadId":null,"plannedShipAt":"2026-09-20T08:00:00+00:00","plannedDeliverAt":"2026-09-21T16:00:00+00:00","actualDeliverAt":null,"sourceModule":"MOD-0141","sourceType":"SALES_ORDER","warehouseReferenceId":"wh-01","shipToReference":"CUST-100/ADDR-2","lines":[{"lineNumber":"1","itemId":"b1f2c3d4-0000-0000-0000-000000000001","skuId":"c3d4e5f6-0000-0000-0000-000000000002","quantity":"30.000","uomId":"EA","inventoryReferenceId":"rsv-4001"}],"pod":null,"contractVersion":"v1"}
POST /a8fb6624-8ccc-41f5-899f-cadbd8f3d00b/transition =&gt; 422 {"error":{"code":"INVALID_SHIPMENT_TRANSITION","message":"INVALID_SHIPMENT_TRANSITION","correlationId":"eef6a69b-5460-44a5-80db-6321336813fc"},"contractVersion":"v1"}
GET /a8fb6624-8ccc-41f5-899f-cadbd8f3d00b =&gt; 200 {"shipmentId":"a8fb6624-8ccc-41f5-899f-cadbd8f3d00b","shipmentNumber":"SHP-a8fb66248ccc41f5899fcadbd8f3d00b","sourceDocumentId":"SO-900","status":"Dispatched","carrierId":null,"loadId":null,"plannedShipAt":"2026-09-20T08:00:00+00:00","plannedDeliverAt":"2026-09-21T16:00:00+00:00","actualDeliverAt":null,"sourceModule":"MOD-0141","sourceType":"SALES_ORDER","warehouseReferenceId":"wh-01","shipToReference":"CUST-100/ADDR-2","lines":[{"lineNumber":"1","itemId":"b1f2c3d4-0000-0000-0000-000000000001","skuId":"c3d4e5f6-0000-0000-0000-000000000002","quantity":"30.000","uomId":"EA","inventoryReferenceId":"rsv-4001"}],"pod":null,"contractVersion":"v1"}
POST /a8fb6624-8ccc-41f5-899f-cadbd8f3d00b/transition =&gt; 422 {"error":{"code":"INVALID_SHIPMENT_TRANSITION","message":"INVALID_SHIPMENT_TRANSITION","correlationId":"eef6a69b-5460-44a5-80db-6321336813fc"},"contractVersion":"v1"}
GET /a8fb6624-8ccc-41f5-899f-cadbd8f3d00b =&gt; 200 {"shipmentId":"a8fb6624-8ccc-41f5-899f-cadbd8f3d00b","shipmentNumber":"SHP-a8fb66248ccc41f5899fcadbd8f3d00b","sourceDocumentId":"SO-900","status":"Dispatched","carrierId":null,"loadId":null,"plannedShipAt":"2026-09-20T08:00:00+00:00","plannedDeliverAt":"2026-09-21T16:00:00+00:00","actualDeliverAt":null,"sourceModule":"MOD-0141","sourceType":"SALES_ORDER","warehouseReferenceId":"wh-01","shipToReference":"CUST-100/ADDR-2","lines":[{"lineNumber":"1","itemId":"b1f2c3d4-0000-0000-0000-000000000001","skuId":"c3d4e5f6-0000-0000-0000-000000000002","quantity":"30.000","uomId":"EA","inventoryReferenceId":"rsv-4001"}],"pod":null,"contractVersion":"v1"}
POST /a8fb6624-8ccc-41f5-899f-cadbd8f3d00b/transition =&gt; 422 {"error":{"code":"INVALID_SHIPMENT_TRANSITION","message":"INVALID_SHIPMENT_TRANSITION","correlationId":"eef6a69b-5460-44a5-80db-6321336813fc"},"contractVersion":"v1"}
GET /a8fb6624-8ccc-41f5-899f-cadbd8f3d00b =&gt; 200 {"shipmentId":"a8fb6624-8ccc-41f5-899f-cadbd8f3d00b","shipmentNumber":"SHP-a8fb66248ccc41f5899fcadbd8f3d00b","sourceDocumentId":"SO-900","status":"Dispatched","carrierId":null,"loadId":null,"plannedShipAt":"2026-09-20T08:00:00+00:00","plannedDeliverAt":"2026-09-21T16:00:00+00:00","actualDeliverAt":null,"sourceModule":"MOD-0141","sourceType":"SALES_ORDER","warehouseReferenceId":"wh-01","shipToReference":"CUST-100/ADDR-2","lines":[{"lineNumber":"1","itemId":"b1f2c3d4-0000-0000-0000-000000000001","skuId":"c3d4e5f6-0000-0000-0000-000000000002","quantity":"30.000","uomId":"EA","inventoryReferenceId":"rsv-4001"}],"pod":null,"contractVersion":"v1"}
POST /a8fb6624-8ccc-41f5-899f-cadbd8f3d00b/transition =&gt; 422 {"error":{"code":"INVALID_SHIPMENT_TRANSITION","message":"INVALID_SHIPMENT_TRANSITION","correlationId":"eef6a69b-5460-44a5-80db-6321336813fc"},"contractVersion":"v1"}
GET /a8fb6624-8ccc-41f5-899f-cadbd8f3d00b =&gt; 200 {"shipmentId":"a8fb6624-8ccc-41f5-899f-cadbd8f3d00b","shipmentNumber":"SHP-a8fb66248ccc41f5899fcadbd8f3d00b","sourceDocumentId":"SO-900","status":"InTransit","carrierId":null,"loadId":null,"plannedShipAt":"2026-09-20T08:00:00+00:00","plannedDeliverAt":"2026-09-21T16:00:00+00:00","actualDeliverAt":null,"sourceModule":"MOD-0141","sourceType":"SALES_ORDER","warehouseReferenceId":"wh-01","shipToReference":"CUST-100/ADDR-2","lines":[{"lineNumber":"1","itemId":"b1f2c3d4-0000-0000-0000-000000000001","skuId":"c3d4e5f6-0000-0000-0000-000000000002","quantity":"30.000","uomId":"EA","inventoryReferenceId":"rsv-4001"}],"pod":null,"contractVersion":"v1"}
POST /a8fb6624-8ccc-41f5-899f-cadbd8f3d00b/transition =&gt; 422 {"error":{"code":"INVALID_SHIPMENT_TRANSITION","message":"INVALID_SHIPMENT_TRANSITION","correlationId":"eef6a69b-5460-44a5-80db-6321336813fc"},"contractVersion":"v1"}
GET /a8fb6624-8ccc-41f5-899f-cadbd8f3d00b =&gt; 200 {"shipmentId":"a8fb6624-8ccc-41f5-899f-cadbd8f3d00b","shipmentNumber":"SHP-a8fb66248ccc41f5899fcadbd8f3d00b","sourceDocumentId":"SO-900","status":"InTransit","carrierId":null,"loadId":null,"plannedShipAt":"2026-09-20T08:00:00+00:00","plannedDeliverAt":"2026-09-21T16:00:00+00:00","actualDeliverAt":null,"sourceModule":"MOD-0141","sourceType":"SALES_ORDER","warehouseReferenceId":"wh-01","shipToReference":"CUST-100/ADDR-2","lines":[{"lineNumber":"1","itemId":"b1f2c3d4-0000-0000-0000-000000000001","skuId":"c3d4e5f6-0000-0000-0000-000000000002","quantity":"30.000","uomId":"EA","inventoryReferenceId":"rsv-4001"}],"pod":null,"contractVersion":"v1"}
POST /a8fb6624-8ccc-41f5-899f-cadbd8f3d00b/transition =&gt; 422 {"error":{"code":"INVALID_SHIPMENT_TRANSITION","message":"INVALID_SHIPMENT_TRANSITION","correlationId":"eef6a69b-5460-44a5-80db-6321336813fc"},"contractVersion":"v1"}
GET /a8fb6624-8ccc-41f5-899f-cadbd8f3d00b =&gt; 200 {"shipmentId":"a8fb6624-8ccc-41f5-899f-cadbd8f3d00b","shipmentNumber":"SHP-a8fb66248ccc41f5899fcadbd8f3d00b","sourceDocumentId":"SO-900","status":"InTransit","carrierId":null,"loadId":null,"plannedShipAt":"2026-09-20T08:00:00+00:00","plannedDeliverAt":"2026-09-21T16:00:00+00:00","actualDeliverAt":null,"sourceModule":"MOD-0141","sourceType":"SALES_ORDER","warehouseReferenceId":"wh-01","shipToReference":"CUST-100/ADDR-2","lines":[{"lineNumber":"1","itemId":"b1f2c3d4-0000-0000-0000-000000000001","skuId":"c3d4e5f6-0000-0000-0000-000000000002","quantity":"30.000","uomId":"EA","inventoryReferenceId":"rsv-4001"}],"pod":null,"contractVersion":"v1"}
POST /a8fb6624-8ccc-41f5-899f-cadbd8f3d00b/transition =&gt; 422 {"error":{"code":"INVALID_SHIPMENT_TRANSITION","message":"INVALID_SHIPMENT_TRANSITION","correlationId":"eef6a69b-5460-44a5-80db-6321336813fc"},"contractVersion":"v1"}
GET /a8fb6624-8ccc-41f5-899f-cadbd8f3d00b =&gt; 200 {"shipmentId":"a8fb6624-8ccc-41f5-899f-cadbd8f3d00b","shipmentNumber":"SHP-a8fb66248ccc41f5899fcadbd8f3d00b","sourceDocumentId":"SO-900","status":"InTransit","carrierId":null,"loadId":null,"plannedShipAt":"2026-09-20T08:00:00+00:00","plannedDeliverAt":"2026-09-21T16:00:00+00:00","actualDeliverAt":null,"sourceModule":"MOD-0141","sourceType":"SALES_ORDER","warehouseReferenceId":"wh-01","shipToReference":"CUST-100/ADDR-2","lines":[{"lineNumber":"1","itemId":"b1f2c3d4-0000-0000-0000-000000000001","skuId":"c3d4e5f6-0000-0000-0000-000000000002","quantity":"30.000","uomId":"EA","inventoryReferenceId":"rsv-4001"}],"pod":null,"contractVersion":"v1"}
POST /a8fb6624-8ccc-41f5-899f-cadbd8f3d00b/transition =&gt; 422 {"error":{"code":"INVALID_SHIPMENT_TRANSITION","message":"INVALID_SHIPMENT_TRANSITION","correlationId":"eef6a69b-5460-44a5-80db-6321336813fc"},"contractVersion":"v1"}
GET /a8fb6624-8ccc-41f5-899f-cadbd8f3d00b =&gt; 200 {"shipmentId":"a8fb6624-8ccc-41f5-899f-cadbd8f3d00b","shipmentNumber":"SHP-a8fb66248ccc41f5899fcadbd8f3d00b","sourceDocumentId":"SO-900","status":"InTransit","carrierId":null,"loadId":null,"plannedShipAt":"2026-09-20T08:00:00+00:00","plannedDeliverAt":"2026-09-21T16:00:00+00:00","actualDeliverAt":null,"sourceModule":"MOD-0141","sourceType":"SALES_ORDER","warehouseReferenceId":"wh-01","shipToReference":"CUST-100/ADDR-2","lines":[{"lineNumber":"1","itemId":"b1f2c3d4-0000-0000-0000-000000000001","skuId":"c3d4e5f6-0000-0000-0000-000000000002","quantity":"30.000","uomId":"EA","inventoryReferenceId":"rsv-4001"}],"pod":null,"contractVersion":"v1"}
POST /a8fb6624-8ccc-41f5-899f-cadbd8f3d00b/transition =&gt; 422 {"error":{"code":"INVALID_SHIPMENT_TRANSITION","message":"INVALID_SHIPMENT_TRANSITION","correlationId":"eef6a69b-5460-44a5-80db-6321336813fc"},"contractVersion":"v1"}
GET /a8fb6624-8ccc-41f5-899f-cadbd8f3d00b =&gt; 200 {"shipmentId":"a8fb6624-8ccc-41f5-899f-cadbd8f3d00b","shipmentNumber":"SHP-a8fb66248ccc41f5899fcadbd8f3d00b","sourceDocumentId":"SO-900","status":"InTransit","carrierId":null,"loadId":null,"plannedShipAt":"2026-09-20T08:00:00+00:00","plannedDeliverAt":"2026-09-21T16:00:00+00:00","actualDeliverAt":null,"sourceModule":"MOD-0141","sourceType":"SALES_ORDER","warehouseReferenceId":"wh-01","shipToReference":"CUST-100/ADDR-2","lines":[{"lineNumber":"1","itemId":"b1f2c3d4-0000-0000-0000-000000000001","skuId":"c3d4e5f6-0000-0000-0000-000000000002","quantity":"30.000","uomId":"EA","inventoryReferenceId":"rsv-4001"}],"pod":null,"contractVersion":"v1"}
POST /a8fb6624-8ccc-41f5-899f-cadbd8f3d00b/transition =&gt; 422 {"error":{"code":"INVALID_SHIPMENT_TRANSITION","message":"INVALID_SHIPMENT_TRANSITION","correlationId":"eef6a69b-5460-44a5-80db-6321336813fc"},"contractVersion":"v1"}
GET /a8fb6624-8ccc-41f5-899f-cadbd8f3d00b =&gt; 200 {"shipmentId":"a8fb6624-8ccc-41f5-899f-cadbd8f3d00b","shipmentNumber":"SHP-a8fb66248ccc41f5899fcadbd8f3d00b","sourceDocumentId":"SO-900","status":"Delivered","carrierId":null,"loadId":null,"plannedShipAt":"2026-09-20T08:00:00+00:00","plannedDeliverAt":"2026-09-21T16:00:00+00:00","actualDeliverAt":null,"sourceModule":"MOD-0141","sourceType":"SALES_ORDER","warehouseReferenceId":"wh-01","shipToReference":"CUST-100/ADDR-2","lines":[{"lineNumber":"1","itemId":"b1f2c3d4-0000-0000-0000-000000000001","skuId":"c3d4e5f6-0000-0000-0000-000000000002","quantity":"30.000","uomId":"EA","inventoryReferenceId":"rsv-4001"}],"pod":null,"contractVersion":"v1"}
POST /a8fb6624-8ccc-41f5-899f-cadbd8f3d00b/transition =&gt; 422 {"error":{"code":"INVALID_SHIPMENT_TRANSITION","message":"INVALID_SHIPMENT_TRANSITION","correlationId":"eef6a69b-5460-44a5-80db-6321336813fc"},"contractVersion":"v1"}
GET /a8fb6624-8ccc-41f5-899f-cadbd8f3d00b =&gt; 200 {"shipmentId":"a8fb6624-8ccc-41f5-899f-cadbd8f3d00b","shipmentNumber":"SHP-a8fb66248ccc41f5899fcadbd8f3d00b","sourceDocumentId":"SO-900","status":"Delivered","carrierId":null,"loadId":null,"plannedShipAt":"2026-09-20T08:00:00+00:00","plannedDeliverAt":"2026-09-21T16:00:00+00:00","actualDeliverAt":null,"sourceModule":"MOD-0141","sourceType":"SALES_ORDER","warehouseReferenceId":"wh-01","shipToReference":"CUST-100/ADDR-2","lines":[{"lineNumber":"1","itemId":"b1f2c3d4-0000-0000-0000-000000000001","skuId":"c3d4e5f6-0000-0000-0000-000000000002","quantity":"30.000","uomId":"EA","inventoryReferenceId":"rsv-4001"}],"pod":null,"contractVersion":"v1"}
POST /a8fb6624-8ccc-41f5-899f-cadbd8f3d00b/transition =&gt; 422 {"error":{"code":"INVALID_SHIPMENT_TRANSITION","message":"INVALID_SHIPMENT_TRANSITION","correlationId":"eef6a69b-5460-44a5-80db-6321336813fc"},"contractVersion":"v1"}
GET /a8fb6624-8ccc-41f5-899f-cadbd8f3d00b =&gt; 200 {"shipmentId":"a8fb6624-8ccc-41f5-899f-cadbd8f3d00b","shipmentNumber":"SHP-a8fb66248ccc41f5899fcadbd8f3d00b","sourceDocumentId":"SO-900","status":"Delivered","carrierId":null,"loadId":null,"plannedShipAt":"2026-09-20T08:00:00+00:00","plannedDeliverAt":"2026-09-21T16:00:00+00:00","actualDeliverAt":null,"sourceModule":"MOD-0141","sourceType":"SALES_ORDER","warehouseReferenceId":"wh-01","shipToReference":"CUST-100/ADDR-2","lines":[{"lineNumber":"1","itemId":"b1f2c3d4-0000-0000-0000-000000000001","skuId":"c3d4e5f6-0000-0000-0000-000000000002","quantity":"30.000","uomId":"EA","inventoryReferenceId":"rsv-4001"}],"pod":null,"contractVersion":"v1"}
POST /a8fb6624-8ccc-41f5-899f-cadbd8f3d00b/transition =&gt; 422 {"error":{"code":"INVALID_SHIPMENT_TRANSITION","message":"INVALID_SHIPMENT_TRANSITION","correlationId":"eef6a69b-5460-44a5-80db-6321336813fc"},"contractVersion":"v1"}
GET /a8fb6624-8ccc-41f5-899f-cadbd8f3d00b =&gt; 200 {"shipmentId":"a8fb6624-8ccc-41f5-899f-cadbd8f3d00b","shipmentNumber":"SHP-a8fb66248ccc41f5899fcadbd8f3d00b","sourceDocumentId":"SO-900","status":"Delivered","carrierId":null,"loadId":null,"plannedShipAt":"2026-09-20T08:00:00+00:00","plannedDeliverAt":"2026-09-21T16:00:00+00:00","actualDeliverAt":null,"sourceModule":"MOD-0141","sourceType":"SALES_ORDER","warehouseReferenceId":"wh-01","shipToReference":"CUST-100/ADDR-2","lines":[{"lineNumber":"1","itemId":"b1f2c3d4-0000-0000-0000-000000000001","skuId":"c3d4e5f6-0000-0000-0000-000000000002","quantity":"30.000","uomId":"EA","inventoryReferenceId":"rsv-4001"}],"pod":null,"contractVersion":"v1"}
POST /a8fb6624-8ccc-41f5-899f-cadbd8f3d00b/transition =&gt; 422 {"error":{"code":"INVALID_SHIPMENT_TRANSITION","message":"INVALID_SHIPMENT_TRANSITION","correlationId":"eef6a69b-5460-44a5-80db-6321336813fc"},"contractVersion":"v1"}
GET /a8fb6624-8ccc-41f5-899f-cadbd8f3d00b =&gt; 200 {"shipmentId":"a8fb6624-8ccc-41f5-899f-cadbd8f3d00b","shipmentNumber":"SHP-a8fb66248ccc41f5899fcadbd8f3d00b","sourceDocumentId":"SO-900","status":"Delivered","carrierId":null,"loadId":null,"plannedShipAt":"2026-09-20T08:00:00+00:00","plannedDeliverAt":"2026-09-21T16:00:00+00:00","actualDeliverAt":null,"sourceModule":"MOD-0141","sourceType":"SALES_ORDER","warehouseReferenceId":"wh-01","shipToReference":"CUST-100/ADDR-2","lines":[{"lineNumber":"1","itemId":"b1f2c3d4-0000-0000-0000-000000000001","skuId":"c3d4e5f6-0000-0000-0000-000000000002","quantity":"30.000","uomId":"EA","inventoryReferenceId":"rsv-4001"}],"pod":null,"contractVersion":"v1"}
POST /a8fb6624-8ccc-41f5-899f-cadbd8f3d00b/transition =&gt; 422 {"error":{"code":"INVALID_SHIPMENT_TRANSITION","message":"INVALID_SHIPMENT_TRANSITION","correlationId":"eef6a69b-5460-44a5-80db-6321336813fc"},"contractVersion":"v1"}
GET /a8fb6624-8ccc-41f5-899f-cadbd8f3d00b =&gt; 200 {"shipmentId":"a8fb6624-8ccc-41f5-899f-cadbd8f3d00b","shipmentNumber":"SHP-a8fb66248ccc41f5899fcadbd8f3d00b","sourceDocumentId":"SO-900","status":"Delivered","carrierId":null,"loadId":null,"plannedShipAt":"2026-09-20T08:00:00+00:00","plannedDeliverAt":"2026-09-21T16:00:00+00:00","actualDeliverAt":null,"sourceModule":"MOD-0141","sourceType":"SALES_ORDER","warehouseReferenceId":"wh-01","shipToReference":"CUST-100/ADDR-2","lines":[{"lineNumber":"1","itemId":"b1f2c3d4-0000-0000-0000-000000000001","skuId":"c3d4e5f6-0000-0000-0000-000000000002","quantity":"30.000","uomId":"EA","inventoryReferenceId":"rsv-4001"}],"pod":null,"contractVersion":"v1"}
POST /a8fb6624-8ccc-41f5-899f-cadbd8f3d00b/transition =&gt; 422 {"error":{"code":"INVALID_SHIPMENT_TRANSITION","message":"INVALID_SHIPMENT_TRANSITION","correlationId":"eef6a69b-5460-44a5-80db-6321336813fc"},"contractVersion":"v1"}
GET /a8fb6624-8ccc-41f5-899f-cadbd8f3d00b =&gt; 200 {"shipmentId":"a8fb6624-8ccc-41f5-899f-cadbd8f3d00b","shipmentNumber":"SHP-a8fb66248ccc41f5899fcadbd8f3d00b","sourceDocumentId":"SO-900","status":"Delivered","carrierId":null,"loadId":null,"plannedShipAt":"2026-09-20T08:00:00+00:00","plannedDeliverAt":"2026-09-21T16:00:00+00:00","actualDeliverAt":null,"sourceModule":"MOD-0141","sourceType":"SALES_ORDER","warehouseReferenceId":"wh-01","shipToReference":"CUST-100/ADDR-2","lines":[{"lineNumber":"1","itemId":"b1f2c3d4-0000-0000-0000-000000000001","skuId":"c3d4e5f6-0000-0000-0000-000000000002","quantity":"30.000","uomId":"EA","inventoryReferenceId":"rsv-4001"}],"pod":null,"contractVersion":"v1"}
POST /a8fb6624-8ccc-41f5-899f-cadbd8f3d00b/transition =&gt; 422 {"error":{"code":"INVALID_SHIPMENT_TRANSITION","message":"INVALID_SHIPMENT_TRANSITION","correlationId":"eef6a69b-5460-44a5-80db-6321336813fc"},"contractVersion":"v1"}
GET /a8fb6624-8ccc-41f5-899f-cadbd8f3d00b =&gt; 200 {"shipmentId":"a8fb6624-8ccc-41f5-899f-cadbd8f3d00b","shipmentNumber":"SHP-a8fb66248ccc41f5899fcadbd8f3d00b","sourceDocumentId":"SO-900","status":"Exception","carrierId":null,"loadId":null,"plannedShipAt":"2026-09-20T08:00:00+00:00","plannedDeliverAt":"2026-09-21T16:00:00+00:00","actualDeliverAt":null,"sourceModule":"MOD-0141","sourceType":"SALES_ORDER","warehouseReferenceId":"wh-01","shipToReference":"CUST-100/ADDR-2","lines":[{"lineNumber":"1","itemId":"b1f2c3d4-0000-0000-0000-000000000001","skuId":"c3d4e5f6-0000-0000-0000-000000000002","quantity":"30.000","uomId":"EA","inventoryReferenceId":"rsv-4001"}],"pod":null,"contractVersion":"v1"}
POST /a8fb6624-8ccc-41f5-899f-cadbd8f3d00b/transition =&gt; 422 {"error":{"code":"INVALID_SHIPMENT_TRANSITION","message":"INVALID_SHIPMENT_TRANSITION","correlationId":"eef6a69b-5460-44a5-80db-6321336813fc"},"contractVersion":"v1"}
GET /a8fb6624-8ccc-41f5-899f-cadbd8f3d00b =&gt; 200 {"shipmentId":"a8fb6624-8ccc-41f5-899f-cadbd8f3d00b","shipmentNumber":"SHP-a8fb66248ccc41f5899fcadbd8f3d00b","sourceDocumentId":"SO-900","status":"Exception","carrierId":null,"loadId":null,"plannedShipAt":"2026-09-20T08:00:00+00:00","plannedDeliverAt":"2026-09-21T16:00:00+00:00","actualDeliverAt":null,"sourceModule":"MOD-0141","sourceType":"SALES_ORDER","warehouseReferenceId":"wh-01","shipToReference":"CUST-100/ADDR-2","lines":[{"lineNumber":"1","itemId":"b1f2c3d4-0000-0000-0000-000000000001","skuId":"c3d4e5f6-0000-0000-0000-000000000002","quantity":"30.000","uomId":"EA","inventoryReferenceId":"rsv-4001"}],"pod":null,"contractVersion":"v1"}
POST /a8fb6624-8ccc-41f5-899f-cadbd8f3d00b/transition =&gt; 422 {"error":{"code":"INVALID_SHIPMENT_TRANSITION","message":"INVALID_SHIPMENT_TRANSITION","correlationId":"eef6a69b-5460-44a5-80db-6321336813fc"},"contractVersion":"v1"}
GET /a8fb6624-8ccc-41f5-899f-cadbd8f3d00b =&gt; 200 {"shipmentId":"a8fb6624-8ccc-41f5-899f-cadbd8f3d00b","shipmentNumber":"SHP-a8fb66248ccc41f5899fcadbd8f3d00b","sourceDocumentId":"SO-900","status":"Exception","carrierId":null,"loadId":null,"plannedShipAt":"2026-09-20T08:00:00+00:00","plannedDeliverAt":"2026-09-21T16:00:00+00:00","actualDeliverAt":null,"sourceModule":"MOD-0141","sourceType":"SALES_ORDER","warehouseReferenceId":"wh-01","shipToReference":"CUST-100/ADDR-2","lines":[{"lineNumber":"1","itemId":"b1f2c3d4-0000-0000-0000-000000000001","skuId":"c3d4e5f6-0000-0000-0000-000000000002","quantity":"30.000","uomId":"EA","inventoryReferenceId":"rsv-4001"}],"pod":null,"contractVersion":"v1"}
POST /a8fb6624-8ccc-41f5-899f-cadbd8f3d00b/transition =&gt; 422 {"error":{"code":"INVALID_SHIPMENT_TRANSITION","message":"INVALID_SHIPMENT_TRANSITION","correlationId":"eef6a69b-5460-44a5-80db-6321336813fc"},"contractVersion":"v1"}
GET /a8fb6624-8ccc-41f5-899f-cadbd8f3d00b =&gt; 200 {"shipmentId":"a8fb6624-8ccc-41f5-899f-cadbd8f3d00b","shipmentNumber":"SHP-a8fb66248ccc41f5899fcadbd8f3d00b","sourceDocumentId":"SO-900","status":"Exception","carrierId":null,"loadId":null,"plannedShipAt":"2026-09-20T08:00:00+00:00","plannedDeliverAt":"2026-09-21T16:00:00+00:00","actualDeliverAt":null,"sourceModule":"MOD-0141","sourceType":"SALES_ORDER","warehouseReferenceId":"wh-01","shipToReference":"CUST-100/ADDR-2","lines":[{"lineNumber":"1","itemId":"b1f2c3d4-0000-0000-0000-000000000001","skuId":"c3d4e5f6-0000-0000-0000-000000000002","quantity":"30.000","uomId":"EA","inventoryReferenceId":"rsv-4001"}],"pod":null,"contractVersion":"v1"}
POST /a8fb6624-8ccc-41f5-899f-cadbd8f3d00b/transition =&gt; 422 {"error":{"code":"INVALID_SHIPMENT_TRANSITION","message":"INVALID_SHIPMENT_TRANSITION","correlationId":"eef6a69b-5460-44a5-80db-6321336813fc"},"contractVersion":"v1"}
GET /a8fb6624-8ccc-41f5-899f-cadbd8f3d00b =&gt; 200 {"shipmentId":"a8fb6624-8ccc-41f5-899f-cadbd8f3d00b","shipmentNumber":"SHP-a8fb66248ccc41f5899fcadbd8f3d00b","sourceDocumentId":"SO-900","status":"Exception","carrierId":null,"loadId":null,"plannedShipAt":"2026-09-20T08:00:00+00:00","plannedDeliverAt":"2026-09-21T16:00:00+00:00","actualDeliverAt":null,"sourceModule":"MOD-0141","sourceType":"SALES_ORDER","warehouseReferenceId":"wh-01","shipToReference":"CUST-100/ADDR-2","lines":[{"lineNumber":"1","itemId":"b1f2c3d4-0000-0000-0000-000000000001","skuId":"c3d4e5f6-0000-0000-0000-000000000002","quantity":"30.000","uomId":"EA","inventoryReferenceId":"rsv-4001"}],"pod":null,"contractVersion":"v1"}
POST /a8fb6624-8ccc-41f5-899f-cadbd8f3d00b/transition =&gt; 422 {"error":{"code":"INVALID_SHIPMENT_TRANSITION","message":"INVALID_SHIPMENT_TRANSITION","correlationId":"eef6a69b-5460-44a5-80db-6321336813fc"},"contractVersion":"v1"}
GET /a8fb6624-8ccc-41f5-899f-cadbd8f3d00b =&gt; 200 {"shipmentId":"a8fb6624-8ccc-41f5-899f-cadbd8f3d00b","shipmentNumber":"SHP-a8fb66248ccc41f5899fcadbd8f3d00b","sourceDocumentId":"SO-900","status":"Exception","carrierId":null,"loadId":null,"plannedShipAt":"2026-09-20T08:00:00+00:00","plannedDeliverAt":"2026-09-21T16:00:00+00:00","actualDeliverAt":null,"sourceModule":"MOD-0141","sourceType":"SALES_ORDER","warehouseReferenceId":"wh-01","shipToReference":"CUST-100/ADDR-2","lines":[{"lineNumber":"1","itemId":"b1f2c3d4-0000-0000-0000-000000000001","skuId":"c3d4e5f6-0000-0000-0000-000000000002","quantity":"30.000","uomId":"EA","inventoryReferenceId":"rsv-4001"}],"pod":null,"contractVersion":"v1"}
POST /a8fb6624-8ccc-41f5-899f-cadbd8f3d00b/transition =&gt; 422 {"error":{"code":"INVALID_SHIPMENT_TRANSITION","message":"INVALID_SHIPMENT_TRANSITION","correlationId":"eef6a69b-5460-44a5-80db-6321336813fc"},"contractVersion":"v1"}
GET /a8fb6624-8ccc-41f5-899f-cadbd8f3d00b =&gt; 200 {"shipmentId":"a8fb6624-8ccc-41f5-899f-cadbd8f3d00b","shipmentNumber":"SHP-a8fb66248ccc41f5899fcadbd8f3d00b","sourceDocumentId":"SO-900","status":"Closed","carrierId":null,"loadId":null,"plannedShipAt":"2026-09-20T08:00:00+00:00","plannedDeliverAt":"2026-09-21T16:00:00+00:00","actualDeliverAt":null,"sourceModule":"MOD-0141","sourceType":"SALES_ORDER","warehouseReferenceId":"wh-01","shipToReference":"CUST-100/ADDR-2","lines":[{"lineNumber":"1","itemId":"b1f2c3d4-0000-0000-0000-000000000001","skuId":"c3d4e5f6-0000-0000-0000-000000000002","quantity":"30.000","uomId":"EA","inventoryReferenceId":"rsv-4001"}],"pod":null,"contractVersion":"v1"}
POST /a8fb6624-8ccc-41f5-899f-cadbd8f3d00b/transition =&gt; 422 {"error":{"code":"INVALID_SHIPMENT_TRANSITION","message":"INVALID_SHIPMENT_TRANSITION","correlationId":"eef6a69b-5460-44a5-80db-6321336813fc"},"contractVersion":"v1"}
GET /a8fb6624-8ccc-41f5-899f-cadbd8f3d00b =&gt; 200 {"shipmentId":"a8fb6624-8ccc-41f5-899f-cadbd8f3d00b","shipmentNumber":"SHP-a8fb66248ccc41f5899fcadbd8f3d00b","sourceDocumentId":"SO-900","status":"Closed","carrierId":null,"loadId":null,"plannedShipAt":"2026-09-20T08:00:00+00:00","plannedDeliverAt":"2026-09-21T16:00:00+00:00","actualDeliverAt":null,"sourceModule":"MOD-0141","sourceType":"SALES_ORDER","warehouseReferenceId":"wh-01","shipToReference":"CUST-100/ADDR-2","lines":[{"lineNumber":"1","itemId":"b1f2c3d4-0000-0000-0000-000000000001","skuId":"c3d4e5f6-0000-0000-0000-000000000002","quantity":"30.000","uomId":"EA","inventoryReferenceId":"rsv-4001"}],"pod":null,"contractVersion":"v1"}
POST /a8fb6624-8ccc-41f5-899f-cadbd8f3d00b/transition =&gt; 422 {"error":{"code":"INVALID_SHIPMENT_TRANSITION","message":"INVALID_SHIPMENT_TRANSITION","correlationId":"eef6a69b-5460-44a5-80db-6321336813fc"},"contractVersion":"v1"}
GET /a8fb6624-8ccc-41f5-899f-cadbd8f3d00b =&gt; 200 {"shipmentId":"a8fb6624-8ccc-41f5-899f-cadbd8f3d00b","shipmentNumber":"SHP-a8fb66248ccc41f5899fcadbd8f3d00b","sourceDocumentId":"SO-900","status":"Closed","carrierId":null,"loadId":null,"plannedShipAt":"2026-09-20T08:00:00+00:00","plannedDeliverAt":"2026-09-21T16:00:00+00:00","actualDeliverAt":null,"sourceModule":"MOD-0141","sourceType":"SALES_ORDER","warehouseReferenceId":"wh-01","shipToReference":"CUST-100/ADDR-2","lines":[{"lineNumber":"1","itemId":"b1f2c3d4-0000-0000-0000-000000000001","skuId":"c3d4e5f6-0000-0000-0000-000000000002","quantity":"30.000","uomId":"EA","inventoryReferenceId":"rsv-4001"}],"pod":null,"contractVersion":"v1"}
POST /a8fb6624-8ccc-41f5-899f-cadbd8f3d00b/transition =&gt; 422 {"error":{"code":"INVALID_SHIPMENT_TRANSITION","message":"INVALID_SHIPMENT_TRANSITION","correlationId":"eef6a69b-5460-44a5-80db-6321336813fc"},"contractVersion":"v1"}
GET /a8fb6624-8ccc-41f5-899f-cadbd8f3d00b =&gt; 200 {"shipmentId":"a8fb6624-8ccc-41f5-899f-cadbd8f3d00b","shipmentNumber":"SHP-a8fb66248ccc41f5899fcadbd8f3d00b","sourceDocumentId":"SO-900","status":"Closed","carrierId":null,"loadId":null,"plannedShipAt":"2026-09-20T08:00:00+00:00","plannedDeliverAt":"2026-09-21T16:00:00+00:00","actualDeliverAt":null,"sourceModule":"MOD-0141","sourceType":"SALES_ORDER","warehouseReferenceId":"wh-01","shipToReference":"CUST-100/ADDR-2","lines":[{"lineNumber":"1","itemId":"b1f2c3d4-0000-0000-0000-000000000001","skuId":"c3d4e5f6-0000-0000-0000-000000000002","quantity":"30.000","uomId":"EA","inventoryReferenceId":"rsv-4001"}],"pod":null,"contractVersion":"v1"}
POST /a8fb6624-8ccc-41f5-899f-cadbd8f3d00b/transition =&gt; 422 {"error":{"code":"INVALID_SHIPMENT_TRANSITION","message":"INVALID_SHIPMENT_TRANSITION","correlationId":"eef6a69b-5460-44a5-80db-6321336813fc"},"contractVersion":"v1"}
GET /a8fb6624-8ccc-41f5-899f-cadbd8f3d00b =&gt; 200 {"shipmentId":"a8fb6624-8ccc-41f5-899f-cadbd8f3d00b","shipmentNumber":"SHP-a8fb66248ccc41f5899fcadbd8f3d00b","sourceDocumentId":"SO-900","status":"Closed","carrierId":null,"loadId":null,"plannedShipAt":"2026-09-20T08:00:00+00:00","plannedDeliverAt":"2026-09-21T16:00:00+00:00","actualDeliverAt":null,"sourceModule":"MOD-0141","sourceType":"SALES_ORDER","warehouseReferenceId":"wh-01","shipToReference":"CUST-100/ADDR-2","lines":[{"lineNumber":"1","itemId":"b1f2c3d4-0000-0000-0000-000000000001","skuId":"c3d4e5f6-0000-0000-0000-000000000002","quantity":"30.000","uomId":"EA","inventoryReferenceId":"rsv-4001"}],"pod":null,"contractVersion":"v1"}
POST /a8fb6624-8ccc-41f5-899f-cadbd8f3d00b/transition =&gt; 422 {"error":{"code":"INVALID_SHIPMENT_TRANSITION","message":"INVALID_SHIPMENT_TRANSITION","correlationId":"eef6a69b-5460-44a5-80db-6321336813fc"},"contractVersion":"v1"}
GET /a8fb6624-8ccc-41f5-899f-cadbd8f3d00b =&gt; 200 {"shipmentId":"a8fb6624-8ccc-41f5-899f-cadbd8f3d00b","shipmentNumber":"SHP-a8fb66248ccc41f5899fcadbd8f3d00b","sourceDocumentId":"SO-900","status":"Closed","carrierId":null,"loadId":null,"plannedShipAt":"2026-09-20T08:00:00+00:00","plannedDeliverAt":"2026-09-21T16:00:00+00:00","actualDeliverAt":null,"sourceModule":"MOD-0141","sourceType":"SALES_ORDER","warehouseReferenceId":"wh-01","shipToReference":"CUST-100/ADDR-2","lines":[{"lineNumber":"1","itemId":"b1f2c3d4-0000-0000-0000-000000000001","skuId":"c3d4e5f6-0000-0000-0000-000000000002","quantity":"30.000","uomId":"EA","inventoryReferenceId":"rsv-4001"}],"pod":null,"contractVersion":"v1"}
POST /a8fb6624-8ccc-41f5-899f-cadbd8f3d00b/transition =&gt; 422 {"error":{"code":"INVALID_SHIPMENT_TRANSITION","message":"INVALID_SHIPMENT_TRANSITION","correlationId":"eef6a69b-5460-44a5-80db-6321336813fc"},"contractVersion":"v1"}
GET /a8fb6624-8ccc-41f5-899f-cadbd8f3d00b =&gt; 200 {"shipmentId":"a8fb6624-8ccc-41f5-899f-cadbd8f3d00b","shipmentNumber":"SHP-a8fb66248ccc41f5899fcadbd8f3d00b","sourceDocumentId":"SO-900","status":"Closed","carrierId":null,"loadId":null,"plannedShipAt":"2026-09-20T08:00:00+00:00","plannedDeliverAt":"2026-09-21T16:00:00+00:00","actualDeliverAt":null,"sourceModule":"MOD-0141","sourceType":"SALES_ORDER","warehouseReferenceId":"wh-01","shipToReference":"CUST-100/ADDR-2","lines":[{"lineNumber":"1","itemId":"b1f2c3d4-0000-0000-0000-000000000001","skuId":"c3d4e5f6-0000-0000-0000-000000000002","quantity":"30.000","uomId":"EA","inventoryReferenceId":"rsv-4001"}],"pod":null,"contractVersion":"v1"}
POST /a8fb6624-8ccc-41f5-899f-cadbd8f3d00b/transition =&gt; 422 {"error":{"code":"INVALID_SHIPMENT_TRANSITION","message":"INVALID_SHIPMENT_TRANSITION","correlationId":"eef6a69b-5460-44a5-80db-6321336813fc"},"contractVersion":"v1"}
GET /a8fb6624-8ccc-41f5-899f-cadbd8f3d00b =&gt; 200 {"shipmentId":"a8fb6624-8ccc-41f5-899f-cadbd8f3d00b","shipmentNumber":"SHP-a8fb66248ccc41f5899fcadbd8f3d00b","sourceDocumentId":"SO-900","status":"Closed","carrierId":null,"loadId":null,"plannedShipAt":"2026-09-20T08:00:00+00:00","plannedDeliverAt":"2026-09-21T16:00:00+00:00","actualDeliverAt":null,"sourceModule":"MOD-0141","sourceType":"SALES_ORDER","warehouseReferenceId":"wh-01","shipToReference":"CUST-100/ADDR-2","lines":[{"lineNumber":"1","itemId":"b1f2c3d4-0000-0000-0000-000000000001","skuId":"c3d4e5f6-0000-0000-0000-000000000002","quantity":"30.000","uomId":"EA","inventoryReferenceId":"rsv-4001"}],"pod":null,"contractVersion":"v1"}
POST /a8fb6624-8ccc-41f5-899f-cadbd8f3d00b/transition =&gt; 422 {"error":{"code":"INVALID_SHIPMENT_TRANSITION","message":"INVALID_SHIPMENT_TRANSITION","correlationId":"eef6a69b-5460-44a5-80db-6321336813fc"},"contractVersion":"v1"}
GET /a8fb6624-8ccc-41f5-899f-cadbd8f3d00b =&gt; 200 {"shipmentId":"a8fb6624-8ccc-41f5-899f-cadbd8f3d00b","shipmentNumber":"SHP-a8fb66248ccc41f5899fcadbd8f3d00b","sourceDocumentId":"SO-900","status":"Cancelled","carrierId":null,"loadId":null,"plannedShipAt":"2026-09-20T08:00:00+00:00","plannedDeliverAt":"2026-09-21T16:00:00+00:00","actualDeliverAt":null,"sourceModule":"MOD-0141","sourceType":"SALES_ORDER","warehouseReferenceId":"wh-01","shipToReference":"CUST-100/ADDR-2","lines":[{"lineNumber":"1","itemId":"b1f2c3d4-0000-0000-0000-000000000001","skuId":"c3d4e5f6-0000-0000-0000-000000000002","quantity":"30.000","uomId":"EA","inventoryReferenceId":"rsv-4001"}],"pod":null,"contractVersion":"v1"}
POST /a8fb6624-8ccc-41f5-899f-cadbd8f3d00b/transition =&gt; 422 {"error":{"code":"INVALID_SHIPMENT_TRANSITION","message":"INVALID_SHIPMENT_TRANSITION","correlationId":"eef6a69b-5460-44a5-80db-6321336813fc"},"contractVersion":"v1"}
GET /a8fb6624-8ccc-41f5-899f-cadbd8f3d00b =&gt; 200 {"shipmentId":"a8fb6624-8ccc-41f5-899f-cadbd8f3d00b","shipmentNumber":"SHP-a8fb66248ccc41f5899fcadbd8f3d00b","sourceDocumentId":"SO-900","status":"Cancelled","carrierId":null,"loadId":null,"plannedShipAt":"2026-09-20T08:00:00+00:00","plannedDeliverAt":"2026-09-21T16:00:00+00:00","actualDeliverAt":null,"sourceModule":"MOD-0141","sourceType":"SALES_ORDER","warehouseReferenceId":"wh-01","shipToReference":"CUST-100/ADDR-2","lines":[{"lineNumber":"1","itemId":"b1f2c3d4-0000-0000-0000-000000000001","skuId":"c3d4e5f6-0000-0000-0000-000000000002","quantity":"30.000","uomId":"EA","inventoryReferenceId":"rsv-4001"}],"pod":null,"contractVersion":"v1"}
POST /a8fb6624-8ccc-41f5-899f-cadbd8f3d00b/transition =&gt; 422 {"error":{"code":"INVALID_SHIPMENT_TRANSITION","message":"INVALID_SHIPMENT_TRANSITION","correlationId":"eef6a69b-5460-44a5-80db-6321336813fc"},"contractVersion":"v1"}
GET /a8fb6624-8ccc-41f5-899f-cadbd8f3d00b =&gt; 200 {"shipmentId":"a8fb6624-8ccc-41f5-899f-cadbd8f3d00b","shipmentNumber":"SHP-a8fb66248ccc41f5899fcadbd8f3d00b","sourceDocumentId":"SO-900","status":"Cancelled","carrierId":null,"loadId":null,"plannedShipAt":"2026-09-20T08:00:00+00:00","plannedDeliverAt":"2026-09-21T16:00:00+00:00","actualDeliverAt":null,"sourceModule":"MOD-0141","sourceType":"SALES_ORDER","warehouseReferenceId":"wh-01","shipToReference":"CUST-100/ADDR-2","lines":[{"lineNumber":"1","itemId":"b1f2c3d4-0000-0000-0000-000000000001","skuId":"c3d4e5f6-0000-0000-0000-000000000002","quantity":"30.000","uomId":"EA","inventoryReferenceId":"rsv-4001"}],"pod":null,"contractVersion":"v1"}
POST /a8fb6624-8ccc-41f5-899f-cadbd8f3d00b/transition =&gt; 422 {"error":{"code":"INVALID_SHIPMENT_TRANSITION","message":"INVALID_SHIPMENT_TRANSITION","correlationId":"eef6a69b-5460-44a5-80db-6321336813fc"},"contractVersion":"v1"}
GET /a8fb6624-8ccc-41f5-899f-cadbd8f3d00b =&gt; 200 {"shipmentId":"a8fb6624-8ccc-41f5-899f-cadbd8f3d00b","shipmentNumber":"SHP-a8fb66248ccc41f5899fcadbd8f3d00b","sourceDocumentId":"SO-900","status":"Cancelled","carrierId":null,"loadId":null,"plannedShipAt":"2026-09-20T08:00:00+00:00","plannedDeliverAt":"2026-09-21T16:00:00+00:00","actualDeliverAt":null,"sourceModule":"MOD-0141","sourceType":"SALES_ORDER","warehouseReferenceId":"wh-01","shipToReference":"CUST-100/ADDR-2","lines":[{"lineNumber":"1","itemId":"b1f2c3d4-0000-0000-0000-000000000001","skuId":"c3d4e5f6-0000-0000-0000-000000000002","quantity":"30.000","uomId":"EA","inventoryReferenceId":"rsv-4001"}],"pod":null,"contractVersion":"v1"}
POST /a8fb6624-8ccc-41f5-899f-cadbd8f3d00b/transition =&gt; 422 {"error":{"code":"INVALID_SHIPMENT_TRANSITION","message":"INVALID_SHIPMENT_TRANSITION","correlationId":"eef6a69b-5460-44a5-80db-6321336813fc"},"contractVersion":"v1"}
GET /a8fb6624-8ccc-41f5-899f-cadbd8f3d00b =&gt; 200 {"shipmentId":"a8fb6624-8ccc-41f5-899f-cadbd8f3d00b","shipmentNumber":"SHP-a8fb66248ccc41f5899fcadbd8f3d00b","sourceDocumentId":"SO-900","status":"Cancelled","carrierId":null,"loadId":null,"plannedShipAt":"2026-09-20T08:00:00+00:00","plannedDeliverAt":"2026-09-21T16:00:00+00:00","actualDeliverAt":null,"sourceModule":"MOD-0141","sourceType":"SALES_ORDER","warehouseReferenceId":"wh-01","shipToReference":"CUST-100/ADDR-2","lines":[{"lineNumber":"1","itemId":"b1f2c3d4-0000-0000-0000-000000000001","skuId":"c3d4e5f6-0000-0000-0000-000000000002","quantity":"30.000","uomId":"EA","inventoryReferenceId":"rsv-4001"}],"pod":null,"contractVersion":"v1"}
POST /a8fb6624-8ccc-41f5-899f-cadbd8f3d00b/transition =&gt; 422 {"error":{"code":"INVALID_SHIPMENT_TRANSITION","message":"INVALID_SHIPMENT_TRANSITION","correlationId":"eef6a69b-5460-44a5-80db-6321336813fc"},"contractVersion":"v1"}
[...]
[17:30:03 INF] Request starting HTTP/1.1 GET http://localhost/api/shipment-bundle/shipments/a8fb6624-8ccc-41f5-899f-cadbd8f3d00b - null null
[17:30:03 INF] Executing endpoint 'Diten.SupplyChainService.Api.Controllers.ShipmentsController.Detail (Diten.SupplyChainService.Api)'
[17:30:03 INF] Route matched with {action = "Detail", controller = "Shipments"}. Executing controller action with signature System.Threading.Tasks.Task`1[Microsoft.AspNetCore.Mvc.IActionResult] Detail(System.Guid, System.Threading.CancellationToken) on controller Diten.SupplyChainService.Api.Controllers.ShipmentsController (Diten.SupplyChainService.Api).
[17:30:03 INF] Handling GetShipmentByIdQuery
[17:30:03 INF] Executing ObjectResult, writing value of type 'System.Text.Json.Nodes.JsonObject'.
[17:30:03 INF] Executed action Diten.SupplyChainService.Api.Controllers.ShipmentsController.Detail (Diten.SupplyChainService.Api) in 2.6163ms
[17:30:03 INF] Executed endpoint 'Diten.SupplyChainService.Api.Controllers.ShipmentsController.Detail (Diten.SupplyChainService.Api)'
[17:30:03 INF] Request finished HTTP/1.1 GET http://localhost/api/shipment-bundle/shipments/a8fb6624-8ccc-41f5-899f-cadbd8f3d00b - 200 null application/json; charset=utf-8 3.3652ms
[17:30:03 INF] Request starting HTTP/1.1 POST http://localhost/api/shipment-bundle/shipments/a8fb6624-8ccc-41f5-899f-cadbd8f3d00b/transition - application/json; charset=utf-8 65
[17:30:03 INF] Executing endpoint 'Diten.SupplyChainService.Api.Controllers.ShipmentsController.Transition (Diten.SupplyChainService.Api)'
[17:30:03 INF] Route matched with {action = "Transition", controller = "Shipments"}. Executing controller action with signature System.Threading.Tasks.Task`1[Microsoft.AspNetCore.Mvc.IActionResult] Transition(System.Guid, Transition, System.Threading.CancellationToken) on controller Diten.SupplyChainService.Api.Controllers.ShipmentsController (Diten.SupplyChainService.Api).
[17:30:03 INF] Handling TransitionShipmentCommand
[17:30:03 INF] Executing ObjectResult, writing value of type '&lt;&gt;f__AnonymousType0`2[[&lt;&gt;f__AnonymousType1`3[[System.String, System.Private.CoreLib, Version=8.0.0.0, Culture=neutral, PublicKeyToken=7cec85d7bea7798e],[System.String, System.Private.CoreLib, Version=8.0.0.0, Culture=neutral, PublicKeyToken=7cec85d7bea7798e],[System.Guid, System.Private.CoreLib, Version=8.0.0.0, Culture=neutral, PublicKeyToken=7cec85d7bea7798e]], Diten.SupplyChainService.Api, Version=1.0.0.0, Culture=neutral, PublicKeyToken=null],[System.String, System.Private.CoreLib, Version=8.0.0.0, Culture=neutral, PublicKeyToken=7cec85d7bea7798e]]'.
[17:30:03 INF] Executed action Diten.SupplyChainService.Api.Controllers.ShipmentsController.Transition (Diten.SupplyChainService.Api) in 9.2043ms
[17:30:03 INF] Executed endpoint 'Diten.SupplyChainService.Api.Controllers.ShipmentsController.Transition (Diten.SupplyChainService.Api)'
[17:30:03 INF] Request finished HTTP/1.1 POST http://localhost/api/shipment-bundle/shipments/a8fb6624-8ccc-41f5-899f-cadbd8f3d00b/transition - 422 null application/json; charset=utf-8 10.0726ms
[17:30:03 INF] Request starting HTTP/1.1 GET http://localhost/api/shipment-bundle/shipments/a8fb6624-8ccc-41f5-899f-cadbd8f3d00b - null null
[17:30:03 INF] Executing endpoint 'Diten.SupplyChainService.Api.Controllers.ShipmentsController.Detail (Diten.SupplyChainService.Api)'
[17:30:03 INF] Route matched with {action = "Detail", controller = "Shipments"}. Executing controller action with signature System.Threading.Tasks.Task`1[Microsoft.AspNetCore.Mvc.IActionResult] Detail(System.Guid, System.Threading.CancellationToken) on controller Diten.SupplyChainService.Api.Controllers.ShipmentsController (Diten.SupplyChainService.Api).
[17:30:03 INF] Handling GetShipmentByIdQuery
[17:30:03 INF] Executing ObjectResult, writing value of type 'System.Text.Json.Nodes.JsonObject'.
[17:30:03 INF] Executed action Diten.SupplyChainService.Api.Controllers.ShipmentsController.Detail (Diten.SupplyChainService.Api) in 2.5086ms
[17:30:03 INF] Executed endpoint 'Diten.SupplyChainService.Api.Controllers.ShipmentsController.Detail (Diten.SupplyChainService.Api)'
[17:30:03 INF] Request finished HTTP/1.1 GET http://localhost/api/shipment-bundle/shipments/a8fb6624-8ccc-41f5-899f-cadbd8f3d00b - 200 null application/json; charset=utf-8 3.1478ms
[17:30:03 INF] Request starting HTTP/1.1 POST http://localhost/api/shipment-bundle/shipments/a8fb6624-8ccc-41f5-899f-cadbd8f3d00b/transition - application/json; charset=utf-8 64
[17:30:03 INF] Executing endpoint 'Diten.SupplyChainService.Api.Controllers.ShipmentsController.Transition (Diten.SupplyChainService.Api)'
[17:30:03 INF] Route matched with {action = "Transition", controller = "Shipments"}. Executing controller action with signature System.Threading.Tasks.Task`1[Microsoft.AspNetCore.Mvc.IActionResult] Transition(System.Guid, Transition, System.Threading.CancellationToken) on controller Diten.SupplyChainService.Api.Controllers.ShipmentsController (Diten.SupplyChainService.Api).
[17:30:03 INF] Handling TransitionShipmentCommand
[17:30:03 INF] Executing ObjectResult, writing value of type '&lt;&gt;f__AnonymousType0`2[[&lt;&gt;f__AnonymousType1`3[[System.String, System.Private.CoreLib, Version=8.0.0.0, Culture=neutral, PublicKeyToken=7cec85d7bea7798e],[System.String, System.Private.CoreLib, Version=8.0.0.0, Culture=neutral, PublicKeyToken=7cec85d7bea7798e],[System.Guid, System.Private.CoreLib, Version=8.0.0.0, Culture=neutral, PublicKeyToken=7cec85d7bea7798e]], Diten.SupplyChainService.Api, Version=1.0.0.0, Culture=neutral, PublicKeyToken=null],[System.String, System.Private.CoreLib, Version=8.0.0.0, Culture=neutral, PublicKeyToken=7cec85d7bea7798e]]'.
[17:30:03 INF] Executed action Diten.SupplyChainService.Api.Controllers.ShipmentsController.Transition (Diten.SupplyChainService.Api) in 9.4441ms
[17:30:03 INF] Executed endpoint 'Diten.SupplyChainService.Api.Controllers.ShipmentsController.Transition (Diten.SupplyChainService.Api)'
[17:30:03 INF] Request finished HTTP/1.1 POST http://localhost/api/shipment-bundle/shipments/a8fb6624-8ccc-41f5-899f-cadbd8f3d00b/transition - 422 null application/json; charset=utf-8 10.2267ms
[17:30:03 INF] Request starting HTTP/1.1 GET http://localhost/api/shipment-bundle/shipments/a8fb6624-8ccc-41f5-899f-cadbd8f3d00b - null null
[17:30:03 INF] Executing endpoint 'Diten.SupplyChainService.Api.Controllers.ShipmentsController.Detail (Diten.SupplyChainService.Api)'
[17:30:03 INF] Route matched with {action = "Detail", controller = "Shipments"}. Executing controller action with signature System.Threading.Tasks.Task`1[Microsoft.AspNetCore.Mvc.IActionResult] Detail(System.Guid, System.Threading.CancellationToken) on controller Diten.SupplyChainService.Api.Controllers.ShipmentsController (Diten.SupplyChainService.Api).
[17:30:03 INF] Handling GetShipmentByIdQuery
[17:30:03 INF] Executing ObjectResult, writing value of type 'System.Text.Json.Nodes.JsonObject'.
[17:30:03 INF] Executed action Diten.SupplyChainService.Api.Controllers.ShipmentsController.Detail (Diten.SupplyChainService.Api) in 2.7387ms
[17:30:03 INF] Executed endpoint 'Diten.SupplyChainService.Api.Controllers.ShipmentsController.Detail (Diten.SupplyChainService.Api)'
[17:30:03 INF] Request finished HTTP/1.1 GET http://localhost/api/shipment-bundle/shipments/a8fb6624-8ccc-41f5-899f-cadbd8f3d00b - 200 null application/json; charset=utf-8 3.3927ms
[17:30:03 INF] Request starting HTTP/1.1 POST http://localhost/api/shipment-bundle/shipments/a8fb6624-8ccc-41f5-899f-cadbd8f3d00b/transition - application/json; charset=utf-8 64
[17:30:03 INF] Executing endpoint 'Diten.SupplyChainService.Api.Controllers.ShipmentsController.Transition (Diten.SupplyChainService.Api)'
[17:30:03 INF] Route matched with {action = "Transition", controller = "Shipments"}. Executing controller action with signature System.Threading.Tasks.Task`1[Microsoft.AspNetCore.Mvc.IActionResult] Transition(System.Guid, Transition, System.Threading.CancellationToken) on controller Diten.SupplyChainService.Api.Controllers.ShipmentsController (Diten.SupplyChainService.Api).
[17:30:03 INF] Handling TransitionShipmentCommand
[17:30:03 INF] Executing ObjectResult, writing value of type '&lt;&gt;f__AnonymousType0`2[[&lt;&gt;f__AnonymousType1`3[[System.String, System.Private.CoreLib, Version=8.0.0.0, Culture=neutral, PublicKeyToken=7cec85d7bea7798e],[System.String, System.Private.CoreLib, Version=8.0.0.0, Culture=neutral, PublicKeyToken=7cec85d7bea7798e],[System.Guid, System.Private.CoreLib, Version=8.0.0.0, Culture=neutral, PublicKeyToken=7cec85d7bea7798e]], Diten.SupplyChainService.Api, Version=1.0.0.0, Culture=neutral, PublicKeyToken=null],[System.String, System.Private.CoreLib, Version=8.0.0.0, Culture=neutral, PublicKeyToken=7cec85d7bea7798e]]'.
[17:30:03 INF] Executed action Diten.SupplyChainService.Api.Controllers.ShipmentsController.Transition (Diten.SupplyChainService.Api) in 10.2146ms
[17:30:03 INF] Executed endpoint 'Diten.SupplyChainService.Api.Controllers.ShipmentsController.Transition (Diten.SupplyChainService.Api)'
[17:30:03 INF] Request finished HTTP/1.1 POST http://localhost/api/shipment-bundle/shipments/a8fb6624-8ccc-41f5-899f-cadbd8f3d00b/transition - 422 null application/json; charset=utf-8 12.8754ms
[17:30:03 INF] Request starting HTTP/1.1 GET http://localhost/api/shipment-bundle/shipments/a8fb6624-8ccc-41f5-899f-cadbd8f3d00b - null null
[17:30:03 INF] Executing endpoint 'Diten.SupplyChainService.Api.Controllers.ShipmentsController.Detail (Diten.SupplyChainService.Api)'
[17:30:03 INF] Route matched with {action = "Detail", controller = "Shipments"}. Executing controller action with signature System.Threading.Tasks.Task`1[Microsoft.AspNetCore.Mvc.IActionResult] Detail(System.Guid, System.Threading.CancellationToken) on controller Diten.SupplyChainService.Api.Controllers.ShipmentsController (Diten.SupplyChainService.Api).
[17:30:03 INF] Handling GetShipmentByIdQuery
[17:30:03 INF] Executing ObjectResult, writing value of type 'System.Text.Json.Nodes.JsonObject'.
[17:30:03 INF] Executed action Diten.SupplyChainService.Api.Controllers.ShipmentsController.Detail (Diten.SupplyChainService.Api) in 2.438ms
[17:30:03 INF] Executed endpoint 'Diten.SupplyChainService.Api.Controllers.ShipmentsController.Detail (Diten.SupplyChainService.Api)'
[17:30:03 INF] Request finished HTTP/1.1 GET http://localhost/api/shipment-bundle/shipments/a8fb6624-8ccc-41f5-899f-cadbd8f3d00b - 200 null application/json; charset=utf-8 3.0948ms
[17:30:03 INF] Request starting HTTP/1.1 POST http://localhost/api/shipment-bundle/shipments/a8fb6624-8ccc-41f5-899f-cadbd8f3d00b/transition - application/json; charset=utf-8 64
[17:30:03 INF] Executing endpoint 'Diten.SupplyChainService.Api.Controllers.ShipmentsController.Transition (Diten.SupplyChainService.Api)'
[17:30:03 INF] Route matched with {action = "Transition", controller = "Shipments"}. Executing controller action with signature System.Threading.Tasks.Task`1[Microsoft.AspNetCore.Mvc.IActionResult] Transition(System.Guid, Transition, System.Threading.CancellationToken) on controller Diten.SupplyChainService.Api.Controllers.ShipmentsController (Diten.SupplyChainService.Api).
[17:30:03 INF] Handling TransitionShipmentCommand
[17:30:03 INF] Executing ObjectResult, writing value of type '&lt;&gt;f__AnonymousType0`2[[&lt;&gt;f__AnonymousType1`3[[System.String, System.Private.CoreLib, Version=8.0.0.0, Culture=neutral, PublicKeyToken=7cec85d7bea7798e],[System.String, System.Private.CoreLib, Version=8.0.0.0, Culture=neutral, PublicKeyToken=7cec85d7bea7798e],[System.Guid, System.Private.CoreLib, Version=8.0.0.0, Culture=neutral, PublicKeyToken=7cec85d7bea7798e]], Diten.SupplyChainService.Api, Version=1.0.0.0, Culture=neutral, PublicKeyToken=null],[System.String, System.Private.CoreLib, Version=8.0.0.0, Culture=neutral, PublicKeyToken=7cec85d7bea7798e]]'.
[17:30:03 INF] Executed action Diten.SupplyChainService.Api.Controllers.ShipmentsController.Transition (Diten.SupplyChainService.Api) in 9.6057ms
[17:30:03 INF] Executed endpoint 'Diten.SupplyChainService.Api.Controllers.ShipmentsController.Transition (Diten.SupplyChainService.Api)'
[17:30:03 INF] Request finished HTTP/1.1 POST http://localhost/api/shipment-bundle/shipments/a8fb6624-8ccc-41f5-899f-cadbd8f3d00b/transition - 422 null application/json; charset=utf-8 10.452ms
[17:30:03 INF] Request starting HTTP/1.1 GET http://localhost/api/shipment-bundle/shipments/a8fb6624-8ccc-41f5-899f-cadbd8f3d00b - null null
[17:30:03 INF] Executing endpoint 'Diten.SupplyChainService.Api.Controllers.ShipmentsController.Detail (Diten.SupplyChainService.Api)'
[17:30:03 INF] Route matched with {action = "Detail", controller = "Shipments"}. Executing controller action with signature System.Threading.Tasks.Task`1[Microsoft.AspNetCore.Mvc.IActionResult] Detail(System.Guid, System.Threading.CancellationToken) on controller Diten.SupplyChainService.Api.Controllers.ShipmentsController (Diten.SupplyChainService.Api).
[17:30:03 INF] Handling GetShipmentByIdQuery
[17:30:03 INF] Executing ObjectResult, writing value of type 'System.Text.Json.Nodes.JsonObject'.
[17:30:03 INF] Executed action Diten.SupplyChainService.Api.Controllers.ShipmentsController.Detail (Diten.SupplyChainService.Api) in 2.4582ms
[17:30:03 INF] Executed endpoint 'Diten.SupplyChainService.Api.Controllers.ShipmentsController.Detail (Diten.SupplyChainService.Api)'
[17:30:03 INF] Request finished HTTP/1.1 GET http://localhost/api/shipment-bundle/shipments/a8fb6624-8ccc-41f5-899f-cadbd8f3d00b - 200 null application/json; charset=utf-8 3.0914ms
[17:30:03 INF] Request starting HTTP/1.1 POST http://localhost/api/shipment-bundle/shipments/a8fb6624-8ccc-41f5-899f-cadbd8f3d00b/transition - application/json; charset=utf-8 61
[17:30:03 INF] Executing endpoint 'Diten.SupplyChainService.Api.Controllers.ShipmentsController.Transition (Diten.SupplyChainService.Api)'
[17:30:03 INF] Route matched with {action = "Transition", controller = "Shipments"}. Executing controller action with signature System.Threading.Tasks.Task`1[Microsoft.AspNetCore.Mvc.IActionResult] Transition(System.Guid, Transition, System.Threading.CancellationToken) on controller Diten.SupplyChainService.Api.Controllers.ShipmentsController (Diten.SupplyChainService.Api).
[17:30:03 INF] Handling TransitionShipmentCommand
[17:30:03 INF] Executing ObjectResult, writing value of type '&lt;&gt;f__AnonymousType0`2[[&lt;&gt;f__AnonymousType1`3[[System.String, System.Private.CoreLib, Version=8.0.0.0, Culture=neutral, PublicKeyToken=7cec85d7bea7798e],[System.String, System.Private.CoreLib, Version=8.0.0.0, Culture=neutral, PublicKeyToken=7cec85d7bea7798e],[System.Guid, System.Private.CoreLib, Version=8.0.0.0, Culture=neutral, PublicKeyToken=7cec85d7bea7798e]], Diten.SupplyChainService.Api, Version=1.0.0.0, Culture=neutral, PublicKeyToken=null],[System.String, System.Private.CoreLib, Version=8.0.0.0, Culture=neutral, PublicKeyToken=7cec85d7bea7798e]]'.
[17:30:03 INF] Executed action Diten.SupplyChainService.Api.Controllers.ShipmentsController.Transition (Diten.SupplyChainService.Api) in 8.8192ms
[17:30:03 INF] Executed endpoint 'Diten.SupplyChainService.Api.Controllers.ShipmentsController.Transition (Diten.SupplyChainService.Api)'
[17:30:03 INF] Request finished HTTP/1.1 POST http://localhost/api/shipment-bundle/shipments/a8fb6624-8ccc-41f5-899f-cadbd8f3d00b/transition - 422 null application/json; charset=utf-8 9.553ms
[17:30:03 INF] Request starting HTTP/1.1 GET http://localhost/api/shipment-bundle/shipments/a8fb6624-8ccc-41f5-899f-cadbd8f3d00b - null null
[17:30:03 INF] Executing endpoint 'Diten.SupplyChainService.Api.Controllers.ShipmentsController.Detail (Diten.SupplyChainService.Api)'
[17:30:03 INF] Route matched with {action = "Detail", controller = "Shipments"}. Executing controller action with signature System.Threading.Tasks.Task`1[Microsoft.AspNetCore.Mvc.IActionResult] Detail(System.Guid, System.Threading.CancellationToken) on controller Diten.SupplyChainService.Api.Controllers.ShipmentsController (Diten.SupplyChainService.Api).
[17:30:03 INF] Handling GetShipmentByIdQuery
[17:30:03 INF] Executing ObjectResult, writing value of type 'System.Text.Json.Nodes.JsonObject'.
[17:30:03 INF] Executed action Diten.SupplyChainService.Api.Controllers.ShipmentsController.Detail (Diten.SupplyChainService.Api) in 2.1498ms
[17:30:03 INF] Executed endpoint 'Diten.SupplyChainService.Api.Controllers.ShipmentsController.Detail (Diten.SupplyChainService.Api)'
[17:30:03 INF] Request finished HTTP/1.1 GET http://localhost/api/shipment-bundle/shipments/a8fb6624-8ccc-41f5-899f-cadbd8f3d00b - 200 null application/json; charset=utf-8 2.8407ms
[17:30:03 INF] Request starting HTTP/1.1 POST http://localhost/api/shipment-bundle/shipments/a8fb6624-8ccc-41f5-899f-cadbd8f3d00b/transition - application/json; charset=utf-8 64
[17:30:03 INF] Executing endpoint 'Diten.SupplyChainService.Api.Controllers.ShipmentsController.Transition (Diten.SupplyChainService.Api)'
[17:30:03 INF] Route matched with {action = "Transition", controller = "Shipments"}. Executing controller action with signature System.Threading.Tasks.Task`1[Microsoft.AspNetCore.Mvc.IActionResult] Transition(System.Guid, Transition, System.Threading.CancellationToken) on controller Diten.SupplyChainService.Api.Controllers.ShipmentsController (Diten.SupplyChainService.Api).
[17:30:03 INF] Handling TransitionShipmentCommand
[17:30:03 INF] Executing ObjectResult, writing value of type '&lt;&gt;f__AnonymousType0`2[[&lt;&gt;f__AnonymousType1`3[[System.String, System.Private.CoreLib, Version=8.0.0.0, Culture=neutral, PublicKeyToken=7cec85d7bea7798e],[System.String, System.Private.CoreLib, Version=8.0.0.0, Culture=neutral, PublicKeyToken=7cec85d7bea7798e],[System.Guid, System.Private.CoreLib, Version=8.0.0.0, Culture=neutral, PublicKeyToken=7cec85d7bea7798e]], Diten.SupplyChainService.Api, Version=1.0.0.0, Culture=neutral, PublicKeyToken=null],[System.String, System.Private.CoreLib, Version=8.0.0.0, Culture=neutral, PublicKeyToken=7cec85d7bea7798e]]'.
[17:30:03 INF] Executed action Diten.SupplyChainService.Api.Controllers.ShipmentsController.Transition (Diten.SupplyChainService.Api) in 9.4091ms
[17:30:03 INF] Executed endpoint 'Diten.SupplyChainService.Api.Controllers.ShipmentsController.Transition (Diten.SupplyChainService.Api)'
[17:30:03 INF] Request finished HTTP/1.1 POST http://localhost/api/shipment-bundle/shipments/a8fb6624-8ccc-41f5-899f-cadbd8f3d00b/transition - 422 null application/json; charset=utf-8 10.1974ms
[17:30:03 INF] Request starting HTTP/1.1 GET http://localhost/api/shipment-bundle/shipments/a8fb6624-8ccc-41f5-899f-cadbd8f3d00b - null null
[17:30:03 INF] Executing endpoint 'Diten.SupplyChainService.Api.Controllers.ShipmentsController.Detail (Diten.SupplyChainService.Api)'
[17:30:03 INF] Route matched with {action = "Detail", controller = "Shipments"}. Executing controller action with signature System.Threading.Tasks.Task`1[Microsoft.AspNetCore.Mvc.IActionResult] Detail(System.Guid, System.Threading.CancellationToken) on controller Diten.SupplyChainService.Api.Controllers.ShipmentsController (Diten.SupplyChainService.Api).
[17:30:03 INF] Handling GetShipmentByIdQuery
[17:30:03 INF] Executing ObjectResult, writing value of type 'System.Text.Json.Nodes.JsonObject'.
[17:30:03 INF] Executed action Diten.SupplyChainService.Api.Controllers.ShipmentsController.Detail (Diten.SupplyChainService.Api) in 2.7408ms
[17:30:03 INF] Executed endpoint 'Diten.SupplyChainService.Api.Controllers.ShipmentsController.Detail (Diten.SupplyChainService.Api)'
[17:30:03 INF] Request finished HTTP/1.1 GET http://localhost/api/shipment-bundle/shipments/a8fb6624-8ccc-41f5-899f-cadbd8f3d00b - 200 null application/json; charset=utf-8 3.3912ms
[xUnit.net 00:00:09.66]   Finished:    Diten.SupplyChainService.Tests
</StdOut>
    </Output>
  </ResultSummary>
</TestRun>