<?xml version="1.0" encoding="utf-8"?>
<TestRun id="42656d47-e654-4adf-9ad3-8207c4ff8c4d" name="@Natig-Erens-MacBook-Pro 2026-09-16 13:24:15" xmlns="http://microsoft.com/schemas/VisualStudio/TeamTest/2010">
  <Times creation="2026-09-16T13:24:15.0778400+05:00" queuing="2026-09-16T13:24:15.0778400+05:00" start="2026-09-16T13:24:11.5108460+05:00" finish="2026-09-16T13:24:17.0970850+05:00" />
  <TestSettings name="default" id="290d4d3d-9b27-4fa4-aa5b-c22295a3691c">
    <Deployment runDeploymentRoot="_Natig-Erens-MacBook-Pro_2026-09-16_13_24_15" />
  </TestSettings>
  <Results>
    <UnitTestResult executionId="9e03de26-9eed-4f92-b697-ea4b885e3550" testId="3b027e84-9ca2-48a1-ada7-b98f4470aa28" testName="Diten.SupplyChainService.Tests.ShipmentTests.FailureBeforeCommitRollsBackEveryRecordAndRetrySucceeds" computerName="Natig-Erens-MacBook-Pro" duration="00:00:00.1479041" startTime="2026-09-16T13:24:14.3188030+05:00" endTime="2026-09-16T13:24:14.3188030+05:00" testType="13cdc9d9-ddb5-4fa4-a97d-d965ccfc6d4b" outcome="Passed" testListId="8c84fa94-04c1-424b-9868-57a2d4851a1d" relativeResultsDirectory="9e03de26-9eed-4f92-b697-ea4b885e3550">
      <Output>
        <StdOut>POST  =&gt; 500 {"error":{"code":"INVALID_REQUEST","message":"Operation could not be completed.","correlationId":"d7c1e547-6e35-4b6a-ba2e-683c8339214a"},"contractVersion":"v1"}
POST  =&gt; 201 {"shipmentId":"59945a64-fd98-4203-8e23-1ce832dcb22a","shipmentNumber":"SHP-59945a64fd9842038e231ce832dcb22a","status":"Draft","idempotentReplay":false,"contractVersion":"v1"}
POST  =&gt; 200 {"shipmentId":"59945a64-fd98-4203-8e23-1ce832dcb22a","shipmentNumber":"SHP-59945a64fd9842038e231ce832dcb22a","status":"Draft","idempotentReplay":true,"contractVersion":"v1"}</StdOut>
      </Output>
    </UnitTestResult>
    <UnitTestResult executionId="5ffbe7a0-635e-4e9d-95b0-03be335ca6bd" testId="91568275-2854-67a9-d883-c2082f64aa58" testName="Diten.SupplyChainService.Tests.ShipmentTests.ReplayConflict_AndConcurrentCreateOrTransitionProduceOneWinner" computerName="Natig-Erens-MacBook-Pro" duration="00:00:00.2512374" startTime="2026-09-16T13:24:15.9119980+05:00" endTime="2026-09-16T13:24:15.9119980+05:00" testType="13cdc9d9-ddb5-4fa4-a97d-d965ccfc6d4b" outcome="Passed" testListId="8c84fa94-04c1-424b-9868-57a2d4851a1d" relativeResultsDirectory="5ffbe7a0-635e-4e9d-95b0-03be335ca6bd">
      <Output>
        <StdOut>POST  =&gt; 201 {"shipmentId":"43f22e43-a839-4998-bcbc-0d8284757773","shipmentNumber":"SHP-43f22e43a8394998bcbc0d8284757773","status":"Draft","idempotentReplay":false,"contractVersion":"v1"}
POST  =&gt; 200 {"shipmentId":"43f22e43-a839-4998-bcbc-0d8284757773","shipmentNumber":"SHP-43f22e43a8394998bcbc0d8284757773","status":"Draft","idempotentReplay":true,"contractVersion":"v1"}
POST  =&gt; 200 {"shipmentId":"43f22e43-a839-4998-bcbc-0d8284757773","shipmentNumber":"SHP-43f22e43a8394998bcbc0d8284757773","status":"Draft","idempotentReplay":true,"contractVersion":"v1"}
POST  =&gt; 200 {"shipmentId":"43f22e43-a839-4998-bcbc-0d8284757773","shipmentNumber":"SHP-43f22e43a8394998bcbc0d8284757773","status":"Draft","idempotentReplay":true,"contractVersion":"v1"}
POST  =&gt; 200 {"shipmentId":"43f22e43-a839-4998-bcbc-0d8284757773","shipmentNumber":"SHP-43f22e43a8394998bcbc0d8284757773","status":"Draft","idempotentReplay":true,"contractVersion":"v1"}
POST  =&gt; 200 {"shipmentId":"43f22e43-a839-4998-bcbc-0d8284757773","shipmentNumber":"SHP-43f22e43a8394998bcbc0d8284757773","status":"Draft","idempotentReplay":true,"contractVersion":"v1"}
POST  =&gt; 200 {"shipmentId":"43f22e43-a839-4998-bcbc-0d8284757773","shipmentNumber":"SHP-43f22e43a8394998bcbc0d8284757773","status":"Draft","idempotentReplay":true,"contractVersion":"v1"}
POST  =&gt; 200 {"shipmentId":"43f22e43-a839-4998-bcbc-0d8284757773","shipmentNumber":"SHP-43f22e43a8394998bcbc0d8284757773","status":"Draft","idempotentReplay":true,"contractVersion":"v1"}
POST  =&gt; 409 {"error":{"code":"IDEMPOTENCY_KEY_REUSED","message":"IDEMPOTENCY_KEY_REUSED","correlationId":"f9b85f4f-e0a6-438c-a342-5002811eb60e"},"contractVersion":"v1"}
POST /43f22e43-a839-4998-bcbc-0d8284757773/transition =&gt; 200 {"shipmentId":"43f22e43-a839-4998-bcbc-0d8284757773","shipmentNumber":"SHP-43f22e43a8394998bcbc0d8284757773","status":"Planned","idempotentReplay":false,"contractVersion":"v1"}
POST /43f22e43-a839-4998-bcbc-0d8284757773/transition =&gt; 200 {"shipmentId":"43f22e43-a839-4998-bcbc-0d8284757773","shipmentNumber":"SHP-43f22e43a8394998bcbc0d8284757773","status":"Dispatched","idempotentReplay":false,"contractVersion":"v1"}
POST /43f22e43-a839-4998-bcbc-0d8284757773/transition =&gt; 422 {"error":{"code":"INVALID_SHIPMENT_TRANSITION","message":"INVALID_SHIPMENT_TRANSITION","correlationId":"f9b85f4f-e0a6-438c-a342-5002811eb60e"},"contractVersion":"v1"}
POST  =&gt; 201 {"shipmentId":"545555d1-601a-4160-b052-815d4bf5b3c5","shipmentNumber":"SHP-545555d1601a4160b052815d4bf5b3c5","status":"Draft","idempotentReplay":false,"contractVersion":"v1"}</StdOut>
      </Output>
    </UnitTestResult>
    <UnitTestResult executionId="1bb17950-ad81-481f-8859-2f8eca6b7677" testId="41680b01-b4f9-429e-2ad4-b9cea236b9b1" testName="Diten.SupplyChainService.Tests.ShipmentTests.CancelPermissionIsRequiredAndCannotDispatch" computerName="Natig-Erens-MacBook-Pro" duration="00:00:00.2129295" startTime="2026-09-16T13:24:14.1704520+05:00" endTime="2026-09-16T13:24:14.1704520+05:00" testType="13cdc9d9-ddb5-4fa4-a97d-d965ccfc6d4b" outcome="Passed" testListId="8c84fa94-04c1-424b-9868-57a2d4851a1d" relativeResultsDirectory="1bb17950-ad81-481f-8859-2f8eca6b7677">
      <Output>
        <StdOut>POST  =&gt; 201 {"shipmentId":"7e1200ec-9db3-4e43-a7c0-7e9d3ee05102","shipmentNumber":"SHP-7e1200ec9db34e43a7c07e9d3ee05102","status":"Draft","idempotentReplay":false,"contractVersion":"v1"}
POST /7e1200ec-9db3-4e43-a7c0-7e9d3ee05102/transition =&gt; 403 {"error":{"code":"INVALID_REQUEST","message":"INVALID_REQUEST","correlationId":"26c7c076-8a7a-4609-9635-c2896c1d7e38"},"contractVersion":"v1"}
POST /7e1200ec-9db3-4e43-a7c0-7e9d3ee05102/transition =&gt; 403 {"error":{"code":"INVALID_REQUEST","message":"INVALID_REQUEST","correlationId":"26c7c076-8a7a-4609-9635-c2896c1d7e38"},"contractVersion":"v1"}
POST /7e1200ec-9db3-4e43-a7c0-7e9d3ee05102/transition =&gt; 200 {"shipmentId":"7e1200ec-9db3-4e43-a7c0-7e9d3ee05102","shipmentNumber":"SHP-7e1200ec9db34e43a7c07e9d3ee05102","status":"Cancelled","idempotentReplay":false,"contractVersion":"v1"}</StdOut>
      </Output>
    </UnitTestResult>
    <UnitTestResult executionId="638e7136-4c78-439f-b9e3-8a5ed727d459" testId="8dd08c55-9b04-77e5-c697-87d2af5a0417" testName="Diten.SupplyChainService.Tests.ShipmentTests.Scope_Rbac_Schema_AndCorrelationFailClosed" computerName="Natig-Erens-MacBook-Pro" duration="00:00:00.2465486" startTime="2026-09-16T13:24:15.2922190+05:00" endTime="2026-09-16T13:24:15.2922190+05:00" testType="13cdc9d9-ddb5-4fa4-a97d-d965ccfc6d4b" outcome="Passed" testListId="8c84fa94-04c1-424b-9868-57a2d4851a1d" relativeResultsDirectory="638e7136-4c78-439f-b9e3-8a5ed727d459">
      <Output>
        <StdOut>POST  =&gt; 201 {"shipmentId":"1c10a989-706c-4ad7-8f2e-c18dc43beeb1","shipmentNumber":"SHP-1c10a989706c4ad78f2ec18dc43beeb1","status":"Draft","idempotentReplay":false,"contractVersion":"v1"}
GET /1c10a989-706c-4ad7-8f2e-c18dc43beeb1 =&gt; 404 {"error":{"code":"SHIPMENT_NOT_FOUND","message":"SHIPMENT_NOT_FOUND","correlationId":"d37de436-cfa6-4ed7-b353-2e23a9f7fca3"},"contractVersion":"v1"}
GET /1c10a989-706c-4ad7-8f2e-c18dc43beeb1 =&gt; 404 {"error":{"code":"SHIPMENT_NOT_FOUND","message":"SHIPMENT_NOT_FOUND","correlationId":"d37de436-cfa6-4ed7-b353-2e23a9f7fca3"},"contractVersion":"v1"}
GET /bfbbf302-55f1-45bb-8c84-faddfe2bd2d2 =&gt; 404 {"error":{"code":"SHIPMENT_NOT_FOUND","message":"SHIPMENT_NOT_FOUND","correlationId":"d37de436-cfa6-4ed7-b353-2e23a9f7fca3"},"contractVersion":"v1"}
GET /bfbbf302-55f1-45bb-8c84-faddfe2bd2d2 =&gt; 404 {"error":{"code":"SHIPMENT_NOT_FOUND","message":"SHIPMENT_NOT_FOUND","correlationId":"d37de436-cfa6-4ed7-b353-2e23a9f7fca3"},"contractVersion":"v1"}
GET /63354f1a-e9e5-4fae-abad-75cfcbdd51c0 =&gt; 404 {"error":{"code":"SHIPMENT_NOT_FOUND","message":"SHIPMENT_NOT_FOUND","correlationId":"d37de436-cfa6-4ed7-b353-2e23a9f7fca3"},"contractVersion":"v1"}
GET /1c10a989-706c-4ad7-8f2e-c18dc43beeb1 =&gt; 403 {"error":{"code":"INVALID_REQUEST","message":"Required shipment permission is missing.","correlationId":"d37de436-cfa6-4ed7-b353-2e23a9f7fca3"},"contractVersion":"v1"}
POST  =&gt; 403 {"error":{"code":"INVALID_REQUEST","message":"Required shipment permission is missing.","correlationId":"d37de436-cfa6-4ed7-b353-2e23a9f7fca3"},"contractVersion":"v1"}
GET /1c10a989-706c-4ad7-8f2e-c18dc43beeb1 =&gt; 403 {"error":{"code":"INVALID_REQUEST","message":"Trusted tenant, legal entity and actor context required.","correlationId":"d37de436-cfa6-4ed7-b353-2e23a9f7fca3"},"contractVersion":"v1"}
GET /1c10a989-706c-4ad7-8f2e-c18dc43beeb1 =&gt; 400 {"error":{"code":"INVALID_REQUEST","message":"A non-empty UUID X-Correlation-Id is required.","correlationId":"83bd953a-e48a-4155-b34f-078a1762830d"},"contractVersion":"v1"}
GET /1c10a989-706c-4ad7-8f2e-c18dc43beeb1 =&gt; 400 {"error":{"code":"INVALID_REQUEST","message":"A non-empty UUID X-Correlation-Id is required.","correlationId":"3db9fe55-91d9-46cb-8e85-0d3090f5aaeb"},"contractVersion":"v1"}
POST /1c10a989-706c-4ad7-8f2e-c18dc43beeb1/transition =&gt; 400 {"error":{"code":"INVALID_REQUEST","message":"INVALID_REQUEST","correlationId":"0116e8de-f583-4d43-ba36-ec9960fdc545"},"contractVersion":"v1"}
POST  =&gt; 400 {"error":{"code":"INVALID_REQUEST","message":"Request schema validation failed.","correlationId":"d37de436-cfa6-4ed7-b353-2e23a9f7fca3"},"contractVersion":"v1"}
POST  =&gt; 400 {"error":{"code":"INVALID_REQUEST","message":"Request schema validation failed.","correlationId":"d37de436-cfa6-4ed7-b353-2e23a9f7fca3"},"contractVersion":"v1"}
POST  =&gt; 400 {"error":{"code":"INVALID_REQUEST","message":"INVALID_REQUEST","correlationId":"d37de436-cfa6-4ed7-b353-2e23a9f7fca3"},"contractVersion":"v1"}
POST  =&gt; 400 {"error":{"code":"INVALID_REQUEST","message":"Idempotency-Key must contain 1 to 128 characters.","correlationId":"d37de436-cfa6-4ed7-b353-2e23a9f7fca3"},"contractVersion":"v1"}
POST  =&gt; 400 {"error":{"code":"INVALID_REQUEST","message":"Idempotency-Key must contain 1 to 128 characters.","correlationId":"d37de436-cfa6-4ed7-b353-2e23a9f7fca3"},"contractVersion":"v1"}
GET ?pageSize=201 =&gt; 400 {"error":{"code":"INVALID_REQUEST","message":"INVALID_REQUEST","correlationId":"d37de436-cfa6-4ed7-b353-2e23a9f7fca3"},"contractVersion":"v1"}
GET /1c10a989-706c-4ad7-8f2e-c18dc43beeb1 =&gt; 404 {"error":{"code":"SHIPMENT_NOT_FOUND","message":"SHIPMENT_NOT_FOUND","correlationId":"d37de436-cfa6-4ed7-b353-2e23a9f7fca3"},"contractVersion":"v1"}
GET  =&gt; 200 {"items":[],"page":1,"pageSize":50,"total":0,"contractVersion":"v1"}
POST /1c10a989-706c-4ad7-8f2e-c18dc43beeb1/transition =&gt; 404 {"error":{"code":"SHIPMENT_NOT_FOUND","message":"SHIPMENT_NOT_FOUND","correlationId":"d37de436-cfa6-4ed7-b353-2e23a9f7fca3"},"contractVersion":"v1"}
POST  =&gt; 404 {"error":{"code":"SHIPMENT_NOT_FOUND","message":"SHIPMENT_NOT_FOUND","correlationId":"d37de436-cfa6-4ed7-b353-2e23a9f7fca3"},"contractVersion":"v1"}</StdOut>
      </Output>
    </UnitTestResult>
    <UnitTestResult executionId="bfc7d34a-cea9-467e-b083-8705285d79a8" testId="2e5f515d-6b5c-9016-0aae-6a1aa2c558b1" testName="Diten.SupplyChainService.Tests.ShipmentTests.OutboxRetryPreservesCanonicalBytesAndIdentity" computerName="Natig-Erens-MacBook-Pro" duration="00:00:00.2869507" startTime="2026-09-16T13:24:14.6065670+05:00" endTime="2026-09-16T13:24:14.6065670+05:00" testType="13cdc9d9-ddb5-4fa4-a97d-d965ccfc6d4b" outcome="Passed" testListId="8c84fa94-04c1-424b-9868-57a2d4851a1d" relativeResultsDirectory="bfc7d34a-cea9-467e-b083-8705285d79a8">
      <Output>
        <StdOut>POST  =&gt; 201 {"shipmentId":"b52bc7c4-bc49-4f1b-a932-1bfafaca6ea3","shipmentNumber":"SHP-b52bc7c4bc494f1ba9321bfafaca6ea3","status":"Draft","idempotentReplay":false,"contractVersion":"v1"}</StdOut>
      </Output>
    </UnitTestResult>
    <UnitTestResult executionId="a452a9f7-e5a9-4902-8b7c-b25face0669b" testId="6c2dad83-8164-1aae-0728-07719857d27b" testName="Diten.SupplyChainService.Tests.ShipmentTests.AllowedBranchesAndPodFailureHaveAtomicHistory" computerName="Natig-Erens-MacBook-Pro" duration="00:00:00.4382669" startTime="2026-09-16T13:24:15.0452040+05:00" endTime="2026-09-16T13:24:15.0452040+05:00" testType="13cdc9d9-ddb5-4fa4-a97d-d965ccfc6d4b" outcome="Passed" testListId="8c84fa94-04c1-424b-9868-57a2d4851a1d" relativeResultsDirectory="a452a9f7-e5a9-4902-8b7c-b25face0669b">
      <Output>
        <StdOut>POST  =&gt; 201 {"shipmentId":"2188437e-4f5e-4e28-b304-5c8d07c621d1","shipmentNumber":"SHP-2188437e4f5e4e28b3045c8d07c621d1","status":"Draft","idempotentReplay":false,"contractVersion":"v1"}
POST /2188437e-4f5e-4e28-b304-5c8d07c621d1/transition =&gt; 200 {"shipmentId":"2188437e-4f5e-4e28-b304-5c8d07c621d1","shipmentNumber":"SHP-2188437e4f5e4e28b3045c8d07c621d1","status":"Planned","idempotentReplay":false,"contractVersion":"v1"}
POST /2188437e-4f5e-4e28-b304-5c8d07c621d1/transition =&gt; 200 {"shipmentId":"2188437e-4f5e-4e28-b304-5c8d07c621d1","shipmentNumber":"SHP-2188437e4f5e4e28b3045c8d07c621d1","status":"Dispatched","idempotentReplay":false,"contractVersion":"v1"}
POST /2188437e-4f5e-4e28-b304-5c8d07c621d1/transition =&gt; 200 {"shipmentId":"2188437e-4f5e-4e28-b304-5c8d07c621d1","shipmentNumber":"SHP-2188437e4f5e4e28b3045c8d07c621d1","status":"Exception","idempotentReplay":false,"contractVersion":"v1"}
POST /2188437e-4f5e-4e28-b304-5c8d07c621d1/transition =&gt; 200 {"shipmentId":"2188437e-4f5e-4e28-b304-5c8d07c621d1","shipmentNumber":"SHP-2188437e4f5e4e28b3045c8d07c621d1","status":"InTransit","idempotentReplay":false,"contractVersion":"v1"}
POST /2188437e-4f5e-4e28-b304-5c8d07c621d1/transition =&gt; 200 {"shipmentId":"2188437e-4f5e-4e28-b304-5c8d07c621d1","shipmentNumber":"SHP-2188437e4f5e4e28b3045c8d07c621d1","status":"Exception","idempotentReplay":false,"contractVersion":"v1"}
POST /2188437e-4f5e-4e28-b304-5c8d07c621d1/transition =&gt; 200 {"shipmentId":"2188437e-4f5e-4e28-b304-5c8d07c621d1","shipmentNumber":"SHP-2188437e4f5e4e28b3045c8d07c621d1","status":"Cancelled","idempotentReplay":false,"contractVersion":"v1"}
POST  =&gt; 201 {"shipmentId":"bf5693cd-1582-4bd2-8977-eb7d65a51b04","shipmentNumber":"SHP-bf5693cd15824bd28977eb7d65a51b04","status":"Draft","idempotentReplay":false,"contractVersion":"v1"}
POST /bf5693cd-1582-4bd2-8977-eb7d65a51b04/transition =&gt; 200 {"shipmentId":"bf5693cd-1582-4bd2-8977-eb7d65a51b04","shipmentNumber":"SHP-bf5693cd15824bd28977eb7d65a51b04","status":"Planned","idempotentReplay":false,"contractVersion":"v1"}
POST /bf5693cd-1582-4bd2-8977-eb7d65a51b04/transition =&gt; 200 {"shipmentId":"bf5693cd-1582-4bd2-8977-eb7d65a51b04","shipmentNumber":"SHP-bf5693cd15824bd28977eb7d65a51b04","status":"Dispatched","idempotentReplay":false,"contractVersion":"v1"}
POST /bf5693cd-1582-4bd2-8977-eb7d65a51b04/pod =&gt; 500 {"error":{"code":"INVALID_REQUEST","message":"Operation could not be completed.","correlationId":"2291f44d-655d-4e19-8c9c-0e4a2c7cf167"},"contractVersion":"v1"}
GET /bf5693cd-1582-4bd2-8977-eb7d65a51b04 =&gt; 200 {"shipmentId":"bf5693cd-1582-4bd2-8977-eb7d65a51b04","shipmentNumber":"SHP-bf5693cd15824bd28977eb7d65a51b04","sourceDocumentId":"SO-900","status":"Dispatched","carrierId":null,"loadId":null,"plannedShipAt":"2026-09-20T08:00:00+00:00","plannedDeliverAt":"2026-09-21T16:00:00+00:00","actualDeliverAt":null,"sourceModule":"MOD-0141","sourceType":"SALES_ORDER","warehouseReferenceId":"wh-01","shipToReference":"CUST-100/ADDR-2","lines":[{"lineNumber":"1","itemId":"b1f2c3d4-0000-0000-0000-000000000001","skuId":"c3d4e5f6-0000-0000-0000-000000000002","quantity":"30.000","uomId":"EA","inventoryReferenceId":"rsv-4001"}],"pod":null,"contractVersion":"v1"}
POST /bf5693cd-1582-4bd2-8977-eb7d65a51b04/pod =&gt; 201 {"podId":"58e75cf3-b335-4f82-a431-da1b965a3235","shipmentId":"bf5693cd-1582-4bd2-8977-eb7d65a51b04","shipmentStatus":"Delivered","receivedAt":"2026-09-21T15:42:00+00:00","idempotentReplay":false,"contractVersion":"v1"}
POST /bf5693cd-1582-4bd2-8977-eb7d65a51b04/pod =&gt; 409 {"error":{"code":"POD_ALREADY_CAPTURED","message":"POD_ALREADY_CAPTURED","correlationId":"2291f44d-655d-4e19-8c9c-0e4a2c7cf167"},"contractVersion":"v1"}</StdOut>
      </Output>
    </UnitTestResult>
    <UnitTestResult executionId="0db4f5a2-9393-451c-9883-11c16d47cf4d" testId="3ba04534-65a0-2891-2687-2a472f665ecf" testName="Diten.SupplyChainService.Tests.ShipmentTests.EveryForbiddenTransitionLeavesPersistenceUnchanged" computerName="Natig-Erens-MacBook-Pro" duration="00:00:01.1022517" startTime="2026-09-16T13:24:17.0149210+05:00" endTime="2026-09-16T13:24:17.0149210+05:00" testType="13cdc9d9-ddb5-4fa4-a97d-d965ccfc6d4b" outcome="Passed" testListId="8c84fa94-04c1-424b-9868-57a2d4851a1d" relativeResultsDirectory="0db4f5a2-9393-451c-9883-11c16d47cf4d">
      <Output>
        <StdOut>POST  =&gt; 201 {"shipmentId":"7d047759-a703-44ec-97cf-1a644a7e9f04","shipmentNumber":"SHP-7d047759a70344ec97cf1a644a7e9f04","status":"Draft","idempotentReplay":false,"contractVersion":"v1"}
POST /7d047759-a703-44ec-97cf-1a644a7e9f04/transition =&gt; 422 {"error":{"code":"INVALID_SHIPMENT_TRANSITION","message":"INVALID_SHIPMENT_TRANSITION","correlationId":"f1286879-629f-4e4c-a7f1-af6a3b1298aa"},"contractVersion":"v1"}
GET /7d047759-a703-44ec-97cf-1a644a7e9f04 =&gt; 200 {"shipmentId":"7d047759-a703-44ec-97cf-1a644a7e9f04","shipmentNumber":"SHP-7d047759a70344ec97cf1a644a7e9f04","sourceDocumentId":"SO-900","status":"Draft","carrierId":null,"loadId":null,"plannedShipAt":"2026-09-20T08:00:00+00:00","plannedDeliverAt":"2026-09-21T16:00:00+00:00","actualDeliverAt":null,"sourceModule":"MOD-0141","sourceType":"SALES_ORDER","warehouseReferenceId":"wh-01","shipToReference":"CUST-100/ADDR-2","lines":[{"lineNumber":"1","itemId":"b1f2c3d4-0000-0000-0000-000000000001","skuId":"c3d4e5f6-0000-0000-0000-000000000002","quantity":"30.000","uomId":"EA","inventoryReferenceId":"rsv-4001"}],"pod":null,"contractVersion":"v1"}
POST /7d047759-a703-44ec-97cf-1a644a7e9f04/transition =&gt; 422 {"error":{"code":"INVALID_SHIPMENT_TRANSITION","message":"INVALID_SHIPMENT_TRANSITION","correlationId":"f1286879-629f-4e4c-a7f1-af6a3b1298aa"},"contractVersion":"v1"}
GET /7d047759-a703-44ec-97cf-1a644a7e9f04 =&gt; 200 {"shipmentId":"7d047759-a703-44ec-97cf-1a644a7e9f04","shipmentNumber":"SHP-7d047759a70344ec97cf1a644a7e9f04","sourceDocumentId":"SO-900","status":"Draft","carrierId":null,"loadId":null,"plannedShipAt":"2026-09-20T08:00:00+00:00","plannedDeliverAt":"2026-09-21T16:00:00+00:00","actualDeliverAt":null,"sourceModule":"MOD-0141","sourceType":"SALES_ORDER","warehouseReferenceId":"wh-01","shipToReference":"CUST-100/ADDR-2","lines":[{"lineNumber":"1","itemId":"b1f2c3d4-0000-0000-0000-000000000001","skuId":"c3d4e5f6-0000-0000-0000-000000000002","quantity":"30.000","uomId":"EA","inventoryReferenceId":"rsv-4001"}],"pod":null,"contractVersion":"v1"}
POST /7d047759-a703-44ec-97cf-1a644a7e9f04/transition =&gt; 422 {"error":{"code":"INVALID_SHIPMENT_TRANSITION","message":"INVALID_SHIPMENT_TRANSITION","correlationId":"f1286879-629f-4e4c-a7f1-af6a3b1298aa"},"contractVersion":"v1"}
GET /7d047759-a703-44ec-97cf-1a644a7e9f04 =&gt; 200 {"shipmentId":"7d047759-a703-44ec-97cf-1a644a7e9f04","shipmentNumber":"SHP-7d047759a70344ec97cf1a644a7e9f04","sourceDocumentId":"SO-900","status":"Draft","carrierId":null,"loadId":null,"plannedShipAt":"2026-09-20T08:00:00+00:00","plannedDeliverAt":"2026-09-21T16:00:00+00:00","actualDeliverAt":null,"sourceModule":"MOD-0141","sourceType":"SALES_ORDER","warehouseReferenceId":"wh-01","shipToReference":"CUST-100/ADDR-2","lines":[{"lineNumber":"1","itemId":"b1f2c3d4-0000-0000-0000-000000000001","skuId":"c3d4e5f6-0000-0000-0000-000000000002","quantity":"30.000","uomId":"EA","inventoryReferenceId":"rsv-4001"}],"pod":null,"contractVersion":"v1"}
POST /7d047759-a703-44ec-97cf-1a644a7e9f04/transition =&gt; 422 {"error":{"code":"INVALID_SHIPMENT_TRANSITION","message":"INVALID_SHIPMENT_TRANSITION","correlationId":"f1286879-629f-4e4c-a7f1-af6a3b1298aa"},"contractVersion":"v1"}
GET /7d047759-a703-44ec-97cf-1a644a7e9f04 =&gt; 200 {"shipmentId":"7d047759-a703-44ec-97cf-1a644a7e9f04","shipmentNumber":"SHP-7d047759a70344ec97cf1a644a7e9f04","sourceDocumentId":"SO-900","status":"Draft","carrierId":null,"loadId":null,"plannedShipAt":"2026-09-20T08:00:00+00:00","plannedDeliverAt":"2026-09-21T16:00:00+00:00","actualDeliverAt":null,"sourceModule":"MOD-0141","sourceType":"SALES_ORDER","warehouseReferenceId":"wh-01","shipToReference":"CUST-100/ADDR-2","lines":[{"lineNumber":"1","itemId":"b1f2c3d4-0000-0000-0000-000000000001","skuId":"c3d4e5f6-0000-0000-0000-000000000002","quantity":"30.000","uomId":"EA","inventoryReferenceId":"rsv-4001"}],"pod":null,"contractVersion":"v1"}
POST /7d047759-a703-44ec-97cf-1a644a7e9f04/transition =&gt; 422 {"error":{"code":"INVALID_SHIPMENT_TRANSITION","message":"INVALID_SHIPMENT_TRANSITION","correlationId":"f1286879-629f-4e4c-a7f1-af6a3b1298aa"},"contractVersion":"v1"}
GET /7d047759-a703-44ec-97cf-1a644a7e9f04 =&gt; 200 {"shipmentId":"7d047759-a703-44ec-97cf-1a644a7e9f04","shipmentNumber":"SHP-7d047759a70344ec97cf1a644a7e9f04","sourceDocumentId":"SO-900","status":"Draft","carrierId":null,"loadId":null,"plannedShipAt":"2026-09-20T08:00:00+00:00","plannedDeliverAt":"2026-09-21T16:00:00+00:00","actualDeliverAt":null,"sourceModule":"MOD-0141","sourceType":"SALES_ORDER","warehouseReferenceId":"wh-01","shipToReference":"CUST-100/ADDR-2","lines":[{"lineNumber":"1","itemId":"b1f2c3d4-0000-0000-0000-000000000001","skuId":"c3d4e5f6-0000-0000-0000-000000000002","quantity":"30.000","uomId":"EA","inventoryReferenceId":"rsv-4001"}],"pod":null,"contractVersion":"v1"}
POST /7d047759-a703-44ec-97cf-1a644a7e9f04/transition =&gt; 422 {"error":{"code":"INVALID_SHIPMENT_TRANSITION","message":"INVALID_SHIPMENT_TRANSITION","correlationId":"f1286879-629f-4e4c-a7f1-af6a3b1298aa"},"contractVersion":"v1"}
GET /7d047759-a703-44ec-97cf-1a644a7e9f04 =&gt; 200 {"shipmentId":"7d047759-a703-44ec-97cf-1a644a7e9f04","shipmentNumber":"SHP-7d047759a70344ec97cf1a644a7e9f04","sourceDocumentId":"SO-900","status":"Draft","carrierId":null,"loadId":null,"plannedShipAt":"2026-09-20T08:00:00+00:00","plannedDeliverAt":"2026-09-21T16:00:00+00:00","actualDeliverAt":null,"sourceModule":"MOD-0141","sourceType":"SALES_ORDER","warehouseReferenceId":"wh-01","shipToReference":"CUST-100/ADDR-2","lines":[{"lineNumber":"1","itemId":"b1f2c3d4-0000-0000-0000-000000000001","skuId":"c3d4e5f6-0000-0000-0000-000000000002","quantity":"30.000","uomId":"EA","inventoryReferenceId":"rsv-4001"}],"pod":null,"contractVersion":"v1"}
POST /7d047759-a703-44ec-97cf-1a644a7e9f04/transition =&gt; 422 {"error":{"code":"INVALID_SHIPMENT_TRANSITION","message":"INVALID_SHIPMENT_TRANSITION","correlationId":"f1286879-629f-4e4c-a7f1-af6a3b1298aa"},"contractVersion":"v1"}
GET /7d047759-a703-44ec-97cf-1a644a7e9f04 =&gt; 200 {"shipmentId":"7d047759-a703-44ec-97cf-1a644a7e9f04","shipmentNumber":"SHP-7d047759a70344ec97cf1a644a7e9f04","sourceDocumentId":"SO-900","status":"Planned","carrierId":null,"loadId":null,"plannedShipAt":"2026-09-20T08:00:00+00:00","plannedDeliverAt":"2026-09-21T16:00:00+00:00","actualDeliverAt":null,"sourceModule":"MOD-0141","sourceType":"SALES_ORDER","warehouseReferenceId":"wh-01","shipToReference":"CUST-100/ADDR-2","lines":[{"lineNumber":"1","itemId":"b1f2c3d4-0000-0000-0000-000000000001","skuId":"c3d4e5f6-0000-0000-0000-000000000002","quantity":"30.000","uomId":"EA","inventoryReferenceId":"rsv-4001"}],"pod":null,"contractVersion":"v1"}
POST /7d047759-a703-44ec-97cf-1a644a7e9f04/transition =&gt; 422 {"error":{"code":"INVALID_SHIPMENT_TRANSITION","message":"INVALID_SHIPMENT_TRANSITION","correlationId":"f1286879-629f-4e4c-a7f1-af6a3b1298aa"},"contractVersion":"v1"}
GET /7d047759-a703-44ec-97cf-1a644a7e9f04 =&gt; 200 {"shipmentId":"7d047759-a703-44ec-97cf-1a644a7e9f04","shipmentNumber":"SHP-7d047759a70344ec97cf1a644a7e9f04","sourceDocumentId":"SO-900","status":"Planned","carrierId":null,"loadId":null,"plannedShipAt":"2026-09-20T08:00:00+00:00","plannedDeliverAt":"2026-09-21T16:00:00+00:00","actualDeliverAt":null,"sourceModule":"MOD-0141","sourceType":"SALES_ORDER","warehouseReferenceId":"wh-01","shipToReference":"CUST-100/ADDR-2","lines":[{"lineNumber":"1","itemId":"b1f2c3d4-0000-0000-0000-000000000001","skuId":"c3d4e5f6-0000-0000-0000-000000000002","quantity":"30.000","uomId":"EA","inventoryReferenceId":"rsv-4001"}],"pod":null,"contractVersion":"v1"}
POST /7d047759-a703-44ec-97cf-1a644a7e9f04/transition =&gt; 422 {"error":{"code":"INVALID_SHIPMENT_TRANSITION","message":"INVALID_SHIPMENT_TRANSITION","correlationId":"f1286879-629f-4e4c-a7f1-af6a3b1298aa"},"contractVersion":"v1"}
GET /7d047759-a703-44ec-97cf-1a644a7e9f04 =&gt; 200 {"shipmentId":"7d047759-a703-44ec-97cf-1a644a7e9f04","shipmentNumber":"SHP-7d047759a70344ec97cf1a644a7e9f04","sourceDocumentId":"SO-900","status":"Planned","carrierId":null,"loadId":null,"plannedShipAt":"2026-09-20T08:00:00+00:00","plannedDeliverAt":"2026-09-21T16:00:00+00:00","actualDeliverAt":null,"sourceModule":"MOD-0141","sourceType":"SALES_ORDER","warehouseReferenceId":"wh-01","shipToReference":"CUST-100/ADDR-2","lines":[{"lineNumber":"1","itemId":"b1f2c3d4-0000-0000-0000-000000000001","skuId":"c3d4e5f6-0000-0000-0000-000000000002","quantity":"30.000","uomId":"EA","inventoryReferenceId":"rsv-4001"}],"pod":null,"contractVersion":"v1"}
POST /7d047759-a703-44ec-97cf-1a644a7e9f04/transition =&gt; 422 {"error":{"code":"INVALID_SHIPMENT_TRANSITION","message":"INVALID_SHIPMENT_TRANSITION","correlationId":"f1286879-629f-4e4c-a7f1-af6a3b1298aa"},"contractVersion":"v1"}
GET /7d047759-a703-44ec-97cf-1a644a7e9f04 =&gt; 200 {"shipmentId":"7d047759-a703-44ec-97cf-1a644a7e9f04","shipmentNumber":"SHP-7d047759a70344ec97cf1a644a7e9f04","sourceDocumentId":"SO-900","status":"Planned","carrierId":null,"loadId":null,"plannedShipAt":"2026-09-20T08:00:00+00:00","plannedDeliverAt":"2026-09-21T16:00:00+00:00","actualDeliverAt":null,"sourceModule":"MOD-0141","sourceType":"SALES_ORDER","warehouseReferenceId":"wh-01","shipToReference":"CUST-100/ADDR-2","lines":[{"lineNumber":"1","itemId":"b1f2c3d4-0000-0000-0000-000000000001","skuId":"c3d4e5f6-0000-0000-0000-000000000002","quantity":"30.000","uomId":"EA","inventoryReferenceId":"rsv-4001"}],"pod":null,"contractVersion":"v1"}
POST /7d047759-a703-44ec-97cf-1a644a7e9f04/transition =&gt; 422 {"error":{"code":"INVALID_SHIPMENT_TRANSITION","message":"INVALID_SHIPMENT_TRANSITION","correlationId":"f1286879-629f-4e4c-a7f1-af6a3b1298aa"},"contractVersion":"v1"}
GET /7d047759-a703-44ec-97cf-1a644a7e9f04 =&gt; 200 {"shipmentId":"7d047759-a703-44ec-97cf-1a644a7e9f04","shipmentNumber":"SHP-7d047759a70344ec97cf1a644a7e9f04","sourceDocumentId":"SO-900","status":"Planned","carrierId":null,"loadId":null,"plannedShipAt":"2026-09-20T08:00:00+00:00","plannedDeliverAt":"2026-09-21T16:00:00+00:00","actualDeliverAt":null,"sourceModule":"MOD-0141","sourceType":"SALES_ORDER","warehouseReferenceId":"wh-01","shipToReference":"CUST-100/ADDR-2","lines":[{"lineNumber":"1","itemId":"b1f2c3d4-0000-0000-0000-000000000001","skuId":"c3d4e5f6-0000-0000-0000-000000000002","quantity":"30.000","uomId":"EA","inventoryReferenceId":"rsv-4001"}],"pod":null,"contractVersion":"v1"}
POST /7d047759-a703-44ec-97cf-1a644a7e9f04/transition =&gt; 422 {"error":{"code":"INVALID_SHIPMENT_TRANSITION","message":"INVALID_SHIPMENT_TRANSITION","correlationId":"f1286879-629f-4e4c-a7f1-af6a3b1298aa"},"contractVersion":"v1"}
GET /7d047759-a703-44ec-97cf-1a644a7e9f04 =&gt; 200 {"shipmentId":"7d047759-a703-44ec-97cf-1a644a7e9f04","shipmentNumber":"SHP-7d047759a70344ec97cf1a644a7e9f04","sourceDocumentId":"SO-900","status":"Planned","carrierId":null,"loadId":null,"plannedShipAt":"2026-09-20T08:00:00+00:00","plannedDeliverAt":"2026-09-21T16:00:00+00:00","actualDeliverAt":null,"sourceModule":"MOD-0141","sourceType":"SALES_ORDER","warehouseReferenceId":"wh-01","shipToReference":"CUST-100/ADDR-2","lines":[{"lineNumber":"1","itemId":"b1f2c3d4-0000-0000-0000-000000000001","skuId":"c3d4e5f6-0000-0000-0000-000000000002","quantity":"30.000","uomId":"EA","inventoryReferenceId":"rsv-4001"}],"pod":null,"contractVersion":"v1"}
POST /7d047759-a703-44ec-97cf-1a644a7e9f04/transition =&gt; 422 {"error":{"code":"INVALID_SHIPMENT_TRANSITION","message":"INVALID_SHIPMENT_TRANSITION","correlationId":"f1286879-629f-4e4c-a7f1-af6a3b1298aa"},"contractVersion":"v1"}
GET /7d047759-a703-44ec-97cf-1a644a7e9f04 =&gt; 200 {"shipmentId":"7d047759-a703-44ec-97cf-1a644a7e9f04","shipmentNumber":"SHP-7d047759a70344ec97cf1a644a7e9f04","sourceDocumentId":"SO-900","status":"Dispatched","carrierId":null,"loadId":null,"plannedShipAt":"2026-09-20T08:00:00+00:00","plannedDeliverAt":"2026-09-21T16:00:00+00:00","actualDeliverAt":null,"sourceModule":"MOD-0141","sourceType":"SALES_ORDER","warehouseReferenceId":"wh-01","shipToReference":"CUST-100/ADDR-2","lines":[{"lineNumber":"1","itemId":"b1f2c3d4-0000-0000-0000-000000000001","skuId":"c3d4e5f6-0000-0000-0000-000000000002","quantity":"30.000","uomId":"EA","inventoryReferenceId":"rsv-4001"}],"pod":null,"contractVersion":"v1"}
POST /7d047759-a703-44ec-97cf-1a644a7e9f04/transition =&gt; 422 {"error":{"code":"INVALID_SHIPMENT_TRANSITION","message":"INVALID_SHIPMENT_TRANSITION","correlationId":"f1286879-629f-4e4c-a7f1-af6a3b1298aa"},"contractVersion":"v1"}
GET /7d047759-a703-44ec-97cf-1a644a7e9f04 =&gt; 200 {"shipmentId":"7d047759-a703-44ec-97cf-1a644a7e9f04","shipmentNumber":"SHP-7d047759a70344ec97cf1a644a7e9f04","sourceDocumentId":"SO-900","status":"Dispatched","carrierId":null,"loadId":null,"plannedShipAt":"2026-09-20T08:00:00+00:00","plannedDeliverAt":"2026-09-21T16:00:00+00:00","actualDeliverAt":null,"sourceModule":"MOD-0141","sourceType":"SALES_ORDER","warehouseReferenceId":"wh-01","shipToReference":"CUST-100/ADDR-2","lines":[{"lineNumber":"1","itemId":"b1f2c3d4-0000-0000-0000-000000000001","skuId":"c3d4e5f6-0000-0000-0000-000000000002","quantity":"30.000","uomId":"EA","inventoryReferenceId":"rsv-4001"}],"pod":null,"contractVersion":"v1"}
POST /7d047759-a703-44ec-97cf-1a644a7e9f04/transition =&gt; 422 {"error":{"code":"INVALID_SHIPMENT_TRANSITION","message":"INVALID_SHIPMENT_TRANSITION","correlationId":"f1286879-629f-4e4c-a7f1-af6a3b1298aa"},"contractVersion":"v1"}
GET /7d047759-a703-44ec-97cf-1a644a7e9f04 =&gt; 200 {"shipmentId":"7d047759-a703-44ec-97cf-1a644a7e9f04","shipmentNumber":"SHP-7d047759a70344ec97cf1a644a7e9f04","sourceDocumentId":"SO-900","status":"Dispatched","carrierId":null,"loadId":null,"plannedShipAt":"2026-09-20T08:00:00+00:00","plannedDeliverAt":"2026-09-21T16:00:00+00:00","actualDeliverAt":null,"sourceModule":"MOD-0141","sourceType":"SALES_ORDER","warehouseReferenceId":"wh-01","shipToReference":"CUST-100/ADDR-2","lines":[{"lineNumber":"1","itemId":"b1f2c3d4-0000-0000-0000-000000000001","skuId":"c3d4e5f6-0000-0000-0000-000000000002","quantity":"30.000","uomId":"EA","inventoryReferenceId":"rsv-4001"}],"pod":null,"contractVersion":"v1"}
POST /7d047759-a703-44ec-97cf-1a644a7e9f04/transition =&gt; 422 {"error":{"code":"INVALID_SHIPMENT_TRANSITION","message":"INVALID_SHIPMENT_TRANSITION","correlationId":"f1286879-629f-4e4c-a7f1-af6a3b1298aa"},"contractVersion":"v1"}
GET /7d047759-a703-44ec-97cf-1a644a7e9f04 =&gt; 200 {"shipmentId":"7d047759-a703-44ec-97cf-1a644a7e9f04","shipmentNumber":"SHP-7d047759a70344ec97cf1a644a7e9f04","sourceDocumentId":"SO-900","status":"Dispatched","carrierId":null,"loadId":null,"plannedShipAt":"2026-09-20T08:00:00+00:00","plannedDeliverAt":"2026-09-21T16:00:00+00:00","actualDeliverAt":null,"sourceModule":"MOD-0141","sourceType":"SALES_ORDER","warehouseReferenceId":"wh-01","shipToReference":"CUST-100/ADDR-2","lines":[{"lineNumber":"1","itemId":"b1f2c3d4-0000-0000-0000-000000000001","skuId":"c3d4e5f6-0000-0000-0000-000000000002","quantity":"30.000","uomId":"EA","inventoryReferenceId":"rsv-4001"}],"pod":null,"contractVersion":"v1"}
POST /7d047759-a703-44ec-97cf-1a644a7e9f04/transition =&gt; 422 {"error":{"code":"INVALID_SHIPMENT_TRANSITION","message":"INVALID_SHIPMENT_TRANSITION","correlationId":"f1286879-629f-4e4c-a7f1-af6a3b1298aa"},"contractVersion":"v1"}
GET /7d047759-a703-44ec-97cf-1a644a7e9f04 =&gt; 200 {"shipmentId":"7d047759-a703-44ec-97cf-1a644a7e9f04","shipmentNumber":"SHP-7d047759a70344ec97cf1a644a7e9f04","sourceDocumentId":"SO-900","status":"Dispatched","carrierId":null,"loadId":null,"plannedShipAt":"2026-09-20T08:00:00+00:00","plannedDeliverAt":"2026-09-21T16:00:00+00:00","actualDeliverAt":null,"sourceModule":"MOD-0141","sourceType":"SALES_ORDER","warehouseReferenceId":"wh-01","shipToReference":"CUST-100/ADDR-2","lines":[{"lineNumber":"1","itemId":"b1f2c3d4-0000-0000-0000-000000000001","skuId":"c3d4e5f6-0000-0000-0000-000000000002","quantity":"30.000","uomId":"EA","inventoryReferenceId":"rsv-4001"}],"pod":null,"contractVersion":"v1"}
POST /7d047759-a703-44ec-97cf-1a644a7e9f04/transition =&gt; 422 {"error":{"code":"INVALID_SHIPMENT_TRANSITION","message":"INVALID_SHIPMENT_TRANSITION","correlationId":"f1286879-629f-4e4c-a7f1-af6a3b1298aa"},"contractVersion":"v1"}
GET /7d047759-a703-44ec-97cf-1a644a7e9f04 =&gt; 200 {"shipmentId":"7d047759-a703-44ec-97cf-1a644a7e9f04","shipmentNumber":"SHP-7d047759a70344ec97cf1a644a7e9f04","sourceDocumentId":"SO-900","status":"InTransit","carrierId":null,"loadId":null,"plannedShipAt":"2026-09-20T08:00:00+00:00","plannedDeliverAt":"2026-09-21T16:00:00+00:00","actualDeliverAt":null,"sourceModule":"MOD-0141","sourceType":"SALES_ORDER","warehouseReferenceId":"wh-01","shipToReference":"CUST-100/ADDR-2","lines":[{"lineNumber":"1","itemId":"b1f2c3d4-0000-0000-0000-000000000001","skuId":"c3d4e5f6-0000-0000-0000-000000000002","quantity":"30.000","uomId":"EA","inventoryReferenceId":"rsv-4001"}],"pod":null,"contractVersion":"v1"}
POST /7d047759-a703-44ec-97cf-1a644a7e9f04/transition =&gt; 422 {"error":{"code":"INVALID_SHIPMENT_TRANSITION","message":"INVALID_SHIPMENT_TRANSITION","correlationId":"f1286879-629f-4e4c-a7f1-af6a3b1298aa"},"contractVersion":"v1"}
GET /7d047759-a703-44ec-97cf-1a644a7e9f04 =&gt; 200 {"shipmentId":"7d047759-a703-44ec-97cf-1a644a7e9f04","shipmentNumber":"SHP-7d047759a70344ec97cf1a644a7e9f04","sourceDocumentId":"SO-900","status":"InTransit","carrierId":null,"loadId":null,"plannedShipAt":"2026-09-20T08:00:00+00:00","plannedDeliverAt":"2026-09-21T16:00:00+00:00","actualDeliverAt":null,"sourceModule":"MOD-0141","sourceType":"SALES_ORDER","warehouseReferenceId":"wh-01","shipToReference":"CUST-100/ADDR-2","lines":[{"lineNumber":"1","itemId":"b1f2c3d4-0000-0000-0000-000000000001","skuId":"c3d4e5f6-0000-0000-0000-000000000002","quantity":"30.000","uomId":"EA","inventoryReferenceId":"rsv-4001"}],"pod":null,"contractVersion":"v1"}
POST /7d047759-a703-44ec-97cf-1a644a7e9f04/transition =&gt; 422 {"error":{"code":"INVALID_SHIPMENT_TRANSITION","message":"INVALID_SHIPMENT_TRANSITION","correlationId":"f1286879-629f-4e4c-a7f1-af6a3b1298aa"},"contractVersion":"v1"}
GET /7d047759-a703-44ec-97cf-1a644a7e9f04 =&gt; 200 {"shipmentId":"7d047759-a703-44ec-97cf-1a644a7e9f04","shipmentNumber":"SHP-7d047759a70344ec97cf1a644a7e9f04","sourceDocumentId":"SO-900","status":"InTransit","carrierId":null,"loadId":null,"plannedShipAt":"2026-09-20T08:00:00+00:00","plannedDeliverAt":"2026-09-21T16:00:00+00:00","actualDeliverAt":null,"sourceModule":"MOD-0141","sourceType":"SALES_ORDER","warehouseReferenceId":"wh-01","shipToReference":"CUST-100/ADDR-2","lines":[{"lineNumber":"1","itemId":"b1f2c3d4-0000-0000-0000-000000000001","skuId":"c3d4e5f6-0000-0000-0000-000000000002","quantity":"30.000","uomId":"EA","inventoryReferenceId":"rsv-4001"}],"pod":null,"contractVersion":"v1"}
POST /7d047759-a703-44ec-97cf-1a644a7e9f04/transition =&gt; 422 {"error":{"code":"INVALID_SHIPMENT_TRANSITION","message":"INVALID_SHIPMENT_TRANSITION","correlationId":"f1286879-629f-4e4c-a7f1-af6a3b1298aa"},"contractVersion":"v1"}
GET /7d047759-a703-44ec-97cf-1a644a7e9f04 =&gt; 200 {"shipmentId":"7d047759-a703-44ec-97cf-1a644a7e9f04","shipmentNumber":"SHP-7d047759a70344ec97cf1a644a7e9f04","sourceDocumentId":"SO-900","status":"InTransit","carrierId":null,"loadId":null,"plannedShipAt":"2026-09-20T08:00:00+00:00","plannedDeliverAt":"2026-09-21T16:00:00+00:00","actualDeliverAt":null,"sourceModule":"MOD-0141","sourceType":"SALES_ORDER","warehouseReferenceId":"wh-01","shipToReference":"CUST-100/ADDR-2","lines":[{"lineNumber":"1","itemId":"b1f2c3d4-0000-0000-0000-000000000001","skuId":"c3d4e5f6-0000-0000-0000-000000000002","quantity":"30.000","uomId":"EA","inventoryReferenceId":"rsv-4001"}],"pod":null,"contractVersion":"v1"}
POST /7d047759-a703-44ec-97cf-1a644a7e9f04/transition =&gt; 422 {"error":{"code":"INVALID_SHIPMENT_TRANSITION","message":"INVALID_SHIPMENT_TRANSITION","correlationId":"f1286879-629f-4e4c-a7f1-af6a3b1298aa"},"contractVersion":"v1"}
GET /7d047759-a703-44ec-97cf-1a644a7e9f04 =&gt; 200 {"shipmentId":"7d047759-a703-44ec-97cf-1a644a7e9f04","shipmentNumber":"SHP-7d047759a70344ec97cf1a644a7e9f04","sourceDocumentId":"SO-900","status":"InTransit","carrierId":null,"loadId":null,"plannedShipAt":"2026-09-20T08:00:00+00:00","plannedDeliverAt":"2026-09-21T16:00:00+00:00","actualDeliverAt":null,"sourceModule":"MOD-0141","sourceType":"SALES_ORDER","warehouseReferenceId":"wh-01","shipToReference":"CUST-100/ADDR-2","lines":[{"lineNumber":"1","itemId":"b1f2c3d4-0000-0000-0000-000000000001","skuId":"c3d4e5f6-0000-0000-0000-000000000002","quantity":"30.000","uomId":"EA","inventoryReferenceId":"rsv-4001"}],"pod":null,"contractVersion":"v1"}
POST /7d047759-a703-44ec-97cf-1a644a7e9f04/transition =&gt; 422 {"error":{"code":"INVALID_SHIPMENT_TRANSITION","message":"INVALID_SHIPMENT_TRANSITION","correlationId":"f1286879-629f-4e4c-a7f1-af6a3b1298aa"},"contractVersion":"v1"}
GET /7d047759-a703-44ec-97cf-1a644a7e9f04 =&gt; 200 {"shipmentId":"7d047759-a703-44ec-97cf-1a644a7e9f04","shipmentNumber":"SHP-7d047759a70344ec97cf1a644a7e9f04","sourceDocumentId":"SO-900","status":"InTransit","carrierId":null,"loadId":null,"plannedShipAt":"2026-09-20T08:00:00+00:00","plannedDeliverAt":"2026-09-21T16:00:00+00:00","actualDeliverAt":null,"sourceModule":"MOD-0141","sourceType":"SALES_ORDER","warehouseReferenceId":"wh-01","shipToReference":"CUST-100/ADDR-2","lines":[{"lineNumber":"1","itemId":"b1f2c3d4-0000-0000-0000-000000000001","skuId":"c3d4e5f6-0000-0000-0000-000000000002","quantity":"30.000","uomId":"EA","inventoryReferenceId":"rsv-4001"}],"pod":null,"contractVersion":"v1"}
POST /7d047759-a703-44ec-97cf-1a644a7e9f04/transition =&gt; 422 {"error":{"code":"INVALID_SHIPMENT_TRANSITION","message":"INVALID_SHIPMENT_TRANSITION","correlationId":"f1286879-629f-4e4c-a7f1-af6a3b1298aa"},"contractVersion":"v1"}
GET /7d047759-a703-44ec-97cf-1a644a7e9f04 =&gt; 200 {"shipmentId":"7d047759-a703-44ec-97cf-1a644a7e9f04","shipmentNumber":"SHP-7d047759a70344ec97cf1a644a7e9f04","sourceDocumentId":"SO-900","status":"Delivered","carrierId":null,"loadId":null,"plannedShipAt":"2026-09-20T08:00:00+00:00","plannedDeliverAt":"2026-09-21T16:00:00+00:00","actualDeliverAt":null,"sourceModule":"MOD-0141","sourceType":"SALES_ORDER","warehouseReferenceId":"wh-01","shipToReference":"CUST-100/ADDR-2","lines":[{"lineNumber":"1","itemId":"b1f2c3d4-0000-0000-0000-000000000001","skuId":"c3d4e5f6-0000-0000-0000-000000000002","quantity":"30.000","uomId":"EA","inventoryReferenceId":"rsv-4001"}],"pod":null,"contractVersion":"v1"}
POST /7d047759-a703-44ec-97cf-1a644a7e9f04/transition =&gt; 422 {"error":{"code":"INVALID_SHIPMENT_TRANSITION","message":"INVALID_SHIPMENT_TRANSITION","correlationId":"f1286879-629f-4e4c-a7f1-af6a3b1298aa"},"contractVersion":"v1"}
GET /7d047759-a703-44ec-97cf-1a644a7e9f04 =&gt; 200 {"shipmentId":"7d047759-a703-44ec-97cf-1a644a7e9f04","shipmentNumber":"SHP-7d047759a70344ec97cf1a644a7e9f04","sourceDocumentId":"SO-900","status":"Delivered","carrierId":null,"loadId":null,"plannedShipAt":"2026-09-20T08:00:00+00:00","plannedDeliverAt":"2026-09-21T16:00:00+00:00","actualDeliverAt":null,"sourceModule":"MOD-0141","sourceType":"SALES_ORDER","warehouseReferenceId":"wh-01","shipToReference":"CUST-100/ADDR-2","lines":[{"lineNumber":"1","itemId":"b1f2c3d4-0000-0000-0000-000000000001","skuId":"c3d4e5f6-0000-0000-0000-000000000002","quantity":"30.000","uomId":"EA","inventoryReferenceId":"rsv-4001"}],"pod":null,"contractVersion":"v1"}
POST /7d047759-a703-44ec-97cf-1a644a7e9f04/transition =&gt; 422 {"error":{"code":"INVALID_SHIPMENT_TRANSITION","message":"INVALID_SHIPMENT_TRANSITION","correlationId":"f1286879-629f-4e4c-a7f1-af6a3b1298aa"},"contractVersion":"v1"}
GET /7d047759-a703-44ec-97cf-1a644a7e9f04 =&gt; 200 {"shipmentId":"7d047759-a703-44ec-97cf-1a644a7e9f04","shipmentNumber":"SHP-7d047759a70344ec97cf1a644a7e9f04","sourceDocumentId":"SO-900","status":"Delivered","carrierId":null,"loadId":null,"plannedShipAt":"2026-09-20T08:00:00+00:00","plannedDeliverAt":"2026-09-21T16:00:00+00:00","actualDeliverAt":null,"sourceModule":"MOD-0141","sourceType":"SALES_ORDER","warehouseReferenceId":"wh-01","shipToReference":"CUST-100/ADDR-2","lines":[{"lineNumber":"1","itemId":"b1f2c3d4-0000-0000-0000-000000000001","skuId":"c3d4e5f6-0000-0000-0000-000000000002","quantity":"30.000","uomId":"EA","inventoryReferenceId":"rsv-4001"}],"pod":null,"contractVersion":"v1"}
POST /7d047759-a703-44ec-97cf-1a644a7e9f04/transition =&gt; 422 {"error":{"code":"INVALID_SHIPMENT_TRANSITION","message":"INVALID_SHIPMENT_TRANSITION","correlationId":"f1286879-629f-4e4c-a7f1-af6a3b1298aa"},"contractVersion":"v1"}
GET /7d047759-a703-44ec-97cf-1a644a7e9f04 =&gt; 200 {"shipmentId":"7d047759-a703-44ec-97cf-1a644a7e9f04","shipmentNumber":"SHP-7d047759a70344ec97cf1a644a7e9f04","sourceDocumentId":"SO-900","status":"Delivered","carrierId":null,"loadId":null,"plannedShipAt":"2026-09-20T08:00:00+00:00","plannedDeliverAt":"2026-09-21T16:00:00+00:00","actualDeliverAt":null,"sourceModule":"MOD-0141","sourceType":"SALES_ORDER","warehouseReferenceId":"wh-01","shipToReference":"CUST-100/ADDR-2","lines":[{"lineNumber":"1","itemId":"b1f2c3d4-0000-0000-0000-000000000001","skuId":"c3d4e5f6-0000-0000-0000-000000000002","quantity":"30.000","uomId":"EA","inventoryReferenceId":"rsv-4001"}],"pod":null,"contractVersion":"v1"}
POST /7d047759-a703-44ec-97cf-1a644a7e9f04/transition =&gt; 422 {"error":{"code":"INVALID_SHIPMENT_TRANSITION","message":"INVALID_SHIPMENT_TRANSITION","correlationId":"f1286879-629f-4e4c-a7f1-af6a3b1298aa"},"contractVersion":"v1"}
GET /7d047759-a703-44ec-97cf-1a644a7e9f04 =&gt; 200 {"shipmentId":"7d047759-a703-44ec-97cf-1a644a7e9f04","shipmentNumber":"SHP-7d047759a70344ec97cf1a644a7e9f04","sourceDocumentId":"SO-900","status":"Delivered","carrierId":null,"loadId":null,"plannedShipAt":"2026-09-20T08:00:00+00:00","plannedDeliverAt":"2026-09-21T16:00:00+00:00","actualDeliverAt":null,"sourceModule":"MOD-0141","sourceType":"SALES_ORDER","warehouseReferenceId":"wh-01","shipToReference":"CUST-100/ADDR-2","lines":[{"lineNumber":"1","itemId":"b1f2c3d4-0000-0000-0000-000000000001","skuId":"c3d4e5f6-0000-0000-0000-000000000002","quantity":"30.000","uomId":"EA","inventoryReferenceId":"rsv-4001"}],"pod":null,"contractVersion":"v1"}
POST /7d047759-a703-44ec-97cf-1a644a7e9f04/transition =&gt; 422 {"error":{"code":"INVALID_SHIPMENT_TRANSITION","message":"INVALID_SHIPMENT_TRANSITION","correlationId":"f1286879-629f-4e4c-a7f1-af6a3b1298aa"},"contractVersion":"v1"}
GET /7d047759-a703-44ec-97cf-1a644a7e9f04 =&gt; 200 {"shipmentId":"7d047759-a703-44ec-97cf-1a644a7e9f04","shipmentNumber":"SHP-7d047759a70344ec97cf1a644a7e9f04","sourceDocumentId":"SO-900","status":"Delivered","carrierId":null,"loadId":null,"plannedShipAt":"2026-09-20T08:00:00+00:00","plannedDeliverAt":"2026-09-21T16:00:00+00:00","actualDeliverAt":null,"sourceModule":"MOD-0141","sourceType":"SALES_ORDER","warehouseReferenceId":"wh-01","shipToReference":"CUST-100/ADDR-2","lines":[{"lineNumber":"1","itemId":"b1f2c3d4-0000-0000-0000-000000000001","skuId":"c3d4e5f6-0000-0000-0000-000000000002","quantity":"30.000","uomId":"EA","inventoryReferenceId":"rsv-4001"}],"pod":null,"contractVersion":"v1"}
POST /7d047759-a703-44ec-97cf-1a644a7e9f04/transition =&gt; 422 {"error":{"code":"INVALID_SHIPMENT_TRANSITION","message":"INVALID_SHIPMENT_TRANSITION","correlationId":"f1286879-629f-4e4c-a7f1-af6a3b1298aa"},"contractVersion":"v1"}
GET /7d047759-a703-44ec-97cf-1a644a7e9f04 =&gt; 200 {"shipmentId":"7d047759-a703-44ec-97cf-1a644a7e9f04","shipmentNumber":"SHP-7d047759a70344ec97cf1a644a7e9f04","sourceDocumentId":"SO-900","status":"Delivered","carrierId":null,"loadId":null,"plannedShipAt":"2026-09-20T08:00:00+00:00","plannedDeliverAt":"2026-09-21T16:00:00+00:00","actualDeliverAt":null,"sourceModule":"MOD-0141","sourceType":"SALES_ORDER","warehouseReferenceId":"wh-01","shipToReference":"CUST-100/ADDR-2","lines":[{"lineNumber":"1","itemId":"b1f2c3d4-0000-0000-0000-000000000001","skuId":"c3d4e5f6-0000-0000-0000-000000000002","quantity":"30.000","uomId":"EA","inventoryReferenceId":"rsv-4001"}],"pod":null,"contractVersion":"v1"}
POST /7d047759-a703-44ec-97cf-1a644a7e9f04/transition =&gt; 422 {"error":{"code":"INVALID_SHIPMENT_TRANSITION","message":"INVALID_SHIPMENT_TRANSITION","correlationId":"f1286879-629f-4e4c-a7f1-af6a3b1298aa"},"contractVersion":"v1"}
GET /7d047759-a703-44ec-97cf-1a644a7e9f04 =&gt; 200 {"shipmentId":"7d047759-a703-44ec-97cf-1a644a7e9f04","shipmentNumber":"SHP-7d047759a70344ec97cf1a644a7e9f04","sourceDocumentId":"SO-900","status":"Exception","carrierId":null,"loadId":null,"plannedShipAt":"2026-09-20T08:00:00+00:00","plannedDeliverAt":"2026-09-21T16:00:00+00:00","actualDeliverAt":null,"sourceModule":"MOD-0141","sourceType":"SALES_ORDER","warehouseReferenceId":"wh-01","shipToReference":"CUST-100/ADDR-2","lines":[{"lineNumber":"1","itemId":"b1f2c3d4-0000-0000-0000-000000000001","skuId":"c3d4e5f6-0000-0000-0000-000000000002","quantity":"30.000","uomId":"EA","inventoryReferenceId":"rsv-4001"}],"pod":null,"contractVersion":"v1"}
POST /7d047759-a703-44ec-97cf-1a644a7e9f04/transition =&gt; 422 {"error":{"code":"INVALID_SHIPMENT_TRANSITION","message":"INVALID_SHIPMENT_TRANSITION","correlationId":"f1286879-629f-4e4c-a7f1-af6a3b1298aa"},"contractVersion":"v1"}
GET /7d047759-a703-44ec-97cf-1a644a7e9f04 =&gt; 200 {"shipmentId":"7d047759-a703-44ec-97cf-1a644a7e9f04","shipmentNumber":"SHP-7d047759a70344ec97cf1a644a7e9f04","sourceDocumentId":"SO-900","status":"Exception","carrierId":null,"loadId":null,"plannedShipAt":"2026-09-20T08:00:00+00:00","plannedDeliverAt":"2026-09-21T16:00:00+00:00","actualDeliverAt":null,"sourceModule":"MOD-0141","sourceType":"SALES_ORDER","warehouseReferenceId":"wh-01","shipToReference":"CUST-100/ADDR-2","lines":[{"lineNumber":"1","itemId":"b1f2c3d4-0000-0000-0000-000000000001","skuId":"c3d4e5f6-0000-0000-0000-000000000002","quantity":"30.000","uomId":"EA","inventoryReferenceId":"rsv-4001"}],"pod":null,"contractVersion":"v1"}
POST /7d047759-a703-44ec-97cf-1a644a7e9f04/transition =&gt; 422 {"error":{"code":"INVALID_SHIPMENT_TRANSITION","message":"INVALID_SHIPMENT_TRANSITION","correlationId":"f1286879-629f-4e4c-a7f1-af6a3b1298aa"},"contractVersion":"v1"}
GET /7d047759-a703-44ec-97cf-1a644a7e9f04 =&gt; 200 {"shipmentId":"7d047759-a703-44ec-97cf-1a644a7e9f04","shipmentNumber":"SHP-7d047759a70344ec97cf1a644a7e9f04","sourceDocumentId":"SO-900","status":"Exception","carrierId":null,"loadId":null,"plannedShipAt":"2026-09-20T08:00:00+00:00","plannedDeliverAt":"2026-09-21T16:00:00+00:00","actualDeliverAt":null,"sourceModule":"MOD-0141","sourceType":"SALES_ORDER","warehouseReferenceId":"wh-01","shipToReference":"CUST-100/ADDR-2","lines":[{"lineNumber":"1","itemId":"b1f2c3d4-0000-0000-0000-000000000001","skuId":"c3d4e5f6-0000-0000-0000-000000000002","quantity":"30.000","uomId":"EA","inventoryReferenceId":"rsv-4001"}],"pod":null,"contractVersion":"v1"}
POST /7d047759-a703-44ec-97cf-1a644a7e9f04/transition =&gt; 422 {"error":{"code":"INVALID_SHIPMENT_TRANSITION","message":"INVALID_SHIPMENT_TRANSITION","correlationId":"f1286879-629f-4e4c-a7f1-af6a3b1298aa"},"contractVersion":"v1"}
GET /7d047759-a703-44ec-97cf-1a644a7e9f04 =&gt; 200 {"shipmentId":"7d047759-a703-44ec-97cf-1a644a7e9f04","shipmentNumber":"SHP-7d047759a70344ec97cf1a644a7e9f04","sourceDocumentId":"SO-900","status":"Exception","carrierId":null,"loadId":null,"plannedShipAt":"2026-09-20T08:00:00+00:00","plannedDeliverAt":"2026-09-21T16:00:00+00:00","actualDeliverAt":null,"sourceModule":"MOD-0141","sourceType":"SALES_ORDER","warehouseReferenceId":"wh-01","shipToReference":"CUST-100/ADDR-2","lines":[{"lineNumber":"1","itemId":"b1f2c3d4-0000-0000-0000-000000000001","skuId":"c3d4e5f6-0000-0000-0000-000000000002","quantity":"30.000","uomId":"EA","inventoryReferenceId":"rsv-4001"}],"pod":null,"contractVersion":"v1"}
POST /7d047759-a703-44ec-97cf-1a644a7e9f04/transition =&gt; 422 {"error":{"code":"INVALID_SHIPMENT_TRANSITION","message":"INVALID_SHIPMENT_TRANSITION","correlationId":"f1286879-629f-4e4c-a7f1-af6a3b1298aa"},"contractVersion":"v1"}
GET /7d047759-a703-44ec-97cf-1a644a7e9f04 =&gt; 200 {"shipmentId":"7d047759-a703-44ec-97cf-1a644a7e9f04","shipmentNumber":"SHP-7d047759a70344ec97cf1a644a7e9f04","sourceDocumentId":"SO-900","status":"Exception","carrierId":null,"loadId":null,"plannedShipAt":"2026-09-20T08:00:00+00:00","plannedDeliverAt":"2026-09-21T16:00:00+00:00","actualDeliverAt":null,"sourceModule":"MOD-0141","sourceType":"SALES_ORDER","warehouseReferenceId":"wh-01","shipToReference":"CUST-100/ADDR-2","lines":[{"lineNumber":"1","itemId":"b1f2c3d4-0000-0000-0000-000000000001","skuId":"c3d4e5f6-0000-0000-0000-000000000002","quantity":"30.000","uomId":"EA","inventoryReferenceId":"rsv-4001"}],"pod":null,"contractVersion":"v1"}
POST /7d047759-a703-44ec-97cf-1a644a7e9f04/transition =&gt; 422 {"error":{"code":"INVALID_SHIPMENT_TRANSITION","message":"INVALID_SHIPMENT_TRANSITION","correlationId":"f1286879-629f-4e4c-a7f1-af6a3b1298aa"},"contractVersion":"v1"}
GET /7d047759-a703-44ec-97cf-1a644a7e9f04 =&gt; 200 {"shipmentId":"7d047759-a703-44ec-97cf-1a644a7e9f04","shipmentNumber":"SHP-7d047759a70344ec97cf1a644a7e9f04","sourceDocumentId":"SO-900","status":"Exception","carrierId":null,"loadId":null,"plannedShipAt":"2026-09-20T08:00:00+00:00","plannedDeliverAt":"2026-09-21T16:00:00+00:00","actualDeliverAt":null,"sourceModule":"MOD-0141","sourceType":"SALES_ORDER","warehouseReferenceId":"wh-01","shipToReference":"CUST-100/ADDR-2","lines":[{"lineNumber":"1","itemId":"b1f2c3d4-0000-0000-0000-000000000001","skuId":"c3d4e5f6-0000-0000-0000-000000000002","quantity":"30.000","uomId":"EA","inventoryReferenceId":"rsv-4001"}],"pod":null,"contractVersion":"v1"}
POST /7d047759-a703-44ec-97cf-1a644a7e9f04/transition =&gt; 422 {"error":{"code":"INVALID_SHIPMENT_TRANSITION","message":"INVALID_SHIPMENT_TRANSITION","correlationId":"f1286879-629f-4e4c-a7f1-af6a3b1298aa"},"contractVersion":"v1"}
GET /7d047759-a703-44ec-97cf-1a644a7e9f04 =&gt; 200 {"shipmentId":"7d047759-a703-44ec-97cf-1a644a7e9f04","shipmentNumber":"SHP-7d047759a70344ec97cf1a644a7e9f04","sourceDocumentId":"SO-900","status":"Closed","carrierId":null,"loadId":null,"plannedShipAt":"2026-09-20T08:00:00+00:00","plannedDeliverAt":"2026-09-21T16:00:00+00:00","actualDeliverAt":null,"sourceModule":"MOD-0141","sourceType":"SALES_ORDER","warehouseReferenceId":"wh-01","shipToReference":"CUST-100/ADDR-2","lines":[{"lineNumber":"1","itemId":"b1f2c3d4-0000-0000-0000-000000000001","skuId":"c3d4e5f6-0000-0000-0000-000000000002","quantity":"30.000","uomId":"EA","inventoryReferenceId":"rsv-4001"}],"pod":null,"contractVersion":"v1"}
POST /7d047759-a703-44ec-97cf-1a644a7e9f04/transition =&gt; 422 {"error":{"code":"INVALID_SHIPMENT_TRANSITION","message":"INVALID_SHIPMENT_TRANSITION","correlationId":"f1286879-629f-4e4c-a7f1-af6a3b1298aa"},"contractVersion":"v1"}
GET /7d047759-a703-44ec-97cf-1a644a7e9f04 =&gt; 200 {"shipmentId":"7d047759-a703-44ec-97cf-1a644a7e9f04","shipmentNumber":"SHP-7d047759a70344ec97cf1a644a7e9f04","sourceDocumentId":"SO-900","status":"Closed","carrierId":null,"loadId":null,"plannedShipAt":"2026-09-20T08:00:00+00:00","plannedDeliverAt":"2026-09-21T16:00:00+00:00","actualDeliverAt":null,"sourceModule":"MOD-0141","sourceType":"SALES_ORDER","warehouseReferenceId":"wh-01","shipToReference":"CUST-100/ADDR-2","lines":[{"lineNumber":"1","itemId":"b1f2c3d4-0000-0000-0000-000000000001","skuId":"c3d4e5f6-0000-0000-0000-000000000002","quantity":"30.000","uomId":"EA","inventoryReferenceId":"rsv-4001"}],"pod":null,"contractVersion":"v1"}
POST /7d047759-a703-44ec-97cf-1a644a7e9f04/transition =&gt; 422 {"error":{"code":"INVALID_SHIPMENT_TRANSITION","message":"INVALID_SHIPMENT_TRANSITION","correlationId":"f1286879-629f-4e4c-a7f1-af6a3b1298aa"},"contractVersion":"v1"}
GET /7d047759-a703-44ec-97cf-1a644a7e9f04 =&gt; 200 {"shipmentId":"7d047759-a703-44ec-97cf-1a644a7e9f04","shipmentNumber":"SHP-7d047759a70344ec97cf1a644a7e9f04","sourceDocumentId":"SO-900","status":"Closed","carrierId":null,"loadId":null,"plannedShipAt":"2026-09-20T08:00:00+00:00","plannedDeliverAt":"2026-09-21T16:00:00+00:00","actualDeliverAt":null,"sourceModule":"MOD-0141","sourceType":"SALES_ORDER","warehouseReferenceId":"wh-01","shipToReference":"CUST-100/ADDR-2","lines":[{"lineNumber":"1","itemId":"b1f2c3d4-0000-0000-0000-000000000001","skuId":"c3d4e5f6-0000-0000-0000-000000000002","quantity":"30.000","uomId":"EA","inventoryReferenceId":"rsv-4001"}],"pod":null,"contractVersion":"v1"}
POST /7d047759-a703-44ec-97cf-1a644a7e9f04/transition =&gt; 422 {"error":{"code":"INVALID_SHIPMENT_TRANSITION","message":"INVALID_SHIPMENT_TRANSITION","correlationId":"f1286879-629f-4e4c-a7f1-af6a3b1298aa"},"contractVersion":"v1"}
GET /7d047759-a703-44ec-97cf-1a644a7e9f04 =&gt; 200 {"shipmentId":"7d047759-a703-44ec-97cf-1a644a7e9f04","shipmentNumber":"SHP-7d047759a70344ec97cf1a644a7e9f04","sourceDocumentId":"SO-900","status":"Closed","carrierId":null,"loadId":null,"plannedShipAt":"2026-09-20T08:00:00+00:00","plannedDeliverAt":"2026-09-21T16:00:00+00:00","actualDeliverAt":null,"sourceModule":"MOD-0141","sourceType":"SALES_ORDER","warehouseReferenceId":"wh-01","shipToReference":"CUST-100/ADDR-2","lines":[{"lineNumber":"1","itemId":"b1f2c3d4-0000-0000-0000-000000000001","skuId":"c3d4e5f6-0000-0000-0000-000000000002","quantity":"30.000","uomId":"EA","inventoryReferenceId":"rsv-4001"}],"pod":null,"contractVersion":"v1"}
POST /7d047759-a703-44ec-97cf-1a644a7e9f04/transition =&gt; 422 {"error":{"code":"INVALID_SHIPMENT_TRANSITION","message":"INVALID_SHIPMENT_TRANSITION","correlationId":"f1286879-629f-4e4c-a7f1-af6a3b1298aa"},"contractVersion":"v1"}
GET /7d047759-a703-44ec-97cf-1a644a7e9f04 =&gt; 200 {"shipmentId":"7d047759-a703-44ec-97cf-1a644a7e9f04","shipmentNumber":"SHP-7d047759a70344ec97cf1a644a7e9f04","sourceDocumentId":"SO-900","status":"Closed","carrierId":null,"loadId":null,"plannedShipAt":"2026-09-20T08:00:00+00:00","plannedDeliverAt":"2026-09-21T16:00:00+00:00","actualDeliverAt":null,"sourceModule":"MOD-0141","sourceType":"SALES_ORDER","warehouseReferenceId":"wh-01","shipToReference":"CUST-100/ADDR-2","lines":[{"lineNumber":"1","itemId":"b1f2c3d4-0000-0000-0000-000000000001","skuId":"c3d4e5f6-0000-0000-0000-000000000002","quantity":"30.000","uomId":"EA","inventoryReferenceId":"rsv-4001"}],"pod":null,"contractVersion":"v1"}
POST /7d047759-a703-44ec-97cf-1a644a7e9f04/transition =&gt; 422 {"error":{"code":"INVALID_SHIPMENT_TRANSITION","message":"INVALID_SHIPMENT_TRANSITION","correlationId":"f1286879-629f-4e4c-a7f1-af6a3b1298aa"},"contractVersion":"v1"}
GET /7d047759-a703-44ec-97cf-1a644a7e9f04 =&gt; 200 {"shipmentId":"7d047759-a703-44ec-97cf-1a644a7e9f04","shipmentNumber":"SHP-7d047759a70344ec97cf1a644a7e9f04","sourceDocumentId":"SO-900","status":"Closed","carrierId":null,"loadId":null,"plannedShipAt":"2026-09-20T08:00:00+00:00","plannedDeliverAt":"2026-09-21T16:00:00+00:00","actualDeliverAt":null,"sourceModule":"MOD-0141","sourceType":"SALES_ORDER","warehouseReferenceId":"wh-01","shipToReference":"CUST-100/ADDR-2","lines":[{"lineNumber":"1","itemId":"b1f2c3d4-0000-0000-0000-000000000001","skuId":"c3d4e5f6-0000-0000-0000-000000000002","quantity":"30.000","uomId":"EA","inventoryReferenceId":"rsv-4001"}],"pod":null,"contractVersion":"v1"}
POST /7d047759-a703-44ec-97cf-1a644a7e9f04/transition =&gt; 422 {"error":{"code":"INVALID_SHIPMENT_TRANSITION","message":"INVALID_SHIPMENT_TRANSITION","correlationId":"f1286879-629f-4e4c-a7f1-af6a3b1298aa"},"contractVersion":"v1"}
GET /7d047759-a703-44ec-97cf-1a644a7e9f04 =&gt; 200 {"shipmentId":"7d047759-a703-44ec-97cf-1a644a7e9f04","shipmentNumber":"SHP-7d047759a70344ec97cf1a644a7e9f04","sourceDocumentId":"SO-900","status":"Closed","carrierId":null,"loadId":null,"plannedShipAt":"2026-09-20T08:00:00+00:00","plannedDeliverAt":"2026-09-21T16:00:00+00:00","actualDeliverAt":null,"sourceModule":"MOD-0141","sourceType":"SALES_ORDER","warehouseReferenceId":"wh-01","shipToReference":"CUST-100/ADDR-2","lines":[{"lineNumber":"1","itemId":"b1f2c3d4-0000-0000-0000-000000000001","skuId":"c3d4e5f6-0000-0000-0000-000000000002","quantity":"30.000","uomId":"EA","inventoryReferenceId":"rsv-4001"}],"pod":null,"contractVersion":"v1"}
POST /7d047759-a703-44ec-97cf-1a644a7e9f04/transition =&gt; 422 {"error":{"code":"INVALID_SHIPMENT_TRANSITION","message":"INVALID_SHIPMENT_TRANSITION","correlationId":"f1286879-629f-4e4c-a7f1-af6a3b1298aa"},"contractVersion":"v1"}
GET /7d047759-a703-44ec-97cf-1a644a7e9f04 =&gt; 200 {"shipmentId":"7d047759-a703-44ec-97cf-1a644a7e9f04","shipmentNumber":"SHP-7d047759a70344ec97cf1a644a7e9f04","sourceDocumentId":"SO-900","status":"Closed","carrierId":null,"loadId":null,"plannedShipAt":"2026-09-20T08:00:00+00:00","plannedDeliverAt":"2026-09-21T16:00:00+00:00","actualDeliverAt":null,"sourceModule":"MOD-0141","sourceType":"SALES_ORDER","warehouseReferenceId":"wh-01","shipToReference":"CUST-100/ADDR-2","lines":[{"lineNumber":"1","itemId":"b1f2c3d4-0000-0000-0000-000000000001","skuId":"c3d4e5f6-0000-0000-0000-000000000002","quantity":"30.000","uomId":"EA","inventoryReferenceId":"rsv-4001"}],"pod":null,"contractVersion":"v1"}
POST /7d047759-a703-44ec-97cf-1a644a7e9f04/transition =&gt; 422 {"error":{"code":"INVALID_SHIPMENT_TRANSITION","message":"INVALID_SHIPMENT_TRANSITION","correlationId":"f1286879-629f-4e4c-a7f1-af6a3b1298aa"},"contractVersion":"v1"}
GET /7d047759-a703-44ec-97cf-1a644a7e9f04 =&gt; 200 {"shipmentId":"7d047759-a703-44ec-97cf-1a644a7e9f04","shipmentNumber":"SHP-7d047759a70344ec97cf1a644a7e9f04","sourceDocumentId":"SO-900","status":"Cancelled","carrierId":null,"loadId":null,"plannedShipAt":"2026-09-20T08:00:00+00:00","plannedDeliverAt":"2026-09-21T16:00:00+00:00","actualDeliverAt":null,"sourceModule":"MOD-0141","sourceType":"SALES_ORDER","warehouseReferenceId":"wh-01","shipToReference":"CUST-100/ADDR-2","lines":[{"lineNumber":"1","itemId":"b1f2c3d4-0000-0000-0000-000000000001","skuId":"c3d4e5f6-0000-0000-0000-000000000002","quantity":"30.000","uomId":"EA","inventoryReferenceId":"rsv-4001"}],"pod":null,"contractVersion":"v1"}
POST /7d047759-a703-44ec-97cf-1a644a7e9f04/transition =&gt; 422 {"error":{"code":"INVALID_SHIPMENT_TRANSITION","message":"INVALID_SHIPMENT_TRANSITION","correlationId":"f1286879-629f-4e4c-a7f1-af6a3b1298aa"},"contractVersion":"v1"}
GET /7d047759-a703-44ec-97cf-1a644a7e9f04 =&gt; 200 {"shipmentId":"7d047759-a703-44ec-97cf-1a644a7e9f04","shipmentNumber":"SHP-7d047759a70344ec97cf1a644a7e9f04","sourceDocumentId":"SO-900","status":"Cancelled","carrierId":null,"loadId":null,"plannedShipAt":"2026-09-20T08:00:00+00:00","plannedDeliverAt":"2026-09-21T16:00:00+00:00","actualDeliverAt":null,"sourceModule":"MOD-0141","sourceType":"SALES_ORDER","warehouseReferenceId":"wh-01","shipToReference":"CUST-100/ADDR-2","lines":[{"lineNumber":"1","itemId":"b1f2c3d4-0000-0000-0000-000000000001","skuId":"c3d4e5f6-0000-0000-0000-000000000002","quantity":"30.000","uomId":"EA","inventoryReferenceId":"rsv-4001"}],"pod":null,"contractVersion":"v1"}
POST /7d047759-a703-44ec-97cf-1a644a7e9f04/transition =&gt; 422 {"error":{"code":"INVALID_SHIPMENT_TRANSITION","message":"INVALID_SHIPMENT_TRANSITION","correlationId":"f1286879-629f-4e4c-a7f1-af6a3b1298aa"},"contractVersion":"v1"}
GET /7d047759-a703-44ec-97cf-1a644a7e9f04 =&gt; 200 {"shipmentId":"7d047759-a703-44ec-97cf-1a644a7e9f04","shipmentNumber":"SHP-7d047759a70344ec97cf1a644a7e9f04","sourceDocumentId":"SO-900","status":"Cancelled","carrierId":null,"loadId":null,"plannedShipAt":"2026-09-20T08:00:00+00:00","plannedDeliverAt":"2026-09-21T16:00:00+00:00","actualDeliverAt":null,"sourceModule":"MOD-0141","sourceType":"SALES_ORDER","warehouseReferenceId":"wh-01","shipToReference":"CUST-100/ADDR-2","lines":[{"lineNumber":"1","itemId":"b1f2c3d4-0000-0000-0000-000000000001","skuId":"c3d4e5f6-0000-0000-0000-000000000002","quantity":"30.000","uomId":"EA","inventoryReferenceId":"rsv-4001"}],"pod":null,"contractVersion":"v1"}
POST /7d047759-a703-44ec-97cf-1a644a7e9f04/transition =&gt; 422 {"error":{"code":"INVALID_SHIPMENT_TRANSITION","message":"INVALID_SHIPMENT_TRANSITION","correlationId":"f1286879-629f-4e4c-a7f1-af6a3b1298aa"},"contractVersion":"v1"}
GET /7d047759-a703-44ec-97cf-1a644a7e9f04 =&gt; 200 {"shipmentId":"7d047759-a703-44ec-97cf-1a644a7e9f04","shipmentNumber":"SHP-7d047759a70344ec97cf1a644a7e9f04","sourceDocumentId":"SO-900","status":"Cancelled","carrierId":null,"loadId":null,"plannedShipAt":"2026-09-20T08:00:00+00:00","plannedDeliverAt":"2026-09-21T16:00:00+00:00","actualDeliverAt":null,"sourceModule":"MOD-0141","sourceType":"SALES_ORDER","warehouseReferenceId":"wh-01","shipToReference":"CUST-100/ADDR-2","lines":[{"lineNumber":"1","itemId":"b1f2c3d4-0000-0000-0000-000000000001","skuId":"c3d4e5f6-0000-0000-0000-000000000002","quantity":"30.000","uomId":"EA","inventoryReferenceId":"rsv-4001"}],"pod":null,"contractVersion":"v1"}
POST /7d047759-a703-44ec-97cf-1a644a7e9f04/transition =&gt; 422 {"error":{"code":"INVALID_SHIPMENT_TRANSITION","message":"INVALID_SHIPMENT_TRANSITION","correlationId":"f1286879-629f-4e4c-a7f1-af6a3b1298aa"},"contractVersion":"v1"}
GET /7d047759-a703-44ec-97cf-1a644a7e9f04 =&gt; 200 {"shipmentId":"7d047759-a703-44ec-97cf-1a644a7e9f04","shipmentNumber":"SHP-7d047759a70344ec97cf1a644a7e9f04","sourceDocumentId":"SO-900","status":"Cancelled","carrierId":null,"loadId":null,"plannedShipAt":"2026-09-20T08:00:00+00:00","plannedDeliverAt":"2026-09-21T16:00:00+00:00","actualDeliverAt":null,"sourceModule":"MOD-0141","sourceType":"SALES_ORDER","warehouseReferenceId":"wh-01","shipToReference":"CUST-100/ADDR-2","lines":[{"lineNumber":"1","itemId":"b1f2c3d4-0000-0000-0000-000000000001","skuId":"c3d4e5f6-0000-0000-0000-000000000002","quantity":"30.000","uomId":"EA","inventoryReferenceId":"rsv-4001"}],"pod":null,"contractVersion":"v1"}
POST /7d047759-a703-44ec-97cf-1a644a7e9f04/transition =&gt; 422 {"error":{"code":"INVALID_SHIPMENT_TRANSITION","message":"INVALID_SHIPMENT_TRANSITION","correlationId":"f1286879-629f-4e4c-a7f1-af6a3b1298aa"},"contractVersion":"v1"}
GET /7d047759-a703-44ec-97cf-1a644a7e9f04 =&gt; 200 {"shipmentId":"7d047759-a703-44ec-97cf-1a644a7e9f04","shipmentNumber":"SHP-7d047759a70344ec97cf1a644a7e9f04","sourceDocumentId":"SO-900","status":"Cancelled","carrierId":null,"loadId":null,"plannedShipAt":"2026-09-20T08:00:00+00:00","plannedDeliverAt":"2026-09-21T16:00:00+00:00","actualDeliverAt":null,"sourceModule":"MOD-0141","sourceType":"SALES_ORDER","warehouseReferenceId":"wh-01","shipToReference":"CUST-100/ADDR-2","lines":[{"lineNumber":"1","itemId":"b1f2c3d4-0000-0000-0000-000000000001","skuId":"c3d4e5f6-0000-0000-0000-000000000002","quantity":"30.000","uomId":"EA","inventoryReferenceId":"rsv-4001"}],"pod":null,"contractVersion":"v1"}
POST /7d047759-a703-44ec-97cf-1a644a7e9f04/transition =&gt; 422 {"error":{"code":"INVALID_SHIPMENT_TRANSITION","message":"INVALID_SHIPMENT_TRANSITION","correlationId":"f1286879-629f-4e4c-a7f1-af6a3b1298aa"},"contractVersion":"v1"}
GET /7d047759-a703-44ec-97cf-1a644a7e9f04 =&gt; 200 {"shipmentId":"7d047759-a703-44ec-97cf-1a644a7e9f04","shipmentNumber":"SHP-7d047759a70344ec97cf1a644a7e9f04","sourceDocumentId":"SO-900","status":"Cancelled","carrierId":null,"loadId":null,"plannedShipAt":"2026-09-20T08:00:00+00:00","plannedDeliverAt":"2026-09-21T16:00:00+00:00","actualDeliverAt":null,"sourceModule":"MOD-0141","sourceType":"SALES_ORDER","warehouseReferenceId":"wh-01","shipToReference":"CUST-100/ADDR-2","lines":[{"lineNumber":"1","itemId":"b1f2c3d4-0000-0000-0000-000000000001","skuId":"c3d4e5f6-0000-0000-0000-000000000002","quantity":"30.000","uomId":"EA","inventoryReferenceId":"rsv-4001"}],"pod":null,"contractVersion":"v1"}
POST /7d047759-a703-44ec-97cf-1a644a7e9f04/transition =&gt; 422 {"error":{"code":"INVALID_SHIPMENT_TRANSITION","message":"INVALID_SHIPMENT_TRANSITION","correlationId":"f1286879-629f-4e4c-a7f1-af6a3b1298aa"},"contractVersion":"v1"}
GET /7d047759-a703-44ec-97cf-1a644a7e9f04 =&gt; 200 {"shipmentId":"7d047759-a703-44ec-97cf-1a644a7e9f04","shipmentNumber":"SHP-7d047759a70344ec97cf1a644a7e9f04","sourceDocumentId":"SO-900","status":"Cancelled","carrierId":null,"loadId":null,"plannedShipAt":"2026-09-20T08:00:00+00:00","plannedDeliverAt":"2026-09-21T16:00:00+00:00","actualDeliverAt":null,"sourceModule":"MOD-0141","sourceType":"SALES_ORDER","warehouseReferenceId":"wh-01","shipToReference":"CUST-100/ADDR-2","lines":[{"lineNumber":"1","itemId":"b1f2c3d4-0000-0000-0000-000000000001","skuId":"c3d4e5f6-0000-0000-0000-000000000002","quantity":"30.000","uomId":"EA","inventoryReferenceId":"rsv-4001"}],"pod":null,"contractVersion":"v1"}
Forbidden transitions checked through HTTP and Mongo: 52</StdOut>
      </Output>
    </UnitTestResult>
    <UnitTestResult executionId="1f4b5a25-db20-4ee0-bcc9-ad28b555e95d" testId="84740e0b-36a9-a5a8-d073-043b61b12e65" testName="Diten.SupplyChainService.Tests.ShipmentTests.GoldenFlow_Replay_Outbox_AndRestartAreDurable" computerName="Natig-Erens-MacBook-Pro" duration="00:00:00.3674021" startTime="2026-09-16T13:24:15.6602600+05:00" endTime="2026-09-16T13:24:15.6602610+05:00" testType="13cdc9d9-ddb5-4fa4-a97d-d965ccfc6d4b" outcome="Passed" testListId="8c84fa94-04c1-424b-9868-57a2d4851a1d" relativeResultsDirectory="1f4b5a25-db20-4ee0-bcc9-ad28b555e95d">
      <Output>
        <StdOut>POST  =&gt; 201 {"shipmentId":"c0b856df-6163-4a97-bdbb-32ddd27ad996","shipmentNumber":"SHP-c0b856df61634a97bdbb32ddd27ad996","status":"Draft","idempotentReplay":false,"contractVersion":"v1"}
GET /c0b856df-6163-4a97-bdbb-32ddd27ad996 =&gt; 200 {"shipmentId":"c0b856df-6163-4a97-bdbb-32ddd27ad996","shipmentNumber":"SHP-c0b856df61634a97bdbb32ddd27ad996","sourceDocumentId":"SO-900","status":"Draft","carrierId":null,"loadId":null,"plannedShipAt":"2026-09-20T08:00:00+00:00","plannedDeliverAt":"2026-09-21T16:00:00+00:00","actualDeliverAt":null,"sourceModule":"MOD-0141","sourceType":"SALES_ORDER","warehouseReferenceId":"wh-01","shipToReference":"CUST-100/ADDR-2","lines":[{"lineNumber":"1","itemId":"b1f2c3d4-0000-0000-0000-000000000001","skuId":"c3d4e5f6-0000-0000-0000-000000000002","quantity":"30.000","uomId":"EA","inventoryReferenceId":"rsv-4001"}],"pod":null,"contractVersion":"v1"}
POST /c0b856df-6163-4a97-bdbb-32ddd27ad996/transition =&gt; 200 {"shipmentId":"c0b856df-6163-4a97-bdbb-32ddd27ad996","shipmentNumber":"SHP-c0b856df61634a97bdbb32ddd27ad996","status":"Planned","idempotentReplay":false,"contractVersion":"v1"}
POST /c0b856df-6163-4a97-bdbb-32ddd27ad996/transition =&gt; 200 {"shipmentId":"c0b856df-6163-4a97-bdbb-32ddd27ad996","shipmentNumber":"SHP-c0b856df61634a97bdbb32ddd27ad996","status":"Dispatched","idempotentReplay":false,"contractVersion":"v1"}
POST /c0b856df-6163-4a97-bdbb-32ddd27ad996/pod =&gt; 201 {"podId":"cc07dc64-f580-415f-b23b-f9b2ea12ce7d","shipmentId":"c0b856df-6163-4a97-bdbb-32ddd27ad996","shipmentStatus":"Delivered","receivedAt":"2026-09-21T15:42:00+00:00","idempotentReplay":false,"contractVersion":"v1"}
POST /c0b856df-6163-4a97-bdbb-32ddd27ad996/pod =&gt; 201 {"podId":"cc07dc64-f580-415f-b23b-f9b2ea12ce7d","shipmentId":"c0b856df-6163-4a97-bdbb-32ddd27ad996","shipmentStatus":"Delivered","receivedAt":"2026-09-21T15:42:00+00:00","idempotentReplay":true,"contractVersion":"v1"}
POST /c0b856df-6163-4a97-bdbb-32ddd27ad996/pod =&gt; 409 {"error":{"code":"POD_ALREADY_CAPTURED","message":"POD_ALREADY_CAPTURED","correlationId":"fa51c00c-d0b0-4998-ae65-cf1cff498c9a"},"contractVersion":"v1"}
POST /c0b856df-6163-4a97-bdbb-32ddd27ad996/transition =&gt; 200 {"shipmentId":"c0b856df-6163-4a97-bdbb-32ddd27ad996","shipmentNumber":"SHP-c0b856df61634a97bdbb32ddd27ad996","status":"Closed","idempotentReplay":false,"contractVersion":"v1"}
GET /c0b856df-6163-4a97-bdbb-32ddd27ad996 =&gt; 200 {"shipmentId":"c0b856df-6163-4a97-bdbb-32ddd27ad996","shipmentNumber":"SHP-c0b856df61634a97bdbb32ddd27ad996","sourceDocumentId":"SO-900","status":"Closed","carrierId":null,"loadId":null,"plannedShipAt":"2026-09-20T08:00:00+00:00","plannedDeliverAt":"2026-09-21T16:00:00+00:00","actualDeliverAt":"2026-09-21T15:42:00+00:00","sourceModule":"MOD-0141","sourceType":"SALES_ORDER","warehouseReferenceId":"wh-01","shipToReference":"CUST-100/ADDR-2","lines":[{"lineNumber":"1","itemId":"b1f2c3d4-0000-0000-0000-000000000001","skuId":"c3d4e5f6-0000-0000-0000-000000000002","quantity":"30.000","uomId":"EA","inventoryReferenceId":"rsv-4001"}],"pod":{"recipientName":"Test Recipient","receivedAt":"2026-09-21T15:42:00+00:00","evidenceReferenceIds":["test-evidence"],"note":"Test only"},"contractVersion":"v1"}
GET /c0b856df-6163-4a97-bdbb-32ddd27ad996 =&gt; 200 {"shipmentId":"c0b856df-6163-4a97-bdbb-32ddd27ad996","shipmentNumber":"SHP-c0b856df61634a97bdbb32ddd27ad996","sourceDocumentId":"SO-900","status":"Closed","carrierId":null,"loadId":null,"plannedShipAt":"2026-09-20T08:00:00+00:00","plannedDeliverAt":"2026-09-21T16:00:00+00:00","actualDeliverAt":"2026-09-21T15:42:00+00:00","sourceModule":"MOD-0141","sourceType":"SALES_ORDER","warehouseReferenceId":"wh-01","shipToReference":"CUST-100/ADDR-2","lines":[{"lineNumber":"1","itemId":"b1f2c3d4-0000-0000-0000-000000000001","skuId":"c3d4e5f6-0000-0000-0000-000000000002","quantity":"30.000","uomId":"EA","inventoryReferenceId":"rsv-4001"}],"pod":{"recipientName":"Test Recipient","receivedAt":"2026-09-21T15:42:00+00:00","evidenceReferenceIds":["test-evidence"],"note":"Test only"},"contractVersion":"v1"}
POST  =&gt; 200 {"shipmentId":"c0b856df-6163-4a97-bdbb-32ddd27ad996","shipmentNumber":"SHP-c0b856df61634a97bdbb32ddd27ad996","status":"Draft","idempotentReplay":true,"contractVersion":"v1"}
Restart persisted counts: history=5 audit=5 receipts=5 outbox=6; scope=927e65d2-443d-41ae-93fe-4d66b8cddd22/ef737741-e49a-43a6-9e0b-c2399e4c2cb3</StdOut>
      </Output>
    </UnitTestResult>
    <UnitTestResult executionId="938d1b02-f5c2-4615-a850-0cb832aee2a1" testId="b8e4c9b0-9729-0be0-8356-61c21a38caa5" testName="Diten.SupplyChainService.Tests.ShipmentTests.NormalizedReplayAndCrossScopeListRemainIsolated" computerName="Natig-Erens-MacBook-Pro" duration="00:00:01.6070781" startTime="2026-09-16T13:24:13.9563810+05:00" endTime="2026-09-16T13:24:13.9564030+05:00" testType="13cdc9d9-ddb5-4fa4-a97d-d965ccfc6d4b" outcome="Passed" testListId="8c84fa94-04c1-424b-9868-57a2d4851a1d" relativeResultsDirectory="938d1b02-f5c2-4615-a850-0cb832aee2a1">
      <Output>
        <StdOut>POST  =&gt; 201 {"shipmentId":"891b6f8d-6756-4e39-8e22-0395483c9aca","shipmentNumber":"SHP-891b6f8d67564e398e220395483c9aca","status":"Draft","idempotentReplay":false,"contractVersion":"v1"}
POST  =&gt; 200 {"shipmentId":"891b6f8d-6756-4e39-8e22-0395483c9aca","shipmentNumber":"SHP-891b6f8d67564e398e220395483c9aca","status":"Draft","idempotentReplay":true,"contractVersion":"v1"}
GET  =&gt; 200 {"items":[],"page":1,"pageSize":50,"total":0,"contractVersion":"v1"}
GET  =&gt; 200 {"items":[],"page":1,"pageSize":50,"total":0,"contractVersion":"v1"}</StdOut>
      </Output>
    </UnitTestResult>
  </Results>
  <TestDefinitions>
    <UnitTest name="Diten.SupplyChainService.Tests.ShipmentTests.ReplayConflict_AndConcurrentCreateOrTransitionProduceOneWinner" storage="/users/natig/projects/erp-vnext-recovery/services/diten.supplychainservice/tests/diten.supplychainservice.tests/bin/debug/net8.0/diten.supplychainservice.tests.dll" id="91568275-2854-67a9-d883-c2082f64aa58">
      <Execution id="5ffbe7a0-635e-4e9d-95b0-03be335ca6bd" />
      <TestMethod codeBase="/Users/natig/Projects/ERP-vNext-recovery/services/Diten.SupplyChainService/tests/Diten.SupplyChainService.Tests/bin/Debug/net8.0/Diten.SupplyChainService.Tests.dll" adapterTypeName="executor://xunit/VsTestRunner2/netcoreapp" className="Diten.SupplyChainService.Tests.ShipmentTests" name="ReplayConflict_AndConcurrentCreateOrTransitionProduceOneWinner" />
    </UnitTest>
    <UnitTest name="Diten.SupplyChainService.Tests.ShipmentTests.Scope_Rbac_Schema_AndCorrelationFailClosed" storage="/users/natig/projects/erp-vnext-recovery/services/diten.supplychainservice/tests/diten.supplychainservice.tests/bin/debug/net8.0/diten.supplychainservice.tests.dll" id="8dd08c55-9b04-77e5-c697-87d2af5a0417">
      <Execution id="638e7136-4c78-439f-b9e3-8a5ed727d459" />
      <TestMethod codeBase="/Users/natig/Projects/ERP-vNext-recovery/services/Diten.SupplyChainService/tests/Diten.SupplyChainService.Tests/bin/Debug/net8.0/Diten.SupplyChainService.Tests.dll" adapterTypeName="executor://xunit/VsTestRunner2/netcoreapp" className="Diten.SupplyChainService.Tests.ShipmentTests" name="Scope_Rbac_Schema_AndCorrelationFailClosed" />
    </UnitTest>
    <UnitTest name="Diten.SupplyChainService.Tests.ShipmentTests.EveryForbiddenTransitionLeavesPersistenceUnchanged" storage="/users/natig/projects/erp-vnext-recovery/services/diten.supplychainservice/tests/diten.supplychainservice.tests/bin/debug/net8.0/diten.supplychainservice.tests.dll" id="3ba04534-65a0-2891-2687-2a472f665ecf">
      <Execution id="0db4f5a2-9393-451c-9883-11c16d47cf4d" />
      <TestMethod codeBase="/Users/natig/Projects/ERP-vNext-recovery/services/Diten.SupplyChainService/tests/Diten.SupplyChainService.Tests/bin/Debug/net8.0/Diten.SupplyChainService.Tests.dll" adapterTypeName="executor://xunit/VsTestRunner2/netcoreapp" className="Diten.SupplyChainService.Tests.ShipmentTests" name="EveryForbiddenTransitionLeavesPersistenceUnchanged" />
    </UnitTest>
    <UnitTest name="Diten.SupplyChainService.Tests.ShipmentTests.GoldenFlow_Replay_Outbox_AndRestartAreDurable" storage="/users/natig/projects/erp-vnext-recovery/services/diten.supplychainservice/tests/diten.supplychainservice.tests/bin/debug/net8.0/diten.supplychainservice.tests.dll" id="84740e0b-36a9-a5a8-d073-043b61b12e65">
      <Execution id="1f4b5a25-db20-4ee0-bcc9-ad28b555e95d" />
      <TestMethod codeBase="/Users/natig/Projects/ERP-vNext-recovery/services/Diten.SupplyChainService/tests/Diten.SupplyChainService.Tests/bin/Debug/net8.0/Diten.SupplyChainService.Tests.dll" adapterTypeName="executor://xunit/VsTestRunner2/netcoreapp" className="Diten.SupplyChainService.Tests.ShipmentTests" name="GoldenFlow_Replay_Outbox_AndRestartAreDurable" />
    </UnitTest>
    <UnitTest name="Diten.SupplyChainService.Tests.ShipmentTests.FailureBeforeCommitRollsBackEveryRecordAndRetrySucceeds" storage="/users/natig/projects/erp-vnext-recovery/services/diten.supplychainservice/tests/diten.supplychainservice.tests/bin/debug/net8.0/diten.supplychainservice.tests.dll" id="3b027e84-9ca2-48a1-ada7-b98f4470aa28">
      <Execution id="9e03de26-9eed-4f92-b697-ea4b885e3550" />
      <TestMethod codeBase="/Users/natig/Projects/ERP-vNext-recovery/services/Diten.SupplyChainService/tests/Diten.SupplyChainService.Tests/bin/Debug/net8.0/Diten.SupplyChainService.Tests.dll" adapterTypeName="executor://xunit/VsTestRunner2/netcoreapp" className="Diten.SupplyChainService.Tests.ShipmentTests" name="FailureBeforeCommitRollsBackEveryRecordAndRetrySucceeds" />
    </UnitTest>
    <UnitTest name="Diten.SupplyChainService.Tests.ShipmentTests.OutboxRetryPreservesCanonicalBytesAndIdentity" storage="/users/natig/projects/erp-vnext-recovery/services/diten.supplychainservice/tests/diten.supplychainservice.tests/bin/debug/net8.0/diten.supplychainservice.tests.dll" id="2e5f515d-6b5c-9016-0aae-6a1aa2c558b1">
      <Execution id="bfc7d34a-cea9-467e-b083-8705285d79a8" />
      <TestMethod codeBase="/Users/natig/Projects/ERP-vNext-recovery/services/Diten.SupplyChainService/tests/Diten.SupplyChainService.Tests/bin/Debug/net8.0/Diten.SupplyChainService.Tests.dll" adapterTypeName="executor://xunit/VsTestRunner2/netcoreapp" className="Diten.SupplyChainService.Tests.ShipmentTests" name="OutboxRetryPreservesCanonicalBytesAndIdentity" />
    </UnitTest>
    <UnitTest name="Diten.SupplyChainService.Tests.ShipmentTests.CancelPermissionIsRequiredAndCannotDispatch" storage="/users/natig/projects/erp-vnext-recovery/services/diten.supplychainservice/tests/diten.supplychainservice.tests/bin/debug/net8.0/diten.supplychainservice.tests.dll" id="41680b01-b4f9-429e-2ad4-b9cea236b9b1">
      <Execution id="1bb17950-ad81-481f-8859-2f8eca6b7677" />
      <TestMethod codeBase="/Users/natig/Projects/ERP-vNext-recovery/services/Diten.SupplyChainService/tests/Diten.SupplyChainService.Tests/bin/Debug/net8.0/Diten.SupplyChainService.Tests.dll" adapterTypeName="executor://xunit/VsTestRunner2/netcoreapp" className="Diten.SupplyChainService.Tests.ShipmentTests" name="CancelPermissionIsRequiredAndCannotDispatch" />
    </UnitTest>
    <UnitTest name="Diten.SupplyChainService.Tests.ShipmentTests.AllowedBranchesAndPodFailureHaveAtomicHistory" storage="/users/natig/projects/erp-vnext-recovery/services/diten.supplychainservice/tests/diten.supplychainservice.tests/bin/debug/net8.0/diten.supplychainservice.tests.dll" id="6c2dad83-8164-1aae-0728-07719857d27b">
      <Execution id="a452a9f7-e5a9-4902-8b7c-b25face0669b" />
      <TestMethod codeBase="/Users/natig/Projects/ERP-vNext-recovery/services/Diten.SupplyChainService/tests/Diten.SupplyChainService.Tests/bin/Debug/net8.0/Diten.SupplyChainService.Tests.dll" adapterTypeName="executor://xunit/VsTestRunner2/netcoreapp" className="Diten.SupplyChainService.Tests.ShipmentTests" name="AllowedBranchesAndPodFailureHaveAtomicHistory" />
    </UnitTest>
    <UnitTest name="Diten.SupplyChainService.Tests.ShipmentTests.NormalizedReplayAndCrossScopeListRemainIsolated" storage="/users/natig/projects/erp-vnext-recovery/services/diten.supplychainservice/tests/diten.supplychainservice.tests/bin/debug/net8.0/diten.supplychainservice.tests.dll" id="b8e4c9b0-9729-0be0-8356-61c21a38caa5">
      <Execution id="938d1b02-f5c2-4615-a850-0cb832aee2a1" />
      <TestMethod codeBase="/Users/natig/Projects/ERP-vNext-recovery/services/Diten.SupplyChainService/tests/Diten.SupplyChainService.Tests/bin/Debug/net8.0/Diten.SupplyChainService.Tests.dll" adapterTypeName="executor://xunit/VsTestRunner2/netcoreapp" className="Diten.SupplyChainService.Tests.ShipmentTests" name="NormalizedReplayAndCrossScopeListRemainIsolated" />
    </UnitTest>
  </TestDefinitions>
  <TestEntries>
    <TestEntry testId="3b027e84-9ca2-48a1-ada7-b98f4470aa28" executionId="9e03de26-9eed-4f92-b697-ea4b885e3550" testListId="8c84fa94-04c1-424b-9868-57a2d4851a1d" />
    <TestEntry testId="91568275-2854-67a9-d883-c2082f64aa58" executionId="5ffbe7a0-635e-4e9d-95b0-03be335ca6bd" testListId="8c84fa94-04c1-424b-9868-57a2d4851a1d" />
    <TestEntry testId="41680b01-b4f9-429e-2ad4-b9cea236b9b1" executionId="1bb17950-ad81-481f-8859-2f8eca6b7677" testListId="8c84fa94-04c1-424b-9868-57a2d4851a1d" />
    <TestEntry testId="8dd08c55-9b04-77e5-c697-87d2af5a0417" executionId="638e7136-4c78-439f-b9e3-8a5ed727d459" testListId="8c84fa94-04c1-424b-9868-57a2d4851a1d" />
[...]
[13:24:16 INF] Request starting HTTP/1.1 GET http://localhost/api/shipment-bundle/shipments/7d047759-a703-44ec-97cf-1a644a7e9f04 - null null
[13:24:16 INF] Executing endpoint 'Diten.SupplyChainService.Api.Controllers.ShipmentsController.Detail (Diten.SupplyChainService.Api)'
[13:24:16 INF] Route matched with {action = "Detail", controller = "Shipments"}. Executing controller action with signature System.Threading.Tasks.Task`1[Microsoft.AspNetCore.Mvc.IActionResult] Detail(System.Guid, System.Threading.CancellationToken) on controller Diten.SupplyChainService.Api.Controllers.ShipmentsController (Diten.SupplyChainService.Api).
[13:24:16 INF] Handling GetShipmentByIdQuery
[13:24:16 INF] Executing ObjectResult, writing value of type 'System.Text.Json.Nodes.JsonObject'.
[13:24:16 INF] Executed action Diten.SupplyChainService.Api.Controllers.ShipmentsController.Detail (Diten.SupplyChainService.Api) in 2.7061ms
[13:24:16 INF] Executed endpoint 'Diten.SupplyChainService.Api.Controllers.ShipmentsController.Detail (Diten.SupplyChainService.Api)'
[13:24:16 INF] Request finished HTTP/1.1 GET http://localhost/api/shipment-bundle/shipments/7d047759-a703-44ec-97cf-1a644a7e9f04 - 200 null application/json; charset=utf-8 3.608ms
[13:24:16 INF] Request starting HTTP/1.1 POST http://localhost/api/shipment-bundle/shipments/7d047759-a703-44ec-97cf-1a644a7e9f04/transition - application/json; charset=utf-8 65
[13:24:16 INF] Executing endpoint 'Diten.SupplyChainService.Api.Controllers.ShipmentsController.Transition (Diten.SupplyChainService.Api)'
[13:24:16 INF] Route matched with {action = "Transition", controller = "Shipments"}. Executing controller action with signature System.Threading.Tasks.Task`1[Microsoft.AspNetCore.Mvc.IActionResult] Transition(System.Guid, Transition, System.Threading.CancellationToken) on controller Diten.SupplyChainService.Api.Controllers.ShipmentsController (Diten.SupplyChainService.Api).
[13:24:16 INF] Handling TransitionShipmentCommand
[13:24:16 INF] Executing ObjectResult, writing value of type '&lt;&gt;f__AnonymousType0`2[[&lt;&gt;f__AnonymousType1`3[[System.String, System.Private.CoreLib, Version=8.0.0.0, Culture=neutral, PublicKeyToken=7cec85d7bea7798e],[System.String, System.Private.CoreLib, Version=8.0.0.0, Culture=neutral, PublicKeyToken=7cec85d7bea7798e],[System.Guid, System.Private.CoreLib, Version=8.0.0.0, Culture=neutral, PublicKeyToken=7cec85d7bea7798e]], Diten.SupplyChainService.Api, Version=1.0.0.0, Culture=neutral, PublicKeyToken=null],[System.String, System.Private.CoreLib, Version=8.0.0.0, Culture=neutral, PublicKeyToken=7cec85d7bea7798e]]'.
[13:24:16 INF] Executed action Diten.SupplyChainService.Api.Controllers.ShipmentsController.Transition (Diten.SupplyChainService.Api) in 10.2948ms
[13:24:16 INF] Executed endpoint 'Diten.SupplyChainService.Api.Controllers.ShipmentsController.Transition (Diten.SupplyChainService.Api)'
[13:24:16 INF] Request finished HTTP/1.1 POST http://localhost/api/shipment-bundle/shipments/7d047759-a703-44ec-97cf-1a644a7e9f04/transition - 422 null application/json; charset=utf-8 11.1626ms
[13:24:16 INF] Request starting HTTP/1.1 GET http://localhost/api/shipment-bundle/shipments/7d047759-a703-44ec-97cf-1a644a7e9f04 - null null
[13:24:16 INF] Executing endpoint 'Diten.SupplyChainService.Api.Controllers.ShipmentsController.Detail (Diten.SupplyChainService.Api)'
[13:24:16 INF] Route matched with {action = "Detail", controller = "Shipments"}. Executing controller action with signature System.Threading.Tasks.Task`1[Microsoft.AspNetCore.Mvc.IActionResult] Detail(System.Guid, System.Threading.CancellationToken) on controller Diten.SupplyChainService.Api.Controllers.ShipmentsController (Diten.SupplyChainService.Api).
[13:24:16 INF] Handling GetShipmentByIdQuery
[13:24:16 INF] Executing ObjectResult, writing value of type 'System.Text.Json.Nodes.JsonObject'.
[13:24:16 INF] Executed action Diten.SupplyChainService.Api.Controllers.ShipmentsController.Detail (Diten.SupplyChainService.Api) in 2.4992ms
[13:24:16 INF] Executed endpoint 'Diten.SupplyChainService.Api.Controllers.ShipmentsController.Detail (Diten.SupplyChainService.Api)'
[13:24:16 INF] Request finished HTTP/1.1 GET http://localhost/api/shipment-bundle/shipments/7d047759-a703-44ec-97cf-1a644a7e9f04 - 200 null application/json; charset=utf-8 3.2138ms
[13:24:16 INF] Request starting HTTP/1.1 POST http://localhost/api/shipment-bundle/shipments/7d047759-a703-44ec-97cf-1a644a7e9f04/transition - application/json; charset=utf-8 64
[13:24:16 INF] Executing endpoint 'Diten.SupplyChainService.Api.Controllers.ShipmentsController.Transition (Diten.SupplyChainService.Api)'
[13:24:16 INF] Route matched with {action = "Transition", controller = "Shipments"}. Executing controller action with signature System.Threading.Tasks.Task`1[Microsoft.AspNetCore.Mvc.IActionResult] Transition(System.Guid, Transition, System.Threading.CancellationToken) on controller Diten.SupplyChainService.Api.Controllers.ShipmentsController (Diten.SupplyChainService.Api).
[13:24:16 INF] Handling TransitionShipmentCommand
[13:24:16 INF] Executing ObjectResult, writing value of type '&lt;&gt;f__AnonymousType0`2[[&lt;&gt;f__AnonymousType1`3[[System.String, System.Private.CoreLib, Version=8.0.0.0, Culture=neutral, PublicKeyToken=7cec85d7bea7798e],[System.String, System.Private.CoreLib, Version=8.0.0.0, Culture=neutral, PublicKeyToken=7cec85d7bea7798e],[System.Guid, System.Private.CoreLib, Version=8.0.0.0, Culture=neutral, PublicKeyToken=7cec85d7bea7798e]], Diten.SupplyChainService.Api, Version=1.0.0.0, Culture=neutral, PublicKeyToken=null],[System.String, System.Private.CoreLib, Version=8.0.0.0, Culture=neutral, PublicKeyToken=7cec85d7bea7798e]]'.
[13:24:16 INF] Executed action Diten.SupplyChainService.Api.Controllers.ShipmentsController.Transition (Diten.SupplyChainService.Api) in 8.5567ms
[13:24:16 INF] Executed endpoint 'Diten.SupplyChainService.Api.Controllers.ShipmentsController.Transition (Diten.SupplyChainService.Api)'
[13:24:16 INF] Request finished HTTP/1.1 POST http://localhost/api/shipment-bundle/shipments/7d047759-a703-44ec-97cf-1a644a7e9f04/transition - 422 null application/json; charset=utf-8 9.4926ms
[13:24:16 INF] Request starting HTTP/1.1 GET http://localhost/api/shipment-bundle/shipments/7d047759-a703-44ec-97cf-1a644a7e9f04 - null null
[13:24:16 INF] Executing endpoint 'Diten.SupplyChainService.Api.Controllers.ShipmentsController.Detail (Diten.SupplyChainService.Api)'
[13:24:16 INF] Route matched with {action = "Detail", controller = "Shipments"}. Executing controller action with signature System.Threading.Tasks.Task`1[Microsoft.AspNetCore.Mvc.IActionResult] Detail(System.Guid, System.Threading.CancellationToken) on controller Diten.SupplyChainService.Api.Controllers.ShipmentsController (Diten.SupplyChainService.Api).
[13:24:16 INF] Handling GetShipmentByIdQuery
[13:24:16 INF] Executing ObjectResult, writing value of type 'System.Text.Json.Nodes.JsonObject'.
[13:24:16 INF] Executed action Diten.SupplyChainService.Api.Controllers.ShipmentsController.Detail (Diten.SupplyChainService.Api) in 2.2463ms
[13:24:16 INF] Executed endpoint 'Diten.SupplyChainService.Api.Controllers.ShipmentsController.Detail (Diten.SupplyChainService.Api)'
[13:24:16 INF] Request finished HTTP/1.1 GET http://localhost/api/shipment-bundle/shipments/7d047759-a703-44ec-97cf-1a644a7e9f04 - 200 null application/json; charset=utf-8 2.83ms
[13:24:16 INF] Request starting HTTP/1.1 POST http://localhost/api/shipment-bundle/shipments/7d047759-a703-44ec-97cf-1a644a7e9f04/transition - application/json; charset=utf-8 64
[13:24:16 INF] Executing endpoint 'Diten.SupplyChainService.Api.Controllers.ShipmentsController.Transition (Diten.SupplyChainService.Api)'
[13:24:16 INF] Route matched with {action = "Transition", controller = "Shipments"}. Executing controller action with signature System.Threading.Tasks.Task`1[Microsoft.AspNetCore.Mvc.IActionResult] Transition(System.Guid, Transition, System.Threading.CancellationToken) on controller Diten.SupplyChainService.Api.Controllers.ShipmentsController (Diten.SupplyChainService.Api).
[13:24:16 INF] Handling TransitionShipmentCommand
[13:24:16 INF] Executing ObjectResult, writing value of type '&lt;&gt;f__AnonymousType0`2[[&lt;&gt;f__AnonymousType1`3[[System.String, System.Private.CoreLib, Version=8.0.0.0, Culture=neutral, PublicKeyToken=7cec85d7bea7798e],[System.String, System.Private.CoreLib, Version=8.0.0.0, Culture=neutral, PublicKeyToken=7cec85d7bea7798e],[System.Guid, System.Private.CoreLib, Version=8.0.0.0, Culture=neutral, PublicKeyToken=7cec85d7bea7798e]], Diten.SupplyChainService.Api, Version=1.0.0.0, Culture=neutral, PublicKeyToken=null],[System.String, System.Private.CoreLib, Version=8.0.0.0, Culture=neutral, PublicKeyToken=7cec85d7bea7798e]]'.
[13:24:16 INF] Executed action Diten.SupplyChainService.Api.Controllers.ShipmentsController.Transition (Diten.SupplyChainService.Api) in 9.4171ms
[13:24:16 INF] Executed endpoint 'Diten.SupplyChainService.Api.Controllers.ShipmentsController.Transition (Diten.SupplyChainService.Api)'
[13:24:16 INF] Request finished HTTP/1.1 POST http://localhost/api/shipment-bundle/shipments/7d047759-a703-44ec-97cf-1a644a7e9f04/transition - 422 null application/json; charset=utf-8 10.0534ms
[13:24:16 INF] Request starting HTTP/1.1 GET http://localhost/api/shipment-bundle/shipments/7d047759-a703-44ec-97cf-1a644a7e9f04 - null null
[13:24:16 INF] Executing endpoint 'Diten.SupplyChainService.Api.Controllers.ShipmentsController.Detail (Diten.SupplyChainService.Api)'
[13:24:16 INF] Route matched with {action = "Detail", controller = "Shipments"}. Executing controller action with signature System.Threading.Tasks.Task`1[Microsoft.AspNetCore.Mvc.IActionResult] Detail(System.Guid, System.Threading.CancellationToken) on controller Diten.SupplyChainService.Api.Controllers.ShipmentsController (Diten.SupplyChainService.Api).
[13:24:16 INF] Handling GetShipmentByIdQuery
[13:24:16 INF] Executing ObjectResult, writing value of type 'System.Text.Json.Nodes.JsonObject'.
[13:24:16 INF] Executed action Diten.SupplyChainService.Api.Controllers.ShipmentsController.Detail (Diten.SupplyChainService.Api) in 2.592ms
[13:24:16 INF] Executed endpoint 'Diten.SupplyChainService.Api.Controllers.ShipmentsController.Detail (Diten.SupplyChainService.Api)'
[13:24:16 INF] Request finished HTTP/1.1 GET http://localhost/api/shipment-bundle/shipments/7d047759-a703-44ec-97cf-1a644a7e9f04 - 200 null application/json; charset=utf-8 3.1941ms
[13:24:16 INF] Request starting HTTP/1.1 POST http://localhost/api/shipment-bundle/shipments/7d047759-a703-44ec-97cf-1a644a7e9f04/transition - application/json; charset=utf-8 64
[13:24:16 INF] Executing endpoint 'Diten.SupplyChainService.Api.Controllers.ShipmentsController.Transition (Diten.SupplyChainService.Api)'
[13:24:16 INF] Route matched with {action = "Transition", controller = "Shipments"}. Executing controller action with signature System.Threading.Tasks.Task`1[Microsoft.AspNetCore.Mvc.IActionResult] Transition(System.Guid, Transition, System.Threading.CancellationToken) on controller Diten.SupplyChainService.Api.Controllers.ShipmentsController (Diten.SupplyChainService.Api).
[13:24:16 INF] Handling TransitionShipmentCommand
[13:24:16 INF] Executing ObjectResult, writing value of type '&lt;&gt;f__AnonymousType0`2[[&lt;&gt;f__AnonymousType1`3[[System.String, System.Private.CoreLib, Version=8.0.0.0, Culture=neutral, PublicKeyToken=7cec85d7bea7798e],[System.String, System.Private.CoreLib, Version=8.0.0.0, Culture=neutral, PublicKeyToken=7cec85d7bea7798e],[System.Guid, System.Private.CoreLib, Version=8.0.0.0, Culture=neutral, PublicKeyToken=7cec85d7bea7798e]], Diten.SupplyChainService.Api, Version=1.0.0.0, Culture=neutral, PublicKeyToken=null],[System.String, System.Private.CoreLib, Version=8.0.0.0, Culture=neutral, PublicKeyToken=7cec85d7bea7798e]]'.
[13:24:16 INF] Executed action Diten.SupplyChainService.Api.Controllers.ShipmentsController.Transition (Diten.SupplyChainService.Api) in 8.6087ms
[13:24:16 INF] Executed endpoint 'Diten.SupplyChainService.Api.Controllers.ShipmentsController.Transition (Diten.SupplyChainService.Api)'
[13:24:16 INF] Request finished HTTP/1.1 POST http://localhost/api/shipment-bundle/shipments/7d047759-a703-44ec-97cf-1a644a7e9f04/transition - 422 null application/json; charset=utf-8 9.5026ms
[13:24:16 INF] Request starting HTTP/1.1 GET http://localhost/api/shipment-bundle/shipments/7d047759-a703-44ec-97cf-1a644a7e9f04 - null null
[13:24:16 INF] Executing endpoint 'Diten.SupplyChainService.Api.Controllers.ShipmentsController.Detail (Diten.SupplyChainService.Api)'
[13:24:16 INF] Route matched with {action = "Detail", controller = "Shipments"}. Executing controller action with signature System.Threading.Tasks.Task`1[Microsoft.AspNetCore.Mvc.IActionResult] Detail(System.Guid, System.Threading.CancellationToken) on controller Diten.SupplyChainService.Api.Controllers.ShipmentsController (Diten.SupplyChainService.Api).
[13:24:16 INF] Handling GetShipmentByIdQuery
[13:24:16 INF] Executing ObjectResult, writing value of type 'System.Text.Json.Nodes.JsonObject'.
[13:24:16 INF] Executed action Diten.SupplyChainService.Api.Controllers.ShipmentsController.Detail (Diten.SupplyChainService.Api) in 2.9717ms
[13:24:16 INF] Executed endpoint 'Diten.SupplyChainService.Api.Controllers.ShipmentsController.Detail (Diten.SupplyChainService.Api)'
[13:24:16 INF] Request finished HTTP/1.1 GET http://localhost/api/shipment-bundle/shipments/7d047759-a703-44ec-97cf-1a644a7e9f04 - 200 null application/json; charset=utf-8 3.6967ms
[13:24:16 INF] Request starting HTTP/1.1 POST http://localhost/api/shipment-bundle/shipments/7d047759-a703-44ec-97cf-1a644a7e9f04/transition - application/json; charset=utf-8 61
[13:24:16 INF] Executing endpoint 'Diten.SupplyChainService.Api.Controllers.ShipmentsController.Transition (Diten.SupplyChainService.Api)'
[13:24:16 INF] Route matched with {action = "Transition", controller = "Shipments"}. Executing controller action with signature System.Threading.Tasks.Task`1[Microsoft.AspNetCore.Mvc.IActionResult] Transition(System.Guid, Transition, System.Threading.CancellationToken) on controller Diten.SupplyChainService.Api.Controllers.ShipmentsController (Diten.SupplyChainService.Api).
[13:24:16 INF] Handling TransitionShipmentCommand
[13:24:16 INF] Executing ObjectResult, writing value of type '&lt;&gt;f__AnonymousType0`2[[&lt;&gt;f__AnonymousType1`3[[System.String, System.Private.CoreLib, Version=8.0.0.0, Culture=neutral, PublicKeyToken=7cec85d7bea7798e],[System.String, System.Private.CoreLib, Version=8.0.0.0, Culture=neutral, PublicKeyToken=7cec85d7bea7798e],[System.Guid, System.Private.CoreLib, Version=8.0.0.0, Culture=neutral, PublicKeyToken=7cec85d7bea7798e]], Diten.SupplyChainService.Api, Version=1.0.0.0, Culture=neutral, PublicKeyToken=null],[System.String, System.Private.CoreLib, Version=8.0.0.0, Culture=neutral, PublicKeyToken=7cec85d7bea7798e]]'.
[13:24:16 INF] Executed action Diten.SupplyChainService.Api.Controllers.ShipmentsController.Transition (Diten.SupplyChainService.Api) in 9.7492ms
[13:24:16 INF] Executed endpoint 'Diten.SupplyChainService.Api.Controllers.ShipmentsController.Transition (Diten.SupplyChainService.Api)'
[13:24:16 INF] Request finished HTTP/1.1 POST http://localhost/api/shipment-bundle/shipments/7d047759-a703-44ec-97cf-1a644a7e9f04/transition - 422 null application/json; charset=utf-8 10.565ms
[13:24:16 INF] Request starting HTTP/1.1 GET http://localhost/api/shipment-bundle/shipments/7d047759-a703-44ec-97cf-1a644a7e9f04 - null null
[13:24:16 INF] Executing endpoint 'Diten.SupplyChainService.Api.Controllers.ShipmentsController.Detail (Diten.SupplyChainService.Api)'
[13:24:16 INF] Route matched with {action = "Detail", controller = "Shipments"}. Executing controller action with signature System.Threading.Tasks.Task`1[Microsoft.AspNetCore.Mvc.IActionResult] Detail(System.Guid, System.Threading.CancellationToken) on controller Diten.SupplyChainService.Api.Controllers.ShipmentsController (Diten.SupplyChainService.Api).
[13:24:16 INF] Handling GetShipmentByIdQuery
[13:24:16 INF] Executing ObjectResult, writing value of type 'System.Text.Json.Nodes.JsonObject'.
[13:24:16 INF] Executed action Diten.SupplyChainService.Api.Controllers.ShipmentsController.Detail (Diten.SupplyChainService.Api) in 2.5332ms
[13:24:16 INF] Executed endpoint 'Diten.SupplyChainService.Api.Controllers.ShipmentsController.Detail (Diten.SupplyChainService.Api)'
[13:24:16 INF] Request finished HTTP/1.1 GET http://localhost/api/shipment-bundle/shipments/7d047759-a703-44ec-97cf-1a644a7e9f04 - 200 null application/json; charset=utf-8 3.293ms
[13:24:16 INF] Request starting HTTP/1.1 POST http://localhost/api/shipment-bundle/shipments/7d047759-a703-44ec-97cf-1a644a7e9f04/transition - application/json; charset=utf-8 64
[13:24:16 INF] Executing endpoint 'Diten.SupplyChainService.Api.Controllers.ShipmentsController.Transition (Diten.SupplyChainService.Api)'
[13:24:16 INF] Route matched with {action = "Transition", controller = "Shipments"}. Executing controller action with signature System.Threading.Tasks.Task`1[Microsoft.AspNetCore.Mvc.IActionResult] Transition(System.Guid, Transition, System.Threading.CancellationToken) on controller Diten.SupplyChainService.Api.Controllers.ShipmentsController (Diten.SupplyChainService.Api).
[13:24:16 INF] Handling TransitionShipmentCommand
[13:24:17 INF] Executing ObjectResult, writing value of type '&lt;&gt;f__AnonymousType0`2[[&lt;&gt;f__AnonymousType1`3[[System.String, System.Private.CoreLib, Version=8.0.0.0, Culture=neutral, PublicKeyToken=7cec85d7bea7798e],[System.String, System.Private.CoreLib, Version=8.0.0.0, Culture=neutral, PublicKeyToken=7cec85d7bea7798e],[System.Guid, System.Private.CoreLib, Version=8.0.0.0, Culture=neutral, PublicKeyToken=7cec85d7bea7798e]], Diten.SupplyChainService.Api, Version=1.0.0.0, Culture=neutral, PublicKeyToken=null],[System.String, System.Private.CoreLib, Version=8.0.0.0, Culture=neutral, PublicKeyToken=7cec85d7bea7798e]]'.
[13:24:17 INF] Executed action Diten.SupplyChainService.Api.Controllers.ShipmentsController.Transition (Diten.SupplyChainService.Api) in 11.0361ms
[13:24:17 INF] Executed endpoint 'Diten.SupplyChainService.Api.Controllers.ShipmentsController.Transition (Diten.SupplyChainService.Api)'
[13:24:17 INF] Request finished HTTP/1.1 POST http://localhost/api/shipment-bundle/shipments/7d047759-a703-44ec-97cf-1a644a7e9f04/transition - 422 null application/json; charset=utf-8 12.0337ms
[13:24:17 INF] Request starting HTTP/1.1 GET http://localhost/api/shipment-bundle/shipments/7d047759-a703-44ec-97cf-1a644a7e9f04 - null null
[13:24:17 INF] Executing endpoint 'Diten.SupplyChainService.Api.Controllers.ShipmentsController.Detail (Diten.SupplyChainService.Api)'
[13:24:17 INF] Route matched with {action = "Detail", controller = "Shipments"}. Executing controller action with signature System.Threading.Tasks.Task`1[Microsoft.AspNetCore.Mvc.IActionResult] Detail(System.Guid, System.Threading.CancellationToken) on controller Diten.SupplyChainService.Api.Controllers.ShipmentsController (Diten.SupplyChainService.Api).
[13:24:17 INF] Handling GetShipmentByIdQuery
[13:24:17 INF] Executing ObjectResult, writing value of type 'System.Text.Json.Nodes.JsonObject'.
[13:24:17 INF] Executed action Diten.SupplyChainService.Api.Controllers.ShipmentsController.Detail (Diten.SupplyChainService.Api) in 3.3835ms
[13:24:17 INF] Executed endpoint 'Diten.SupplyChainService.Api.Controllers.ShipmentsController.Detail (Diten.SupplyChainService.Api)'
[13:24:17 INF] Request finished HTTP/1.1 GET http://localhost/api/shipment-bundle/shipments/7d047759-a703-44ec-97cf-1a644a7e9f04 - 200 null application/json; charset=utf-8 4.2239ms
[xUnit.net 00:00:04.92]   Finished:    Diten.SupplyChainService.Tests
</StdOut>
    </Output>
  </ResultSummary>
</TestRun>