<?xml version="1.0" encoding="utf-8"?>
<TestRun id="1a4431a1-bc17-4a3e-89b2-b98192a48ed7" name="@Natig-Erens-MacBook-Pro 2026-09-16 15:54:25" xmlns="http://microsoft.com/schemas/VisualStudio/TeamTest/2010">
  <Times creation="2026-09-16T15:54:25.0856140+05:00" queuing="2026-09-16T15:54:25.0856140+05:00" start="2026-09-16T15:54:23.1649100+05:00" finish="2026-09-16T15:54:33.9087190+05:00" />
  <TestSettings name="default" id="b32252bc-592d-4139-9f0d-04ade0af9ae0">
    <Deployment runDeploymentRoot="_Natig-Erens-MacBook-Pro_2026-09-16_15_54_25" />
  </TestSettings>
  <Results>
    <UnitTestResult executionId="a9c372bd-304c-4dad-83da-db9d37e35918" testId="6c2dad83-8164-1aae-0728-07719857d27b" testName="Diten.SupplyChainService.Tests.ShipmentTests.AllowedBranchesAndPodFailureHaveAtomicHistory" computerName="Natig-Erens-MacBook-Pro" duration="00:00:00.5175485" startTime="2026-09-16T15:54:30.2610770+05:00" endTime="2026-09-16T15:54:30.2610770+05:00" testType="13cdc9d9-ddb5-4fa4-a97d-d965ccfc6d4b" outcome="Passed" testListId="8c84fa94-04c1-424b-9868-57a2d4851a1d" relativeResultsDirectory="a9c372bd-304c-4dad-83da-db9d37e35918">
      <Output>
        <StdOut>POST  =&gt; 201 {"shipmentId":"73254393-cc27-4b19-8901-b665848d0703","shipmentNumber":"SHP-73254393cc274b198901b665848d0703","status":"Draft","idempotentReplay":false,"contractVersion":"v1"}
POST /73254393-cc27-4b19-8901-b665848d0703/transition =&gt; 200 {"shipmentId":"73254393-cc27-4b19-8901-b665848d0703","shipmentNumber":"SHP-73254393cc274b198901b665848d0703","status":"Planned","idempotentReplay":false,"contractVersion":"v1"}
POST /73254393-cc27-4b19-8901-b665848d0703/transition =&gt; 200 {"shipmentId":"73254393-cc27-4b19-8901-b665848d0703","shipmentNumber":"SHP-73254393cc274b198901b665848d0703","status":"Dispatched","idempotentReplay":false,"contractVersion":"v1"}
POST /73254393-cc27-4b19-8901-b665848d0703/transition =&gt; 200 {"shipmentId":"73254393-cc27-4b19-8901-b665848d0703","shipmentNumber":"SHP-73254393cc274b198901b665848d0703","status":"Exception","idempotentReplay":false,"contractVersion":"v1"}
POST /73254393-cc27-4b19-8901-b665848d0703/transition =&gt; 200 {"shipmentId":"73254393-cc27-4b19-8901-b665848d0703","shipmentNumber":"SHP-73254393cc274b198901b665848d0703","status":"InTransit","idempotentReplay":false,"contractVersion":"v1"}
POST /73254393-cc27-4b19-8901-b665848d0703/transition =&gt; 200 {"shipmentId":"73254393-cc27-4b19-8901-b665848d0703","shipmentNumber":"SHP-73254393cc274b198901b665848d0703","status":"Exception","idempotentReplay":false,"contractVersion":"v1"}
POST /73254393-cc27-4b19-8901-b665848d0703/transition =&gt; 200 {"shipmentId":"73254393-cc27-4b19-8901-b665848d0703","shipmentNumber":"SHP-73254393cc274b198901b665848d0703","status":"Cancelled","idempotentReplay":false,"contractVersion":"v1"}
POST  =&gt; 201 {"shipmentId":"491e9f78-9914-4b67-bbd3-883808de4137","shipmentNumber":"SHP-491e9f7899144b67bbd3883808de4137","status":"Draft","idempotentReplay":false,"contractVersion":"v1"}
POST /491e9f78-9914-4b67-bbd3-883808de4137/transition =&gt; 200 {"shipmentId":"491e9f78-9914-4b67-bbd3-883808de4137","shipmentNumber":"SHP-491e9f7899144b67bbd3883808de4137","status":"Planned","idempotentReplay":false,"contractVersion":"v1"}
POST /491e9f78-9914-4b67-bbd3-883808de4137/transition =&gt; 200 {"shipmentId":"491e9f78-9914-4b67-bbd3-883808de4137","shipmentNumber":"SHP-491e9f7899144b67bbd3883808de4137","status":"Dispatched","idempotentReplay":false,"contractVersion":"v1"}
POST /491e9f78-9914-4b67-bbd3-883808de4137/pod =&gt; 500 {"error":{"code":"INVALID_REQUEST","message":"Operation could not be completed.","correlationId":"a6bf5b45-6bdb-4557-8847-88b78c6cd696"},"contractVersion":"v1"}
GET /491e9f78-9914-4b67-bbd3-883808de4137 =&gt; 200 {"shipmentId":"491e9f78-9914-4b67-bbd3-883808de4137","shipmentNumber":"SHP-491e9f7899144b67bbd3883808de4137","sourceDocumentId":"SO-900","status":"Dispatched","carrierId":null,"loadId":null,"plannedShipAt":"2026-09-20T08:00:00+00:00","plannedDeliverAt":"2026-09-21T16:00:00+00:00","actualDeliverAt":null,"sourceModule":"MOD-0141","sourceType":"SALES_ORDER","warehouseReferenceId":"wh-01","shipToReference":"CUST-100/ADDR-2","lines":[{"lineNumber":"1","itemId":"b1f2c3d4-0000-0000-0000-000000000001","skuId":"c3d4e5f6-0000-0000-0000-000000000002","quantity":"30.000","uomId":"EA","inventoryReferenceId":"rsv-4001"}],"pod":null,"contractVersion":"v1"}
POST /491e9f78-9914-4b67-bbd3-883808de4137/pod =&gt; 201 {"podId":"d927394a-980c-4756-a962-55631957122d","shipmentId":"491e9f78-9914-4b67-bbd3-883808de4137","shipmentStatus":"Delivered","receivedAt":"2026-09-21T15:42:00+00:00","idempotentReplay":false,"contractVersion":"v1"}
POST /491e9f78-9914-4b67-bbd3-883808de4137/pod =&gt; 409 {"error":{"code":"POD_ALREADY_CAPTURED","message":"POD_ALREADY_CAPTURED","correlationId":"a6bf5b45-6bdb-4557-8847-88b78c6cd696"},"contractVersion":"v1"}</StdOut>
      </Output>
    </UnitTestResult>
    <UnitTestResult executionId="b4584e6f-01f9-419a-b579-21e7a0ab8012" testId="ae2ce2ab-d0e8-2020-4409-c4695e4dcba3" testName="Diten.SupplyChainService.Tests.ShipmentTests.UnicodeQuantityIsRejectedBeforeAnyPersistence" computerName="Natig-Erens-MacBook-Pro" duration="00:00:00.3183910" startTime="2026-09-16T15:54:28.9002350+05:00" endTime="2026-09-16T15:54:28.9002350+05:00" testType="13cdc9d9-ddb5-4fa4-a97d-d965ccfc6d4b" outcome="Passed" testListId="8c84fa94-04c1-424b-9868-57a2d4851a1d" relativeResultsDirectory="b4584e6f-01f9-419a-b579-21e7a0ab8012">
      <Output>
        <StdOut>POST  =&gt; 400 {"error":{"code":"INVALID_REQUEST","message":"INVALID_REQUEST","correlationId":"6f322e8a-4e6c-4aba-947f-58387050699e"},"contractVersion":"v1"}
Unicode quantity rejection: sce_shipments unchanged SHA256=4F53CDA18C2BAA0C0354BB5F9A3ECBE5ED12AB4D8E11BA873C2F11161202B945
Unicode quantity rejection: sce_shipment_receipts unchanged SHA256=4F53CDA18C2BAA0C0354BB5F9A3ECBE5ED12AB4D8E11BA873C2F11161202B945
Unicode quantity rejection: sce_shipment_history unchanged SHA256=4F53CDA18C2BAA0C0354BB5F9A3ECBE5ED12AB4D8E11BA873C2F11161202B945
Unicode quantity rejection: sce_shipment_audit unchanged SHA256=4F53CDA18C2BAA0C0354BB5F9A3ECBE5ED12AB4D8E11BA873C2F11161202B945
Unicode quantity rejection: sce_shipment_outbox unchanged SHA256=4F53CDA18C2BAA0C0354BB5F9A3ECBE5ED12AB4D8E11BA873C2F11161202B945
POST  =&gt; 400 {"error":{"code":"INVALID_REQUEST","message":"INVALID_REQUEST","correlationId":"6f322e8a-4e6c-4aba-947f-58387050699e"},"contractVersion":"v1"}
Unicode quantity rejection: sce_shipments unchanged SHA256=4F53CDA18C2BAA0C0354BB5F9A3ECBE5ED12AB4D8E11BA873C2F11161202B945
Unicode quantity rejection: sce_shipment_receipts unchanged SHA256=4F53CDA18C2BAA0C0354BB5F9A3ECBE5ED12AB4D8E11BA873C2F11161202B945
Unicode quantity rejection: sce_shipment_history unchanged SHA256=4F53CDA18C2BAA0C0354BB5F9A3ECBE5ED12AB4D8E11BA873C2F11161202B945
Unicode quantity rejection: sce_shipment_audit unchanged SHA256=4F53CDA18C2BAA0C0354BB5F9A3ECBE5ED12AB4D8E11BA873C2F11161202B945
Unicode quantity rejection: sce_shipment_outbox unchanged SHA256=4F53CDA18C2BAA0C0354BB5F9A3ECBE5ED12AB4D8E11BA873C2F11161202B945
POST  =&gt; 400 {"error":{"code":"INVALID_REQUEST","message":"INVALID_REQUEST","correlationId":"6f322e8a-4e6c-4aba-947f-58387050699e"},"contractVersion":"v1"}
Unicode quantity rejection: sce_shipments unchanged SHA256=4F53CDA18C2BAA0C0354BB5F9A3ECBE5ED12AB4D8E11BA873C2F11161202B945
Unicode quantity rejection: sce_shipment_receipts unchanged SHA256=4F53CDA18C2BAA0C0354BB5F9A3ECBE5ED12AB4D8E11BA873C2F11161202B945
Unicode quantity rejection: sce_shipment_history unchanged SHA256=4F53CDA18C2BAA0C0354BB5F9A3ECBE5ED12AB4D8E11BA873C2F11161202B945
Unicode quantity rejection: sce_shipment_audit unchanged SHA256=4F53CDA18C2BAA0C0354BB5F9A3ECBE5ED12AB4D8E11BA873C2F11161202B945
Unicode quantity rejection: sce_shipment_outbox unchanged SHA256=4F53CDA18C2BAA0C0354BB5F9A3ECBE5ED12AB4D8E11BA873C2F11161202B945
POST  =&gt; 400 {"error":{"code":"INVALID_REQUEST","message":"INVALID_REQUEST","correlationId":"6f322e8a-4e6c-4aba-947f-58387050699e"},"contractVersion":"v1"}
Unicode quantity rejection: sce_shipments unchanged SHA256=4F53CDA18C2BAA0C0354BB5F9A3ECBE5ED12AB4D8E11BA873C2F11161202B945
Unicode quantity rejection: sce_shipment_receipts unchanged SHA256=4F53CDA18C2BAA0C0354BB5F9A3ECBE5ED12AB4D8E11BA873C2F11161202B945
Unicode quantity rejection: sce_shipment_history unchanged SHA256=4F53CDA18C2BAA0C0354BB5F9A3ECBE5ED12AB4D8E11BA873C2F11161202B945
Unicode quantity rejection: sce_shipment_audit unchanged SHA256=4F53CDA18C2BAA0C0354BB5F9A3ECBE5ED12AB4D8E11BA873C2F11161202B945
Unicode quantity rejection: sce_shipment_outbox unchanged SHA256=4F53CDA18C2BAA0C0354BB5F9A3ECBE5ED12AB4D8E11BA873C2F11161202B945
POST  =&gt; 201 {"shipmentId":"c80152c2-2099-4cfd-bd02-e69860b8976e","shipmentNumber":"SHP-c80152c220994cfdbd02e69860b8976e","status":"Draft","idempotentReplay":false,"contractVersion":"v1"}
GET /c80152c2-2099-4cfd-bd02-e69860b8976e =&gt; 200 {"shipmentId":"c80152c2-2099-4cfd-bd02-e69860b8976e","shipmentNumber":"SHP-c80152c220994cfdbd02e69860b8976e","sourceDocumentId":"SO-900","status":"Draft","carrierId":null,"loadId":null,"plannedShipAt":"2026-09-20T08:00:00+00:00","plannedDeliverAt":"2026-09-21T16:00:00+00:00","actualDeliverAt":null,"sourceModule":"MOD-0141","sourceType":"SALES_ORDER","warehouseReferenceId":"wh-01","shipToReference":"CUST-100/ADDR-2","lines":[{"lineNumber":"1","itemId":"b1f2c3d4-0000-0000-0000-000000000001","skuId":"c3d4e5f6-0000-0000-0000-000000000002","quantity":"30.000","uomId":"EA","inventoryReferenceId":"rsv-4001"}],"pod":null,"contractVersion":"v1"}</StdOut>
      </Output>
    </UnitTestResult>
    <UnitTestResult executionId="fe675c58-535c-4b34-8dac-8240c1fc65f6" testId="133fa90b-e7d2-dcea-4fc5-404fc5ba28d8" testName="Diten.SupplyChainService.Tests.ShipmentValidatorContractTests.PodNoteUsesUnicodeCodePoints(note: &quot;ééééééééééééééééééééééééé&quot;···, expected: True)" computerName="Natig-Erens-MacBook-Pro" duration="00:00:00.0001878" startTime="2026-09-16T15:54:24.9251910+05:00" endTime="2026-09-16T15:54:24.9251910+05:00" testType="13cdc9d9-ddb5-4fa4-a97d-d965ccfc6d4b" outcome="Passed" testListId="8c84fa94-04c1-424b-9868-57a2d4851a1d" relativeResultsDirectory="fe675c58-535c-4b34-8dac-8240c1fc65f6" />
    <UnitTestResult executionId="9fcb57dd-8393-487d-a279-525df192a3c0" testId="ae2c4b0f-40c6-4047-85c3-9cd52757a5da" testName="Diten.SupplyChainService.Tests.ShipmentValidatorContractTests.TransitionNoteUsesUnicodeCodePoints(note: &quot;aaaaaaaaaaaaaaaaaaaaaaaaaaaaaaaaaaaaaaaaaaaaaaaaaa&quot;···, expected: True)" computerName="Natig-Erens-MacBook-Pro" duration="00:00:00.0001374" startTime="2026-09-16T15:54:24.9864860+05:00" endTime="2026-09-16T15:54:24.9864860+05:00" testType="13cdc9d9-ddb5-4fa4-a97d-d965ccfc6d4b" outcome="Passed" testListId="8c84fa94-04c1-424b-9868-57a2d4851a1d" relativeResultsDirectory="9fcb57dd-8393-487d-a279-525df192a3c0" />
    <UnitTestResult executionId="1c9dc7bf-b37b-447e-9e32-d81edd3c7721" testId="54616bb9-18d0-8130-d8a1-a9ee12b719ed" testName="Diten.SupplyChainService.Tests.ShipmentValidatorContractTests.QuantityMatchesFrozenAsciiDecimal(quantity: &quot;1e3&quot;, expected: False)" computerName="Natig-Erens-MacBook-Pro" duration="00:00:00.0000989" startTime="2026-09-16T15:54:24.9859820+05:00" endTime="2026-09-16T15:54:24.9859830+05:00" testType="13cdc9d9-ddb5-4fa4-a97d-d965ccfc6d4b" outcome="Passed" testListId="8c84fa94-04c1-424b-9868-57a2d4851a1d" relativeResultsDirectory="1c9dc7bf-b37b-447e-9e32-d81edd3c7721" />
    <UnitTestResult executionId="d598e205-9df6-47ff-b248-088c9c3aad0f" testId="84740e0b-36a9-a5a8-d073-043b61b12e65" testName="Diten.SupplyChainService.Tests.ShipmentTests.GoldenFlow_Replay_Outbox_AndRestartAreDurable" computerName="Natig-Erens-MacBook-Pro" duration="00:00:00.5377838" startTime="2026-09-16T15:54:31.1287830+05:00" endTime="2026-09-16T15:54:31.1287840+05:00" testType="13cdc9d9-ddb5-4fa4-a97d-d965ccfc6d4b" outcome="Passed" testListId="8c84fa94-04c1-424b-9868-57a2d4851a1d" relativeResultsDirectory="d598e205-9df6-47ff-b248-088c9c3aad0f">
      <Output>
        <StdOut>POST  =&gt; 201 {"shipmentId":"d895ab46-8f0b-49fb-a7e8-ca468d8b785f","shipmentNumber":"SHP-d895ab468f0b49fba7e8ca468d8b785f","status":"Draft","idempotentReplay":false,"contractVersion":"v1"}
GET /d895ab46-8f0b-49fb-a7e8-ca468d8b785f =&gt; 200 {"shipmentId":"d895ab46-8f0b-49fb-a7e8-ca468d8b785f","shipmentNumber":"SHP-d895ab468f0b49fba7e8ca468d8b785f","sourceDocumentId":"SO-900","status":"Draft","carrierId":null,"loadId":null,"plannedShipAt":"2026-09-20T08:00:00+00:00","plannedDeliverAt":"2026-09-21T16:00:00+00:00","actualDeliverAt":null,"sourceModule":"MOD-0141","sourceType":"SALES_ORDER","warehouseReferenceId":"wh-01","shipToReference":"CUST-100/ADDR-2","lines":[{"lineNumber":"1","itemId":"b1f2c3d4-0000-0000-0000-000000000001","skuId":"c3d4e5f6-0000-0000-0000-000000000002","quantity":"30.000","uomId":"EA","inventoryReferenceId":"rsv-4001"}],"pod":null,"contractVersion":"v1"}
POST /d895ab46-8f0b-49fb-a7e8-ca468d8b785f/transition =&gt; 200 {"shipmentId":"d895ab46-8f0b-49fb-a7e8-ca468d8b785f","shipmentNumber":"SHP-d895ab468f0b49fba7e8ca468d8b785f","status":"Planned","idempotentReplay":false,"contractVersion":"v1"}
POST /d895ab46-8f0b-49fb-a7e8-ca468d8b785f/transition =&gt; 200 {"shipmentId":"d895ab46-8f0b-49fb-a7e8-ca468d8b785f","shipmentNumber":"SHP-d895ab468f0b49fba7e8ca468d8b785f","status":"Dispatched","idempotentReplay":false,"contractVersion":"v1"}
POST /d895ab46-8f0b-49fb-a7e8-ca468d8b785f/pod =&gt; 201 {"podId":"08e17631-fad5-45c6-861c-3357c540f3f2","shipmentId":"d895ab46-8f0b-49fb-a7e8-ca468d8b785f","shipmentStatus":"Delivered","receivedAt":"2026-09-21T15:42:00+00:00","idempotentReplay":false,"contractVersion":"v1"}
POST /d895ab46-8f0b-49fb-a7e8-ca468d8b785f/pod =&gt; 201 {"podId":"08e17631-fad5-45c6-861c-3357c540f3f2","shipmentId":"d895ab46-8f0b-49fb-a7e8-ca468d8b785f","shipmentStatus":"Delivered","receivedAt":"2026-09-21T15:42:00+00:00","idempotentReplay":true,"contractVersion":"v1"}
POST /d895ab46-8f0b-49fb-a7e8-ca468d8b785f/pod =&gt; 409 {"error":{"code":"POD_ALREADY_CAPTURED","message":"POD_ALREADY_CAPTURED","correlationId":"e696c16c-dc86-4fa0-af76-22d8237a1a3e"},"contractVersion":"v1"}
POST /d895ab46-8f0b-49fb-a7e8-ca468d8b785f/transition =&gt; 200 {"shipmentId":"d895ab46-8f0b-49fb-a7e8-ca468d8b785f","shipmentNumber":"SHP-d895ab468f0b49fba7e8ca468d8b785f","status":"Closed","idempotentReplay":false,"contractVersion":"v1"}
GET /d895ab46-8f0b-49fb-a7e8-ca468d8b785f =&gt; 200 {"shipmentId":"d895ab46-8f0b-49fb-a7e8-ca468d8b785f","shipmentNumber":"SHP-d895ab468f0b49fba7e8ca468d8b785f","sourceDocumentId":"SO-900","status":"Closed","carrierId":null,"loadId":null,"plannedShipAt":"2026-09-20T08:00:00+00:00","plannedDeliverAt":"2026-09-21T16:00:00+00:00","actualDeliverAt":"2026-09-21T15:42:00+00:00","sourceModule":"MOD-0141","sourceType":"SALES_ORDER","warehouseReferenceId":"wh-01","shipToReference":"CUST-100/ADDR-2","lines":[{"lineNumber":"1","itemId":"b1f2c3d4-0000-0000-0000-000000000001","skuId":"c3d4e5f6-0000-0000-0000-000000000002","quantity":"30.000","uomId":"EA","inventoryReferenceId":"rsv-4001"}],"pod":{"recipientName":"Test Recipient","receivedAt":"2026-09-21T15:42:00+00:00","evidenceReferenceIds":["test-evidence"],"note":"Test only"},"contractVersion":"v1"}
GET /d895ab46-8f0b-49fb-a7e8-ca468d8b785f =&gt; 200 {"shipmentId":"d895ab46-8f0b-49fb-a7e8-ca468d8b785f","shipmentNumber":"SHP-d895ab468f0b49fba7e8ca468d8b785f","sourceDocumentId":"SO-900","status":"Closed","carrierId":null,"loadId":null,"plannedShipAt":"2026-09-20T08:00:00+00:00","plannedDeliverAt":"2026-09-21T16:00:00+00:00","actualDeliverAt":"2026-09-21T15:42:00+00:00","sourceModule":"MOD-0141","sourceType":"SALES_ORDER","warehouseReferenceId":"wh-01","shipToReference":"CUST-100/ADDR-2","lines":[{"lineNumber":"1","itemId":"b1f2c3d4-0000-0000-0000-000000000001","skuId":"c3d4e5f6-0000-0000-0000-000000000002","quantity":"30.000","uomId":"EA","inventoryReferenceId":"rsv-4001"}],"pod":{"recipientName":"Test Recipient","receivedAt":"2026-09-21T15:42:00+00:00","evidenceReferenceIds":["test-evidence"],"note":"Test only"},"contractVersion":"v1"}
POST  =&gt; 200 {"shipmentId":"d895ab46-8f0b-49fb-a7e8-ca468d8b785f","shipmentNumber":"SHP-d895ab468f0b49fba7e8ca468d8b785f","status":"Draft","idempotentReplay":true,"contractVersion":"v1"}
Restart persisted counts: history=5 audit=5 receipts=5 outbox=6; scope=6a5fd8f4-3386-4c0a-9f0a-d4bd2f7386c4/21c1cb53-883e-4310-97d4-ae22af623cfc</StdOut>
      </Output>
    </UnitTestResult>
    <UnitTestResult executionId="c54d70ca-ad90-483e-a5f2-be249be1a979" testId="56afec80-891c-8c56-0876-bad4364620ab" testName="Diten.SupplyChainService.Tests.ShipmentValidatorContractTests.PodNoteUsesUnicodeCodePoints(note: null, expected: True)" computerName="Natig-Erens-MacBook-Pro" duration="00:00:00.1429600" startTime="2026-09-16T15:54:24.8914680+05:00" endTime="2026-09-16T15:54:24.8915400+05:00" testType="13cdc9d9-ddb5-4fa4-a97d-d965ccfc6d4b" outcome="Passed" testListId="8c84fa94-04c1-424b-9868-57a2d4851a1d" relativeResultsDirectory="c54d70ca-ad90-483e-a5f2-be249be1a979" />
    <UnitTestResult executionId="74d2d67b-c3db-46b9-8846-2204e25b34c6" testId="5f01060f-fc8b-594d-f81b-e841d1a31b8f" testName="Diten.SupplyChainService.Tests.ShipmentValidatorContractTests.PodNoteUsesUnicodeCodePoints(note: &quot;ééééééééééééééééééééééééé&quot;···, expected: False)" computerName="Natig-Erens-MacBook-Pro" duration="00:00:00.0324073" startTime="2026-09-16T15:54:24.9238360+05:00" endTime="2026-09-16T15:54:24.9238370+05:00" testType="13cdc9d9-ddb5-4fa4-a97d-d965ccfc6d4b" outcome="Passed" testListId="8c84fa94-04c1-424b-9868-57a2d4851a1d" relativeResultsDirectory="74d2d67b-c3db-46b9-8846-2204e25b34c6" />
    <UnitTestResult executionId="a25106ba-7bf6-4ba5-847d-5733d3af1570" testId="117826e5-123e-482d-f8f0-19ad6bc38167" testName="Diten.SupplyChainService.Tests.ShipmentTests.TransitionNoteBoundaryCountsScalarsAndRejectsWithoutWrites" computerName="Natig-Erens-MacBook-Pro" duration="00:00:00.2237215" startTime="2026-09-16T15:54:29.7427590+05:00" endTime="2026-09-16T15:54:29.7427610+05:00" testType="13cdc9d9-ddb5-4fa4-a97d-d965ccfc6d4b" outcome="Passed" testListId="8c84fa94-04c1-424b-9868-57a2d4851a1d" relativeResultsDirectory="a25106ba-7bf6-4ba5-847d-5733d3af1570">
      <Output>
        <StdOut>POST  =&gt; 201 {"shipmentId":"e1289542-27ab-47f1-87ab-253ed81844f2","shipmentNumber":"SHP-e128954227ab47f187ab253ed81844f2","status":"Draft","idempotentReplay":false,"contractVersion":"v1"}
POST /e1289542-27ab-47f1-87ab-253ed81844f2/transition =&gt; 400 {"error":{"code":"INVALID_REQUEST","message":"INVALID_REQUEST","correlationId":"f73a5f7c-f9a1-4fc4-b985-4335edf1dddd"},"contractVersion":"v1"}
1001-code-point transition rejection: sce_shipments unchanged SHA256=1D75B87DF3F3E12D9E6A8A133FF03D3697C53ED1484E5BD16264008684CAB448
1001-code-point transition rejection: sce_shipment_receipts unchanged SHA256=EAD8CAE663387D6BFA21E880C8BC5EE62D75D1AEB5A51118A17A79BAE3B7D190
1001-code-point transition rejection: sce_shipment_history unchanged SHA256=69F12A9354A761067137E1560A2215937F837747F0ED4A8A3DA3AA4612D14CEF
1001-code-point transition rejection: sce_shipment_audit unchanged SHA256=D0178DD6C68514774B743D71FBA9E57F49AA1C7663A60EA017434F908D503870
1001-code-point transition rejection: sce_shipment_outbox unchanged SHA256=076307BC954969A9BC5EBF47B72FC3426BC925BAAA31C0CB68DBF3491AC49903
POST /e1289542-27ab-47f1-87ab-253ed81844f2/transition =&gt; 200 {"shipmentId":"e1289542-27ab-47f1-87ab-253ed81844f2","shipmentNumber":"SHP-e128954227ab47f187ab253ed81844f2","status":"Planned","idempotentReplay":false,"contractVersion":"v1"}</StdOut>
      </Output>
    </UnitTestResult>
    <UnitTestResult executionId="9a35d385-be74-4229-baae-1649d3e3551c" testId="c762da01-d53f-ed04-b6e6-374882822d6e" testName="Diten.SupplyChainService.Tests.ShipmentValidatorContractTests.QuantityMatchesFrozenAsciiDecimal(quantity: &quot;+30&quot;, expected: False)" computerName="Natig-Erens-MacBook-Pro" duration="00:00:00.0000971" startTime="2026-09-16T15:54:24.9860780+05:00" endTime="2026-09-16T15:54:24.9860780+05:00" testType="13cdc9d9-ddb5-4fa4-a97d-d965ccfc6d4b" outcome="Passed" testListId="8c84fa94-04c1-424b-9868-57a2d4851a1d" relativeResultsDirectory="9a35d385-be74-4229-baae-1649d3e3551c" />
    <UnitTestResult executionId="1b658cf0-9ca6-43af-8a93-862c76c58046" testId="8f46ff3b-0805-0b94-1e23-ac499458b329" testName="Diten.SupplyChainService.Tests.ShipmentValidatorContractTests.TransitionNoteUsesUnicodeCodePoints(note: &quot;ééééééééééééééééééééééééé&quot;···, expected: True)" computerName="Natig-Erens-MacBook-Pro" duration="00:00:00.0001340" startTime="2026-09-16T15:54:24.9872760+05:00" endTime="2026-09-16T15:54:24.9872760+05:00" testType="13cdc9d9-ddb5-4fa4-a97d-d965ccfc6d4b" outcome="Passed" testListId="8c84fa94-04c1-424b-9868-57a2d4851a1d" relativeResultsDirectory="1b658cf0-9ca6-43af-8a93-862c76c58046" />
    <UnitTestResult executionId="e19943b4-5e7b-4b70-9f70-dd857031e905" testId="1b2af614-be3b-3276-4ba8-458a7cadd2a7" testName="Diten.SupplyChainService.Tests.ShipmentValidatorContractTests.TransitionNoteUsesUnicodeCodePoints(note: &quot;\ud83d\ude00\ud83d\ude00\ud83d\ude00\ud83d\ude00\ud83d\ude00\ud83d\ude00\ud83d\ude00\ud83d\ude00\ud83d\ude00\ud83d\ude00\ud83d\ude00\ud83d\ude00\ud83d\ude00\ud83d\ude00\ud83d\ude00\ud83d\ude00\ud83d\ude00\ud83d\ude00\ud83d\ude00\ud83d\ude00\ud83d\ude00\ud83d\ude00\ud83d\ude00\ud83d\ude00\ud83d\ude00&quot;···, expected: True)" computerName="Natig-Erens-MacBook-Pro" duration="00:00:00.0116267" startTime="2026-09-16T15:54:24.9863240+05:00" endTime="2026-09-16T15:54:24.9863240+05:00" testType="13cdc9d9-ddb5-4fa4-a97d-d965ccfc6d4b" outcome="Passed" testListId="8c84fa94-04c1-424b-9868-57a2d4851a1d" relativeResultsDirectory="e19943b4-5e7b-4b70-9f70-dd857031e905" />
    <UnitTestResult executionId="58d88c84-73e7-4de0-a24b-db42f4eee940" testId="e1c0386a-d23f-7325-1e72-fcd240f41fee" testName="Diten.SupplyChainService.Tests.ShipmentValidatorContractTests.TransitionNoteUsesUnicodeCodePoints(note: &quot;aaaaaaaaaaaaaaaaaaaaaaaaaaaaaaaaaaaaaaaaaaaaaaaaaa&quot;···, expected: False)" computerName="Natig-Erens-MacBook-Pro" duration="00:00:00.0001332" startTime="2026-09-16T15:54:24.9876060+05:00" endTime="2026-09-16T15:54:24.9876070+05:00" testType="13cdc9d9-ddb5-4fa4-a97d-d965ccfc6d4b" outcome="Passed" testListId="8c84fa94-04c1-424b-9868-57a2d4851a1d" relativeResultsDirectory="58d88c84-73e7-4de0-a24b-db42f4eee940" />
    <UnitTestResult executionId="8a4fb21d-b73f-4ee2-bfcb-ab6b97c50a10" testId="b857b4a6-ad54-aaaa-4f18-5f68ee23097c" testName="Diten.SupplyChainService.Tests.ShipmentValidatorContractTests.PodNoteUsesUnicodeCodePoints(note: &quot;\ud83d\ude00\ud83d\ude00\ud83d\ude00\ud83d\ude00\ud83d\ude00\ud83d\ude00\ud83d\ude00\ud83d\ude00\ud83d\ude00\ud83d\ude00\ud83d\ude00\ud83d\ude00\ud83d\ude00\ud83d\ude00\ud83d\ude00\ud83d\ude00\ud83d\ude00\ud83d\ude00\ud83d\ude00\ud83d\ude00\ud83d\ude00\ud83d\ude00\ud83d\ude00\ud83d\ude00\ud83d\ude00&quot;···, expected: True)" computerName="Natig-Erens-MacBook-Pro" duration="00:00:00.0001715" startTime="2026-09-16T15:54:24.9245370+05:00" endTime="2026-09-16T15:54:24.9245370+05:00" testType="13cdc9d9-ddb5-4fa4-a97d-d965ccfc6d4b" outcome="Passed" testListId="8c84fa94-04c1-424b-9868-57a2d4851a1d" relativeResultsDirectory="8a4fb21d-b73f-4ee2-bfcb-ab6b97c50a10" />
    <UnitTestResult executionId="f489ed7b-9bf5-42e0-af05-44943acf3ab1" testId="d074e9fa-7d31-c224-dda3-5a943eabcbc7" testName="Diten.SupplyChainService.Tests.ShipmentValidatorContractTests.QuantityMatchesFrozenAsciiDecimal(quantity: &quot;-30.000&quot;, expected: True)" computerName="Natig-Erens-MacBook-Pro" duration="00:00:00.0000870" startTime="2026-09-16T15:54:24.9861380+05:00" endTime="2026-09-16T15:54:24.9861380+05:00" testType="13cdc9d9-ddb5-4fa4-a97d-d965ccfc6d4b" outcome="Passed" testListId="8c84fa94-04c1-424b-9868-57a2d4851a1d" relativeResultsDirectory="f489ed7b-9bf5-42e0-af05-44943acf3ab1" />
    <UnitTestResult executionId="33976430-8791-452e-837e-bac60967c063" testId="8327b4c9-a597-5f51-279a-0b80f37cb7be" testName="Diten.SupplyChainService.Tests.ShipmentValidatorContractTests.QuantityMatchesFrozenAsciiDecimal(quantity: &quot;000.010&quot;, expected: True)" computerName="Natig-Erens-MacBook-Pro" duration="00:00:00.0001405" startTime="2026-09-16T15:54:24.9838110+05:00" endTime="2026-09-16T15:54:24.9838110+05:00" testType="13cdc9d9-ddb5-4fa4-a97d-d965ccfc6d4b" outcome="Passed" testListId="8c84fa94-04c1-424b-9868-57a2d4851a1d" relativeResultsDirectory="33976430-8791-452e-837e-bac60967c063" />
    <UnitTestResult executionId="ccb803bf-6ab6-4e99-bf4a-0deaafd0e038" testId="176e3f73-7749-42f1-4ace-65f1b739b309" testName="Diten.SupplyChainService.Tests.ShipmentTests.PodNoteBoundaryCountsScalarsAndRejectsWithoutWrites" computerName="Natig-Erens-MacBook-Pro" duration="00:00:00.7828802" startTime="2026-09-16T15:54:28.3529910+05:00" endTime="2026-09-16T15:54:28.3529920+05:00" testType="13cdc9d9-ddb5-4fa4-a97d-d965ccfc6d4b" outcome="Passed" testListId="8c84fa94-04c1-424b-9868-57a2d4851a1d" relativeResultsDirectory="ccb803bf-6ab6-4e99-bf4a-0deaafd0e038">
      <Output>
        <StdOut>POST  =&gt; 201 {"shipmentId":"046005b8-fed6-4be9-96bf-f82981f4b59a","shipmentNumber":"SHP-046005b8fed64be996bff82981f4b59a","status":"Draft","idempotentReplay":false,"contractVersion":"v1"}
POST /046005b8-fed6-4be9-96bf-f82981f4b59a/transition =&gt; 200 {"shipmentId":"046005b8-fed6-4be9-96bf-f82981f4b59a","shipmentNumber":"SHP-046005b8fed64be996bff82981f4b59a","status":"Planned","idempotentReplay":false,"contractVersion":"v1"}
POST /046005b8-fed6-4be9-96bf-f82981f4b59a/transition =&gt; 200 {"shipmentId":"046005b8-fed6-4be9-96bf-f82981f4b59a","shipmentNumber":"SHP-046005b8fed64be996bff82981f4b59a","status":"Dispatched","idempotentReplay":false,"contractVersion":"v1"}
POST /046005b8-fed6-4be9-96bf-f82981f4b59a/pod =&gt; 400 {"error":{"code":"INVALID_REQUEST","message":"INVALID_REQUEST","correlationId":"0fa06178-c482-4df3-ba7f-e4bf7b46fb1e"},"contractVersion":"v1"}
1001-code-point POD rejection: sce_shipments unchanged SHA256=F6DDB921FB100A558D49A2F98810FFCA8389BDCCA96BA5356ED850C0652B2308
1001-code-point POD rejection: sce_shipment_receipts unchanged SHA256=74825EF9746BC8EDEBB18A4409E80B9827F41D5DA813AA27E3CECC721B50A21B
1001-code-point POD rejection: sce_shipment_history unchanged SHA256=FB83736F83CE4DAC7919B691559BFD357A8810BEA4B17E4B587C88C06ED78E0E
1001-code-point POD rejection: sce_shipment_audit unchanged SHA256=DD3E0F807AB93700F7AFF1860A53206A3F9DAB4698265418D30CD7FA50C0C19B
1001-code-point POD rejection: sce_shipment_outbox unchanged SHA256=0871CA89A0807A42434969C350E531C6E24A1C2EF53C6424637B2E9531F3DC89
POST /046005b8-fed6-4be9-96bf-f82981f4b59a/pod =&gt; 201 {"podId":"669061a1-7b36-4c84-8a08-6f245e41e7ff","shipmentId":"046005b8-fed6-4be9-96bf-f82981f4b59a","shipmentStatus":"Delivered","receivedAt":"2026-09-21T15:42:00+00:00","idempotentReplay":false,"contractVersion":"v1"}
GET /046005b8-fed6-4be9-96bf-f82981f4b59a =&gt; 200 {"shipmentId":"046005b8-fed6-4be9-96bf-f82981f4b59a","shipmentNumber":"SHP-046005b8fed64be996bff82981f4b59a","sourceDocumentId":"SO-900","status":"Delivered","carrierId":null,"loadId":null,"plannedShipAt":"2026-09-20T08:00:00+00:00","plannedDeliverAt":"2026-09-21T16:00:00+00:00","actualDeliverAt":"2026-09-21T15:42:00+00:00","sourceModule":"MOD-0141","sourceType":"SALES_ORDER","warehouseReferenceId":"wh-01","shipToReference":"CUST-100/ADDR-2","lines":[{"lineNumber":"1","itemId":"b1f2c3d4-0000-0000-0000-000000000001","skuId":"c3d4e5f6-0000-0000-0000-000000000002","quantity":"30.000","uomId":"EA","inventoryReferenceId":"rsv-4001"}],"pod":{"recipientName":"Test Recipient","receivedAt":"2026-09-21T15:42:00+00:00","evidenceReferenceIds":["test-evidence"],"note":"\uD83D\uDE00\uD83D\uDE00\uD83D\uDE00\uD83D\uDE00\uD83D\uDE00\uD83D\uDE00\uD83D\uDE00\uD83D\uDE00\uD83D\uDE00\uD83D\uDE00\uD83D\uDE00\uD83D\uDE00\uD83D\uDE00\uD83D\uDE00\uD83D\uDE00\uD83D\uDE00\uD83D\uDE00\uD83D\uDE00\uD83D\uDE00\uD83D\uDE00\uD83D\uDE00\uD83D\uDE00\uD83D\uDE00\uD83D\uDE00\uD83D\uDE00\uD83D\uDE00\uD83D\uDE00\uD83D\uDE00\uD83D\uDE00\uD83D\uDE00\uD83D\uDE00\uD83D\uDE00\uD83D\uDE00\uD83D\uDE00\uD83D\uDE00\uD83D\uDE00\uD83D\uDE00\uD83D\uDE00\uD83D\uDE00\uD83D\uDE00\uD83D\uDE00\uD83D\uDE00\uD83D\uDE00\uD83D\uDE00\uD83D\uDE00\uD83D\uDE00\uD83D\uDE00\uD83D\uDE00\uD83D\uDE00\uD83D\uDE00\uD83D\uDE00\uD83D\uDE00\uD83D\uDE00\uD83D\uDE00\uD83D\uDE00\uD83D\uDE00\uD83D\uDE00\uD83D\uDE00\uD83D\uDE00\uD83D\uDE00\uD83D\uDE00\uD83D\uDE00\uD83D\uDE00\uD83D\uDE00\uD83D\uDE00\uD83D\uDE00\uD83D\uDE00\uD83D\uDE00\uD83D\uDE00\uD83D\uDE00\uD83D\uDE00\uD83D\uDE00\uD83D\uDE00\uD83D\uDE00\uD83D\uDE00\uD83D\uDE00\uD83D\uDE00\uD83D\uDE00\uD83D\uDE00\uD83D\uDE00\uD83D\uDE00\uD83D\uDE00\uD83D\uDE00\uD83D\uDE00\uD83D\uDE00\uD83D\uDE00\uD83D\uDE00\uD83D\uDE00\uD83D\uDE00\uD83D\uDE00\uD83D\uDE00\uD83D\uDE00\uD83D\uDE00\uD83D\uDE00\uD83D\uDE00\uD83D\uDE00\uD83D\uDE00\uD83D\uDE00\uD83D\uDE00\uD83D\uDE00\uD83D\uDE00\uD83D\uDE00\uD83D\uDE00\uD83D\uDE00\uD83D\uDE00\uD83D\uDE00\uD83D\uDE00\uD83D\uDE00\uD83D\uDE00\uD83D\uDE00\uD83D\uDE00\uD83D\uDE00\uD83D\uDE00\uD83D\uDE00\uD83D\uDE00\uD83D\uDE00\uD83D\uDE00\uD83D\uDE00\uD83D\uDE00\uD83D\uDE00\uD83D\uDE00\uD83D\uDE00\uD83D\uDE00\uD83D\uDE00\uD83D\uDE00\uD83D\uDE00\uD83D\uDE00\uD83D\uDE00\uD83D\uDE00\uD83D\uDE00\uD83D\uDE00\uD83D\uDE00\uD83D\uDE00\uD83D\uDE00\uD83D\uDE00\uD83D\uDE00\uD83D\uDE00\uD83D\uDE00\uD83D\uDE00\uD83D\uDE00\uD83D\uDE00\uD83D\uDE00\uD83D\uDE00\uD83D\uDE00\uD83D\uDE00\uD83D\uDE00\uD83D\uDE00\uD83D\uDE00\uD83D\uDE00\uD83D\uDE00\uD83D\uDE00\uD83D\uDE00\uD83D\uDE00\uD83D\uDE00\uD83D\uDE00\uD83D\uDE00\uD83D\uDE00\uD83D\uDE00\uD83D\uDE00\uD83D\uDE00\uD83D\uDE00\uD83D\uDE00\uD83D\uDE00\uD83D\uDE00\uD83D\uDE00\uD83D\uDE00\uD83D\uDE00\uD83D\uDE00\uD83D\uDE00\uD83D\uDE00\uD83D\uDE00\uD83D\uDE00\uD83D\uDE00\uD83D\uDE00\uD83D\uDE00\uD83D\uDE00\uD83D\uDE00\uD83D\uDE00\uD83D\uDE00\uD83D\uDE00\uD83D\uDE00\uD83D\uDE00\uD83D\uDE00\uD83D\uDE00\uD83D\uDE00\uD83D\uDE00\uD83D\uDE00\uD83D\uDE00\uD83D\uDE00\uD83D\uDE00\uD83D\uDE00\uD83D\uDE00\uD83D\uDE00\uD83D\uDE00\uD83D\uDE00\uD83D\uDE00\uD83D\uDE00\uD83D\uDE00\uD83D\uDE00\uD83D\uDE00\uD83D\uDE00\uD83D\uDE00\uD83D\uDE00\uD83D\uDE00\uD83D\uDE00\uD83D\uDE00\uD83D\uDE00\uD83D\uDE00\uD83D\uDE00\uD83D\uDE00\uD83D\uDE00\uD83D\uDE00\uD83D\uDE00\uD83D\uDE00\uD83D\uDE00\uD83D\uDE00\uD83D\uDE00\uD83D\uDE00\uD83D\uDE00\uD83D\uDE00\uD83D\uDE00\uD83D\uDE00\uD83D\uDE00\uD83D\uDE00\uD83D\uDE00\uD83D\uDE00\uD83D\uDE00\uD83D\uDE00\uD83D\uDE00\uD83D\uDE00\uD83D\uDE00\uD83D\uDE00\uD83D\uDE00\uD83D\uDE00\uD83D\uDE00\uD83D\uDE00\uD83D\uDE00\uD83D\uDE00\uD83D\uDE00\uD83D\uDE00\uD83D\uDE00\uD83D\uDE00\uD83D\uDE00\uD83D\uDE00\uD83D\uDE00\uD83D\uDE00\uD83D\uDE00\uD83D\uDE00\uD83D\uDE00\uD83D\uDE00\uD83D\uDE00\uD83D\uDE00\uD83D\uDE00\uD83D\uDE00\uD83D\uDE00\uD83D\uDE00\uD83D\uDE00\uD83D\uDE00\uD83D\uDE00\uD83D\uDE00\uD83D\uDE00\uD83D\uDE00\uD83D\uDE00\uD83D\uDE00\uD83D\uDE00\uD83D\uDE00\uD83D\uDE00\uD83D\uDE00\uD83D\uDE00\uD83D\uDE00\uD83D\uDE00\uD83D\uDE00\uD83D\uDE00\uD83D\uDE00\uD83D\uDE00\uD83D\uDE00\uD83D\uDE00\uD83D\uDE00\uD83D\uDE00\uD83D\uDE00\uD83D\uDE00\uD83D\uDE00\uD83D\uDE00\uD83D\uDE00\uD83D\uDE00\uD83D\uDE00\uD83D\uDE00\uD83D\uDE00\uD83D\uDE00\uD83D\uDE00\uD83D\uDE00\uD83D\uDE00\uD83D\uDE00\uD83D\uDE00\uD83D\uDE00\uD83D\uDE00\uD83D\uDE00\uD83D\uDE00\uD83D\uDE00\uD83D\uDE00\uD83D\uDE00\uD83D\uDE00\uD83D\uDE00\uD83D\uDE00\uD83D\uDE00\uD83D\uDE00\uD83D\uDE00\uD83D\uDE00\uD83D\uDE00\uD83D\uDE00\uD83D\uDE00\uD83D\uDE00\uD83D\uDE00\uD83D\uDE00\uD83D\uDE00\uD83D\uDE00\uD83D\uDE00\uD83D\uDE00\uD83D\uDE00\uD83D\uDE00\uD83D\uDE00\uD83D\uDE00\uD83D\uDE00\uD83D\uDE00\uD83D\uDE00\uD83D\uDE00\uD83D\uDE00\uD83D\uDE00\uD83D\uDE00\uD83D\uDE00\uD83D\uDE00\uD83D\uDE00\uD83D\uDE00\uD83D\uDE00\uD83D\uDE00\uD83D\uDE00\uD83D\uDE00\uD83D\uDE00\uD83D\uDE00\uD83D\uDE00\uD83D\uDE00\uD83D\uDE00\uD83D\uDE00\uD83D\uDE00\uD83D\uDE00\uD83D\uDE00\uD83D\uDE00\uD83D\uDE00\uD83D\uDE00\uD83D\uDE00\uD83D\uDE00\uD83D\uDE00\uD83D\uDE00\uD83D\uDE00\uD83D\uDE00\uD83D\uDE00\uD83D\uDE00\uD83D\uDE00\uD83D\uDE00\uD83D\uDE00\uD83D\uDE00\uD83D\uDE00\uD83D\uDE00\uD83D\uDE00\uD83D\uDE00\uD83D\uDE00\uD83D\uDE00\uD83D\uDE00\uD83D\uDE00\uD83D\uDE00\uD83D\uDE00\uD83D\uDE00\uD83D\uDE00\uD83D\uDE00\uD83D\uDE00\uD83D\uDE00\uD83D\uDE00\uD83D\uDE00\uD83D\uDE00\uD83D\uDE00\uD83D\uDE00\uD83D\uDE00\uD83D\uDE00\uD83D\uDE00\uD83D\uDE00\uD83D\uDE00\uD83D\uDE00\uD83D\uDE00\uD83D\uDE00\uD83D\uDE00\uD83D\uDE00\uD83D\uDE00\uD83D\uDE00\uD83D\uDE00\uD83D\uDE00\uD83D\uDE00\uD83D\uDE00\uD83D\uDE00\uD83D\uDE00\uD83D\uDE00\uD83D\uDE00\uD83D\uDE00\uD83D\uDE00\uD83D\uDE00\uD83D\uDE00\uD83D\uDE00\uD83D\uDE00\uD83D\uDE00\uD83D\uDE00\uD83D\uDE00\uD83D\uDE00\uD83D\uDE00\uD83D\uDE00\uD83D\uDE00\uD83D\uDE00\uD83D\uDE00\uD83D\uDE00\uD83D\uDE00\uD83D\uDE00\uD83D\uDE00\uD83D\uDE00\uD83D\uDE00\uD83D\uDE00\uD83D\uDE00\uD83D\uDE00\uD83D\uDE00\uD83D\uDE00\uD83D\uDE00\uD83D\uDE00\uD83D\uDE00\uD83D\uDE00\uD83D\uDE00\uD83D\uDE00\uD83D\uDE00\uD83D\uDE00\uD83D\uDE00\uD83D\uDE00\uD83D\uDE00\uD83D\uDE00\uD83D\uDE00\uD83D\uDE00\uD83D\uDE00\uD83D\uDE00\uD83D\uDE00\uD83D\uDE00\uD83D\uDE00\uD83D\uDE00\uD83D\uDE00\uD83D\uDE00\uD83D\uDE00\uD83D\uDE00\uD83D\uDE00\uD83D\uDE00\uD83D\uDE00\uD83D\uDE00\uD83D\uDE00\uD83D\uDE00\uD83D\uDE00\uD83D\uDE00\uD83D\uDE00\uD83D\uDE00\uD83D\uDE00\uD83D\uDE00\uD83D\uDE00\uD83D\uDE00\uD83D\uDE00\uD83D\uDE00\uD83D\uDE00\uD83D\uDE00\uD83D\uDE00\uD83D\uDE00\uD83D\uDE00\uD83D\uDE00\uD83D\uDE00\uD83D\uDE00\uD83D\uDE00\uD83D\uDE00\uD83D\uDE00\uD83D\uDE00\uD83D\uDE00\uD83D\uDE00\uD83D\uDE00\uD83D\uDE00\uD83D\uDE00\uD83D\uDE00\uD83D\uDE00\uD83D\uDE00\uD83D\uDE00\uD83D\uDE00\uD83D\uDE00\uD83D\uDE00\uD83D\uDE00\uD83D\uDE00\uD83D\uDE00\uD83D\uDE00\uD83D\uDE00\uD83D\uDE00\uD83D\uDE00\uD83D\uDE00\uD83D\uDE00\uD83D\uDE00\uD83D\uDE00\uD83D\uDE00\uD83D\uDE00\uD83D\uDE00\uD83D\uDE00\uD83D\uDE00\uD83D\uDE00\uD83D\uDE00\uD83D\uDE00\uD83D\uDE00\uD83D\uDE00\uD83D\uDE00\uD83D\uDE00\uD83D\uDE00\uD83D\uDE00\uD83D\uDE00\uD83D\uDE00\uD83D\uDE00\uD83D\uDE00\uD83D\uDE00\uD83D\uDE00\uD83D\uDE00\uD83D\uDE00\uD83D\uDE00\uD83D\uDE00\uD83D\uDE00\uD83D\uDE00\uD83D\uDE00\uD83D\uDE00\uD83D\uDE00\uD83D\uDE00\uD83D\uDE00\uD83D\uDE00\uD83D\uDE00\uD83D\uDE00\uD83D\uDE00\uD83D\uDE00\uD83D\uDE00\uD83D\uDE00\uD83D\uDE00\uD83D\uDE00\uD83D\uDE00\uD83D\uDE00\uD83D\uDE00\uD83D\uDE00\uD83D\uDE00\uD83D\uDE00\uD83D\uDE00\uD83D\uDE00\uD83D\uDE00\uD83D\uDE00\uD83D\uDE00\uD83D\uDE00\uD83D\uDE00\uD83D\uDE00\uD83D\uDE00\uD83D\uDE00\uD83D\uDE00\uD83D\uDE00\uD83D\uDE00\uD83D\uDE00\uD83D\uDE00\uD83D\uDE00\uD83D\uDE00\uD83D\uDE00\uD83D\uDE00\uD83D\uDE00\uD83D\uDE00\uD83D\uDE00\uD83D\uDE00\uD83D\uDE00\uD83D\uDE00\uD83D\uDE00\uD83D\uDE00\uD83D\uDE00\uD83D\uDE00\uD83D\uDE00\uD83D\uDE00\uD83D\uDE00\uD83D\uDE00\uD83D\uDE00\uD83D\uDE00\uD83D\uDE00\uD83D\uDE00\uD83D\uDE00\uD83D\uDE00\uD83D\uDE00\uD83D\uDE00\uD83D\uDE00\uD83D\uDE00\uD83D\uDE00\uD83D\uDE00\uD83D\uDE00\uD83D\uDE00\uD83D\uDE00\uD83D\uDE00\uD83D\uDE00\uD83D\uDE00\uD83D\uDE00\uD83D\uDE00\uD83D\uDE00\uD83D\uDE00\uD83D\uDE00\uD83D\uDE00\uD83D\uDE00\uD83D\uDE00\uD83D\uDE00\uD83D\uDE00\uD83D\uDE00\uD83D\uDE00\uD83D\uDE00\uD83D\uDE00\uD83D\uDE00\uD83D\uDE00\uD83D\uDE00\uD83D\uDE00\uD83D\uDE00\uD83D\uDE00\uD83D\uDE00\uD83D\uDE00\uD83D\uDE00\uD83D\uDE00\uD83D\uDE00\uD83D\uDE00\uD83D\uDE00\uD83D\uDE00\uD83D\uDE00\uD83D\uDE00\uD83D\uDE00\uD83D\uDE00\uD83D\uDE00\uD83D\uDE00\uD83D\uDE00\uD83D\uDE00\uD83D\uDE00\uD83D\uDE00\uD83D\uDE00\uD83D\uDE00\uD83D\uDE00\uD83D\uDE00\uD83D\uDE00\uD83D\uDE00\uD83D\uDE00\uD83D\uDE00\uD83D\uDE00\uD83D\uDE00\uD83D\uDE00\uD83D\uDE00\uD83D\uDE00\uD83D\uDE00\uD83D\uDE00\uD83D\uDE00\uD83D\uDE00\uD83D\uDE00\uD83D\uDE00\uD83D\uDE00\uD83D\uDE00\uD83D\uDE00\uD83D\uDE00\uD83D\uDE00\uD83D\uDE00\uD83D\uDE00\uD83D\uDE00\uD83D\uDE00\uD83D\uDE00\uD83D\uDE00\uD83D\uDE00\uD83D\uDE00\uD83D\uDE00\uD83D\uDE00\uD83D\uDE00\uD83D\uDE00\uD83D\uDE00\uD83D\uDE00\uD83D\uDE00\uD83D\uDE00\uD83D\uDE00\uD83D\uDE00\uD83D\uDE00\uD83D\uDE00\uD83D\uDE00\uD83D\uDE00\uD83D\uDE00\uD83D\uDE00\uD83D\uDE00\uD83D\uDE00\uD83D\uDE00\uD83D\uDE00\uD83D\uDE00\uD83D\uDE00\uD83D\uDE00\uD83D\uDE00\uD83D\uDE00\uD83D\uDE00\uD83D\uDE00\uD83D\uDE00\uD83D\uDE00\uD83D\uDE00\uD83D\uDE00\uD83D\uDE00\uD83D\uDE00\uD83D\uDE00\uD83D\uDE00\uD83D\uDE00\uD83D\uDE00\uD83D\uDE00\uD83D\uDE00\uD83D\uDE00\uD83D\uDE00\uD83D\uDE00\uD83D\uDE00\uD83D\uDE00\uD83D\uDE00\uD83D\uDE00\uD83D\uDE00\uD83D\uDE00\uD83D\uDE00\uD83D\uDE00\uD83D\uDE00\uD83D\uDE00\uD83D\uDE00\uD83D\uDE00\uD83D\uDE00\uD83D\uDE00\uD83D\uDE00\uD83D\uDE00\uD83D\uDE00\uD83D\uDE00\uD83D\uDE00\uD83D\uDE00\uD83D\uDE00\uD83D\uDE00\uD83D\uDE00\uD83D\uDE00\uD83D\uDE00\uD83D\uDE00\uD83D\uDE00\uD83D\uDE00\uD83D\uDE00\uD83D\uDE00\uD83D\uDE00\uD83D\uDE00\uD83D\uDE00\uD83D\uDE00\uD83D\uDE00\uD83D\uDE00\uD83D\uDE00\uD83D\uDE00\uD83D\uDE00\uD83D\uDE00\uD83D\uDE00\uD83D\uDE00\uD83D\uDE00\uD83D\uDE00\uD83D\uDE00\uD83D\uDE00\uD83D\uDE00\uD83D\uDE00\uD83D\uDE00\uD83D\uDE00\uD83D\uDE00\uD83D\uDE00\uD83D\uDE00\uD83D\uDE00\uD83D\uDE00\uD83D\uDE00\uD83D\uDE00\uD83D\uDE00\uD83D\uDE00\uD83D\uDE00\uD83D\uDE00\uD83D\uDE00\uD83D\uDE00\uD83D\uDE00\uD83D\uDE00\uD83D\uDE00\uD83D\uDE00\uD83D\uDE00\uD83D\uDE00\uD83D\uDE00\uD83D\uDE00\uD83D\uDE00\uD83D\uDE00\uD83D\uDE00\uD83D\uDE00\uD83D\uDE00\uD83D\uDE00\uD83D\uDE00\uD83D\uDE00\uD83D\uDE00\uD83D\uDE00\uD83D\uDE00\uD83D\uDE00\uD83D\uDE00\uD83D\uDE00\uD83D\uDE00\uD83D\uDE00\uD83D\uDE00\uD83D\uDE00\uD83D\uDE00\uD83D\uDE00\uD83D\uDE00\uD83D\uDE00\uD83D\uDE00\uD83D\uDE00\uD83D\uDE00\uD83D\uDE00\uD83D\uDE00\uD83D\uDE00\uD83D\uDE00\uD83D\uDE00\uD83D\uDE00\uD83D\uDE00\uD83D\uDE00\uD83D\uDE00\uD83D\uDE00\uD83D\uDE00\uD83D\uDE00\uD83D\uDE00\uD83D\uDE00\uD83D\uDE00\uD83D\uDE00\uD83D\uDE00\uD83D\uDE00\uD83D\uDE00\uD83D\uDE00\uD83D\uDE00\uD83D\uDE00\uD83D\uDE00\uD83D\uDE00\uD83D\uDE00\uD83D\uDE00\uD83D\uDE00\uD83D\uDE00\uD83D\uDE00\uD83D\uDE00\uD83D\uDE00\uD83D\uDE00\uD83D\uDE00\uD83D\uDE00\uD83D\uDE00\uD83D\uDE00\uD83D\uDE00\uD83D\uDE00\uD83D\uDE00\uD83D\uDE00\uD83D\uDE00\uD83D\uDE00\uD83D\uDE00\uD83D\uDE00\uD83D\uDE00\uD83D\uDE00\uD83D\uDE00\uD83D\uDE00\uD83D\uDE00\uD83D\uDE00\uD83D\uDE00\uD83D\uDE00\uD83D\uDE00\uD83D\uDE00\uD83D\uDE00\uD83D\uDE00\uD83D\uDE00\uD83D\uDE00\uD83D\uDE00\uD83D\uDE00\uD83D\uDE00\uD83D\uDE00\uD83D\uDE00\uD83D\uDE00\uD83D\uDE00\uD83D\uDE00\uD83D\uDE00\uD83D\uDE00\uD83D\uDE00\uD83D\uDE00\uD83D\uDE00\uD83D\uDE00\uD83D\uDE00\uD83D\uDE00\uD83D\uDE00\uD83D\uDE00\uD83D\uDE00\uD83D\uDE00\uD83D\uDE00\uD83D\uDE00\uD83D\uDE00\uD83D\uDE00\uD83D\uDE00\uD83D\uDE00\uD83D\uDE00\uD83D\uDE00\uD83D\uDE00\uD83D\uDE00\uD83D\uDE00\uD83D\uDE00\uD83D\uDE00\uD83D\uDE00\uD83D\uDE00\uD83D\uDE00\uD83D\uDE00\uD83D\uDE00\uD83D\uDE00\uD83D\uDE00\uD83D\uDE00\uD83D\uDE00\uD83D\uDE00\uD83D\uDE00\uD83D\uDE00\uD83D\uDE00\uD83D\uDE00\uD83D\uDE00\uD83D\uDE00\uD83D\uDE00\uD83D\uDE00\uD83D\uDE00\uD83D\uDE00\uD83D\uDE00\uD83D\uDE00\uD83D\uDE00\uD83D\uDE00\uD83D\uDE00\uD83D\uDE00\uD83D\uDE00\uD83D\uDE00\uD83D\uDE00\uD83D\uDE00\uD83D\uDE00\uD83D\uDE00\uD83D\uDE00\uD83D\uDE00\uD83D\uDE00\uD83D\uDE00\uD83D\uDE00\uD83D\uDE00\uD83D\uDE00\uD83D\uDE00\uD83D\uDE00\uD83D\uDE00\uD83D\uDE00\uD83D\uDE00\uD83D\uDE00\uD83D\uDE00\uD83D\uDE00\uD83D\uDE00\uD83D\uDE00\uD83D\uDE00\uD83D\uDE00\uD83D\uDE00\uD83D\uDE00\uD83D\uDE00\uD83D\uDE00\uD83D\uDE00\uD83D\uDE00\uD83D\uDE00\uD83D\uDE00\uD83D\uDE00\uD83D\uDE00\uD83D\uDE00\uD83D\uDE00\uD83D\uDE00\uD83D\uDE00\uD83D\uDE00\uD83D\uDE00\uD83D\uDE00\uD83D\uDE00\uD83D\uDE00\uD83D\uDE00\uD83D\uDE00\uD83D\uDE00\uD83D\uDE00\uD83D\uDE00\uD83D\uDE00\uD83D\uDE00\uD83D\uDE00\uD83D\uDE00\uD83D\uDE00\uD83D\uDE00\uD83D\uDE00\uD83D\uDE00\uD83D\uDE00\uD83D\uDE00\uD83D\uDE00\uD83D\uDE00\uD83D\uDE00\uD83D\uDE00\uD83D\uDE00\uD83D\uDE00\uD83D\uDE00\uD83D\uDE00\uD83D\uDE00\uD83D\uDE00\uD83D\uDE00\uD83D\uDE00\uD83D\uDE00\uD83D\uDE00\uD83D\uDE00\uD83D\uDE00\uD83D\uDE00"},"contractVersion":"v1"}</StdOut>
      </Output>
    </UnitTestResult>
    <UnitTestResult executionId="93f7787a-eff3-4321-9639-dccc0db77ea8" testId="b399e2c6-ff6b-6a69-45e4-76311e9c4b34" testName="Diten.SupplyChainService.Tests.ShipmentValidatorContractTests.TransitionNoteUsesUnicodeCodePoints(note: null, expected: True)" computerName="Natig-Erens-MacBook-Pro" duration="00:00:00.0000866" startTime="2026-09-16T15:54:24.9874580+05:00" endTime="2026-09-16T15:54:24.9874580+05:00" testType="13cdc9d9-ddb5-4fa4-a97d-d965ccfc6d4b" outcome="Passed" testListId="8c84fa94-04c1-424b-9868-57a2d4851a1d" relativeResultsDirectory="93f7787a-eff3-4321-9639-dccc0db77ea8" />
    <UnitTestResult executionId="8d07511e-5780-4f39-8c55-cd99276eb225" testId="3ba04534-65a0-2891-2687-2a472f665ecf" testName="Diten.SupplyChainService.Tests.ShipmentTests.EveryForbiddenTransitionLeavesPersistenceUnchanged" computerName="Natig-Erens-MacBook-Pro" duration="00:00:02.2945157" startTime="2026-09-16T15:54:33.7566570+05:00" endTime="2026-09-16T15:54:33.7566570+05:00" testType="13cdc9d9-ddb5-4fa4-a97d-d965ccfc6d4b" outcome="Passed" testListId="8c84fa94-04c1-424b-9868-57a2d4851a1d" relativeResultsDirectory="8d07511e-5780-4f39-8c55-cd99276eb225">
      <Output>
        <StdOut>POST  =&gt; 201 {"shipmentId":"b2e859c0-574c-4a33-96b8-c51d978d73ab","shipmentNumber":"SHP-b2e859c0574c4a3396b8c51d978d73ab","status":"Draft","idempotentReplay":false,"contractVersion":"v1"}
POST /b2e859c0-574c-4a33-96b8-c51d978d73ab/transition =&gt; 422 {"error":{"code":"INVALID_SHIPMENT_TRANSITION","message":"INVALID_SHIPMENT_TRANSITION","correlationId":"c3f5e211-28ac-434f-b553-d56ba571f4e2"},"contractVersion":"v1"}
GET /b2e859c0-574c-4a33-96b8-c51d978d73ab =&gt; 200 {"shipmentId":"b2e859c0-574c-4a33-96b8-c51d978d73ab","shipmentNumber":"SHP-b2e859c0574c4a3396b8c51d978d73ab","sourceDocumentId":"SO-900","status":"Draft","carrierId":null,"loadId":null,"plannedShipAt":"2026-09-20T08:00:00+00:00","plannedDeliverAt":"2026-09-21T16:00:00+00:00","actualDeliverAt":null,"sourceModule":"MOD-0141","sourceType":"SALES_ORDER","warehouseReferenceId":"wh-01","shipToReference":"CUST-100/ADDR-2","lines":[{"lineNumber":"1","itemId":"b1f2c3d4-0000-0000-0000-000000000001","skuId":"c3d4e5f6-0000-0000-0000-000000000002","quantity":"30.000","uomId":"EA","inventoryReferenceId":"rsv-4001"}],"pod":null,"contractVersion":"v1"}
POST /b2e859c0-574c-4a33-96b8-c51d978d73ab/transition =&gt; 422 {"error":{"code":"INVALID_SHIPMENT_TRANSITION","message":"INVALID_SHIPMENT_TRANSITION","correlationId":"c3f5e211-28ac-434f-b553-d56ba571f4e2"},"contractVersion":"v1"}
GET /b2e859c0-574c-4a33-96b8-c51d978d73ab =&gt; 200 {"shipmentId":"b2e859c0-574c-4a33-96b8-c51d978d73ab","shipmentNumber":"SHP-b2e859c0574c4a3396b8c51d978d73ab","sourceDocumentId":"SO-900","status":"Draft","carrierId":null,"loadId":null,"plannedShipAt":"2026-09-20T08:00:00+00:00","plannedDeliverAt":"2026-09-21T16:00:00+00:00","actualDeliverAt":null,"sourceModule":"MOD-0141","sourceType":"SALES_ORDER","warehouseReferenceId":"wh-01","shipToReference":"CUST-100/ADDR-2","lines":[{"lineNumber":"1","itemId":"b1f2c3d4-0000-0000-0000-000000000001","skuId":"c3d4e5f6-0000-0000-0000-000000000002","quantity":"30.000","uomId":"EA","inventoryReferenceId":"rsv-4001"}],"pod":null,"contractVersion":"v1"}
POST /b2e859c0-574c-4a33-96b8-c51d978d73ab/transition =&gt; 422 {"error":{"code":"INVALID_SHIPMENT_TRANSITION","message":"INVALID_SHIPMENT_TRANSITION","correlationId":"c3f5e211-28ac-434f-b553-d56ba571f4e2"},"contractVersion":"v1"}
GET /b2e859c0-574c-4a33-96b8-c51d978d73ab =&gt; 200 {"shipmentId":"b2e859c0-574c-4a33-96b8-c51d978d73ab","shipmentNumber":"SHP-b2e859c0574c4a3396b8c51d978d73ab","sourceDocumentId":"SO-900","status":"Draft","carrierId":null,"loadId":null,"plannedShipAt":"2026-09-20T08:00:00+00:00","plannedDeliverAt":"2026-09-21T16:00:00+00:00","actualDeliverAt":null,"sourceModule":"MOD-0141","sourceType":"SALES_ORDER","warehouseReferenceId":"wh-01","shipToReference":"CUST-100/ADDR-2","lines":[{"lineNumber":"1","itemId":"b1f2c3d4-0000-0000-0000-000000000001","skuId":"c3d4e5f6-0000-0000-0000-000000000002","quantity":"30.000","uomId":"EA","inventoryReferenceId":"rsv-4001"}],"pod":null,"contractVersion":"v1"}
POST /b2e859c0-574c-4a33-96b8-c51d978d73ab/transition =&gt; 422 {"error":{"code":"INVALID_SHIPMENT_TRANSITION","message":"INVALID_SHIPMENT_TRANSITION","correlationId":"c3f5e211-28ac-434f-b553-d56ba571f4e2"},"contractVersion":"v1"}
GET /b2e859c0-574c-4a33-96b8-c51d978d73ab =&gt; 200 {"shipmentId":"b2e859c0-574c-4a33-96b8-c51d978d73ab","shipmentNumber":"SHP-b2e859c0574c4a3396b8c51d978d73ab","sourceDocumentId":"SO-900","status":"Draft","carrierId":null,"loadId":null,"plannedShipAt":"2026-09-20T08:00:00+00:00","plannedDeliverAt":"2026-09-21T16:00:00+00:00","actualDeliverAt":null,"sourceModule":"MOD-0141","sourceType":"SALES_ORDER","warehouseReferenceId":"wh-01","shipToReference":"CUST-100/ADDR-2","lines":[{"lineNumber":"1","itemId":"b1f2c3d4-0000-0000-0000-000000000001","skuId":"c3d4e5f6-0000-0000-0000-000000000002","quantity":"30.000","uomId":"EA","inventoryReferenceId":"rsv-4001"}],"pod":null,"contractVersion":"v1"}
POST /b2e859c0-574c-4a33-96b8-c51d978d73ab/transition =&gt; 422 {"error":{"code":"INVALID_SHIPMENT_TRANSITION","message":"INVALID_SHIPMENT_TRANSITION","correlationId":"c3f5e211-28ac-434f-b553-d56ba571f4e2"},"contractVersion":"v1"}
GET /b2e859c0-574c-4a33-96b8-c51d978d73ab =&gt; 200 {"shipmentId":"b2e859c0-574c-4a33-96b8-c51d978d73ab","shipmentNumber":"SHP-b2e859c0574c4a3396b8c51d978d73ab","sourceDocumentId":"SO-900","status":"Draft","carrierId":null,"loadId":null,"plannedShipAt":"2026-09-20T08:00:00+00:00","plannedDeliverAt":"2026-09-21T16:00:00+00:00","actualDeliverAt":null,"sourceModule":"MOD-0141","sourceType":"SALES_ORDER","warehouseReferenceId":"wh-01","shipToReference":"CUST-100/ADDR-2","lines":[{"lineNumber":"1","itemId":"b1f2c3d4-0000-0000-0000-000000000001","skuId":"c3d4e5f6-0000-0000-0000-000000000002","quantity":"30.000","uomId":"EA","inventoryReferenceId":"rsv-4001"}],"pod":null,"contractVersion":"v1"}
POST /b2e859c0-574c-4a33-96b8-c51d978d73ab/transition =&gt; 422 {"error":{"code":"INVALID_SHIPMENT_TRANSITION","message":"INVALID_SHIPMENT_TRANSITION","correlationId":"c3f5e211-28ac-434f-b553-d56ba571f4e2"},"contractVersion":"v1"}
GET /b2e859c0-574c-4a33-96b8-c51d978d73ab =&gt; 200 {"shipmentId":"b2e859c0-574c-4a33-96b8-c51d978d73ab","shipmentNumber":"SHP-b2e859c0574c4a3396b8c51d978d73ab","sourceDocumentId":"SO-900","status":"Draft","carrierId":null,"loadId":null,"plannedShipAt":"2026-09-20T08:00:00+00:00","plannedDeliverAt":"2026-09-21T16:00:00+00:00","actualDeliverAt":null,"sourceModule":"MOD-0141","sourceType":"SALES_ORDER","warehouseReferenceId":"wh-01","shipToReference":"CUST-100/ADDR-2","lines":[{"lineNumber":"1","itemId":"b1f2c3d4-0000-0000-0000-000000000001","skuId":"c3d4e5f6-0000-0000-0000-000000000002","quantity":"30.000","uomId":"EA","inventoryReferenceId":"rsv-4001"}],"pod":null,"contractVersion":"v1"}
POST /b2e859c0-574c-4a33-96b8-c51d978d73ab/transition =&gt; 422 {"error":{"code":"INVALID_SHIPMENT_TRANSITION","message":"INVALID_SHIPMENT_TRANSITION","correlationId":"c3f5e211-28ac-434f-b553-d56ba571f4e2"},"contractVersion":"v1"}
GET /b2e859c0-574c-4a33-96b8-c51d978d73ab =&gt; 200 {"shipmentId":"b2e859c0-574c-4a33-96b8-c51d978d73ab","shipmentNumber":"SHP-b2e859c0574c4a3396b8c51d978d73ab","sourceDocumentId":"SO-900","status":"Planned","carrierId":null,"loadId":null,"plannedShipAt":"2026-09-20T08:00:00+00:00","plannedDeliverAt":"2026-09-21T16:00:00+00:00","actualDeliverAt":null,"sourceModule":"MOD-0141","sourceType":"SALES_ORDER","warehouseReferenceId":"wh-01","shipToReference":"CUST-100/ADDR-2","lines":[{"lineNumber":"1","itemId":"b1f2c3d4-0000-0000-0000-000000000001","skuId":"c3d4e5f6-0000-0000-0000-000000000002","quantity":"30.000","uomId":"EA","inventoryReferenceId":"rsv-4001"}],"pod":null,"contractVersion":"v1"}
POST /b2e859c0-574c-4a33-96b8-c51d978d73ab/transition =&gt; 422 {"error":{"code":"INVALID_SHIPMENT_TRANSITION","message":"INVALID_SHIPMENT_TRANSITION","correlationId":"c3f5e211-28ac-434f-b553-d56ba571f4e2"},"contractVersion":"v1"}
GET /b2e859c0-574c-4a33-96b8-c51d978d73ab =&gt; 200 {"shipmentId":"b2e859c0-574c-4a33-96b8-c51d978d73ab","shipmentNumber":"SHP-b2e859c0574c4a3396b8c51d978d73ab","sourceDocumentId":"SO-900","status":"Planned","carrierId":null,"loadId":null,"plannedShipAt":"2026-09-20T08:00:00+00:00","plannedDeliverAt":"2026-09-21T16:00:00+00:00","actualDeliverAt":null,"sourceModule":"MOD-0141","sourceType":"SALES_ORDER","warehouseReferenceId":"wh-01","shipToReference":"CUST-100/ADDR-2","lines":[{"lineNumber":"1","itemId":"b1f2c3d4-0000-0000-0000-000000000001","skuId":"c3d4e5f6-0000-0000-0000-000000000002","quantity":"30.000","uomId":"EA","inventoryReferenceId":"rsv-4001"}],"pod":null,"contractVersion":"v1"}
POST /b2e859c0-574c-4a33-96b8-c51d978d73ab/transition =&gt; 422 {"error":{"code":"INVALID_SHIPMENT_TRANSITION","message":"INVALID_SHIPMENT_TRANSITION","correlationId":"c3f5e211-28ac-434f-b553-d56ba571f4e2"},"contractVersion":"v1"}
GET /b2e859c0-574c-4a33-96b8-c51d978d73ab =&gt; 200 {"shipmentId":"b2e859c0-574c-4a33-96b8-c51d978d73ab","shipmentNumber":"SHP-b2e859c0574c4a3396b8c51d978d73ab","sourceDocumentId":"SO-900","status":"Planned","carrierId":null,"loadId":null,"plannedShipAt":"2026-09-20T08:00:00+00:00","plannedDeliverAt":"2026-09-21T16:00:00+00:00","actualDeliverAt":null,"sourceModule":"MOD-0141","sourceType":"SALES_ORDER","warehouseReferenceId":"wh-01","shipToReference":"CUST-100/ADDR-2","lines":[{"lineNumber":"1","itemId":"b1f2c3d4-0000-0000-0000-000000000001","skuId":"c3d4e5f6-0000-0000-0000-000000000002","quantity":"30.000","uomId":"EA","inventoryReferenceId":"rsv-4001"}],"pod":null,"contractVersion":"v1"}
POST /b2e859c0-574c-4a33-96b8-c51d978d73ab/transition =&gt; 422 {"error":{"code":"INVALID_SHIPMENT_TRANSITION","message":"INVALID_SHIPMENT_TRANSITION","correlationId":"c3f5e211-28ac-434f-b553-d56ba571f4e2"},"contractVersion":"v1"}
GET /b2e859c0-574c-4a33-96b8-c51d978d73ab =&gt; 200 {"shipmentId":"b2e859c0-574c-4a33-96b8-c51d978d73ab","shipmentNumber":"SHP-b2e859c0574c4a3396b8c51d978d73ab","sourceDocumentId":"SO-900","status":"Planned","carrierId":null,"loadId":null,"plannedShipAt":"2026-09-20T08:00:00+00:00","plannedDeliverAt":"2026-09-21T16:00:00+00:00","actualDeliverAt":null,"sourceModule":"MOD-0141","sourceType":"SALES_ORDER","warehouseReferenceId":"wh-01","shipToReference":"CUST-100/ADDR-2","lines":[{"lineNumber":"1","itemId":"b1f2c3d4-0000-0000-0000-000000000001","skuId":"c3d4e5f6-0000-0000-0000-000000000002","quantity":"30.000","uomId":"EA","inventoryReferenceId":"rsv-4001"}],"pod":null,"contractVersion":"v1"}
POST /b2e859c0-574c-4a33-96b8-c51d978d73ab/transition =&gt; 422 {"error":{"code":"INVALID_SHIPMENT_TRANSITION","message":"INVALID_SHIPMENT_TRANSITION","correlationId":"c3f5e211-28ac-434f-b553-d56ba571f4e2"},"contractVersion":"v1"}
GET /b2e859c0-574c-4a33-96b8-c51d978d73ab =&gt; 200 {"shipmentId":"b2e859c0-574c-4a33-96b8-c51d978d73ab","shipmentNumber":"SHP-b2e859c0574c4a3396b8c51d978d73ab","sourceDocumentId":"SO-900","status":"Planned","carrierId":null,"loadId":null,"plannedShipAt":"2026-09-20T08:00:00+00:00","plannedDeliverAt":"2026-09-21T16:00:00+00:00","actualDeliverAt":null,"sourceModule":"MOD-0141","sourceType":"SALES_ORDER","warehouseReferenceId":"wh-01","shipToReference":"CUST-100/ADDR-2","lines":[{"lineNumber":"1","itemId":"b1f2c3d4-0000-0000-0000-000000000001","skuId":"c3d4e5f6-0000-0000-0000-000000000002","quantity":"30.000","uomId":"EA","inventoryReferenceId":"rsv-4001"}],"pod":null,"contractVersion":"v1"}
POST /b2e859c0-574c-4a33-96b8-c51d978d73ab/transition =&gt; 422 {"error":{"code":"INVALID_SHIPMENT_TRANSITION","message":"INVALID_SHIPMENT_TRANSITION","correlationId":"c3f5e211-28ac-434f-b553-d56ba571f4e2"},"contractVersion":"v1"}
GET /b2e859c0-574c-4a33-96b8-c51d978d73ab =&gt; 200 {"shipmentId":"b2e859c0-574c-4a33-96b8-c51d978d73ab","shipmentNumber":"SHP-b2e859c0574c4a3396b8c51d978d73ab","sourceDocumentId":"SO-900","status":"Planned","carrierId":null,"loadId":null,"plannedShipAt":"2026-09-20T08:00:00+00:00","plannedDeliverAt":"2026-09-21T16:00:00+00:00","actualDeliverAt":null,"sourceModule":"MOD-0141","sourceType":"SALES_ORDER","warehouseReferenceId":"wh-01","shipToReference":"CUST-100/ADDR-2","lines":[{"lineNumber":"1","itemId":"b1f2c3d4-0000-0000-0000-000000000001","skuId":"c3d4e5f6-0000-0000-0000-000000000002","quantity":"30.000","uomId":"EA","inventoryReferenceId":"rsv-4001"}],"pod":null,"contractVersion":"v1"}
POST /b2e859c0-574c-4a33-96b8-c51d978d73ab/transition =&gt; 422 {"error":{"code":"INVALID_SHIPMENT_TRANSITION","message":"INVALID_SHIPMENT_TRANSITION","correlationId":"c3f5e211-28ac-434f-b553-d56ba571f4e2"},"contractVersion":"v1"}
GET /b2e859c0-574c-4a33-96b8-c51d978d73ab =&gt; 200 {"shipmentId":"b2e859c0-574c-4a33-96b8-c51d978d73ab","shipmentNumber":"SHP-b2e859c0574c4a3396b8c51d978d73ab","sourceDocumentId":"SO-900","status":"Dispatched","carrierId":null,"loadId":null,"plannedShipAt":"2026-09-20T08:00:00+00:00","plannedDeliverAt":"2026-09-21T16:00:00+00:00","actualDeliverAt":null,"sourceModule":"MOD-0141","sourceType":"SALES_ORDER","warehouseReferenceId":"wh-01","shipToReference":"CUST-100/ADDR-2","lines":[{"lineNumber":"1","itemId":"b1f2c3d4-0000-0000-0000-000000000001","skuId":"c3d4e5f6-0000-0000-0000-000000000002","quantity":"30.000","uomId":"EA","inventoryReferenceId":"rsv-4001"}],"pod":null,"contractVersion":"v1"}
POST /b2e859c0-574c-4a33-96b8-c51d978d73ab/transition =&gt; 422 {"error":{"code":"INVALID_SHIPMENT_TRANSITION","message":"INVALID_SHIPMENT_TRANSITION","correlationId":"c3f5e211-28ac-434f-b553-d56ba571f4e2"},"contractVersion":"v1"}
GET /b2e859c0-574c-4a33-96b8-c51d978d73ab =&gt; 200 {"shipmentId":"b2e859c0-574c-4a33-96b8-c51d978d73ab","shipmentNumber":"SHP-b2e859c0574c4a3396b8c51d978d73ab","sourceDocumentId":"SO-900","status":"Dispatched","carrierId":null,"loadId":null,"plannedShipAt":"2026-09-20T08:00:00+00:00","plannedDeliverAt":"2026-09-21T16:00:00+00:00","actualDeliverAt":null,"sourceModule":"MOD-0141","sourceType":"SALES_ORDER","warehouseReferenceId":"wh-01","shipToReference":"CUST-100/ADDR-2","lines":[{"lineNumber":"1","itemId":"b1f2c3d4-0000-0000-0000-000000000001","skuId":"c3d4e5f6-0000-0000-0000-000000000002","quantity":"30.000","uomId":"EA","inventoryReferenceId":"rsv-4001"}],"pod":null,"contractVersion":"v1"}
POST /b2e859c0-574c-4a33-96b8-c51d978d73ab/transition =&gt; 422 {"error":{"code":"INVALID_SHIPMENT_TRANSITION","message":"INVALID_SHIPMENT_TRANSITION","correlationId":"c3f5e211-28ac-434f-b553-d56ba571f4e2"},"contractVersion":"v1"}
GET /b2e859c0-574c-4a33-96b8-c51d978d73ab =&gt; 200 {"shipmentId":"b2e859c0-574c-4a33-96b8-c51d978d73ab","shipmentNumber":"SHP-b2e859c0574c4a3396b8c51d978d73ab","sourceDocumentId":"SO-900","status":"Dispatched","carrierId":null,"loadId":null,"plannedShipAt":"2026-09-20T08:00:00+00:00","plannedDeliverAt":"2026-09-21T16:00:00+00:00","actualDeliverAt":null,"sourceModule":"MOD-0141","sourceType":"SALES_ORDER","warehouseReferenceId":"wh-01","shipToReference":"CUST-100/ADDR-2","lines":[{"lineNumber":"1","itemId":"b1f2c3d4-0000-0000-0000-000000000001","skuId":"c3d4e5f6-0000-0000-0000-000000000002","quantity":"30.000","uomId":"EA","inventoryReferenceId":"rsv-4001"}],"pod":null,"contractVersion":"v1"}
POST /b2e859c0-574c-4a33-96b8-c51d978d73ab/transition =&gt; 422 {"error":{"code":"INVALID_SHIPMENT_TRANSITION","message":"INVALID_SHIPMENT_TRANSITION","correlationId":"c3f5e211-28ac-434f-b553-d56ba571f4e2"},"contractVersion":"v1"}
GET /b2e859c0-574c-4a33-96b8-c51d978d73ab =&gt; 200 {"shipmentId":"b2e859c0-574c-4a33-96b8-c51d978d73ab","shipmentNumber":"SHP-b2e859c0574c4a3396b8c51d978d73ab","sourceDocumentId":"SO-900","status":"Dispatched","carrierId":null,"loadId":null,"plannedShipAt":"2026-09-20T08:00:00+00:00","plannedDeliverAt":"2026-09-21T16:00:00+00:00","actualDeliverAt":null,"sourceModule":"MOD-0141","sourceType":"SALES_ORDER","warehouseReferenceId":"wh-01","shipToReference":"CUST-100/ADDR-2","lines":[{"lineNumber":"1","itemId":"b1f2c3d4-0000-0000-0000-000000000001","skuId":"c3d4e5f6-0000-0000-0000-000000000002","quantity":"30.000","uomId":"EA","inventoryReferenceId":"rsv-4001"}],"pod":null,"contractVersion":"v1"}
POST /b2e859c0-574c-4a33-96b8-c51d978d73ab/transition =&gt; 422 {"error":{"code":"INVALID_SHIPMENT_TRANSITION","message":"INVALID_SHIPMENT_TRANSITION","correlationId":"c3f5e211-28ac-434f-b553-d56ba571f4e2"},"contractVersion":"v1"}
GET /b2e859c0-574c-4a33-96b8-c51d978d73ab =&gt; 200 {"shipmentId":"b2e859c0-574c-4a33-96b8-c51d978d73ab","shipmentNumber":"SHP-b2e859c0574c4a3396b8c51d978d73ab","sourceDocumentId":"SO-900","status":"Dispatched","carrierId":null,"loadId":null,"plannedShipAt":"2026-09-20T08:00:00+00:00","plannedDeliverAt":"2026-09-21T16:00:00+00:00","actualDeliverAt":null,"sourceModule":"MOD-0141","sourceType":"SALES_ORDER","warehouseReferenceId":"wh-01","shipToReference":"CUST-100/ADDR-2","lines":[{"lineNumber":"1","itemId":"b1f2c3d4-0000-0000-0000-000000000001","skuId":"c3d4e5f6-0000-0000-0000-000000000002","quantity":"30.000","uomId":"EA","inventoryReferenceId":"rsv-4001"}],"pod":null,"contractVersion":"v1"}
POST /b2e859c0-574c-4a33-96b8-c51d978d73ab/transition =&gt; 422 {"error":{"code":"INVALID_SHIPMENT_TRANSITION","message":"INVALID_SHIPMENT_TRANSITION","correlationId":"c3f5e211-28ac-434f-b553-d56ba571f4e2"},"contractVersion":"v1"}
GET /b2e859c0-574c-4a33-96b8-c51d978d73ab =&gt; 200 {"shipmentId":"b2e859c0-574c-4a33-96b8-c51d978d73ab","shipmentNumber":"SHP-b2e859c0574c4a3396b8c51d978d73ab","sourceDocumentId":"SO-900","status":"InTransit","carrierId":null,"loadId":null,"plannedShipAt":"2026-09-20T08:00:00+00:00","plannedDeliverAt":"2026-09-21T16:00:00+00:00","actualDeliverAt":null,"sourceModule":"MOD-0141","sourceType":"SALES_ORDER","warehouseReferenceId":"wh-01","shipToReference":"CUST-100/ADDR-2","lines":[{"lineNumber":"1","itemId":"b1f2c3d4-0000-0000-0000-000000000001","skuId":"c3d4e5f6-0000-0000-0000-000000000002","quantity":"30.000","uomId":"EA","inventoryReferenceId":"rsv-4001"}],"pod":null,"contractVersion":"v1"}
POST /b2e859c0-574c-4a33-96b8-c51d978d73ab/transition =&gt; 422 {"error":{"code":"INVALID_SHIPMENT_TRANSITION","message":"INVALID_SHIPMENT_TRANSITION","correlationId":"c3f5e211-28ac-434f-b553-d56ba571f4e2"},"contractVersion":"v1"}
GET /b2e859c0-574c-4a33-96b8-c51d978d73ab =&gt; 200 {"shipmentId":"b2e859c0-574c-4a33-96b8-c51d978d73ab","shipmentNumber":"SHP-b2e859c0574c4a3396b8c51d978d73ab","sourceDocumentId":"SO-900","status":"InTransit","carrierId":null,"loadId":null,"plannedShipAt":"2026-09-20T08:00:00+00:00","plannedDeliverAt":"2026-09-21T16:00:00+00:00","actualDeliverAt":null,"sourceModule":"MOD-0141","sourceType":"SALES_ORDER","warehouseReferenceId":"wh-01","shipToReference":"CUST-100/ADDR-2","lines":[{"lineNumber":"1","itemId":"b1f2c3d4-0000-0000-0000-000000000001","skuId":"c3d4e5f6-0000-0000-0000-000000000002","quantity":"30.000","uomId":"EA","inventoryReferenceId":"rsv-4001"}],"pod":null,"contractVersion":"v1"}
POST /b2e859c0-574c-4a33-96b8-c51d978d73ab/transition =&gt; 422 {"error":{"code":"INVALID_SHIPMENT_TRANSITION","message":"INVALID_SHIPMENT_TRANSITION","correlationId":"c3f5e211-28ac-434f-b553-d56ba571f4e2"},"contractVersion":"v1"}
GET /b2e859c0-574c-4a33-96b8-c51d978d73ab =&gt; 200 {"shipmentId":"b2e859c0-574c-4a33-96b8-c51d978d73ab","shipmentNumber":"SHP-b2e859c0574c4a3396b8c51d978d73ab","sourceDocumentId":"SO-900","status":"InTransit","carrierId":null,"loadId":null,"plannedShipAt":"2026-09-20T08:00:00+00:00","plannedDeliverAt":"2026-09-21T16:00:00+00:00","actualDeliverAt":null,"sourceModule":"MOD-0141","sourceType":"SALES_ORDER","warehouseReferenceId":"wh-01","shipToReference":"CUST-100/ADDR-2","lines":[{"lineNumber":"1","itemId":"b1f2c3d4-0000-0000-0000-000000000001","skuId":"c3d4e5f6-0000-0000-0000-000000000002","quantity":"30.000","uomId":"EA","inventoryReferenceId":"rsv-4001"}],"pod":null,"contractVersion":"v1"}
POST /b2e859c0-574c-4a33-96b8-c51d978d73ab/transition =&gt; 422 {"error":{"code":"INVALID_SHIPMENT_TRANSITION","message":"INVALID_SHIPMENT_TRANSITION","correlationId":"c3f5e211-28ac-434f-b553-d56ba571f4e2"},"contractVersion":"v1"}
GET /b2e859c0-574c-4a33-96b8-c51d978d73ab =&gt; 200 {"shipmentId":"b2e859c0-574c-4a33-96b8-c51d978d73ab","shipmentNumber":"SHP-b2e859c0574c4a3396b8c51d978d73ab","sourceDocumentId":"SO-900","status":"InTransit","carrierId":null,"loadId":null,"plannedShipAt":"2026-09-20T08:00:00+00:00","plannedDeliverAt":"2026-09-21T16:00:00+00:00","actualDeliverAt":null,"sourceModule":"MOD-0141","sourceType":"SALES_ORDER","warehouseReferenceId":"wh-01","shipToReference":"CUST-100/ADDR-2","lines":[{"lineNumber":"1","itemId":"b1f2c3d4-0000-0000-0000-000000000001","skuId":"c3d4e5f6-0000-0000-0000-000000000002","quantity":"30.000","uomId":"EA","inventoryReferenceId":"rsv-4001"}],"pod":null,"contractVersion":"v1"}
POST /b2e859c0-574c-4a33-96b8-c51d978d73ab/transition =&gt; 422 {"error":{"code":"INVALID_SHIPMENT_TRANSITION","message":"INVALID_SHIPMENT_TRANSITION","correlationId":"c3f5e211-28ac-434f-b553-d56ba571f4e2"},"contractVersion":"v1"}
GET /b2e859c0-574c-4a33-96b8-c51d978d73ab =&gt; 200 {"shipmentId":"b2e859c0-574c-4a33-96b8-c51d978d73ab","shipmentNumber":"SHP-b2e859c0574c4a3396b8c51d978d73ab","sourceDocumentId":"SO-900","status":"InTransit","carrierId":null,"loadId":null,"plannedShipAt":"2026-09-20T08:00:00+00:00","plannedDeliverAt":"2026-09-21T16:00:00+00:00","actualDeliverAt":null,"sourceModule":"MOD-0141","sourceType":"SALES_ORDER","warehouseReferenceId":"wh-01","shipToReference":"CUST-100/ADDR-2","lines":[{"lineNumber":"1","itemId":"b1f2c3d4-0000-0000-0000-000000000001","skuId":"c3d4e5f6-0000-0000-0000-000000000002","quantity":"30.000","uomId":"EA","inventoryReferenceId":"rsv-4001"}],"pod":null,"contractVersion":"v1"}
POST /b2e859c0-574c-4a33-96b8-c51d978d73ab/transition =&gt; 422 {"error":{"code":"INVALID_SHIPMENT_TRANSITION","message":"INVALID_SHIPMENT_TRANSITION","correlationId":"c3f5e211-28ac-434f-b553-d56ba571f4e2"},"contractVersion":"v1"}
GET /b2e859c0-574c-4a33-96b8-c51d978d73ab =&gt; 200 {"shipmentId":"b2e859c0-574c-4a33-96b8-c51d978d73ab","shipmentNumber":"SHP-b2e859c0574c4a3396b8c51d978d73ab","sourceDocumentId":"SO-900","status":"InTransit","carrierId":null,"loadId":null,"plannedShipAt":"2026-09-20T08:00:00+00:00","plannedDeliverAt":"2026-09-21T16:00:00+00:00","actualDeliverAt":null,"sourceModule":"MOD-0141","sourceType":"SALES_ORDER","warehouseReferenceId":"wh-01","shipToReference":"CUST-100/ADDR-2","lines":[{"lineNumber":"1","itemId":"b1f2c3d4-0000-0000-0000-000000000001","skuId":"c3d4e5f6-0000-0000-0000-000000000002","quantity":"30.000","uomId":"EA","inventoryReferenceId":"rsv-4001"}],"pod":null,"contractVersion":"v1"}
POST /b2e859c0-574c-4a33-96b8-c51d978d73ab/transition =&gt; 422 {"error":{"code":"INVALID_SHIPMENT_TRANSITION","message":"INVALID_SHIPMENT_TRANSITION","correlationId":"c3f5e211-28ac-434f-b553-d56ba571f4e2"},"contractVersion":"v1"}
GET /b2e859c0-574c-4a33-96b8-c51d978d73ab =&gt; 200 {"shipmentId":"b2e859c0-574c-4a33-96b8-c51d978d73ab","shipmentNumber":"SHP-b2e859c0574c4a3396b8c51d978d73ab","sourceDocumentId":"SO-900","status":"Delivered","carrierId":null,"loadId":null,"plannedShipAt":"2026-09-20T08:00:00+00:00","plannedDeliverAt":"2026-09-21T16:00:00+00:00","actualDeliverAt":null,"sourceModule":"MOD-0141","sourceType":"SALES_ORDER","warehouseReferenceId":"wh-01","shipToReference":"CUST-100/ADDR-2","lines":[{"lineNumber":"1","itemId":"b1f2c3d4-0000-0000-0000-000000000001","skuId":"c3d4e5f6-0000-0000-0000-000000000002","quantity":"30.000","uomId":"EA","inventoryReferenceId":"rsv-4001"}],"pod":null,"contractVersion":"v1"}
POST /b2e859c0-574c-4a33-96b8-c51d978d73ab/transition =&gt; 422 {"error":{"code":"INVALID_SHIPMENT_TRANSITION","message":"INVALID_SHIPMENT_TRANSITION","correlationId":"c3f5e211-28ac-434f-b553-d56ba571f4e2"},"contractVersion":"v1"}
GET /b2e859c0-574c-4a33-96b8-c51d978d73ab =&gt; 200 {"shipmentId":"b2e859c0-574c-4a33-96b8-c51d978d73ab","shipmentNumber":"SHP-b2e859c0574c4a3396b8c51d978d73ab","sourceDocumentId":"SO-900","status":"Delivered","carrierId":null,"loadId":null,"plannedShipAt":"2026-09-20T08:00:00+00:00","plannedDeliverAt":"2026-09-21T16:00:00+00:00","actualDeliverAt":null,"sourceModule":"MOD-0141","sourceType":"SALES_ORDER","warehouseReferenceId":"wh-01","shipToReference":"CUST-100/ADDR-2","lines":[{"lineNumber":"1","itemId":"b1f2c3d4-0000-0000-0000-000000000001","skuId":"c3d4e5f6-0000-0000-0000-000000000002","quantity":"30.000","uomId":"EA","inventoryReferenceId":"rsv-4001"}],"pod":null,"contractVersion":"v1"}
POST /b2e859c0-574c-4a33-96b8-c51d978d73ab/transition =&gt; 422 {"error":{"code":"INVALID_SHIPMENT_TRANSITION","message":"INVALID_SHIPMENT_TRANSITION","correlationId":"c3f5e211-28ac-434f-b553-d56ba571f4e2"},"contractVersion":"v1"}
GET /b2e859c0-574c-4a33-96b8-c51d978d73ab =&gt; 200 {"shipmentId":"b2e859c0-574c-4a33-96b8-c51d978d73ab","shipmentNumber":"SHP-b2e859c0574c4a3396b8c51d978d73ab","sourceDocumentId":"SO-900","status":"Delivered","carrierId":null,"loadId":null,"plannedShipAt":"2026-09-20T08:00:00+00:00","plannedDeliverAt":"2026-09-21T16:00:00+00:00","actualDeliverAt":null,"sourceModule":"MOD-0141","sourceType":"SALES_ORDER","warehouseReferenceId":"wh-01","shipToReference":"CUST-100/ADDR-2","lines":[{"lineNumber":"1","itemId":"b1f2c3d4-0000-0000-0000-000000000001","skuId":"c3d4e5f6-0000-0000-0000-000000000002","quantity":"30.000","uomId":"EA","inventoryReferenceId":"rsv-4001"}],"pod":null,"contractVersion":"v1"}
POST /b2e859c0-574c-4a33-96b8-c51d978d73ab/transition =&gt; 422 {"error":{"code":"INVALID_SHIPMENT_TRANSITION","message":"INVALID_SHIPMENT_TRANSITION","correlationId":"c3f5e211-28ac-434f-b553-d56ba571f4e2"},"contractVersion":"v1"}
GET /b2e859c0-574c-4a33-96b8-c51d978d73ab =&gt; 200 {"shipmentId":"b2e859c0-574c-4a33-96b8-c51d978d73ab","shipmentNumber":"SHP-b2e859c0574c4a3396b8c51d978d73ab","sourceDocumentId":"SO-900","status":"Delivered","carrierId":null,"loadId":null,"plannedShipAt":"2026-09-20T08:00:00+00:00","plannedDeliverAt":"2026-09-21T16:00:00+00:00","actualDeliverAt":null,"sourceModule":"MOD-0141","sourceType":"SALES_ORDER","warehouseReferenceId":"wh-01","shipToReference":"CUST-100/ADDR-2","lines":[{"lineNumber":"1","itemId":"b1f2c3d4-0000-0000-0000-000000000001","skuId":"c3d4e5f6-0000-0000-0000-000000000002","quantity":"30.000","uomId":"EA","inventoryReferenceId":"rsv-4001"}],"pod":null,"contractVersion":"v1"}
POST /b2e859c0-574c-4a33-96b8-c51d978d73ab/transition =&gt; 422 {"error":{"code":"INVALID_SHIPMENT_TRANSITION","message":"INVALID_SHIPMENT_TRANSITION","correlationId":"c3f5e211-28ac-434f-b553-d56ba571f4e2"},"contractVersion":"v1"}
GET /b2e859c0-574c-4a33-96b8-c51d978d73ab =&gt; 200 {"shipmentId":"b2e859c0-574c-4a33-96b8-c51d978d73ab","shipmentNumber":"SHP-b2e859c0574c4a3396b8c51d978d73ab","sourceDocumentId":"SO-900","status":"Delivered","carrierId":null,"loadId":null,"plannedShipAt":"2026-09-20T08:00:00+00:00","plannedDeliverAt":"2026-09-21T16:00:00+00:00","actualDeliverAt":null,"sourceModule":"MOD-0141","sourceType":"SALES_ORDER","warehouseReferenceId":"wh-01","shipToReference":"CUST-100/ADDR-2","lines":[{"lineNumber":"1","itemId":"b1f2c3d4-0000-0000-0000-000000000001","skuId":"c3d4e5f6-0000-0000-0000-000000000002","quantity":"30.000","uomId":"EA","inventoryReferenceId":"rsv-4001"}],"pod":null,"contractVersion":"v1"}
POST /b2e859c0-574c-4a33-96b8-c51d978d73ab/transition =&gt; 422 {"error":{"code":"INVALID_SHIPMENT_TRANSITION","message":"INVALID_SHIPMENT_TRANSITION","correlationId":"c3f5e211-28ac-434f-b553-d56ba571f4e2"},"contractVersion":"v1"}
GET /b2e859c0-574c-4a33-96b8-c51d978d73ab =&gt; 200 {"shipmentId":"b2e859c0-574c-4a33-96b8-c51d978d73ab","shipmentNumber":"SHP-b2e859c0574c4a3396b8c51d978d73ab","sourceDocumentId":"SO-900","status":"Delivered","carrierId":null,"loadId":null,"plannedShipAt":"2026-09-20T08:00:00+00:00","plannedDeliverAt":"2026-09-21T16:00:00+00:00","actualDeliverAt":null,"sourceModule":"MOD-0141","sourceType":"SALES_ORDER","warehouseReferenceId":"wh-01","shipToReference":"CUST-100/ADDR-2","lines":[{"lineNumber":"1","itemId":"b1f2c3d4-0000-0000-0000-000000000001","skuId":"c3d4e5f6-0000-0000-0000-000000000002","quantity":"30.000","uomId":"EA","inventoryReferenceId":"rsv-4001"}],"pod":null,"contractVersion":"v1"}
POST /b2e859c0-574c-4a33-96b8-c51d978d73ab/transition =&gt; 422 {"error":{"code":"INVALID_SHIPMENT_TRANSITION","message":"INVALID_SHIPMENT_TRANSITION","correlationId":"c3f5e211-28ac-434f-b553-d56ba571f4e2"},"contractVersion":"v1"}
GET /b2e859c0-574c-4a33-96b8-c51d978d73ab =&gt; 200 {"shipmentId":"b2e859c0-574c-4a33-96b8-c51d978d73ab","shipmentNumber":"SHP-b2e859c0574c4a3396b8c51d978d73ab","sourceDocumentId":"SO-900","status":"Delivered","carrierId":null,"loadId":null,"plannedShipAt":"2026-09-20T08:00:00+00:00","plannedDeliverAt":"2026-09-21T16:00:00+00:00","actualDeliverAt":null,"sourceModule":"MOD-0141","sourceType":"SALES_ORDER","warehouseReferenceId":"wh-01","shipToReference":"CUST-100/ADDR-2","lines":[{"lineNumber":"1","itemId":"b1f2c3d4-0000-0000-0000-000000000001","skuId":"c3d4e5f6-0000-0000-0000-000000000002","quantity":"30.000","uomId":"EA","inventoryReferenceId":"rsv-4001"}],"pod":null,"contractVersion":"v1"}
POST /b2e859c0-574c-4a33-96b8-c51d978d73ab/transition =&gt; 422 {"error":{"code":"INVALID_SHIPMENT_TRANSITION","message":"INVALID_SHIPMENT_TRANSITION","correlationId":"c3f5e211-28ac-434f-b553-d56ba571f4e2"},"contractVersion":"v1"}
GET /b2e859c0-574c-4a33-96b8-c51d978d73ab =&gt; 200 {"shipmentId":"b2e859c0-574c-4a33-96b8-c51d978d73ab","shipmentNumber":"SHP-b2e859c0574c4a3396b8c51d978d73ab","sourceDocumentId":"SO-900","status":"Exception","carrierId":null,"loadId":null,"plannedShipAt":"2026-09-20T08:00:00+00:00","plannedDeliverAt":"2026-09-21T16:00:00+00:00","actualDeliverAt":null,"sourceModule":"MOD-0141","sourceType":"SALES_ORDER","warehouseReferenceId":"wh-01","shipToReference":"CUST-100/ADDR-2","lines":[{"lineNumber":"1","itemId":"b1f2c3d4-0000-0000-0000-000000000001","skuId":"c3d4e5f6-0000-0000-0000-000000000002","quantity":"30.000","uomId":"EA","inventoryReferenceId":"rsv-4001"}],"pod":null,"contractVersion":"v1"}
POST /b2e859c0-574c-4a33-96b8-c51d978d73ab/transition =&gt; 422 {"error":{"code":"INVALID_SHIPMENT_TRANSITION","message":"INVALID_SHIPMENT_TRANSITION","correlationId":"c3f5e211-28ac-434f-b553-d56ba571f4e2"},"contractVersion":"v1"}
GET /b2e859c0-574c-4a33-96b8-c51d978d73ab =&gt; 200 {"shipmentId":"b2e859c0-574c-4a33-96b8-c51d978d73ab","shipmentNumber":"SHP-b2e859c0574c4a3396b8c51d978d73ab","sourceDocumentId":"SO-900","status":"Exception","carrierId":null,"loadId":null,"plannedShipAt":"2026-09-20T08:00:00+00:00","plannedDeliverAt":"2026-09-21T16:00:00+00:00","actualDeliverAt":null,"sourceModule":"MOD-0141","sourceType":"SALES_ORDER","warehouseReferenceId":"wh-01","shipToReference":"CUST-100/ADDR-2","lines":[{"lineNumber":"1","itemId":"b1f2c3d4-0000-0000-0000-000000000001","skuId":"c3d4e5f6-0000-0000-0000-000000000002","quantity":"30.000","uomId":"EA","inventoryReferenceId":"rsv-4001"}],"pod":null,"contractVersion":"v1"}
POST /b2e859c0-574c-4a33-96b8-c51d978d73ab/transition =&gt; 422 {"error":{"code":"INVALID_SHIPMENT_TRANSITION","message":"INVALID_SHIPMENT_TRANSITION","correlationId":"c3f5e211-28ac-434f-b553-d56ba571f4e2"},"contractVersion":"v1"}
GET /b2e859c0-574c-4a33-96b8-c51d978d73ab =&gt; 200 {"shipmentId":"b2e859c0-574c-4a33-96b8-c51d978d73ab","shipmentNumber":"SHP-b2e859c0574c4a3396b8c51d978d73ab","sourceDocumentId":"SO-900","status":"Exception","carrierId":null,"loadId":null,"plannedShipAt":"2026-09-20T08:00:00+00:00","plannedDeliverAt":"2026-09-21T16:00:00+00:00","actualDeliverAt":null,"sourceModule":"MOD-0141","sourceType":"SALES_ORDER","warehouseReferenceId":"wh-01","shipToReference":"CUST-100/ADDR-2","lines":[{"lineNumber":"1","itemId":"b1f2c3d4-0000-0000-0000-000000000001","skuId":"c3d4e5f6-0000-0000-0000-000000000002","quantity":"30.000","uomId":"EA","inventoryReferenceId":"rsv-4001"}],"pod":null,"contractVersion":"v1"}
POST /b2e859c0-574c-4a33-96b8-c51d978d73ab/transition =&gt; 422 {"error":{"code":"INVALID_SHIPMENT_TRANSITION","message":"INVALID_SHIPMENT_TRANSITION","correlationId":"c3f5e211-28ac-434f-b553-d56ba571f4e2"},"contractVersion":"v1"}
GET /b2e859c0-574c-4a33-96b8-c51d978d73ab =&gt; 200 {"shipmentId":"b2e859c0-574c-4a33-96b8-c51d978d73ab","shipmentNumber":"SHP-b2e859c0574c4a3396b8c51d978d73ab","sourceDocumentId":"SO-900","status":"Exception","carrierId":null,"loadId":null,"plannedShipAt":"2026-09-20T08:00:00+00:00","plannedDeliverAt":"2026-09-21T16:00:00+00:00","actualDeliverAt":null,"sourceModule":"MOD-0141","sourceType":"SALES_ORDER","warehouseReferenceId":"wh-01","shipToReference":"CUST-100/ADDR-2","lines":[{"lineNumber":"1","itemId":"b1f2c3d4-0000-0000-0000-000000000001","skuId":"c3d4e5f6-0000-0000-0000-000000000002","quantity":"30.000","uomId":"EA","inventoryReferenceId":"rsv-4001"}],"pod":null,"contractVersion":"v1"}
POST /b2e859c0-574c-4a33-96b8-c51d978d73ab/transition =&gt; 422 {"error":{"code":"INVALID_SHIPMENT_TRANSITION","message":"INVALID_SHIPMENT_TRANSITION","correlationId":"c3f5e211-28ac-434f-b553-d56ba571f4e2"},"contractVersion":"v1"}
GET /b2e859c0-574c-4a33-96b8-c51d978d73ab =&gt; 200 {"shipmentId":"b2e859c0-574c-4a33-96b8-c51d978d73ab","shipmentNumber":"SHP-b2e859c0574c4a3396b8c51d978d73ab","sourceDocumentId":"SO-900","status":"Exception","carrierId":null,"loadId":null,"plannedShipAt":"2026-09-20T08:00:00+00:00","plannedDeliverAt":"2026-09-21T16:00:00+00:00","actualDeliverAt":null,"sourceModule":"MOD-0141","sourceType":"SALES_ORDER","warehouseReferenceId":"wh-01","shipToReference":"CUST-100/ADDR-2","lines":[{"lineNumber":"1","itemId":"b1f2c3d4-0000-0000-0000-000000000001","skuId":"c3d4e5f6-0000-0000-0000-000000000002","quantity":"30.000","uomId":"EA","inventoryReferenceId":"rsv-4001"}],"pod":null,"contractVersion":"v1"}
POST /b2e859c0-574c-4a33-96b8-c51d978d73ab/transition =&gt; 422 {"error":{"code":"INVALID_SHIPMENT_TRANSITION","message":"INVALID_SHIPMENT_TRANSITION","correlationId":"c3f5e211-28ac-434f-b553-d56ba571f4e2"},"contractVersion":"v1"}
GET /b2e859c0-574c-4a33-96b8-c51d978d73ab =&gt; 200 {"shipmentId":"b2e859c0-574c-4a33-96b8-c51d978d73ab","shipmentNumber":"SHP-b2e859c0574c4a3396b8c51d978d73ab","sourceDocumentId":"SO-900","status":"Exception","carrierId":null,"loadId":null,"plannedShipAt":"2026-09-20T08:00:00+00:00","plannedDeliverAt":"2026-09-21T16:00:00+00:00","actualDeliverAt":null,"sourceModule":"MOD-0141","sourceType":"SALES_ORDER","warehouseReferenceId":"wh-01","shipToReference":"CUST-100/ADDR-2","lines":[{"lineNumber":"1","itemId":"b1f2c3d4-0000-0000-0000-000000000001","skuId":"c3d4e5f6-0000-0000-0000-000000000002","quantity":"30.000","uomId":"EA","inventoryReferenceId":"rsv-4001"}],"pod":null,"contractVersion":"v1"}
POST /b2e859c0-574c-4a33-96b8-c51d978d73ab/transition =&gt; 422 {"error":{"code":"INVALID_SHIPMENT_TRANSITION","message":"INVALID_SHIPMENT_TRANSITION","correlationId":"c3f5e211-28ac-434f-b553-d56ba571f4e2"},"contractVersion":"v1"}
GET /b2e859c0-574c-4a33-96b8-c51d978d73ab =&gt; 200 {"shipmentId":"b2e859c0-574c-4a33-96b8-c51d978d73ab","shipmentNumber":"SHP-b2e859c0574c4a3396b8c51d978d73ab","sourceDocumentId":"SO-900","status":"Closed","carrierId":null,"loadId":null,"plannedShipAt":"2026-09-20T08:00:00+00:00","plannedDeliverAt":"2026-09-21T16:00:00+00:00","actualDeliverAt":null,"sourceModule":"MOD-0141","sourceType":"SALES_ORDER","warehouseReferenceId":"wh-01","shipToReference":"CUST-100/ADDR-2","lines":[{"lineNumber":"1","itemId":"b1f2c3d4-0000-0000-0000-000000000001","skuId":"c3d4e5f6-0000-0000-0000-000000000002","quantity":"30.000","uomId":"EA","inventoryReferenceId":"rsv-4001"}],"pod":null,"contractVersion":"v1"}
POST /b2e859c0-574c-4a33-96b8-c51d978d73ab/transition =&gt; 422 {"error":{"code":"INVALID_SHIPMENT_TRANSITION","message":"INVALID_SHIPMENT_TRANSITION","correlationId":"c3f5e211-28ac-434f-b553-d56ba571f4e2"},"contractVersion":"v1"}
GET /b2e859c0-574c-4a33-96b8-c51d978d73ab =&gt; 200 {"shipmentId":"b2e859c0-574c-4a33-96b8-c51d978d73ab","shipmentNumber":"SHP-b2e859c0574c4a3396b8c51d978d73ab","sourceDocumentId":"SO-900","status":"Closed","carrierId":null,"loadId":null,"plannedShipAt":"2026-09-20T08:00:00+00:00","plannedDeliverAt":"2026-09-21T16:00:00+00:00","actualDeliverAt":null,"sourceModule":"MOD-0141","sourceType":"SALES_ORDER","warehouseReferenceId":"wh-01","shipToReference":"CUST-100/ADDR-2","lines":[{"lineNumber":"1","itemId":"b1f2c3d4-0000-0000-0000-000000000001","skuId":"c3d4e5f6-0000-0000-0000-000000000002","quantity":"30.000","uomId":"EA","inventoryReferenceId":"rsv-4001"}],"pod":null,"contractVersion":"v1"}
POST /b2e859c0-574c-4a33-96b8-c51d978d73ab/transition =&gt; 422 {"error":{"code":"INVALID_SHIPMENT_TRANSITION","message":"INVALID_SHIPMENT_TRANSITION","correlationId":"c3f5e211-28ac-434f-b553-d56ba571f4e2"},"contractVersion":"v1"}
GET /b2e859c0-574c-4a33-96b8-c51d978d73ab =&gt; 200 {"shipmentId":"b2e859c0-574c-4a33-96b8-c51d978d73ab","shipmentNumber":"SHP-b2e859c0574c4a3396b8c51d978d73ab","sourceDocumentId":"SO-900","status":"Closed","carrierId":null,"loadId":null,"plannedShipAt":"2026-09-20T08:00:00+00:00","plannedDeliverAt":"2026-09-21T16:00:00+00:00","actualDeliverAt":null,"sourceModule":"MOD-0141","sourceType":"SALES_ORDER","warehouseReferenceId":"wh-01","shipToReference":"CUST-100/ADDR-2","lines":[{"lineNumber":"1","itemId":"b1f2c3d4-0000-0000-0000-000000000001","skuId":"c3d4e5f6-0000-0000-0000-000000000002","quantity":"30.000","uomId":"EA","inventoryReferenceId":"rsv-4001"}],"pod":null,"contractVersion":"v1"}
POST /b2e859c0-574c-4a33-96b8-c51d978d73ab/transition =&gt; 422 {"error":{"code":"INVALID_SHIPMENT_TRANSITION","message":"INVALID_SHIPMENT_TRANSITION","correlationId":"c3f5e211-28ac-434f-b553-d56ba571f4e2"},"contractVersion":"v1"}
GET /b2e859c0-574c-4a33-96b8-c51d978d73ab =&gt; 200 {"shipmentId":"b2e859c0-574c-4a33-96b8-c51d978d73ab","shipmentNumber":"SHP-b2e859c0574c4a3396b8c51d978d73ab","sourceDocumentId":"SO-900","status":"Closed","carrierId":null,"loadId":null,"plannedShipAt":"2026-09-20T08:00:00+00:00","plannedDeliverAt":"2026-09-21T16:00:00+00:00","actualDeliverAt":null,"sourceModule":"MOD-0141","sourceType":"SALES_ORDER","warehouseReferenceId":"wh-01","shipToReference":"CUST-100/ADDR-2","lines":[{"lineNumber":"1","itemId":"b1f2c3d4-0000-0000-0000-000000000001","skuId":"c3d4e5f6-0000-0000-0000-000000000002","quantity":"30.000","uomId":"EA","inventoryReferenceId":"rsv-4001"}],"pod":null,"contractVersion":"v1"}
POST /b2e859c0-574c-4a33-96b8-c51d978d73ab/transition =&gt; 422 {"error":{"code":"INVALID_SHIPMENT_TRANSITION","message":"INVALID_SHIPMENT_TRANSITION","correlationId":"c3f5e211-28ac-434f-b553-d56ba571f4e2"},"contractVersion":"v1"}
GET /b2e859c0-574c-4a33-96b8-c51d978d73ab =&gt; 200 {"shipmentId":"b2e859c0-574c-4a33-96b8-c51d978d73ab","shipmentNumber":"SHP-b2e859c0574c4a3396b8c51d978d73ab","sourceDocumentId":"SO-900","status":"Closed","carrierId":null,"loadId":null,"plannedShipAt":"2026-09-20T08:00:00+00:00","plannedDeliverAt":"2026-09-21T16:00:00+00:00","actualDeliverAt":null,"sourceModule":"MOD-0141","sourceType":"SALES_ORDER","warehouseReferenceId":"wh-01","shipToReference":"CUST-100/ADDR-2","lines":[{"lineNumber":"1","itemId":"b1f2c3d4-0000-0000-0000-000000000001","skuId":"c3d4e5f6-0000-0000-0000-000000000002","quantity":"30.000","uomId":"EA","inventoryReferenceId":"rsv-4001"}],"pod":null,"contractVersion":"v1"}
POST /b2e859c0-574c-4a33-96b8-c51d978d73ab/transition =&gt; 422 {"error":{"code":"INVALID_SHIPMENT_TRANSITION","message":"INVALID_SHIPMENT_TRANSITION","correlationId":"c3f5e211-28ac-434f-b553-d56ba571f4e2"},"contractVersion":"v1"}
[...]
[15:54:33 INF] Request starting HTTP/1.1 GET http://localhost/api/shipment-bundle/shipments/b2e859c0-574c-4a33-96b8-c51d978d73ab - null null
[15:54:33 INF] Executing endpoint 'Diten.SupplyChainService.Api.Controllers.ShipmentsController.Detail (Diten.SupplyChainService.Api)'
[15:54:33 INF] Route matched with {action = "Detail", controller = "Shipments"}. Executing controller action with signature System.Threading.Tasks.Task`1[Microsoft.AspNetCore.Mvc.IActionResult] Detail(System.Guid, System.Threading.CancellationToken) on controller Diten.SupplyChainService.Api.Controllers.ShipmentsController (Diten.SupplyChainService.Api).
[15:54:33 INF] Handling GetShipmentByIdQuery
[15:54:33 INF] Executing ObjectResult, writing value of type 'System.Text.Json.Nodes.JsonObject'.
[15:54:33 INF] Executed action Diten.SupplyChainService.Api.Controllers.ShipmentsController.Detail (Diten.SupplyChainService.Api) in 5.002ms
[15:54:33 INF] Executed endpoint 'Diten.SupplyChainService.Api.Controllers.ShipmentsController.Detail (Diten.SupplyChainService.Api)'
[15:54:33 INF] Request finished HTTP/1.1 GET http://localhost/api/shipment-bundle/shipments/b2e859c0-574c-4a33-96b8-c51d978d73ab - 200 null application/json; charset=utf-8 14.6958ms
[15:54:33 INF] Request starting HTTP/1.1 POST http://localhost/api/shipment-bundle/shipments/b2e859c0-574c-4a33-96b8-c51d978d73ab/transition - application/json; charset=utf-8 65
[15:54:33 INF] Executing endpoint 'Diten.SupplyChainService.Api.Controllers.ShipmentsController.Transition (Diten.SupplyChainService.Api)'
[15:54:33 INF] Route matched with {action = "Transition", controller = "Shipments"}. Executing controller action with signature System.Threading.Tasks.Task`1[Microsoft.AspNetCore.Mvc.IActionResult] Transition(System.Guid, Transition, System.Threading.CancellationToken) on controller Diten.SupplyChainService.Api.Controllers.ShipmentsController (Diten.SupplyChainService.Api).
[15:54:33 INF] Handling TransitionShipmentCommand
[15:54:33 INF] Executing ObjectResult, writing value of type '&lt;&gt;f__AnonymousType0`2[[&lt;&gt;f__AnonymousType1`3[[System.String, System.Private.CoreLib, Version=8.0.0.0, Culture=neutral, PublicKeyToken=7cec85d7bea7798e],[System.String, System.Private.CoreLib, Version=8.0.0.0, Culture=neutral, PublicKeyToken=7cec85d7bea7798e],[System.Guid, System.Private.CoreLib, Version=8.0.0.0, Culture=neutral, PublicKeyToken=7cec85d7bea7798e]], Diten.SupplyChainService.Api, Version=1.0.0.0, Culture=neutral, PublicKeyToken=null],[System.String, System.Private.CoreLib, Version=8.0.0.0, Culture=neutral, PublicKeyToken=7cec85d7bea7798e]]'.
[15:54:33 INF] Executed action Diten.SupplyChainService.Api.Controllers.ShipmentsController.Transition (Diten.SupplyChainService.Api) in 81.0601ms
[15:54:33 INF] Executed endpoint 'Diten.SupplyChainService.Api.Controllers.ShipmentsController.Transition (Diten.SupplyChainService.Api)'
[15:54:33 INF] Request finished HTTP/1.1 POST http://localhost/api/shipment-bundle/shipments/b2e859c0-574c-4a33-96b8-c51d978d73ab/transition - 422 null application/json; charset=utf-8 82.4162ms
[15:54:33 INF] Request starting HTTP/1.1 GET http://localhost/api/shipment-bundle/shipments/b2e859c0-574c-4a33-96b8-c51d978d73ab - null null
[15:54:33 INF] Executing endpoint 'Diten.SupplyChainService.Api.Controllers.ShipmentsController.Detail (Diten.SupplyChainService.Api)'
[15:54:33 INF] Route matched with {action = "Detail", controller = "Shipments"}. Executing controller action with signature System.Threading.Tasks.Task`1[Microsoft.AspNetCore.Mvc.IActionResult] Detail(System.Guid, System.Threading.CancellationToken) on controller Diten.SupplyChainService.Api.Controllers.ShipmentsController (Diten.SupplyChainService.Api).
[15:54:33 INF] Handling GetShipmentByIdQuery
[15:54:33 INF] Executing ObjectResult, writing value of type 'System.Text.Json.Nodes.JsonObject'.
[15:54:33 INF] Executed action Diten.SupplyChainService.Api.Controllers.ShipmentsController.Detail (Diten.SupplyChainService.Api) in 27.4042ms
[15:54:33 INF] Executed endpoint 'Diten.SupplyChainService.Api.Controllers.ShipmentsController.Detail (Diten.SupplyChainService.Api)'
[15:54:33 INF] Request finished HTTP/1.1 GET http://localhost/api/shipment-bundle/shipments/b2e859c0-574c-4a33-96b8-c51d978d73ab - 200 null application/json; charset=utf-8 29.0177ms
[15:54:33 INF] Request starting HTTP/1.1 POST http://localhost/api/shipment-bundle/shipments/b2e859c0-574c-4a33-96b8-c51d978d73ab/transition - application/json; charset=utf-8 64
[15:54:33 INF] Executing endpoint 'Diten.SupplyChainService.Api.Controllers.ShipmentsController.Transition (Diten.SupplyChainService.Api)'
[15:54:33 INF] Route matched with {action = "Transition", controller = "Shipments"}. Executing controller action with signature System.Threading.Tasks.Task`1[Microsoft.AspNetCore.Mvc.IActionResult] Transition(System.Guid, Transition, System.Threading.CancellationToken) on controller Diten.SupplyChainService.Api.Controllers.ShipmentsController (Diten.SupplyChainService.Api).
[15:54:33 INF] Handling TransitionShipmentCommand
[15:54:33 INF] Executing ObjectResult, writing value of type '&lt;&gt;f__AnonymousType0`2[[&lt;&gt;f__AnonymousType1`3[[System.String, System.Private.CoreLib, Version=8.0.0.0, Culture=neutral, PublicKeyToken=7cec85d7bea7798e],[System.String, System.Private.CoreLib, Version=8.0.0.0, Culture=neutral, PublicKeyToken=7cec85d7bea7798e],[System.Guid, System.Private.CoreLib, Version=8.0.0.0, Culture=neutral, PublicKeyToken=7cec85d7bea7798e]], Diten.SupplyChainService.Api, Version=1.0.0.0, Culture=neutral, PublicKeyToken=null],[System.String, System.Private.CoreLib, Version=8.0.0.0, Culture=neutral, PublicKeyToken=7cec85d7bea7798e]]'.
[15:54:33 INF] Executed action Diten.SupplyChainService.Api.Controllers.ShipmentsController.Transition (Diten.SupplyChainService.Api) in 22.4848ms
[15:54:33 INF] Executed endpoint 'Diten.SupplyChainService.Api.Controllers.ShipmentsController.Transition (Diten.SupplyChainService.Api)'
[15:54:33 INF] Request finished HTTP/1.1 POST http://localhost/api/shipment-bundle/shipments/b2e859c0-574c-4a33-96b8-c51d978d73ab/transition - 422 null application/json; charset=utf-8 24.5402ms
[15:54:33 INF] Request starting HTTP/1.1 GET http://localhost/api/shipment-bundle/shipments/b2e859c0-574c-4a33-96b8-c51d978d73ab - null null
[15:54:33 INF] Executing endpoint 'Diten.SupplyChainService.Api.Controllers.ShipmentsController.Detail (Diten.SupplyChainService.Api)'
[15:54:33 INF] Route matched with {action = "Detail", controller = "Shipments"}. Executing controller action with signature System.Threading.Tasks.Task`1[Microsoft.AspNetCore.Mvc.IActionResult] Detail(System.Guid, System.Threading.CancellationToken) on controller Diten.SupplyChainService.Api.Controllers.ShipmentsController (Diten.SupplyChainService.Api).
[15:54:33 INF] Handling GetShipmentByIdQuery
[15:54:33 INF] Executing ObjectResult, writing value of type 'System.Text.Json.Nodes.JsonObject'.
[15:54:33 INF] Executed action Diten.SupplyChainService.Api.Controllers.ShipmentsController.Detail (Diten.SupplyChainService.Api) in 7.3448ms
[15:54:33 INF] Executed endpoint 'Diten.SupplyChainService.Api.Controllers.ShipmentsController.Detail (Diten.SupplyChainService.Api)'
[15:54:33 INF] Request finished HTTP/1.1 GET http://localhost/api/shipment-bundle/shipments/b2e859c0-574c-4a33-96b8-c51d978d73ab - 200 null application/json; charset=utf-8 8.3968ms
[15:54:33 INF] Request starting HTTP/1.1 POST http://localhost/api/shipment-bundle/shipments/b2e859c0-574c-4a33-96b8-c51d978d73ab/transition - application/json; charset=utf-8 64
[15:54:33 INF] Executing endpoint 'Diten.SupplyChainService.Api.Controllers.ShipmentsController.Transition (Diten.SupplyChainService.Api)'
[15:54:33 INF] Route matched with {action = "Transition", controller = "Shipments"}. Executing controller action with signature System.Threading.Tasks.Task`1[Microsoft.AspNetCore.Mvc.IActionResult] Transition(System.Guid, Transition, System.Threading.CancellationToken) on controller Diten.SupplyChainService.Api.Controllers.ShipmentsController (Diten.SupplyChainService.Api).
[15:54:33 INF] Handling TransitionShipmentCommand
[15:54:33 INF] Executing ObjectResult, writing value of type '&lt;&gt;f__AnonymousType0`2[[&lt;&gt;f__AnonymousType1`3[[System.String, System.Private.CoreLib, Version=8.0.0.0, Culture=neutral, PublicKeyToken=7cec85d7bea7798e],[System.String, System.Private.CoreLib, Version=8.0.0.0, Culture=neutral, PublicKeyToken=7cec85d7bea7798e],[System.Guid, System.Private.CoreLib, Version=8.0.0.0, Culture=neutral, PublicKeyToken=7cec85d7bea7798e]], Diten.SupplyChainService.Api, Version=1.0.0.0, Culture=neutral, PublicKeyToken=null],[System.String, System.Private.CoreLib, Version=8.0.0.0, Culture=neutral, PublicKeyToken=7cec85d7bea7798e]]'.
[15:54:33 INF] Executed action Diten.SupplyChainService.Api.Controllers.ShipmentsController.Transition (Diten.SupplyChainService.Api) in 23.8312ms
[15:54:33 INF] Executed endpoint 'Diten.SupplyChainService.Api.Controllers.ShipmentsController.Transition (Diten.SupplyChainService.Api)'
[15:54:33 INF] Request finished HTTP/1.1 POST http://localhost/api/shipment-bundle/shipments/b2e859c0-574c-4a33-96b8-c51d978d73ab/transition - 422 null application/json; charset=utf-8 24.9925ms
[15:54:33 INF] Request starting HTTP/1.1 GET http://localhost/api/shipment-bundle/shipments/b2e859c0-574c-4a33-96b8-c51d978d73ab - null null
[15:54:33 INF] Executing endpoint 'Diten.SupplyChainService.Api.Controllers.ShipmentsController.Detail (Diten.SupplyChainService.Api)'
[15:54:33 INF] Route matched with {action = "Detail", controller = "Shipments"}. Executing controller action with signature System.Threading.Tasks.Task`1[Microsoft.AspNetCore.Mvc.IActionResult] Detail(System.Guid, System.Threading.CancellationToken) on controller Diten.SupplyChainService.Api.Controllers.ShipmentsController (Diten.SupplyChainService.Api).
[15:54:33 INF] Handling GetShipmentByIdQuery
[15:54:33 INF] Executing ObjectResult, writing value of type 'System.Text.Json.Nodes.JsonObject'.
[15:54:33 INF] Executed action Diten.SupplyChainService.Api.Controllers.ShipmentsController.Detail (Diten.SupplyChainService.Api) in 7.2419ms
[15:54:33 INF] Executed endpoint 'Diten.SupplyChainService.Api.Controllers.ShipmentsController.Detail (Diten.SupplyChainService.Api)'
[15:54:33 INF] Request finished HTTP/1.1 GET http://localhost/api/shipment-bundle/shipments/b2e859c0-574c-4a33-96b8-c51d978d73ab - 200 null application/json; charset=utf-8 8.134ms
[15:54:33 INF] Request starting HTTP/1.1 POST http://localhost/api/shipment-bundle/shipments/b2e859c0-574c-4a33-96b8-c51d978d73ab/transition - application/json; charset=utf-8 64
[15:54:33 INF] Executing endpoint 'Diten.SupplyChainService.Api.Controllers.ShipmentsController.Transition (Diten.SupplyChainService.Api)'
[15:54:33 INF] Route matched with {action = "Transition", controller = "Shipments"}. Executing controller action with signature System.Threading.Tasks.Task`1[Microsoft.AspNetCore.Mvc.IActionResult] Transition(System.Guid, Transition, System.Threading.CancellationToken) on controller Diten.SupplyChainService.Api.Controllers.ShipmentsController (Diten.SupplyChainService.Api).
[15:54:33 INF] Handling TransitionShipmentCommand
[15:54:33 INF] Executing ObjectResult, writing value of type '&lt;&gt;f__AnonymousType0`2[[&lt;&gt;f__AnonymousType1`3[[System.String, System.Private.CoreLib, Version=8.0.0.0, Culture=neutral, PublicKeyToken=7cec85d7bea7798e],[System.String, System.Private.CoreLib, Version=8.0.0.0, Culture=neutral, PublicKeyToken=7cec85d7bea7798e],[System.Guid, System.Private.CoreLib, Version=8.0.0.0, Culture=neutral, PublicKeyToken=7cec85d7bea7798e]], Diten.SupplyChainService.Api, Version=1.0.0.0, Culture=neutral, PublicKeyToken=null],[System.String, System.Private.CoreLib, Version=8.0.0.0, Culture=neutral, PublicKeyToken=7cec85d7bea7798e]]'.
[15:54:33 INF] Executed action Diten.SupplyChainService.Api.Controllers.ShipmentsController.Transition (Diten.SupplyChainService.Api) in 12.3434ms
[15:54:33 INF] Executed endpoint 'Diten.SupplyChainService.Api.Controllers.ShipmentsController.Transition (Diten.SupplyChainService.Api)'
[15:54:33 INF] Request finished HTTP/1.1 POST http://localhost/api/shipment-bundle/shipments/b2e859c0-574c-4a33-96b8-c51d978d73ab/transition - 422 null application/json; charset=utf-8 13.3663ms
[15:54:33 INF] Request starting HTTP/1.1 GET http://localhost/api/shipment-bundle/shipments/b2e859c0-574c-4a33-96b8-c51d978d73ab - null null
[15:54:33 INF] Executing endpoint 'Diten.SupplyChainService.Api.Controllers.ShipmentsController.Detail (Diten.SupplyChainService.Api)'
[15:54:33 INF] Route matched with {action = "Detail", controller = "Shipments"}. Executing controller action with signature System.Threading.Tasks.Task`1[Microsoft.AspNetCore.Mvc.IActionResult] Detail(System.Guid, System.Threading.CancellationToken) on controller Diten.SupplyChainService.Api.Controllers.ShipmentsController (Diten.SupplyChainService.Api).
[15:54:33 INF] Handling GetShipmentByIdQuery
[15:54:33 INF] Executing ObjectResult, writing value of type 'System.Text.Json.Nodes.JsonObject'.
[15:54:33 INF] Executed action Diten.SupplyChainService.Api.Controllers.ShipmentsController.Detail (Diten.SupplyChainService.Api) in 3.944ms
[15:54:33 INF] Executed endpoint 'Diten.SupplyChainService.Api.Controllers.ShipmentsController.Detail (Diten.SupplyChainService.Api)'
[15:54:33 INF] Request finished HTTP/1.1 GET http://localhost/api/shipment-bundle/shipments/b2e859c0-574c-4a33-96b8-c51d978d73ab - 200 null application/json; charset=utf-8 5.0397ms
[15:54:33 INF] Request starting HTTP/1.1 POST http://localhost/api/shipment-bundle/shipments/b2e859c0-574c-4a33-96b8-c51d978d73ab/transition - application/json; charset=utf-8 61
[15:54:33 INF] Executing endpoint 'Diten.SupplyChainService.Api.Controllers.ShipmentsController.Transition (Diten.SupplyChainService.Api)'
[15:54:33 INF] Route matched with {action = "Transition", controller = "Shipments"}. Executing controller action with signature System.Threading.Tasks.Task`1[Microsoft.AspNetCore.Mvc.IActionResult] Transition(System.Guid, Transition, System.Threading.CancellationToken) on controller Diten.SupplyChainService.Api.Controllers.ShipmentsController (Diten.SupplyChainService.Api).
[15:54:33 INF] Handling TransitionShipmentCommand
[15:54:33 INF] Executing ObjectResult, writing value of type '&lt;&gt;f__AnonymousType0`2[[&lt;&gt;f__AnonymousType1`3[[System.String, System.Private.CoreLib, Version=8.0.0.0, Culture=neutral, PublicKeyToken=7cec85d7bea7798e],[System.String, System.Private.CoreLib, Version=8.0.0.0, Culture=neutral, PublicKeyToken=7cec85d7bea7798e],[System.Guid, System.Private.CoreLib, Version=8.0.0.0, Culture=neutral, PublicKeyToken=7cec85d7bea7798e]], Diten.SupplyChainService.Api, Version=1.0.0.0, Culture=neutral, PublicKeyToken=null],[System.String, System.Private.CoreLib, Version=8.0.0.0, Culture=neutral, PublicKeyToken=7cec85d7bea7798e]]'.
[15:54:33 INF] Executed action Diten.SupplyChainService.Api.Controllers.ShipmentsController.Transition (Diten.SupplyChainService.Api) in 11.9586ms
[15:54:33 INF] Executed endpoint 'Diten.SupplyChainService.Api.Controllers.ShipmentsController.Transition (Diten.SupplyChainService.Api)'
[15:54:33 INF] Request finished HTTP/1.1 POST http://localhost/api/shipment-bundle/shipments/b2e859c0-574c-4a33-96b8-c51d978d73ab/transition - 422 null application/json; charset=utf-8 13.1505ms
[15:54:33 INF] Request starting HTTP/1.1 GET http://localhost/api/shipment-bundle/shipments/b2e859c0-574c-4a33-96b8-c51d978d73ab - null null
[15:54:33 INF] Executing endpoint 'Diten.SupplyChainService.Api.Controllers.ShipmentsController.Detail (Diten.SupplyChainService.Api)'
[15:54:33 INF] Route matched with {action = "Detail", controller = "Shipments"}. Executing controller action with signature System.Threading.Tasks.Task`1[Microsoft.AspNetCore.Mvc.IActionResult] Detail(System.Guid, System.Threading.CancellationToken) on controller Diten.SupplyChainService.Api.Controllers.ShipmentsController (Diten.SupplyChainService.Api).
[15:54:33 INF] Handling GetShipmentByIdQuery
[15:54:33 INF] Executing ObjectResult, writing value of type 'System.Text.Json.Nodes.JsonObject'.
[15:54:33 INF] Executed action Diten.SupplyChainService.Api.Controllers.ShipmentsController.Detail (Diten.SupplyChainService.Api) in 3.8628ms
[15:54:33 INF] Executed endpoint 'Diten.SupplyChainService.Api.Controllers.ShipmentsController.Detail (Diten.SupplyChainService.Api)'
[15:54:33 INF] Request finished HTTP/1.1 GET http://localhost/api/shipment-bundle/shipments/b2e859c0-574c-4a33-96b8-c51d978d73ab - 200 null application/json; charset=utf-8 5.569ms
[15:54:33 INF] Request starting HTTP/1.1 POST http://localhost/api/shipment-bundle/shipments/b2e859c0-574c-4a33-96b8-c51d978d73ab/transition - application/json; charset=utf-8 64
[15:54:33 INF] Executing endpoint 'Diten.SupplyChainService.Api.Controllers.ShipmentsController.Transition (Diten.SupplyChainService.Api)'
[15:54:33 INF] Route matched with {action = "Transition", controller = "Shipments"}. Executing controller action with signature System.Threading.Tasks.Task`1[Microsoft.AspNetCore.Mvc.IActionResult] Transition(System.Guid, Transition, System.Threading.CancellationToken) on controller Diten.SupplyChainService.Api.Controllers.ShipmentsController (Diten.SupplyChainService.Api).
[15:54:33 INF] Handling TransitionShipmentCommand
[15:54:33 INF] Executing ObjectResult, writing value of type '&lt;&gt;f__AnonymousType0`2[[&lt;&gt;f__AnonymousType1`3[[System.String, System.Private.CoreLib, Version=8.0.0.0, Culture=neutral, PublicKeyToken=7cec85d7bea7798e],[System.String, System.Private.CoreLib, Version=8.0.0.0, Culture=neutral, PublicKeyToken=7cec85d7bea7798e],[System.Guid, System.Private.CoreLib, Version=8.0.0.0, Culture=neutral, PublicKeyToken=7cec85d7bea7798e]], Diten.SupplyChainService.Api, Version=1.0.0.0, Culture=neutral, PublicKeyToken=null],[System.String, System.Private.CoreLib, Version=8.0.0.0, Culture=neutral, PublicKeyToken=7cec85d7bea7798e]]'.
[15:54:33 INF] Executed action Diten.SupplyChainService.Api.Controllers.ShipmentsController.Transition (Diten.SupplyChainService.Api) in 13.2855ms
[15:54:33 INF] Executed endpoint 'Diten.SupplyChainService.Api.Controllers.ShipmentsController.Transition (Diten.SupplyChainService.Api)'
[15:54:33 INF] Request finished HTTP/1.1 POST http://localhost/api/shipment-bundle/shipments/b2e859c0-574c-4a33-96b8-c51d978d73ab/transition - 422 null application/json; charset=utf-8 14.4047ms
[15:54:33 INF] Request starting HTTP/1.1 GET http://localhost/api/shipment-bundle/shipments/b2e859c0-574c-4a33-96b8-c51d978d73ab - null null
[15:54:33 INF] Executing endpoint 'Diten.SupplyChainService.Api.Controllers.ShipmentsController.Detail (Diten.SupplyChainService.Api)'
[15:54:33 INF] Route matched with {action = "Detail", controller = "Shipments"}. Executing controller action with signature System.Threading.Tasks.Task`1[Microsoft.AspNetCore.Mvc.IActionResult] Detail(System.Guid, System.Threading.CancellationToken) on controller Diten.SupplyChainService.Api.Controllers.ShipmentsController (Diten.SupplyChainService.Api).
[15:54:33 INF] Handling GetShipmentByIdQuery
[15:54:33 INF] Executing ObjectResult, writing value of type 'System.Text.Json.Nodes.JsonObject'.
[15:54:33 INF] Executed action Diten.SupplyChainService.Api.Controllers.ShipmentsController.Detail (Diten.SupplyChainService.Api) in 7.6214ms
[15:54:33 INF] Executed endpoint 'Diten.SupplyChainService.Api.Controllers.ShipmentsController.Detail (Diten.SupplyChainService.Api)'
[15:54:33 INF] Request finished HTTP/1.1 GET http://localhost/api/shipment-bundle/shipments/b2e859c0-574c-4a33-96b8-c51d978d73ab - 200 null application/json; charset=utf-8 9.0885ms
[xUnit.net 00:00:09.51]   Finished:    Diten.SupplyChainService.Tests
</StdOut>
    </Output>
  </ResultSummary>
</TestRun>